[Mon Nov 19 01:40:32 2018] [WL_MUST] 发送事件:
[Mon Nov 19 01:40:32 2018] [WL_MUST] ={
[Mon Nov 19 01:40:32 2018] [WL_MUST]   page=/nycs_user_active
[Mon Nov 19 01:40:32 2018] [WL_MUST]   port=8008
[Mon Nov 19 01:40:32 2018] [WL_MUST]   domain=report.syyx.cn
[Mon Nov 19 01:40:32 2018] [WL_MUST]   param={
[Mon Nov 19 01:40:32 2018] [WL_MUST]     active=104
[Mon Nov 19 01:40:32 2018] [WL_MUST]     serverid=382
[Mon Nov 19 01:40:32 2018] [WL_MUST]     time=1542562832
[Mon Nov 19 01:40:32 2018] [WL_MUST]     account=lumingxian888
[Mon Nov 19 01:40:32 2018] [WL_MUST]   }
[Mon Nov 19 01:40:32 2018] [WL_MUST] }
[Mon Nov 19 01:40:32 2018] [WL_MUST] 接收回复:
[Mon Nov 19 01:40:32 2018] [WL_MUST] ={
[Mon Nov 19 01:40:32 2018] [WL_MUST]   active=104
[Mon Nov 19 01:40:32 2018] [WL_MUST]   serverid=382
[Mon Nov 19 01:40:32 2018] [WL_MUST]   time=1542562832
[Mon Nov 19 01:40:32 2018] [WL_MUST]   account=lumingxian888
[Mon Nov 19 01:40:32 2018] [WL_MUST] }
[Mon Nov 19 01:40:32 2018] [WL_MUST] =fail
[Mon Nov 19 04:01:16 2018] [WL_MUST] 发送事件:
[Mon Nov 19 04:01:16 2018] [WL_MUST] ={
[Mon Nov 19 04:01:16 2018] [WL_MUST]   page=/nycs_five_color
[Mon Nov 19 04:01:16 2018] [WL_MUST]   port=8008
[Mon Nov 19 04:01:16 2018] [WL_MUST]   domain=report.syyx.cn
[Mon Nov 19 04:01:16 2018] [WL_MUST]   param={
[Mon Nov 19 04:01:16 2018] [WL_MUST]     serverid=382
[Mon Nov 19 04:01:16 2018] [WL_MUST]     time=1542571276
[Mon Nov 19 04:01:16 2018] [WL_MUST]     account=PK88888
[Mon Nov 19 04:01:16 2018] [WL_MUST]   }
[Mon Nov 19 04:01:16 2018] [WL_MUST] }
[Mon Nov 19 04:01:16 2018] [WL_MUST] 接收回复:
[Mon Nov 19 04:01:16 2018] [WL_MUST] ={
[Mon Nov 19 04:01:16 2018] [WL_MUST]   serverid=382
[Mon Nov 19 04:01:16 2018] [WL_MUST]   time=1542571276
[Mon Nov 19 04:01:16 2018] [WL_MUST]   account=PK88888
[Mon Nov 19 04:01:16 2018] [WL_MUST] }
[Mon Nov 19 04:01:16 2018] [WL_MUST] =fail
[Mon Nov 19 10:32:35 2018] [WL_MUST] 发送事件:
[Mon Nov 19 10:32:35 2018] [WL_MUST] ={
[Mon Nov 19 10:32:35 2018] [WL_MUST]   page=/nycs_user_active
[Mon Nov 19 10:32:35 2018] [WL_MUST]   port=8008
[Mon Nov 19 10:32:35 2018] [WL_MUST]   domain=report.syyx.cn
[Mon Nov 19 10:32:35 2018] [WL_MUST]   param={
[Mon Nov 19 10:32:35 2018] [WL_MUST]     active=101
[Mon Nov 19 10:32:35 2018] [WL_MUST]     serverid=382
[Mon Nov 19 10:32:35 2018] [WL_MUST]     time=1542594755
[Mon Nov 19 10:32:35 2018] [WL_MUST]     account=rui_xiao10
[Mon Nov 19 10:32:35 2018] [WL_MUST]   }
[Mon Nov 19 10:32:35 2018] [WL_MUST] }
[Mon Nov 19 10:32:35 2018] [WL_MUST] 接收回复:
[Mon Nov 19 10:32:35 2018] [WL_MUST] ={
[Mon Nov 19 10:32:35 2018] [WL_MUST]   active=101
[Mon Nov 19 10:32:35 2018] [WL_MUST]   serverid=382
[Mon Nov 19 10:32:35 2018] [WL_MUST]   time=1542594755
[Mon Nov 19 10:32:35 2018] [WL_MUST]   account=rui_xiao10
[Mon Nov 19 10:32:35 2018] [WL_MUST] }
[Mon Nov 19 10:32:35 2018] [WL_MUST] =fail
[Mon Nov 19 11:07:34 2018] [WL_MUST] 发送事件:
[Mon Nov 19 11:07:34 2018] [WL_MUST] ={
[Mon Nov 19 11:07:34 2018] [WL_MUST]   page=/nycs_user_active
[Mon Nov 19 11:07:34 2018] [WL_MUST]   port=8008
[Mon Nov 19 11:07:34 2018] [WL_MUST]   domain=report.syyx.cn
[Mon Nov 19 11:07:34 2018] [WL_MUST]   param={
[Mon Nov 19 11:07:34 2018] [WL_MUST]     active=103
[Mon Nov 19 11:07:34 2018] [WL_MUST]     serverid=382
[Mon Nov 19 11:07:34 2018] [WL_MUST]     time=1542596854
[Mon Nov 19 11:07:34 2018] [WL_MUST]     account=13886994701
[Mon Nov 19 11:07:34 2018] [WL_MUST]   }
[Mon Nov 19 11:07:34 2018] [WL_MUST] }
[Mon Nov 19 11:07:34 2018] [WL_MUST] 接收回复:
[Mon Nov 19 11:07:34 2018] [WL_MUST] ={
[Mon Nov 19 11:07:34 2018] [WL_MUST]   active=103
[Mon Nov 19 11:07:34 2018] [WL_MUST]   serverid=382
[Mon Nov 19 11:07:34 2018] [WL_MUST]   time=1542596854
[Mon Nov 19 11:07:34 2018] [WL_MUST]   account=13886994701
[Mon Nov 19 11:07:34 2018] [WL_MUST] }
[Mon Nov 19 11:07:34 2018] [WL_MUST] =fail
[Mon Nov 19 11:32:41 2018] [WL_MUST] 发送事件:
[Mon Nov 19 11:32:41 2018] [WL_MUST] ={
[Mon Nov 19 11:32:41 2018] [WL_MUST]   page=/nycs_user_active
[Mon Nov 19 11:32:41 2018] [WL_MUST]   port=8008
[Mon Nov 19 11:32:41 2018] [WL_MUST]   domain=report.syyx.cn
[Mon Nov 19 11:32:41 2018] [WL_MUST]   param={
[Mon Nov 19 11:32:41 2018] [WL_MUST]     active=101
[Mon Nov 19 11:32:41 2018] [WL_MUST]     serverid=382
[Mon Nov 19 11:32:41 2018] [WL_MUST]     time=1542598361
[Mon Nov 19 11:32:41 2018] [WL_MUST]     account=gao2320448
[Mon Nov 19 11:32:41 2018] [WL_MUST]   }
[Mon Nov 19 11:32:41 2018] [WL_MUST] }
[Mon Nov 19 11:32:41 2018] [WL_MUST] 接收回复:
[Mon Nov 19 11:32:41 2018] [WL_MUST] ={
[Mon Nov 19 11:32:41 2018] [WL_MUST]   active=101
[Mon Nov 19 11:32:41 2018] [WL_MUST]   serverid=382
[Mon Nov 19 11:32:41 2018] [WL_MUST]   time=1542598361
[Mon Nov 19 11:32:41 2018] [WL_MUST]   account=gao2320448
[Mon Nov 19 11:32:41 2018] [WL_MUST] }
[Mon Nov 19 11:32:41 2018] [WL_MUST] =fail
[Mon Nov 19 11:36:59 2018] [WL_MUST] 发送事件:
[Mon Nov 19 11:36:59 2018] [WL_MUST] ={
[Mon Nov 19 11:36:59 2018] [WL_MUST]   page=/nycs_user_active
[Mon Nov 19 11:36:59 2018] [WL_MUST]   port=8008
[Mon Nov 19 11:36:59 2018] [WL_MUST]   domain=report.syyx.cn
[Mon Nov 19 11:36:59 2018] [WL_MUST]   param={
[Mon Nov 19 11:36:59 2018] [WL_MUST]     active=102
[Mon Nov 19 11:36:59 2018] [WL_MUST]     serverid=382
[Mon Nov 19 11:36:59 2018] [WL_MUST]     time=1542598619
[Mon Nov 19 11:36:59 2018] [WL_MUST]     account=lewa_121
[Mon Nov 19 11:36:59 2018] [WL_MUST]   }
[Mon Nov 19 11:36:59 2018] [WL_MUST] }
[Mon Nov 19 11:36:59 2018] [WL_MUST] 接收回复:
[Mon Nov 19 11:36:59 2018] [WL_MUST] ={
[Mon Nov 19 11:36:59 2018] [WL_MUST]   active=102
[Mon Nov 19 11:36:59 2018] [WL_MUST]   serverid=382
[Mon Nov 19 11:36:59 2018] [WL_MUST]   time=1542598619
[Mon Nov 19 11:36:59 2018] [WL_MUST]   account=lewa_121
[Mon Nov 19 11:36:59 2018] [WL_MUST] }
[Mon Nov 19 11:36:59 2018] [WL_MUST] =fail
[Mon Nov 19 12:32:48 2018] [WL_MUST] 发送事件:
[Mon Nov 19 12:32:48 2018] [WL_MUST] ={
[Mon Nov 19 12:32:48 2018] [WL_MUST]   page=/nycs_user_active
[Mon Nov 19 12:32:48 2018] [WL_MUST]   port=8008
[Mon Nov 19 12:32:48 2018] [WL_MUST]   domain=report.syyx.cn
[Mon Nov 19 12:32:48 2018] [WL_MUST]   param={
[Mon Nov 19 12:32:48 2018] [WL_MUST]     active=100
[Mon Nov 19 12:32:48 2018] [WL_MUST]     serverid=382
[Mon Nov 19 12:32:48 2018] [WL_MUST]     time=1542601968
[Mon Nov 19 12:32:48 2018] [WL_MUST]     account=lifeng3344
[Mon Nov 19 12:32:48 2018] [WL_MUST]   }
[Mon Nov 19 12:32:48 2018] [WL_MUST] }
[Mon Nov 19 12:32:48 2018] [WL_MUST] 接收回复:
[Mon Nov 19 12:32:48 2018] [WL_MUST] ={
[Mon Nov 19 12:32:48 2018] [WL_MUST]   active=100
[Mon Nov 19 12:32:48 2018] [WL_MUST]   serverid=382
[Mon Nov 19 12:32:48 2018] [WL_MUST]   time=1542601968
[Mon Nov 19 12:32:48 2018] [WL_MUST]   account=lifeng3344
[Mon Nov 19 12:32:48 2018] [WL_MUST] }
[Mon Nov 19 12:32:48 2018] [WL_MUST] =fail
[Mon Nov 19 12:41:17 2018] [WL_MUST] 发送事件:
[Mon Nov 19 12:41:17 2018] [WL_MUST] ={
[Mon Nov 19 12:41:17 2018] [WL_MUST]   page=/nycs_user_active
[Mon Nov 19 12:41:17 2018] [WL_MUST]   port=8008
[Mon Nov 19 12:41:17 2018] [WL_MUST]   domain=report.syyx.cn
[Mon Nov 19 12:41:17 2018] [WL_MUST]   param={
[Mon Nov 19 12:41:17 2018] [WL_MUST]     active=101
[Mon Nov 19 12:41:17 2018] [WL_MUST]     serverid=382
[Mon Nov 19 12:41:17 2018] [WL_MUST]     time=1542602477
[Mon Nov 19 12:41:17 2018] [WL_MUST]     account=jiumuwang210112
[Mon Nov 19 12:41:17 2018] [WL_MUST]   }
[Mon Nov 19 12:41:17 2018] [WL_MUST] }
[Mon Nov 19 12:41:17 2018] [WL_MUST] 发送事件:
[Mon Nov 19 12:41:17 2018] [WL_MUST] ={
[Mon Nov 19 12:41:17 2018] [WL_MUST]   page=/nycs_user_active
[Mon Nov 19 12:41:17 2018] [WL_MUST]   port=8008
[Mon Nov 19 12:41:17 2018] [WL_MUST]   domain=report.syyx.cn
[Mon Nov 19 12:41:17 2018] [WL_MUST]   param={
[Mon Nov 19 12:41:17 2018] [WL_MUST]     active=100
[Mon Nov 19 12:41:17 2018] [WL_MUST]     serverid=382
[Mon Nov 19 12:41:17 2018] [WL_MUST]     time=1542602477
[Mon Nov 19 12:41:17 2018] [WL_MUST]     account=wangshupin521
[Mon Nov 19 12:41:17 2018] [WL_MUST]   }
[Mon Nov 19 12:41:17 2018] [WL_MUST] }
[Mon Nov 19 12:41:17 2018] [WL_MUST] 接收回复:
[Mon Nov 19 12:41:17 2018] [WL_MUST] ={
[Mon Nov 19 12:41:17 2018] [WL_MUST]   active=100
[Mon Nov 19 12:41:17 2018] [WL_MUST]   serverid=382
[Mon Nov 19 12:41:17 2018] [WL_MUST]   time=1542602477
[Mon Nov 19 12:41:17 2018] [WL_MUST]   account=wangshupin521
[Mon Nov 19 12:41:17 2018] [WL_MUST] }
[Mon Nov 19 12:41:17 2018] [WL_MUST] =fail
[Mon Nov 19 12:41:17 2018] [WL_MUST] 接收回复:
[Mon Nov 19 12:41:17 2018] [WL_MUST] ={
[Mon Nov 19 12:41:17 2018] [WL_MUST]   active=101
[Mon Nov 19 12:41:17 2018] [WL_MUST]   serverid=382
[Mon Nov 19 12:41:17 2018] [WL_MUST]   time=1542602477
[Mon Nov 19 12:41:17 2018] [WL_MUST]   account=jiumuwang210112
[Mon Nov 19 12:41:17 2018] [WL_MUST] }
[Mon Nov 19 12:41:17 2018] [WL_MUST] =fail
[Mon Nov 19 13:37:20 2018] [WL_MUST] 发送事件:
[Mon Nov 19 13:37:20 2018] [WL_MUST] ={
[Mon Nov 19 13:37:20 2018] [WL_MUST]   page=/nycs_user_active
[Mon Nov 19 13:37:20 2018] [WL_MUST]   port=8008
[Mon Nov 19 13:37:20 2018] [WL_MUST]   domain=report.syyx.cn
[Mon Nov 19 13:37:20 2018] [WL_MUST]   param={
[Mon Nov 19 13:37:20 2018] [WL_MUST]     active=100
[Mon Nov 19 13:37:20 2018] [WL_MUST]     serverid=382
[Mon Nov 19 13:37:20 2018] [WL_MUST]     time=1542605840
[Mon Nov 19 13:37:20 2018] [WL_MUST]     account=yl3300
[Mon Nov 19 13:37:20 2018] [WL_MUST]   }
[Mon Nov 19 13:37:20 2018] [WL_MUST] }
[Mon Nov 19 13:37:20 2018] [WL_MUST] 接收回复:
[Mon Nov 19 13:37:20 2018] [WL_MUST] ={
[Mon Nov 19 13:37:20 2018] [WL_MUST]   active=100
[Mon Nov 19 13:37:20 2018] [WL_MUST]   serverid=382
[Mon Nov 19 13:37:20 2018] [WL_MUST]   time=1542605840
[Mon Nov 19 13:37:20 2018] [WL_MUST]   account=yl3300
[Mon Nov 19 13:37:20 2018] [WL_MUST] }
[Mon Nov 19 13:37:20 2018] [WL_MUST] =fail
[Mon Nov 19 13:59:26 2018] [WL_MUST] 发送事件:
[Mon Nov 19 13:59:26 2018] [WL_MUST] ={
[Mon Nov 19 13:59:26 2018] [WL_MUST]   page=/nycs_five_color
[Mon Nov 19 13:59:26 2018] [WL_MUST]   port=8008
[Mon Nov 19 13:59:26 2018] [WL_MUST]   domain=report.syyx.cn
[Mon Nov 19 13:59:26 2018] [WL_MUST]   param={
[Mon Nov 19 13:59:26 2018] [WL_MUST]     serverid=382
[Mon Nov 19 13:59:26 2018] [WL_MUST]     time=1542607166
[Mon Nov 19 13:59:26 2018] [WL_MUST]     account=520xin999
[Mon Nov 19 13:59:26 2018] [WL_MUST]   }
[Mon Nov 19 13:59:26 2018] [WL_MUST] }
[Mon Nov 19 13:59:26 2018] [WL_MUST] 接收回复:
[Mon Nov 19 13:59:26 2018] [WL_MUST] ={
[Mon Nov 19 13:59:26 2018] [WL_MUST]   serverid=382
[Mon Nov 19 13:59:26 2018] [WL_MUST]   time=1542607166
[Mon Nov 19 13:59:26 2018] [WL_MUST]   account=520xin999
[Mon Nov 19 13:59:26 2018] [WL_MUST] }
[Mon Nov 19 13:59:26 2018] [WL_MUST] =fail
[Mon Nov 19 14:02:23 2018] [WL_MUST] 发送事件:
[Mon Nov 19 14:02:23 2018] [WL_MUST] ={
[Mon Nov 19 14:02:23 2018] [WL_MUST]   page=/nycs_user_active
[Mon Nov 19 14:02:23 2018] [WL_MUST]   port=8008
[Mon Nov 19 14:02:23 2018] [WL_MUST]   domain=report.syyx.cn
[Mon Nov 19 14:02:23 2018] [WL_MUST]   param={
[Mon Nov 19 14:02:23 2018] [WL_MUST]     active=100
[Mon Nov 19 14:02:23 2018] [WL_MUST]     serverid=382
[Mon Nov 19 14:02:23 2018] [WL_MUST]     time=1542607343
[Mon Nov 19 14:02:23 2018] [WL_MUST]     account=jk19911129
[Mon Nov 19 14:02:23 2018] [WL_MUST]   }
[Mon Nov 19 14:02:23 2018] [WL_MUST] }
[Mon Nov 19 14:02:23 2018] [WL_MUST] 接收回复:
[Mon Nov 19 14:02:23 2018] [WL_MUST] ={
[Mon Nov 19 14:02:23 2018] [WL_MUST]   active=100
[Mon Nov 19 14:02:23 2018] [WL_MUST]   serverid=382
[Mon Nov 19 14:02:23 2018] [WL_MUST]   time=1542607343
[Mon Nov 19 14:02:23 2018] [WL_MUST]   account=jk19911129
[Mon Nov 19 14:02:23 2018] [WL_MUST] }
[Mon Nov 19 14:02:23 2018] [WL_MUST] =fail
[Mon Nov 19 14:36:06 2018] [WL_MUST] 发送事件:
[Mon Nov 19 14:36:06 2018] [WL_MUST] ={
[Mon Nov 19 14:36:06 2018] [WL_MUST]   page=/nycs_user_active
[Mon Nov 19 14:36:06 2018] [WL_MUST]   port=8008
[Mon Nov 19 14:36:06 2018] [WL_MUST]   domain=report.syyx.cn
[Mon Nov 19 14:36:06 2018] [WL_MUST]   param={
[Mon Nov 19 14:36:06 2018] [WL_MUST]     active=104
[Mon Nov 19 14:36:06 2018] [WL_MUST]     serverid=382
[Mon Nov 19 14:36:06 2018] [WL_MUST]     time=1542609366
[Mon Nov 19 14:36:06 2018] [WL_MUST]     account=520xin999
[Mon Nov 19 14:36:06 2018] [WL_MUST]   }
[Mon Nov 19 14:36:06 2018] [WL_MUST] }
[Mon Nov 19 14:36:06 2018] [WL_MUST] 接收回复:
[Mon Nov 19 14:36:06 2018] [WL_MUST] ={
[Mon Nov 19 14:36:06 2018] [WL_MUST]   active=104
[Mon Nov 19 14:36:06 2018] [WL_MUST]   serverid=382
[Mon Nov 19 14:36:06 2018] [WL_MUST]   time=1542609366
[Mon Nov 19 14:36:06 2018] [WL_MUST]   account=520xin999
[Mon Nov 19 14:36:06 2018] [WL_MUST] }
[Mon Nov 19 14:36:06 2018] [WL_MUST] =fail
[Mon Nov 19 14:36:54 2018] [WL_MUST] 发送事件:
[Mon Nov 19 14:36:54 2018] [WL_MUST] ={
[Mon Nov 19 14:36:54 2018] [WL_MUST]   page=/nycs_user_active
[Mon Nov 19 14:36:54 2018] [WL_MUST]   port=8008
[Mon Nov 19 14:36:54 2018] [WL_MUST]   domain=report.syyx.cn
[Mon Nov 19 14:36:54 2018] [WL_MUST]   param={
[Mon Nov 19 14:36:54 2018] [WL_MUST]     active=100
[Mon Nov 19 14:36:54 2018] [WL_MUST]     serverid=382
[Mon Nov 19 14:36:54 2018] [WL_MUST]     time=1542609414
[Mon Nov 19 14:36:54 2018] [WL_MUST]     account=fengyuanxin
[Mon Nov 19 14:36:54 2018] [WL_MUST]   }
[Mon Nov 19 14:36:54 2018] [WL_MUST] }
[Mon Nov 19 14:36:54 2018] [WL_MUST] 接收回复:
[Mon Nov 19 14:36:54 2018] [WL_MUST] ={
[Mon Nov 19 14:36:54 2018] [WL_MUST]   active=100
[Mon Nov 19 14:36:54 2018] [WL_MUST]   serverid=382
[Mon Nov 19 14:36:54 2018] [WL_MUST]   time=1542609414
[Mon Nov 19 14:36:54 2018] [WL_MUST]   account=fengyuanxin
[Mon Nov 19 14:36:54 2018] [WL_MUST] }
[Mon Nov 19 14:36:54 2018] [WL_MUST] =fail
[Mon Nov 19 15:32:41 2018] [WL_MUST] 发送事件:
[Mon Nov 19 15:32:41 2018] [WL_MUST] ={
[Mon Nov 19 15:32:41 2018] [WL_MUST]   page=/nycs_user_active
[Mon Nov 19 15:32:41 2018] [WL_MUST]   port=8008
[Mon Nov 19 15:32:41 2018] [WL_MUST]   domain=report.syyx.cn
[Mon Nov 19 15:32:41 2018] [WL_MUST]   param={
[Mon Nov 19 15:32:41 2018] [WL_MUST]     active=101
[Mon Nov 19 15:32:41 2018] [WL_MUST]     serverid=382
[Mon Nov 19 15:32:41 2018] [WL_MUST]     time=1542612761
[Mon Nov 19 15:32:41 2018] [WL_MUST]     account=lzy740920
[Mon Nov 19 15:32:41 2018] [WL_MUST]   }
[Mon Nov 19 15:32:41 2018] [WL_MUST] }
[Mon Nov 19 15:32:41 2018] [WL_MUST] 接收回复:
[Mon Nov 19 15:32:41 2018] [WL_MUST] ={
[Mon Nov 19 15:32:41 2018] [WL_MUST]   active=101
[Mon Nov 19 15:32:41 2018] [WL_MUST]   serverid=382
[Mon Nov 19 15:32:41 2018] [WL_MUST]   time=1542612761
[Mon Nov 19 15:32:41 2018] [WL_MUST]   account=lzy740920
[Mon Nov 19 15:32:41 2018] [WL_MUST] }
[Mon Nov 19 15:32:41 2018] [WL_MUST] =fail
[Mon Nov 19 15:33:06 2018] [WL_MUST] 发送事件:
[Mon Nov 19 15:33:06 2018] [WL_MUST] ={
[Mon Nov 19 15:33:06 2018] [WL_MUST]   page=/nycs_user_active
[Mon Nov 19 15:33:06 2018] [WL_MUST]   port=8008
[Mon Nov 19 15:33:06 2018] [WL_MUST]   domain=report.syyx.cn
[Mon Nov 19 15:33:06 2018] [WL_MUST]   param={
[Mon Nov 19 15:33:06 2018] [WL_MUST]     active=100
[Mon Nov 19 15:33:06 2018] [WL_MUST]     serverid=382
[Mon Nov 19 15:33:06 2018] [WL_MUST]     time=1542612786
[Mon Nov 19 15:33:06 2018] [WL_MUST]     account=rui_xiao21
[Mon Nov 19 15:33:06 2018] [WL_MUST]   }
[Mon Nov 19 15:33:06 2018] [WL_MUST] }
[Mon Nov 19 15:33:06 2018] [WL_MUST] 接收回复:
[Mon Nov 19 15:33:06 2018] [WL_MUST] ={
[Mon Nov 19 15:33:06 2018] [WL_MUST]   active=100
[Mon Nov 19 15:33:06 2018] [WL_MUST]   serverid=382
[Mon Nov 19 15:33:06 2018] [WL_MUST]   time=1542612786
[Mon Nov 19 15:33:06 2018] [WL_MUST]   account=rui_xiao21
[Mon Nov 19 15:33:06 2018] [WL_MUST] }
[Mon Nov 19 15:33:06 2018] [WL_MUST] =fail
[Mon Nov 19 15:40:15 2018] [WL_MUST] 发送事件:
[Mon Nov 19 15:40:15 2018] [WL_MUST] ={
[Mon Nov 19 15:40:15 2018] [WL_MUST]   page=/nycs_user_active
[Mon Nov 19 15:40:15 2018] [WL_MUST]   port=8008
[Mon Nov 19 15:40:15 2018] [WL_MUST]   domain=report.syyx.cn
[Mon Nov 19 15:40:15 2018] [WL_MUST]   param={
[Mon Nov 19 15:40:15 2018] [WL_MUST]     active=105
[Mon Nov 19 15:40:15 2018] [WL_MUST]     serverid=382
[Mon Nov 19 15:40:15 2018] [WL_MUST]     time=1542613215
[Mon Nov 19 15:40:15 2018] [WL_MUST]     account=13849866732
[Mon Nov 19 15:40:15 2018] [WL_MUST]   }
[Mon Nov 19 15:40:15 2018] [WL_MUST] }
[Mon Nov 19 15:40:15 2018] [WL_MUST] 接收回复:
[Mon Nov 19 15:40:15 2018] [WL_MUST] ={
[Mon Nov 19 15:40:15 2018] [WL_MUST]   active=105
[Mon Nov 19 15:40:15 2018] [WL_MUST]   serverid=382
[Mon Nov 19 15:40:15 2018] [WL_MUST]   time=1542613215
[Mon Nov 19 15:40:15 2018] [WL_MUST]   account=13849866732
[Mon Nov 19 15:40:15 2018] [WL_MUST] }
[Mon Nov 19 15:40:15 2018] [WL_MUST] =fail
[Mon Nov 19 16:18:32 2018] [WL_MUST] 发送事件:
[Mon Nov 19 16:18:32 2018] [WL_MUST] ={
[Mon Nov 19 16:18:32 2018] [WL_MUST]   page=/nycs_user_active
[Mon Nov 19 16:18:32 2018] [WL_MUST]   port=8008
[Mon Nov 19 16:18:32 2018] [WL_MUST]   domain=report.syyx.cn
[Mon Nov 19 16:18:32 2018] [WL_MUST]   param={
[Mon Nov 19 16:18:32 2018] [WL_MUST]     active=100
[Mon Nov 19 16:18:32 2018] [WL_MUST]     serverid=382
[Mon Nov 19 16:18:32 2018] [WL_MUST]     time=1542615512
[Mon Nov 19 16:18:32 2018] [WL_MUST]     account=wanggang110119
[Mon Nov 19 16:18:32 2018] [WL_MUST]   }
[Mon Nov 19 16:18:32 2018] [WL_MUST] }
[Mon Nov 19 16:18:32 2018] [WL_MUST] 接收回复:
[Mon Nov 19 16:18:32 2018] [WL_MUST] ={
[Mon Nov 19 16:18:32 2018] [WL_MUST]   active=100
[Mon Nov 19 16:18:32 2018] [WL_MUST]   serverid=382
[Mon Nov 19 16:18:32 2018] [WL_MUST]   time=1542615512
[Mon Nov 19 16:18:32 2018] [WL_MUST]   account=wanggang110119
[Mon Nov 19 16:18:32 2018] [WL_MUST] }
[Mon Nov 19 16:18:32 2018] [WL_MUST] =fail
[Mon Nov 19 16:40:50 2018] [WL_MUST] 发送事件:
[Mon Nov 19 16:40:50 2018] [WL_MUST] ={
[Mon Nov 19 16:40:50 2018] [WL_MUST]   page=/nycs_user_active
[Mon Nov 19 16:40:50 2018] [WL_MUST]   port=8008
[Mon Nov 19 16:40:50 2018] [WL_MUST]   domain=report.syyx.cn
[Mon Nov 19 16:40:50 2018] [WL_MUST]   param={
[Mon Nov 19 16:40:50 2018] [WL_MUST]     active=100
[Mon Nov 19 16:40:50 2018] [WL_MUST]     serverid=382
[Mon Nov 19 16:40:50 2018] [WL_MUST]     time=1542616850
[Mon Nov 19 16:40:50 2018] [WL_MUST]     account=kuai1020279690
[Mon Nov 19 16:40:50 2018] [WL_MUST]   }
[Mon Nov 19 16:40:50 2018] [WL_MUST] }
[Mon Nov 19 16:40:50 2018] [WL_MUST] 接收回复:
[Mon Nov 19 16:40:50 2018] [WL_MUST] ={
[Mon Nov 19 16:40:50 2018] [WL_MUST]   active=100
[Mon Nov 19 16:40:50 2018] [WL_MUST]   serverid=382
[Mon Nov 19 16:40:50 2018] [WL_MUST]   time=1542616850
[Mon Nov 19 16:40:50 2018] [WL_MUST]   account=kuai1020279690
[Mon Nov 19 16:40:50 2018] [WL_MUST] }
[Mon Nov 19 16:40:50 2018] [WL_MUST] =fail
[Mon Nov 19 16:41:29 2018] [WL_MUST] 发送事件:
[Mon Nov 19 16:41:29 2018] [WL_MUST] ={
[Mon Nov 19 16:41:29 2018] [WL_MUST]   page=/nycs_user_active
[Mon Nov 19 16:41:29 2018] [WL_MUST]   port=8008
[Mon Nov 19 16:41:29 2018] [WL_MUST]   domain=report.syyx.cn
[Mon Nov 19 16:41:29 2018] [WL_MUST]   param={
[Mon Nov 19 16:41:29 2018] [WL_MUST]     active=100
[Mon Nov 19 16:41:29 2018] [WL_MUST]     serverid=382
[Mon Nov 19 16:41:29 2018] [WL_MUST]     time=1542616889
[Mon Nov 19 16:41:29 2018] [WL_MUST]     account=maskhaotian
[Mon Nov 19 16:41:29 2018] [WL_MUST]   }
[Mon Nov 19 16:41:29 2018] [WL_MUST] }
[Mon Nov 19 16:41:29 2018] [WL_MUST] 接收回复:
[Mon Nov 19 16:41:29 2018] [WL_MUST] ={
[Mon Nov 19 16:41:29 2018] [WL_MUST]   active=100
[Mon Nov 19 16:41:29 2018] [WL_MUST]   serverid=382
[Mon Nov 19 16:41:29 2018] [WL_MUST]   time=1542616889
[Mon Nov 19 16:41:29 2018] [WL_MUST]   account=maskhaotian
[Mon Nov 19 16:41:29 2018] [WL_MUST] }
[Mon Nov 19 16:41:29 2018] [WL_MUST] =fail
[Mon Nov 19 17:32:10 2018] [WL_MUST] 发送事件:
[Mon Nov 19 17:32:10 2018] [WL_MUST] ={
[Mon Nov 19 17:32:10 2018] [WL_MUST]   page=/nycs_user_active
[Mon Nov 19 17:32:10 2018] [WL_MUST]   port=8008
[Mon Nov 19 17:32:10 2018] [WL_MUST]   domain=report.syyx.cn
[Mon Nov 19 17:32:10 2018] [WL_MUST]   param={
[Mon Nov 19 17:32:10 2018] [WL_MUST]     active=102
[Mon Nov 19 17:32:10 2018] [WL_MUST]     serverid=382
[Mon Nov 19 17:32:10 2018] [WL_MUST]     time=1542619930
[Mon Nov 19 17:32:10 2018] [WL_MUST]     account=zxm888888
[Mon Nov 19 17:32:10 2018] [WL_MUST]   }
[Mon Nov 19 17:32:10 2018] [WL_MUST] }
[Mon Nov 19 17:32:10 2018] [WL_MUST] 接收回复:
[Mon Nov 19 17:32:10 2018] [WL_MUST] ={
[Mon Nov 19 17:32:10 2018] [WL_MUST]   active=102
[Mon Nov 19 17:32:10 2018] [WL_MUST]   serverid=382
[Mon Nov 19 17:32:10 2018] [WL_MUST]   time=1542619930
[Mon Nov 19 17:32:10 2018] [WL_MUST]   account=zxm888888
[Mon Nov 19 17:32:10 2018] [WL_MUST] }
[Mon Nov 19 17:32:10 2018] [WL_MUST] =fail
[Mon Nov 19 17:36:17 2018] [WL_MUST] 发送事件:
[Mon Nov 19 17:36:17 2018] [WL_MUST] ={
[Mon Nov 19 17:36:17 2018] [WL_MUST]   page=/nycs_user_active
[Mon Nov 19 17:36:17 2018] [WL_MUST]   port=8008
[Mon Nov 19 17:36:17 2018] [WL_MUST]   domain=report.syyx.cn
[Mon Nov 19 17:36:17 2018] [WL_MUST]   param={
[Mon Nov 19 17:36:17 2018] [WL_MUST]     active=102
[Mon Nov 19 17:36:17 2018] [WL_MUST]     serverid=382
[Mon Nov 19 17:36:17 2018] [WL_MUST]     time=1542620177
[Mon Nov 19 17:36:17 2018] [WL_MUST]     account=chi1619
[Mon Nov 19 17:36:17 2018] [WL_MUST]   }
[Mon Nov 19 17:36:17 2018] [WL_MUST] }
[Mon Nov 19 17:36:17 2018] [WL_MUST] 接收回复:
[Mon Nov 19 17:36:17 2018] [WL_MUST] ={
[Mon Nov 19 17:36:17 2018] [WL_MUST]   active=102
[Mon Nov 19 17:36:17 2018] [WL_MUST]   serverid=382
[Mon Nov 19 17:36:17 2018] [WL_MUST]   time=1542620177
[Mon Nov 19 17:36:17 2018] [WL_MUST]   account=chi1619
[Mon Nov 19 17:36:17 2018] [WL_MUST] }
[Mon Nov 19 17:36:17 2018] [WL_MUST] =fail
[Mon Nov 19 17:37:09 2018] [WL_MUST] 发送事件:
[Mon Nov 19 17:37:09 2018] [WL_MUST] ={
[Mon Nov 19 17:37:09 2018] [WL_MUST]   page=/nycs_user_active
[Mon Nov 19 17:37:09 2018] [WL_MUST]   port=8008
[Mon Nov 19 17:37:09 2018] [WL_MUST]   domain=report.syyx.cn
[Mon Nov 19 17:37:09 2018] [WL_MUST]   param={
[Mon Nov 19 17:37:09 2018] [WL_MUST]     active=101
[Mon Nov 19 17:37:09 2018] [WL_MUST]     serverid=382
[Mon Nov 19 17:37:09 2018] [WL_MUST]     time=1542620229
[Mon Nov 19 17:37:09 2018] [WL_MUST]     account=tz5262548m
[Mon Nov 19 17:37:09 2018] [WL_MUST]   }
[Mon Nov 19 17:37:09 2018] [WL_MUST] }
[Mon Nov 19 17:37:09 2018] [WL_MUST] 接收回复:
[Mon Nov 19 17:37:09 2018] [WL_MUST] ={
[Mon Nov 19 17:37:09 2018] [WL_MUST]   active=101
[Mon Nov 19 17:37:09 2018] [WL_MUST]   serverid=382
[Mon Nov 19 17:37:09 2018] [WL_MUST]   time=1542620229
[Mon Nov 19 17:37:09 2018] [WL_MUST]   account=tz5262548m
[Mon Nov 19 17:37:09 2018] [WL_MUST] }
[Mon Nov 19 17:37:09 2018] [WL_MUST] =fail
[Mon Nov 19 17:40:36 2018] [WL_MUST] 发送事件:
[Mon Nov 19 17:40:36 2018] [WL_MUST] ={
[Mon Nov 19 17:40:36 2018] [WL_MUST]   page=/nycs_user_active
[Mon Nov 19 17:40:36 2018] [WL_MUST]   port=8008
[Mon Nov 19 17:40:36 2018] [WL_MUST]   domain=report.syyx.cn
[Mon Nov 19 17:40:36 2018] [WL_MUST]   param={
[Mon Nov 19 17:40:36 2018] [WL_MUST]     active=100
[Mon Nov 19 17:40:36 2018] [WL_MUST]     serverid=382
[Mon Nov 19 17:40:36 2018] [WL_MUST]     time=1542620436
[Mon Nov 19 17:40:36 2018] [WL_MUST]     account=rui_xiao14
[Mon Nov 19 17:40:36 2018] [WL_MUST]   }
[Mon Nov 19 17:40:36 2018] [WL_MUST] }
[Mon Nov 19 17:40:36 2018] [WL_MUST] 接收回复:
[Mon Nov 19 17:40:36 2018] [WL_MUST] ={
[Mon Nov 19 17:40:36 2018] [WL_MUST]   active=100
[Mon Nov 19 17:40:36 2018] [WL_MUST]   serverid=382
[Mon Nov 19 17:40:36 2018] [WL_MUST]   time=1542620436
[Mon Nov 19 17:40:36 2018] [WL_MUST]   account=rui_xiao14
[Mon Nov 19 17:40:36 2018] [WL_MUST] }
[Mon Nov 19 17:40:36 2018] [WL_MUST] =fail
[Mon Nov 19 18:37:23 2018] [WL_MUST] 发送事件:
[Mon Nov 19 18:37:23 2018] [WL_MUST] ={
[Mon Nov 19 18:37:23 2018] [WL_MUST]   page=/nycs_user_active
[Mon Nov 19 18:37:23 2018] [WL_MUST]   port=8008
[Mon Nov 19 18:37:23 2018] [WL_MUST]   domain=report.syyx.cn
[Mon Nov 19 18:37:23 2018] [WL_MUST]   param={
[Mon Nov 19 18:37:23 2018] [WL_MUST]     active=100
[Mon Nov 19 18:37:23 2018] [WL_MUST]     serverid=382
[Mon Nov 19 18:37:23 2018] [WL_MUST]     time=1542623843
[Mon Nov 19 18:37:23 2018] [WL_MUST]     account=qiang570847790
[Mon Nov 19 18:37:23 2018] [WL_MUST]   }
[Mon Nov 19 18:37:23 2018] [WL_MUST] }
[Mon Nov 19 18:37:24 2018] [WL_MUST] 接收回复:
[Mon Nov 19 18:37:24 2018] [WL_MUST] ={
[Mon Nov 19 18:37:24 2018] [WL_MUST]   active=100
[Mon Nov 19 18:37:24 2018] [WL_MUST]   serverid=382
[Mon Nov 19 18:37:24 2018] [WL_MUST]   time=1542623843
[Mon Nov 19 18:37:24 2018] [WL_MUST]   account=qiang570847790
[Mon Nov 19 18:37:24 2018] [WL_MUST] }
[Mon Nov 19 18:37:24 2018] [WL_MUST] =fail
[Mon Nov 19 18:41:47 2018] [WL_MUST] 发送事件:
[Mon Nov 19 18:41:47 2018] [WL_MUST] ={
[Mon Nov 19 18:41:47 2018] [WL_MUST]   page=/nycs_user_active
[Mon Nov 19 18:41:47 2018] [WL_MUST]   port=8008
[Mon Nov 19 18:41:47 2018] [WL_MUST]   domain=report.syyx.cn
[Mon Nov 19 18:41:47 2018] [WL_MUST]   param={
[Mon Nov 19 18:41:47 2018] [WL_MUST]     active=102
[Mon Nov 19 18:41:47 2018] [WL_MUST]     serverid=382
[Mon Nov 19 18:41:47 2018] [WL_MUST]     time=1542624107
[Mon Nov 19 18:41:47 2018] [WL_MUST]     account=sz5299cs
[Mon Nov 19 18:41:47 2018] [WL_MUST]   }
[Mon Nov 19 18:41:47 2018] [WL_MUST] }
[Mon Nov 19 18:41:47 2018] [WL_MUST] 发送事件:
[Mon Nov 19 18:41:47 2018] [WL_MUST] ={
[Mon Nov 19 18:41:47 2018] [WL_MUST]   page=/nycs_user_active
[Mon Nov 19 18:41:47 2018] [WL_MUST]   port=8008
[Mon Nov 19 18:41:47 2018] [WL_MUST]   domain=report.syyx.cn
[Mon Nov 19 18:41:47 2018] [WL_MUST]   param={
[Mon Nov 19 18:41:47 2018] [WL_MUST]     active=100
[Mon Nov 19 18:41:47 2018] [WL_MUST]     serverid=382
[Mon Nov 19 18:41:47 2018] [WL_MUST]     time=1542624107
[Mon Nov 19 18:41:47 2018] [WL_MUST]     account=ppttkl
[Mon Nov 19 18:41:47 2018] [WL_MUST]   }
[Mon Nov 19 18:41:47 2018] [WL_MUST] }
[Mon Nov 19 18:41:47 2018] [WL_MUST] 接收回复:
[Mon Nov 19 18:41:47 2018] [WL_MUST] ={
[Mon Nov 19 18:41:47 2018] [WL_MUST]   active=102
[Mon Nov 19 18:41:47 2018] [WL_MUST]   serverid=382
[Mon Nov 19 18:41:47 2018] [WL_MUST]   time=1542624107
[Mon Nov 19 18:41:47 2018] [WL_MUST]   account=sz5299cs
[Mon Nov 19 18:41:47 2018] [WL_MUST] }
[Mon Nov 19 18:41:47 2018] [WL_MUST] =fail
[Mon Nov 19 18:41:47 2018] [WL_MUST] 接收回复:
[Mon Nov 19 18:41:47 2018] [WL_MUST] ={
[Mon Nov 19 18:41:47 2018] [WL_MUST]   active=100
[Mon Nov 19 18:41:47 2018] [WL_MUST]   serverid=382
[Mon Nov 19 18:41:47 2018] [WL_MUST]   time=1542624107
[Mon Nov 19 18:41:47 2018] [WL_MUST]   account=ppttkl
[Mon Nov 19 18:41:47 2018] [WL_MUST] }
[Mon Nov 19 18:41:47 2018] [WL_MUST] =fail
[Mon Nov 19 18:41:59 2018] [WL_MUST] 发送事件:
[Mon Nov 19 18:41:59 2018] [WL_MUST] ={
[Mon Nov 19 18:41:59 2018] [WL_MUST]   page=/nycs_user_active
[Mon Nov 19 18:41:59 2018] [WL_MUST]   port=8008
[Mon Nov 19 18:41:59 2018] [WL_MUST]   domain=report.syyx.cn
[Mon Nov 19 18:41:59 2018] [WL_MUST]   param={
[Mon Nov 19 18:41:59 2018] [WL_MUST]     active=100
[Mon Nov 19 18:41:59 2018] [WL_MUST]     serverid=382
[Mon Nov 19 18:41:59 2018] [WL_MUST]     time=1542624119
[Mon Nov 19 18:41:59 2018] [WL_MUST]     account=962761718
[Mon Nov 19 18:41:59 2018] [WL_MUST]   }
[Mon Nov 19 18:41:59 2018] [WL_MUST] }
[Mon Nov 19 18:41:59 2018] [WL_MUST] 接收回复:
[Mon Nov 19 18:41:59 2018] [WL_MUST] ={
[Mon Nov 19 18:41:59 2018] [WL_MUST]   active=100
[Mon Nov 19 18:41:59 2018] [WL_MUST]   serverid=382
[Mon Nov 19 18:41:59 2018] [WL_MUST]   time=1542624119
[Mon Nov 19 18:41:59 2018] [WL_MUST]   account=962761718
[Mon Nov 19 18:41:59 2018] [WL_MUST] }
[Mon Nov 19 18:41:59 2018] [WL_MUST] =fail
[Mon Nov 19 19:32:33 2018] [WL_MUST] 发送事件:
[Mon Nov 19 19:32:33 2018] [WL_MUST] ={
[Mon Nov 19 19:32:33 2018] [WL_MUST]   page=/nycs_user_active
[Mon Nov 19 19:32:33 2018] [WL_MUST]   port=8008
[Mon Nov 19 19:32:33 2018] [WL_MUST]   domain=report.syyx.cn
[Mon Nov 19 19:32:33 2018] [WL_MUST]   param={
[Mon Nov 19 19:32:33 2018] [WL_MUST]     active=100
[Mon Nov 19 19:32:33 2018] [WL_MUST]     serverid=382
[Mon Nov 19 19:32:33 2018] [WL_MUST]     time=1542627153
[Mon Nov 19 19:32:33 2018] [WL_MUST]     account=ltxywx
[Mon Nov 19 19:32:33 2018] [WL_MUST]   }
[Mon Nov 19 19:32:33 2018] [WL_MUST] }
[Mon Nov 19 19:32:33 2018] [WL_MUST] 接收回复:
[Mon Nov 19 19:32:33 2018] [WL_MUST] ={
[Mon Nov 19 19:32:33 2018] [WL_MUST]   active=100
[Mon Nov 19 19:32:33 2018] [WL_MUST]   serverid=382
[Mon Nov 19 19:32:33 2018] [WL_MUST]   time=1542627153
[Mon Nov 19 19:32:33 2018] [WL_MUST]   account=ltxywx
[Mon Nov 19 19:32:33 2018] [WL_MUST] }
[Mon Nov 19 19:32:33 2018] [WL_MUST] =fail
[Mon Nov 19 19:37:44 2018] [WL_MUST] 发送事件:
[Mon Nov 19 19:37:44 2018] [WL_MUST] ={
[Mon Nov 19 19:37:44 2018] [WL_MUST]   page=/nycs_user_active
[Mon Nov 19 19:37:44 2018] [WL_MUST]   port=8008
[Mon Nov 19 19:37:44 2018] [WL_MUST]   domain=report.syyx.cn
[Mon Nov 19 19:37:44 2018] [WL_MUST]   param={
[Mon Nov 19 19:37:44 2018] [WL_MUST]     active=100
[Mon Nov 19 19:37:44 2018] [WL_MUST]     serverid=382
[Mon Nov 19 19:37:44 2018] [WL_MUST]     time=1542627464
[Mon Nov 19 19:37:44 2018] [WL_MUST]     account=yue13604914491
[Mon Nov 19 19:37:44 2018] [WL_MUST]   }
[Mon Nov 19 19:37:44 2018] [WL_MUST] }
[Mon Nov 19 19:37:44 2018] [WL_MUST] 接收回复:
[Mon Nov 19 19:37:44 2018] [WL_MUST] ={
[Mon Nov 19 19:37:44 2018] [WL_MUST]   active=100
[Mon Nov 19 19:37:44 2018] [WL_MUST]   serverid=382
[Mon Nov 19 19:37:44 2018] [WL_MUST]   time=1542627464
[Mon Nov 19 19:37:44 2018] [WL_MUST]   account=yue13604914491
[Mon Nov 19 19:37:44 2018] [WL_MUST] }
[Mon Nov 19 19:37:44 2018] [WL_MUST] =fail
