[Mon Nov 19 11:32:04 2018] [WL_MUST] 发送事件:
[Mon Nov 19 11:32:04 2018] [WL_MUST] ={
[Mon Nov 19 11:32:04 2018] [WL_MUST]   page=/nycs_user_active
[Mon Nov 19 11:32:04 2018] [WL_MUST]   port=8008
[Mon Nov 19 11:32:04 2018] [WL_MUST]   domain=report.syyx.cn
[Mon Nov 19 11:32:04 2018] [WL_MUST]   param={
[Mon Nov 19 11:32:04 2018] [WL_MUST]     active=102
[Mon Nov 19 11:32:04 2018] [WL_MUST]     serverid=381
[Mon Nov 19 11:32:04 2018] [WL_MUST]     time=1542598324
[Mon Nov 19 11:32:04 2018] [WL_MUST]     account=536811721
[Mon Nov 19 11:32:04 2018] [WL_MUST]   }
[Mon Nov 19 11:32:04 2018] [WL_MUST] }
[Mon Nov 19 11:32:04 2018] [WL_MUST] 接收回复:
[Mon Nov 19 11:32:04 2018] [WL_MUST] ={
[Mon Nov 19 11:32:04 2018] [WL_MUST]   active=102
[Mon Nov 19 11:32:04 2018] [WL_MUST]   serverid=381
[Mon Nov 19 11:32:04 2018] [WL_MUST]   time=1542598324
[Mon Nov 19 11:32:04 2018] [WL_MUST]   account=536811721
[Mon Nov 19 11:32:04 2018] [WL_MUST] }
[Mon Nov 19 11:32:04 2018] [WL_MUST] =fail
