[Mon Nov 19 10:32:11 2018] [WL_MUST] 发送事件:
[Mon Nov 19 10:32:11 2018] [WL_MUST] ={
[Mon Nov 19 10:32:11 2018] [WL_MUST]   page=/nycs_user_active
[Mon Nov 19 10:32:11 2018] [WL_MUST]   port=8008
[Mon Nov 19 10:32:11 2018] [WL_MUST]   domain=report.syyx.cn
[Mon Nov 19 10:32:11 2018] [WL_MUST]   param={
[Mon Nov 19 10:32:11 2018] [WL_MUST]     active=101
[Mon Nov 19 10:32:11 2018] [WL_MUST]     serverid=382
[Mon Nov 19 10:32:11 2018] [WL_MUST]     time=1542594731
[Mon Nov 19 10:32:11 2018] [WL_MUST]     account=xuliangjun004
[Mon Nov 19 10:32:11 2018] [WL_MUST]   }
[Mon Nov 19 10:32:11 2018] [WL_MUST] }
[Mon Nov 19 10:32:11 2018] [WL_MUST] 接收回复:
[Mon Nov 19 10:32:11 2018] [WL_MUST] ={
[Mon Nov 19 10:32:11 2018] [WL_MUST]   active=101
[Mon Nov 19 10:32:11 2018] [WL_MUST]   serverid=382
[Mon Nov 19 10:32:11 2018] [WL_MUST]   time=1542594731
[Mon Nov 19 10:32:11 2018] [WL_MUST]   account=xuliangjun004
[Mon Nov 19 10:32:11 2018] [WL_MUST] }
[Mon Nov 19 10:32:11 2018] [WL_MUST] =fail
[Mon Nov 19 10:32:15 2018] [WL_MUST] 发送事件:
[Mon Nov 19 10:32:15 2018] [WL_MUST] ={
[Mon Nov 19 10:32:15 2018] [WL_MUST]   page=/nycs_user_active
[Mon Nov 19 10:32:15 2018] [WL_MUST]   port=8008
[Mon Nov 19 10:32:15 2018] [WL_MUST]   domain=report.syyx.cn
[Mon Nov 19 10:32:15 2018] [WL_MUST]   param={
[Mon Nov 19 10:32:15 2018] [WL_MUST]     active=101
[Mon Nov 19 10:32:15 2018] [WL_MUST]     serverid=382
[Mon Nov 19 10:32:15 2018] [WL_MUST]     time=1542594735
[Mon Nov 19 10:32:15 2018] [WL_MUST]     account=aaaa13728722226
[Mon Nov 19 10:32:15 2018] [WL_MUST]   }
[Mon Nov 19 10:32:15 2018] [WL_MUST] }
[Mon Nov 19 10:32:16 2018] [WL_MUST] 接收回复:
[Mon Nov 19 10:32:16 2018] [WL_MUST] ={
[Mon Nov 19 10:32:16 2018] [WL_MUST]   active=101
[Mon Nov 19 10:32:16 2018] [WL_MUST]   serverid=382
[Mon Nov 19 10:32:16 2018] [WL_MUST]   time=1542594735
[Mon Nov 19 10:32:16 2018] [WL_MUST]   account=aaaa13728722226
[Mon Nov 19 10:32:16 2018] [WL_MUST] }
[Mon Nov 19 10:32:16 2018] [WL_MUST] =fail
[Mon Nov 19 10:32:39 2018] [WL_MUST] 发送事件:
[Mon Nov 19 10:32:39 2018] [WL_MUST] ={
[Mon Nov 19 10:32:39 2018] [WL_MUST]   page=/nycs_user_active
[Mon Nov 19 10:32:39 2018] [WL_MUST]   port=8008
[Mon Nov 19 10:32:39 2018] [WL_MUST]   domain=report.syyx.cn
[Mon Nov 19 10:32:39 2018] [WL_MUST]   param={
[Mon Nov 19 10:32:39 2018] [WL_MUST]     active=101
[Mon Nov 19 10:32:39 2018] [WL_MUST]     serverid=382
[Mon Nov 19 10:32:39 2018] [WL_MUST]     time=1542594759
[Mon Nov 19 10:32:39 2018] [WL_MUST]     account=380691642
[Mon Nov 19 10:32:39 2018] [WL_MUST]   }
[Mon Nov 19 10:32:39 2018] [WL_MUST] }
[Mon Nov 19 10:32:39 2018] [WL_MUST] 接收回复:
[Mon Nov 19 10:32:39 2018] [WL_MUST] ={
[Mon Nov 19 10:32:39 2018] [WL_MUST]   active=101
[Mon Nov 19 10:32:39 2018] [WL_MUST]   serverid=382
[Mon Nov 19 10:32:39 2018] [WL_MUST]   time=1542594759
[Mon Nov 19 10:32:39 2018] [WL_MUST]   account=380691642
[Mon Nov 19 10:32:39 2018] [WL_MUST] }
[Mon Nov 19 10:32:39 2018] [WL_MUST] =fail
[Mon Nov 19 10:36:11 2018] [WL_MUST] 发送事件:
[Mon Nov 19 10:36:11 2018] [WL_MUST] ={
[Mon Nov 19 10:36:11 2018] [WL_MUST]   page=/nycs_user_active
[Mon Nov 19 10:36:11 2018] [WL_MUST]   port=8008
[Mon Nov 19 10:36:11 2018] [WL_MUST]   domain=report.syyx.cn
[Mon Nov 19 10:36:11 2018] [WL_MUST]   param={
[Mon Nov 19 10:36:11 2018] [WL_MUST]     active=101
[Mon Nov 19 10:36:11 2018] [WL_MUST]     serverid=382
[Mon Nov 19 10:36:11 2018] [WL_MUST]     time=1542594971
[Mon Nov 19 10:36:11 2018] [WL_MUST]     account=2266884
[Mon Nov 19 10:36:11 2018] [WL_MUST]   }
[Mon Nov 19 10:36:11 2018] [WL_MUST] }
[Mon Nov 19 10:36:11 2018] [WL_MUST] 接收回复:
[Mon Nov 19 10:36:11 2018] [WL_MUST] ={
[Mon Nov 19 10:36:11 2018] [WL_MUST]   active=101
[Mon Nov 19 10:36:11 2018] [WL_MUST]   serverid=382
[Mon Nov 19 10:36:11 2018] [WL_MUST]   time=1542594971
[Mon Nov 19 10:36:11 2018] [WL_MUST]   account=2266884
[Mon Nov 19 10:36:11 2018] [WL_MUST] }
[Mon Nov 19 10:36:11 2018] [WL_MUST] =fail
[Mon Nov 19 10:36:54 2018] [WL_MUST] 发送事件:
[Mon Nov 19 10:36:54 2018] [WL_MUST] ={
[Mon Nov 19 10:36:54 2018] [WL_MUST]   page=/nycs_user_active
[Mon Nov 19 10:36:54 2018] [WL_MUST]   port=8008
[Mon Nov 19 10:36:54 2018] [WL_MUST]   domain=report.syyx.cn
[Mon Nov 19 10:36:54 2018] [WL_MUST]   param={
[Mon Nov 19 10:36:54 2018] [WL_MUST]     active=102
[Mon Nov 19 10:36:54 2018] [WL_MUST]     serverid=382
[Mon Nov 19 10:36:54 2018] [WL_MUST]     time=1542595014
[Mon Nov 19 10:36:54 2018] [WL_MUST]     account=zsf666zsf
[Mon Nov 19 10:36:54 2018] [WL_MUST]   }
[Mon Nov 19 10:36:54 2018] [WL_MUST] }
[Mon Nov 19 10:36:54 2018] [WL_MUST] 接收回复:
[Mon Nov 19 10:36:54 2018] [WL_MUST] ={
[Mon Nov 19 10:36:54 2018] [WL_MUST]   active=102
[Mon Nov 19 10:36:54 2018] [WL_MUST]   serverid=382
[Mon Nov 19 10:36:54 2018] [WL_MUST]   time=1542595014
[Mon Nov 19 10:36:54 2018] [WL_MUST]   account=zsf666zsf
[Mon Nov 19 10:36:54 2018] [WL_MUST] }
[Mon Nov 19 10:36:54 2018] [WL_MUST] =fail
[Mon Nov 19 10:39:13 2018] [WL_MUST] 发送事件:
[Mon Nov 19 10:39:13 2018] [WL_MUST] ={
[Mon Nov 19 10:39:13 2018] [WL_MUST]   page=/nycs_user_active
[Mon Nov 19 10:39:13 2018] [WL_MUST]   port=8008
[Mon Nov 19 10:39:13 2018] [WL_MUST]   domain=report.syyx.cn
[Mon Nov 19 10:39:13 2018] [WL_MUST]   param={
[Mon Nov 19 10:39:13 2018] [WL_MUST]     active=100
[Mon Nov 19 10:39:13 2018] [WL_MUST]     serverid=382
[Mon Nov 19 10:39:13 2018] [WL_MUST]     time=1542595153
[Mon Nov 19 10:39:13 2018] [WL_MUST]     account=1733884900
[Mon Nov 19 10:39:13 2018] [WL_MUST]   }
[Mon Nov 19 10:39:13 2018] [WL_MUST] }
[Mon Nov 19 10:39:14 2018] [WL_MUST] 接收回复:
[Mon Nov 19 10:39:14 2018] [WL_MUST] ={
[Mon Nov 19 10:39:14 2018] [WL_MUST]   active=100
[Mon Nov 19 10:39:14 2018] [WL_MUST]   serverid=382
[Mon Nov 19 10:39:14 2018] [WL_MUST]   time=1542595153
[Mon Nov 19 10:39:14 2018] [WL_MUST]   account=1733884900
[Mon Nov 19 10:39:14 2018] [WL_MUST] }
[Mon Nov 19 10:39:14 2018] [WL_MUST] =fail
[Mon Nov 19 10:40:39 2018] [WL_MUST] 发送事件:
[Mon Nov 19 10:40:39 2018] [WL_MUST] ={
[Mon Nov 19 10:40:39 2018] [WL_MUST]   page=/nycs_user_active
[Mon Nov 19 10:40:39 2018] [WL_MUST]   port=8008
[Mon Nov 19 10:40:39 2018] [WL_MUST]   domain=report.syyx.cn
[Mon Nov 19 10:40:39 2018] [WL_MUST]   param={
[Mon Nov 19 10:40:39 2018] [WL_MUST]     active=100
[Mon Nov 19 10:40:39 2018] [WL_MUST]     serverid=382
[Mon Nov 19 10:40:39 2018] [WL_MUST]     time=1542595239
[Mon Nov 19 10:40:39 2018] [WL_MUST]     account=zzjhl520
[Mon Nov 19 10:40:39 2018] [WL_MUST]   }
[Mon Nov 19 10:40:39 2018] [WL_MUST] }
[Mon Nov 19 10:40:39 2018] [WL_MUST] 发送事件:
[Mon Nov 19 10:40:39 2018] [WL_MUST] ={
[Mon Nov 19 10:40:39 2018] [WL_MUST]   page=/nycs_user_active
[Mon Nov 19 10:40:39 2018] [WL_MUST]   port=8008
[Mon Nov 19 10:40:39 2018] [WL_MUST]   domain=report.syyx.cn
[Mon Nov 19 10:40:39 2018] [WL_MUST]   param={
[Mon Nov 19 10:40:39 2018] [WL_MUST]     active=102
[Mon Nov 19 10:40:39 2018] [WL_MUST]     serverid=382
[Mon Nov 19 10:40:39 2018] [WL_MUST]     time=1542595239
[Mon Nov 19 10:40:39 2018] [WL_MUST]     account=sunwanqiangswq
[Mon Nov 19 10:40:39 2018] [WL_MUST]   }
[Mon Nov 19 10:40:39 2018] [WL_MUST] }
[Mon Nov 19 10:40:39 2018] [WL_MUST] 接收回复:
[Mon Nov 19 10:40:39 2018] [WL_MUST] ={
[Mon Nov 19 10:40:39 2018] [WL_MUST]   active=100
[Mon Nov 19 10:40:39 2018] [WL_MUST]   serverid=382
[Mon Nov 19 10:40:39 2018] [WL_MUST]   time=1542595239
[Mon Nov 19 10:40:39 2018] [WL_MUST]   account=zzjhl520
[Mon Nov 19 10:40:39 2018] [WL_MUST] }
[Mon Nov 19 10:40:39 2018] [WL_MUST] =fail
[Mon Nov 19 10:40:39 2018] [WL_MUST] 接收回复:
[Mon Nov 19 10:40:39 2018] [WL_MUST] ={
[Mon Nov 19 10:40:39 2018] [WL_MUST]   active=102
[Mon Nov 19 10:40:39 2018] [WL_MUST]   serverid=382
[Mon Nov 19 10:40:39 2018] [WL_MUST]   time=1542595239
[Mon Nov 19 10:40:39 2018] [WL_MUST]   account=sunwanqiangswq
[Mon Nov 19 10:40:39 2018] [WL_MUST] }
[Mon Nov 19 10:40:39 2018] [WL_MUST] =fail
[Mon Nov 19 11:19:04 2018] [WL_MUST] 发送事件:
[Mon Nov 19 11:19:04 2018] [WL_MUST] ={
[Mon Nov 19 11:19:04 2018] [WL_MUST]   page=/nycs_user_active
[Mon Nov 19 11:19:04 2018] [WL_MUST]   port=8008
[Mon Nov 19 11:19:04 2018] [WL_MUST]   domain=report.syyx.cn
[Mon Nov 19 11:19:04 2018] [WL_MUST]   param={
[Mon Nov 19 11:19:04 2018] [WL_MUST]     active=104
[Mon Nov 19 11:19:04 2018] [WL_MUST]     serverid=382
[Mon Nov 19 11:19:04 2018] [WL_MUST]     time=1542597544
[Mon Nov 19 11:19:04 2018] [WL_MUST]     account=wanyouxijj
[Mon Nov 19 11:19:04 2018] [WL_MUST]   }
[Mon Nov 19 11:19:04 2018] [WL_MUST] }
[Mon Nov 19 11:19:04 2018] [WL_MUST] 接收回复:
[Mon Nov 19 11:19:04 2018] [WL_MUST] ={
[Mon Nov 19 11:19:04 2018] [WL_MUST]   active=104
[Mon Nov 19 11:19:04 2018] [WL_MUST]   serverid=382
[Mon Nov 19 11:19:04 2018] [WL_MUST]   time=1542597544
[Mon Nov 19 11:19:04 2018] [WL_MUST]   account=wanyouxijj
[Mon Nov 19 11:19:04 2018] [WL_MUST] }
[Mon Nov 19 11:19:04 2018] [WL_MUST] =fail
[Mon Nov 19 11:32:11 2018] [WL_MUST] 发送事件:
[Mon Nov 19 11:32:11 2018] [WL_MUST] ={
[Mon Nov 19 11:32:11 2018] [WL_MUST]   page=/nycs_user_active
[Mon Nov 19 11:32:11 2018] [WL_MUST]   port=8008
[Mon Nov 19 11:32:11 2018] [WL_MUST]   domain=report.syyx.cn
[Mon Nov 19 11:32:11 2018] [WL_MUST]   param={
[Mon Nov 19 11:32:11 2018] [WL_MUST]     active=101
[Mon Nov 19 11:32:11 2018] [WL_MUST]     serverid=382
[Mon Nov 19 11:32:11 2018] [WL_MUST]     time=1542598331
[Mon Nov 19 11:32:11 2018] [WL_MUST]     account=aaa13728722226
[Mon Nov 19 11:32:11 2018] [WL_MUST]   }
[Mon Nov 19 11:32:11 2018] [WL_MUST] }
[Mon Nov 19 11:32:11 2018] [WL_MUST] 接收回复:
[Mon Nov 19 11:32:11 2018] [WL_MUST] ={
[Mon Nov 19 11:32:11 2018] [WL_MUST]   active=101
[Mon Nov 19 11:32:11 2018] [WL_MUST]   serverid=382
[Mon Nov 19 11:32:11 2018] [WL_MUST]   time=1542598331
[Mon Nov 19 11:32:11 2018] [WL_MUST]   account=aaa13728722226
[Mon Nov 19 11:32:11 2018] [WL_MUST] }
[Mon Nov 19 11:32:11 2018] [WL_MUST] =fail
[Mon Nov 19 11:32:38 2018] [WL_MUST] 发送事件:
[Mon Nov 19 11:32:38 2018] [WL_MUST] ={
[Mon Nov 19 11:32:38 2018] [WL_MUST]   page=/nycs_user_active
[Mon Nov 19 11:32:38 2018] [WL_MUST]   port=8008
[Mon Nov 19 11:32:38 2018] [WL_MUST]   domain=report.syyx.cn
[Mon Nov 19 11:32:38 2018] [WL_MUST]   param={
[Mon Nov 19 11:32:38 2018] [WL_MUST]     active=101
[Mon Nov 19 11:32:38 2018] [WL_MUST]     serverid=382
[Mon Nov 19 11:32:38 2018] [WL_MUST]     time=1542598358
[Mon Nov 19 11:32:38 2018] [WL_MUST]     account=mm19971215
[Mon Nov 19 11:32:38 2018] [WL_MUST]   }
[Mon Nov 19 11:32:38 2018] [WL_MUST] }
[Mon Nov 19 11:32:38 2018] [WL_MUST] 接收回复:
[Mon Nov 19 11:32:38 2018] [WL_MUST] ={
[Mon Nov 19 11:32:38 2018] [WL_MUST]   active=101
[Mon Nov 19 11:32:38 2018] [WL_MUST]   serverid=382
[Mon Nov 19 11:32:38 2018] [WL_MUST]   time=1542598358
[Mon Nov 19 11:32:38 2018] [WL_MUST]   account=mm19971215
[Mon Nov 19 11:32:38 2018] [WL_MUST] }
[Mon Nov 19 11:32:38 2018] [WL_MUST] =fail
[Mon Nov 19 11:36:21 2018] [WL_MUST] 发送事件:
[Mon Nov 19 11:36:21 2018] [WL_MUST] ={
[Mon Nov 19 11:36:21 2018] [WL_MUST]   page=/nycs_user_active
[Mon Nov 19 11:36:21 2018] [WL_MUST]   port=8008
[Mon Nov 19 11:36:21 2018] [WL_MUST]   domain=report.syyx.cn
[Mon Nov 19 11:36:21 2018] [WL_MUST]   param={
[Mon Nov 19 11:36:21 2018] [WL_MUST]     active=101
[Mon Nov 19 11:36:21 2018] [WL_MUST]     serverid=382
[Mon Nov 19 11:36:21 2018] [WL_MUST]     time=1542598581
[Mon Nov 19 11:36:21 2018] [WL_MUST]     account=zuzijun
[Mon Nov 19 11:36:21 2018] [WL_MUST]   }
[Mon Nov 19 11:36:21 2018] [WL_MUST] }
[Mon Nov 19 11:36:21 2018] [WL_MUST] 接收回复:
[Mon Nov 19 11:36:21 2018] [WL_MUST] ={
[Mon Nov 19 11:36:21 2018] [WL_MUST]   active=101
[Mon Nov 19 11:36:21 2018] [WL_MUST]   serverid=382
[Mon Nov 19 11:36:21 2018] [WL_MUST]   time=1542598581
[Mon Nov 19 11:36:21 2018] [WL_MUST]   account=zuzijun
[Mon Nov 19 11:36:21 2018] [WL_MUST] }
[Mon Nov 19 11:36:21 2018] [WL_MUST] =fail
[Mon Nov 19 11:38:05 2018] [WL_MUST] 发送事件:
[Mon Nov 19 11:38:05 2018] [WL_MUST] ={
[Mon Nov 19 11:38:05 2018] [WL_MUST]   page=/nycs_user_active
[Mon Nov 19 11:38:05 2018] [WL_MUST]   port=8008
[Mon Nov 19 11:38:05 2018] [WL_MUST]   domain=report.syyx.cn
[Mon Nov 19 11:38:05 2018] [WL_MUST]   param={
[Mon Nov 19 11:38:05 2018] [WL_MUST]     active=103
[Mon Nov 19 11:38:05 2018] [WL_MUST]     serverid=382
[Mon Nov 19 11:38:05 2018] [WL_MUST]     time=1542598685
[Mon Nov 19 11:38:05 2018] [WL_MUST]     account=con66666
[Mon Nov 19 11:38:05 2018] [WL_MUST]   }
[Mon Nov 19 11:38:05 2018] [WL_MUST] }
[Mon Nov 19 11:38:05 2018] [WL_MUST] 接收回复:
[Mon Nov 19 11:38:05 2018] [WL_MUST] ={
[Mon Nov 19 11:38:05 2018] [WL_MUST]   active=103
[Mon Nov 19 11:38:05 2018] [WL_MUST]   serverid=382
[Mon Nov 19 11:38:05 2018] [WL_MUST]   time=1542598685
[Mon Nov 19 11:38:05 2018] [WL_MUST]   account=con66666
[Mon Nov 19 11:38:05 2018] [WL_MUST] }
[Mon Nov 19 11:38:05 2018] [WL_MUST] =fail
[Mon Nov 19 12:33:46 2018] [WL_MUST] 发送事件:
[Mon Nov 19 12:33:46 2018] [WL_MUST] ={
[Mon Nov 19 12:33:46 2018] [WL_MUST]   page=/nycs_user_active
[Mon Nov 19 12:33:46 2018] [WL_MUST]   port=8008
[Mon Nov 19 12:33:46 2018] [WL_MUST]   domain=report.syyx.cn
[Mon Nov 19 12:33:46 2018] [WL_MUST]   param={
[Mon Nov 19 12:33:46 2018] [WL_MUST]     active=101
[Mon Nov 19 12:33:46 2018] [WL_MUST]     serverid=382
[Mon Nov 19 12:33:46 2018] [WL_MUST]     time=1542602026
[Mon Nov 19 12:33:46 2018] [WL_MUST]     account=a425638777
[Mon Nov 19 12:33:46 2018] [WL_MUST]   }
[Mon Nov 19 12:33:46 2018] [WL_MUST] }
[Mon Nov 19 12:33:46 2018] [WL_MUST] 接收回复:
[Mon Nov 19 12:33:46 2018] [WL_MUST] ={
[Mon Nov 19 12:33:46 2018] [WL_MUST]   active=101
[Mon Nov 19 12:33:46 2018] [WL_MUST]   serverid=382
[Mon Nov 19 12:33:46 2018] [WL_MUST]   time=1542602026
[Mon Nov 19 12:33:46 2018] [WL_MUST]   account=a425638777
[Mon Nov 19 12:33:46 2018] [WL_MUST] }
[Mon Nov 19 12:33:46 2018] [WL_MUST] =fail
[Mon Nov 19 12:36:13 2018] [WL_MUST] 发送事件:
[Mon Nov 19 12:36:13 2018] [WL_MUST] ={
[Mon Nov 19 12:36:13 2018] [WL_MUST]   page=/nycs_user_active
[Mon Nov 19 12:36:13 2018] [WL_MUST]   port=8008
[Mon Nov 19 12:36:13 2018] [WL_MUST]   domain=report.syyx.cn
[Mon Nov 19 12:36:13 2018] [WL_MUST]   param={
[Mon Nov 19 12:36:13 2018] [WL_MUST]     active=101
[Mon Nov 19 12:36:13 2018] [WL_MUST]     serverid=382
[Mon Nov 19 12:36:13 2018] [WL_MUST]     time=1542602173
[Mon Nov 19 12:36:13 2018] [WL_MUST]     account=laocai131488
[Mon Nov 19 12:36:13 2018] [WL_MUST]   }
[Mon Nov 19 12:36:13 2018] [WL_MUST] }
[Mon Nov 19 12:36:14 2018] [WL_MUST] 接收回复:
[Mon Nov 19 12:36:14 2018] [WL_MUST] ={
[Mon Nov 19 12:36:14 2018] [WL_MUST]   active=101
[Mon Nov 19 12:36:14 2018] [WL_MUST]   serverid=382
[Mon Nov 19 12:36:14 2018] [WL_MUST]   time=1542602173
[Mon Nov 19 12:36:14 2018] [WL_MUST]   account=laocai131488
[Mon Nov 19 12:36:14 2018] [WL_MUST] }
[Mon Nov 19 12:36:14 2018] [WL_MUST] =fail
[Mon Nov 19 12:36:18 2018] [WL_MUST] 发送事件:
[Mon Nov 19 12:36:18 2018] [WL_MUST] ={
[Mon Nov 19 12:36:18 2018] [WL_MUST]   page=/nycs_user_active
[Mon Nov 19 12:36:18 2018] [WL_MUST]   port=8008
[Mon Nov 19 12:36:18 2018] [WL_MUST]   domain=report.syyx.cn
[Mon Nov 19 12:36:18 2018] [WL_MUST]   param={
[Mon Nov 19 12:36:18 2018] [WL_MUST]     active=102
[Mon Nov 19 12:36:18 2018] [WL_MUST]     serverid=382
[Mon Nov 19 12:36:18 2018] [WL_MUST]     time=1542602178
[Mon Nov 19 12:36:18 2018] [WL_MUST]     account=cjl920628
[Mon Nov 19 12:36:18 2018] [WL_MUST]   }
[Mon Nov 19 12:36:18 2018] [WL_MUST] }
[Mon Nov 19 12:36:18 2018] [WL_MUST] 接收回复:
[Mon Nov 19 12:36:18 2018] [WL_MUST] ={
[Mon Nov 19 12:36:18 2018] [WL_MUST]   active=102
[Mon Nov 19 12:36:18 2018] [WL_MUST]   serverid=382
[Mon Nov 19 12:36:18 2018] [WL_MUST]   time=1542602178
[Mon Nov 19 12:36:18 2018] [WL_MUST]   account=cjl920628
[Mon Nov 19 12:36:18 2018] [WL_MUST] }
[Mon Nov 19 12:36:18 2018] [WL_MUST] =fail
[Mon Nov 19 12:36:32 2018] [WL_MUST] 发送事件:
[Mon Nov 19 12:36:32 2018] [WL_MUST] ={
[Mon Nov 19 12:36:32 2018] [WL_MUST]   page=/nycs_user_active
[Mon Nov 19 12:36:32 2018] [WL_MUST]   port=8008
[Mon Nov 19 12:36:32 2018] [WL_MUST]   domain=report.syyx.cn
[Mon Nov 19 12:36:32 2018] [WL_MUST]   param={
[Mon Nov 19 12:36:32 2018] [WL_MUST]     active=100
[Mon Nov 19 12:36:32 2018] [WL_MUST]     serverid=382
[Mon Nov 19 12:36:32 2018] [WL_MUST]     time=1542602192
[Mon Nov 19 12:36:32 2018] [WL_MUST]     account=apple7628
[Mon Nov 19 12:36:32 2018] [WL_MUST]   }
[Mon Nov 19 12:36:32 2018] [WL_MUST] }
[Mon Nov 19 12:36:32 2018] [WL_MUST] 接收回复:
[Mon Nov 19 12:36:32 2018] [WL_MUST] ={
[Mon Nov 19 12:36:32 2018] [WL_MUST]   active=100
[Mon Nov 19 12:36:32 2018] [WL_MUST]   serverid=382
[Mon Nov 19 12:36:32 2018] [WL_MUST]   time=1542602192
[Mon Nov 19 12:36:32 2018] [WL_MUST]   account=apple7628
[Mon Nov 19 12:36:32 2018] [WL_MUST] }
[Mon Nov 19 12:36:32 2018] [WL_MUST] =fail
[Mon Nov 19 12:37:01 2018] [WL_MUST] 发送事件:
[Mon Nov 19 12:37:01 2018] [WL_MUST] ={
[Mon Nov 19 12:37:01 2018] [WL_MUST]   page=/nycs_five_color
[Mon Nov 19 12:37:01 2018] [WL_MUST]   port=8008
[Mon Nov 19 12:37:01 2018] [WL_MUST]   domain=report.syyx.cn
[Mon Nov 19 12:37:01 2018] [WL_MUST]   param={
[Mon Nov 19 12:37:01 2018] [WL_MUST]     serverid=382
[Mon Nov 19 12:37:01 2018] [WL_MUST]     time=1542602221
[Mon Nov 19 12:37:01 2018] [WL_MUST]     account=fu_shao
[Mon Nov 19 12:37:01 2018] [WL_MUST]   }
[Mon Nov 19 12:37:01 2018] [WL_MUST] }
[Mon Nov 19 12:37:01 2018] [WL_MUST] 接收回复:
[Mon Nov 19 12:37:01 2018] [WL_MUST] ={
[Mon Nov 19 12:37:01 2018] [WL_MUST]   serverid=382
[Mon Nov 19 12:37:01 2018] [WL_MUST]   time=1542602221
[Mon Nov 19 12:37:01 2018] [WL_MUST]   account=fu_shao
[Mon Nov 19 12:37:01 2018] [WL_MUST] }
[Mon Nov 19 12:37:01 2018] [WL_MUST] =fail
[Mon Nov 19 12:37:11 2018] [WL_MUST] 发送事件:
[Mon Nov 19 12:37:11 2018] [WL_MUST] ={
[Mon Nov 19 12:37:11 2018] [WL_MUST]   page=/nycs_user_active
[Mon Nov 19 12:37:11 2018] [WL_MUST]   port=8008
[Mon Nov 19 12:37:11 2018] [WL_MUST]   domain=report.syyx.cn
[Mon Nov 19 12:37:11 2018] [WL_MUST]   param={
[Mon Nov 19 12:37:11 2018] [WL_MUST]     active=101
[Mon Nov 19 12:37:11 2018] [WL_MUST]     serverid=382
[Mon Nov 19 12:37:11 2018] [WL_MUST]     time=1542602231
[Mon Nov 19 12:37:11 2018] [WL_MUST]     account=lby_12345
[Mon Nov 19 12:37:11 2018] [WL_MUST]   }
[Mon Nov 19 12:37:11 2018] [WL_MUST] }
[Mon Nov 19 12:37:11 2018] [WL_MUST] 接收回复:
[Mon Nov 19 12:37:11 2018] [WL_MUST] ={
[Mon Nov 19 12:37:11 2018] [WL_MUST]   active=101
[Mon Nov 19 12:37:11 2018] [WL_MUST]   serverid=382
[Mon Nov 19 12:37:11 2018] [WL_MUST]   time=1542602231
[Mon Nov 19 12:37:11 2018] [WL_MUST]   account=lby_12345
[Mon Nov 19 12:37:11 2018] [WL_MUST] }
[Mon Nov 19 12:37:11 2018] [WL_MUST] =fail
[Mon Nov 19 12:40:05 2018] [WL_MUST] 发送事件:
[Mon Nov 19 12:40:05 2018] [WL_MUST] ={
[Mon Nov 19 12:40:05 2018] [WL_MUST]   page=/nycs_five_color
[Mon Nov 19 12:40:05 2018] [WL_MUST]   port=8008
[Mon Nov 19 12:40:05 2018] [WL_MUST]   domain=report.syyx.cn
[Mon Nov 19 12:40:05 2018] [WL_MUST]   param={
[Mon Nov 19 12:40:05 2018] [WL_MUST]     serverid=382
[Mon Nov 19 12:40:05 2018] [WL_MUST]     time=1542602405
[Mon Nov 19 12:40:05 2018] [WL_MUST]     account=jy8332483
[Mon Nov 19 12:40:05 2018] [WL_MUST]   }
[Mon Nov 19 12:40:05 2018] [WL_MUST] }
[Mon Nov 19 12:40:05 2018] [WL_MUST] 接收回复:
[Mon Nov 19 12:40:05 2018] [WL_MUST] ={
[Mon Nov 19 12:40:05 2018] [WL_MUST]   serverid=382
[Mon Nov 19 12:40:05 2018] [WL_MUST]   time=1542602405
[Mon Nov 19 12:40:05 2018] [WL_MUST]   account=jy8332483
[Mon Nov 19 12:40:05 2018] [WL_MUST] }
[Mon Nov 19 12:40:05 2018] [WL_MUST] =fail
[Mon Nov 19 12:41:46 2018] [WL_MUST] 发送事件:
[Mon Nov 19 12:41:46 2018] [WL_MUST] ={
[Mon Nov 19 12:41:46 2018] [WL_MUST]   page=/nycs_user_active
[Mon Nov 19 12:41:46 2018] [WL_MUST]   port=8008
[Mon Nov 19 12:41:46 2018] [WL_MUST]   domain=report.syyx.cn
[Mon Nov 19 12:41:46 2018] [WL_MUST]   param={
[Mon Nov 19 12:41:46 2018] [WL_MUST]     active=101
[Mon Nov 19 12:41:46 2018] [WL_MUST]     serverid=382
[Mon Nov 19 12:41:46 2018] [WL_MUST]     time=1542602506
[Mon Nov 19 12:41:46 2018] [WL_MUST]     account=jy8332483
[Mon Nov 19 12:41:46 2018] [WL_MUST]   }
[Mon Nov 19 12:41:46 2018] [WL_MUST] }
[Mon Nov 19 12:41:46 2018] [WL_MUST] 接收回复:
[Mon Nov 19 12:41:46 2018] [WL_MUST] ={
[Mon Nov 19 12:41:46 2018] [WL_MUST]   active=101
[Mon Nov 19 12:41:46 2018] [WL_MUST]   serverid=382
[Mon Nov 19 12:41:46 2018] [WL_MUST]   time=1542602506
[Mon Nov 19 12:41:46 2018] [WL_MUST]   account=jy8332483
[Mon Nov 19 12:41:46 2018] [WL_MUST] }
[Mon Nov 19 12:41:46 2018] [WL_MUST] =fail
[Mon Nov 19 13:32:09 2018] [WL_MUST] 发送事件:
[Mon Nov 19 13:32:09 2018] [WL_MUST] ={
[Mon Nov 19 13:32:09 2018] [WL_MUST]   page=/nycs_user_active
[Mon Nov 19 13:32:09 2018] [WL_MUST]   port=8008
[Mon Nov 19 13:32:09 2018] [WL_MUST]   domain=report.syyx.cn
[Mon Nov 19 13:32:09 2018] [WL_MUST]   param={
[Mon Nov 19 13:32:09 2018] [WL_MUST]     active=101
[Mon Nov 19 13:32:09 2018] [WL_MUST]     serverid=382
[Mon Nov 19 13:32:09 2018] [WL_MUST]     time=1542605529
[Mon Nov 19 13:32:09 2018] [WL_MUST]     account=w100910
[Mon Nov 19 13:32:09 2018] [WL_MUST]   }
[Mon Nov 19 13:32:09 2018] [WL_MUST] }
[Mon Nov 19 13:32:09 2018] [WL_MUST] 接收回复:
[Mon Nov 19 13:32:09 2018] [WL_MUST] ={
[Mon Nov 19 13:32:09 2018] [WL_MUST]   active=101
[Mon Nov 19 13:32:09 2018] [WL_MUST]   serverid=382
[Mon Nov 19 13:32:09 2018] [WL_MUST]   time=1542605529
[Mon Nov 19 13:32:09 2018] [WL_MUST]   account=w100910
[Mon Nov 19 13:32:09 2018] [WL_MUST] }
[Mon Nov 19 13:32:09 2018] [WL_MUST] =fail
[Mon Nov 19 13:32:24 2018] [WL_MUST] 发送事件:
[Mon Nov 19 13:32:24 2018] [WL_MUST] ={
[Mon Nov 19 13:32:24 2018] [WL_MUST]   page=/nycs_user_active
[Mon Nov 19 13:32:24 2018] [WL_MUST]   port=8008
[Mon Nov 19 13:32:24 2018] [WL_MUST]   domain=report.syyx.cn
[Mon Nov 19 13:32:24 2018] [WL_MUST]   param={
[Mon Nov 19 13:32:24 2018] [WL_MUST]     active=102
[Mon Nov 19 13:32:24 2018] [WL_MUST]     serverid=382
[Mon Nov 19 13:32:24 2018] [WL_MUST]     time=1542605544
[Mon Nov 19 13:32:24 2018] [WL_MUST]     account=y0212592112
[Mon Nov 19 13:32:24 2018] [WL_MUST]   }
[Mon Nov 19 13:32:24 2018] [WL_MUST] }
[Mon Nov 19 13:32:24 2018] [WL_MUST] 接收回复:
[Mon Nov 19 13:32:24 2018] [WL_MUST] ={
[Mon Nov 19 13:32:24 2018] [WL_MUST]   active=102
[Mon Nov 19 13:32:24 2018] [WL_MUST]   serverid=382
[Mon Nov 19 13:32:24 2018] [WL_MUST]   time=1542605544
[Mon Nov 19 13:32:24 2018] [WL_MUST]   account=y0212592112
[Mon Nov 19 13:32:24 2018] [WL_MUST] }
[Mon Nov 19 13:32:24 2018] [WL_MUST] =fail
[Mon Nov 19 13:39:34 2018] [WL_MUST] 发送事件:
[Mon Nov 19 13:39:34 2018] [WL_MUST] ={
[Mon Nov 19 13:39:34 2018] [WL_MUST]   page=/nycs_five_color
[Mon Nov 19 13:39:34 2018] [WL_MUST]   port=8008
[Mon Nov 19 13:39:34 2018] [WL_MUST]   domain=report.syyx.cn
[Mon Nov 19 13:39:34 2018] [WL_MUST]   param={
[Mon Nov 19 13:39:34 2018] [WL_MUST]     serverid=382
[Mon Nov 19 13:39:34 2018] [WL_MUST]     time=1542605974
[Mon Nov 19 13:39:34 2018] [WL_MUST]     account=bbcx522
[Mon Nov 19 13:39:34 2018] [WL_MUST]   }
[Mon Nov 19 13:39:34 2018] [WL_MUST] }
[Mon Nov 19 13:39:34 2018] [WL_MUST] 接收回复:
[Mon Nov 19 13:39:34 2018] [WL_MUST] ={
[Mon Nov 19 13:39:34 2018] [WL_MUST]   serverid=382
[Mon Nov 19 13:39:34 2018] [WL_MUST]   time=1542605974
[Mon Nov 19 13:39:34 2018] [WL_MUST]   account=bbcx522
[Mon Nov 19 13:39:34 2018] [WL_MUST] }
[Mon Nov 19 13:39:34 2018] [WL_MUST] =fail
[Mon Nov 19 13:40:30 2018] [WL_MUST] 发送事件:
[Mon Nov 19 13:40:30 2018] [WL_MUST] ={
[Mon Nov 19 13:40:30 2018] [WL_MUST]   page=/nycs_user_active
[Mon Nov 19 13:40:30 2018] [WL_MUST]   port=8008
[Mon Nov 19 13:40:30 2018] [WL_MUST]   domain=report.syyx.cn
[Mon Nov 19 13:40:30 2018] [WL_MUST]   param={
[Mon Nov 19 13:40:30 2018] [WL_MUST]     active=100
[Mon Nov 19 13:40:30 2018] [WL_MUST]     serverid=382
[Mon Nov 19 13:40:30 2018] [WL_MUST]     time=1542606030
[Mon Nov 19 13:40:30 2018] [WL_MUST]     account=abc1983115
[Mon Nov 19 13:40:30 2018] [WL_MUST]   }
[Mon Nov 19 13:40:30 2018] [WL_MUST] }
[Mon Nov 19 13:40:31 2018] [WL_MUST] 接收回复:
[Mon Nov 19 13:40:31 2018] [WL_MUST] ={
[Mon Nov 19 13:40:31 2018] [WL_MUST]   active=100
[Mon Nov 19 13:40:31 2018] [WL_MUST]   serverid=382
[Mon Nov 19 13:40:31 2018] [WL_MUST]   time=1542606030
[Mon Nov 19 13:40:31 2018] [WL_MUST]   account=abc1983115
[Mon Nov 19 13:40:31 2018] [WL_MUST] }
[Mon Nov 19 13:40:31 2018] [WL_MUST] =fail
[Mon Nov 19 13:40:50 2018] [WL_MUST] 发送事件:
[Mon Nov 19 13:40:50 2018] [WL_MUST] ={
[Mon Nov 19 13:40:50 2018] [WL_MUST]   page=/nycs_user_active
[Mon Nov 19 13:40:50 2018] [WL_MUST]   port=8008
[Mon Nov 19 13:40:50 2018] [WL_MUST]   domain=report.syyx.cn
[Mon Nov 19 13:40:50 2018] [WL_MUST]   param={
[Mon Nov 19 13:40:50 2018] [WL_MUST]     active=102
[Mon Nov 19 13:40:50 2018] [WL_MUST]     serverid=382
[Mon Nov 19 13:40:50 2018] [WL_MUST]     time=1542606050
[Mon Nov 19 13:40:50 2018] [WL_MUST]     account=yeye1107
[Mon Nov 19 13:40:50 2018] [WL_MUST]   }
[Mon Nov 19 13:40:50 2018] [WL_MUST] }
[Mon Nov 19 13:40:50 2018] [WL_MUST] 接收回复:
[Mon Nov 19 13:40:50 2018] [WL_MUST] ={
[Mon Nov 19 13:40:50 2018] [WL_MUST]   active=102
[Mon Nov 19 13:40:50 2018] [WL_MUST]   serverid=382
[Mon Nov 19 13:40:50 2018] [WL_MUST]   time=1542606050
[Mon Nov 19 13:40:50 2018] [WL_MUST]   account=yeye1107
[Mon Nov 19 13:40:50 2018] [WL_MUST] }
[Mon Nov 19 13:40:50 2018] [WL_MUST] =fail
[Mon Nov 19 13:44:36 2018] [WL_MUST] 发送事件:
[Mon Nov 19 13:44:36 2018] [WL_MUST] ={
[Mon Nov 19 13:44:36 2018] [WL_MUST]   page=/nycs_five_color
[Mon Nov 19 13:44:36 2018] [WL_MUST]   port=8008
[Mon Nov 19 13:44:36 2018] [WL_MUST]   domain=report.syyx.cn
[Mon Nov 19 13:44:36 2018] [WL_MUST]   param={
[Mon Nov 19 13:44:36 2018] [WL_MUST]     serverid=382
[Mon Nov 19 13:44:36 2018] [WL_MUST]     time=1542606276
[Mon Nov 19 13:44:36 2018] [WL_MUST]     account=se123456
[Mon Nov 19 13:44:36 2018] [WL_MUST]   }
[Mon Nov 19 13:44:36 2018] [WL_MUST] }
[Mon Nov 19 13:44:36 2018] [WL_MUST] 接收回复:
[Mon Nov 19 13:44:36 2018] [WL_MUST] ={
[Mon Nov 19 13:44:36 2018] [WL_MUST]   serverid=382
[Mon Nov 19 13:44:36 2018] [WL_MUST]   time=1542606276
[Mon Nov 19 13:44:36 2018] [WL_MUST]   account=se123456
[Mon Nov 19 13:44:36 2018] [WL_MUST] }
[Mon Nov 19 13:44:36 2018] [WL_MUST] =fail
[Mon Nov 19 14:40:32 2018] [WL_MUST] 发送事件:
[Mon Nov 19 14:40:32 2018] [WL_MUST] ={
[Mon Nov 19 14:40:32 2018] [WL_MUST]   page=/nycs_user_active
[Mon Nov 19 14:40:32 2018] [WL_MUST]   port=8008
[Mon Nov 19 14:40:32 2018] [WL_MUST]   domain=report.syyx.cn
[Mon Nov 19 14:40:32 2018] [WL_MUST]   param={
[Mon Nov 19 14:40:32 2018] [WL_MUST]     active=102
[Mon Nov 19 14:40:32 2018] [WL_MUST]     serverid=382
[Mon Nov 19 14:40:32 2018] [WL_MUST]     time=1542609632
[Mon Nov 19 14:40:32 2018] [WL_MUST]     account=a13728722226
[Mon Nov 19 14:40:32 2018] [WL_MUST]   }
[Mon Nov 19 14:40:32 2018] [WL_MUST] }
[Mon Nov 19 14:40:32 2018] [WL_MUST] 接收回复:
[Mon Nov 19 14:40:32 2018] [WL_MUST] ={
[Mon Nov 19 14:40:32 2018] [WL_MUST]   active=102
[Mon Nov 19 14:40:32 2018] [WL_MUST]   serverid=382
[Mon Nov 19 14:40:32 2018] [WL_MUST]   time=1542609632
[Mon Nov 19 14:40:32 2018] [WL_MUST]   account=a13728722226
[Mon Nov 19 14:40:32 2018] [WL_MUST] }
[Mon Nov 19 14:40:32 2018] [WL_MUST] =fail
[Mon Nov 19 14:40:47 2018] [WL_MUST] 发送事件:
[Mon Nov 19 14:40:47 2018] [WL_MUST] ={
[Mon Nov 19 14:40:47 2018] [WL_MUST]   page=/nycs_user_active
[Mon Nov 19 14:40:47 2018] [WL_MUST]   port=8008
[Mon Nov 19 14:40:47 2018] [WL_MUST]   domain=report.syyx.cn
[Mon Nov 19 14:40:47 2018] [WL_MUST]   param={
[Mon Nov 19 14:40:47 2018] [WL_MUST]     active=100
[Mon Nov 19 14:40:47 2018] [WL_MUST]     serverid=382
[Mon Nov 19 14:40:47 2018] [WL_MUST]     time=1542609647
[Mon Nov 19 14:40:47 2018] [WL_MUST]     account=1860831
[Mon Nov 19 14:40:47 2018] [WL_MUST]   }
[Mon Nov 19 14:40:47 2018] [WL_MUST] }
[Mon Nov 19 14:40:47 2018] [WL_MUST] 发送事件:
[Mon Nov 19 14:40:47 2018] [WL_MUST] ={
[Mon Nov 19 14:40:47 2018] [WL_MUST]   page=/nycs_user_active
[Mon Nov 19 14:40:47 2018] [WL_MUST]   port=8008
[Mon Nov 19 14:40:47 2018] [WL_MUST]   domain=report.syyx.cn
[Mon Nov 19 14:40:47 2018] [WL_MUST]   param={
[Mon Nov 19 14:40:47 2018] [WL_MUST]     active=100
[Mon Nov 19 14:40:47 2018] [WL_MUST]     serverid=382
[Mon Nov 19 14:40:47 2018] [WL_MUST]     time=1542609647
[Mon Nov 19 14:40:47 2018] [WL_MUST]     account=wangjianjun12
[Mon Nov 19 14:40:47 2018] [WL_MUST]   }
[Mon Nov 19 14:40:47 2018] [WL_MUST] }
[Mon Nov 19 14:40:47 2018] [WL_MUST] 接收回复:
[Mon Nov 19 14:40:47 2018] [WL_MUST] ={
[Mon Nov 19 14:40:47 2018] [WL_MUST]   active=100
[Mon Nov 19 14:40:47 2018] [WL_MUST]   serverid=382
[Mon Nov 19 14:40:47 2018] [WL_MUST]   time=1542609647
[Mon Nov 19 14:40:47 2018] [WL_MUST]   account=1860831
[Mon Nov 19 14:40:47 2018] [WL_MUST] }
[Mon Nov 19 14:40:47 2018] [WL_MUST] =fail
[Mon Nov 19 14:40:47 2018] [WL_MUST] 接收回复:
[Mon Nov 19 14:40:47 2018] [WL_MUST] ={
[Mon Nov 19 14:40:47 2018] [WL_MUST]   active=100
[Mon Nov 19 14:40:47 2018] [WL_MUST]   serverid=382
[Mon Nov 19 14:40:47 2018] [WL_MUST]   time=1542609647
[Mon Nov 19 14:40:47 2018] [WL_MUST]   account=wangjianjun12
[Mon Nov 19 14:40:47 2018] [WL_MUST] }
[Mon Nov 19 14:40:47 2018] [WL_MUST] =fail
[Mon Nov 19 14:58:35 2018] [WL_MUST] 发送事件:
[Mon Nov 19 14:58:35 2018] [WL_MUST] ={
[Mon Nov 19 14:58:35 2018] [WL_MUST]   page=/nycs_user_active
[Mon Nov 19 14:58:35 2018] [WL_MUST]   port=8008
[Mon Nov 19 14:58:35 2018] [WL_MUST]   domain=report.syyx.cn
[Mon Nov 19 14:58:35 2018] [WL_MUST]   param={
[Mon Nov 19 14:58:35 2018] [WL_MUST]     active=101
[Mon Nov 19 14:58:35 2018] [WL_MUST]     serverid=382
[Mon Nov 19 14:58:35 2018] [WL_MUST]     time=1542610714
[Mon Nov 19 14:58:35 2018] [WL_MUST]     account=a10962474222
[Mon Nov 19 14:58:35 2018] [WL_MUST]   }
[Mon Nov 19 14:58:35 2018] [WL_MUST] }
[Mon Nov 19 14:58:35 2018] [WL_MUST] 接收回复:
[Mon Nov 19 14:58:35 2018] [WL_MUST] ={
[Mon Nov 19 14:58:35 2018] [WL_MUST]   active=101
[Mon Nov 19 14:58:35 2018] [WL_MUST]   serverid=382
[Mon Nov 19 14:58:35 2018] [WL_MUST]   time=1542610714
[Mon Nov 19 14:58:35 2018] [WL_MUST]   account=a10962474222
[Mon Nov 19 14:58:35 2018] [WL_MUST] }
[Mon Nov 19 14:58:35 2018] [WL_MUST] =fail
[Mon Nov 19 15:40:29 2018] [WL_MUST] 发送事件:
[Mon Nov 19 15:40:29 2018] [WL_MUST] ={
[Mon Nov 19 15:40:29 2018] [WL_MUST]   page=/nycs_user_active
[Mon Nov 19 15:40:29 2018] [WL_MUST]   port=8008
[Mon Nov 19 15:40:29 2018] [WL_MUST]   domain=report.syyx.cn
[Mon Nov 19 15:40:29 2018] [WL_MUST]   param={
[Mon Nov 19 15:40:29 2018] [WL_MUST]     active=102
[Mon Nov 19 15:40:29 2018] [WL_MUST]     serverid=382
[Mon Nov 19 15:40:29 2018] [WL_MUST]     time=1542613229
[Mon Nov 19 15:40:29 2018] [WL_MUST]     account=wangqing100186
[Mon Nov 19 15:40:29 2018] [WL_MUST]   }
[Mon Nov 19 15:40:29 2018] [WL_MUST] }
[Mon Nov 19 15:40:29 2018] [WL_MUST] 接收回复:
[Mon Nov 19 15:40:29 2018] [WL_MUST] ={
[Mon Nov 19 15:40:29 2018] [WL_MUST]   active=102
[Mon Nov 19 15:40:29 2018] [WL_MUST]   serverid=382
[Mon Nov 19 15:40:29 2018] [WL_MUST]   time=1542613229
[Mon Nov 19 15:40:29 2018] [WL_MUST]   account=wangqing100186
[Mon Nov 19 15:40:29 2018] [WL_MUST] }
[Mon Nov 19 15:40:29 2018] [WL_MUST] =fail
[Mon Nov 19 16:33:06 2018] [WL_MUST] 发送事件:
[Mon Nov 19 16:33:06 2018] [WL_MUST] ={
[Mon Nov 19 16:33:06 2018] [WL_MUST]   page=/nycs_user_active
[Mon Nov 19 16:33:06 2018] [WL_MUST]   port=8008
[Mon Nov 19 16:33:06 2018] [WL_MUST]   domain=report.syyx.cn
[Mon Nov 19 16:33:06 2018] [WL_MUST]   param={
[Mon Nov 19 16:33:06 2018] [WL_MUST]     active=100
[Mon Nov 19 16:33:06 2018] [WL_MUST]     serverid=382
[Mon Nov 19 16:33:06 2018] [WL_MUST]     time=1542616386
[Mon Nov 19 16:33:06 2018] [WL_MUST]     account=jbcgyq
[Mon Nov 19 16:33:06 2018] [WL_MUST]   }
[Mon Nov 19 16:33:06 2018] [WL_MUST] }
[Mon Nov 19 16:33:06 2018] [WL_MUST] 接收回复:
[Mon Nov 19 16:33:06 2018] [WL_MUST] ={
[Mon Nov 19 16:33:06 2018] [WL_MUST]   active=100
[Mon Nov 19 16:33:06 2018] [WL_MUST]   serverid=382
[Mon Nov 19 16:33:06 2018] [WL_MUST]   time=1542616386
[Mon Nov 19 16:33:06 2018] [WL_MUST]   account=jbcgyq
[Mon Nov 19 16:33:06 2018] [WL_MUST] }
[Mon Nov 19 16:33:06 2018] [WL_MUST] =fail
[Mon Nov 19 16:42:58 2018] [WL_MUST] 发送事件:
[Mon Nov 19 16:42:58 2018] [WL_MUST] ={
[Mon Nov 19 16:42:58 2018] [WL_MUST]   page=/nycs_user_active
[Mon Nov 19 16:42:58 2018] [WL_MUST]   port=8008
[Mon Nov 19 16:42:58 2018] [WL_MUST]   domain=report.syyx.cn
[Mon Nov 19 16:42:58 2018] [WL_MUST]   param={
[Mon Nov 19 16:42:58 2018] [WL_MUST]     active=100
[Mon Nov 19 16:42:58 2018] [WL_MUST]     serverid=382
[Mon Nov 19 16:42:58 2018] [WL_MUST]     time=1542616978
[Mon Nov 19 16:42:58 2018] [WL_MUST]     account=495554281qq
[Mon Nov 19 16:42:58 2018] [WL_MUST]   }
[Mon Nov 19 16:42:58 2018] [WL_MUST] }
[Mon Nov 19 16:42:58 2018] [WL_MUST] 接收回复:
[Mon Nov 19 16:42:58 2018] [WL_MUST] ={
[Mon Nov 19 16:42:58 2018] [WL_MUST]   active=100
[Mon Nov 19 16:42:58 2018] [WL_MUST]   serverid=382
[Mon Nov 19 16:42:58 2018] [WL_MUST]   time=1542616978
[Mon Nov 19 16:42:58 2018] [WL_MUST]   account=495554281qq
[Mon Nov 19 16:42:58 2018] [WL_MUST] }
[Mon Nov 19 16:42:58 2018] [WL_MUST] =fail
[Mon Nov 19 17:37:35 2018] [WL_MUST] 发送事件:
[Mon Nov 19 17:37:35 2018] [WL_MUST] ={
[Mon Nov 19 17:37:35 2018] [WL_MUST]   page=/nycs_user_active
[Mon Nov 19 17:37:35 2018] [WL_MUST]   port=8008
[Mon Nov 19 17:37:35 2018] [WL_MUST]   domain=report.syyx.cn
[Mon Nov 19 17:37:35 2018] [WL_MUST]   param={
[Mon Nov 19 17:37:35 2018] [WL_MUST]     active=102
[Mon Nov 19 17:37:35 2018] [WL_MUST]     serverid=382
[Mon Nov 19 17:37:35 2018] [WL_MUST]     time=1542620255
[Mon Nov 19 17:37:35 2018] [WL_MUST]     account=13811958618
[Mon Nov 19 17:37:35 2018] [WL_MUST]   }
[Mon Nov 19 17:37:35 2018] [WL_MUST] }
[Mon Nov 19 17:37:35 2018] [WL_MUST] 接收回复:
[Mon Nov 19 17:37:35 2018] [WL_MUST] ={
[Mon Nov 19 17:37:35 2018] [WL_MUST]   active=102
[Mon Nov 19 17:37:35 2018] [WL_MUST]   serverid=382
[Mon Nov 19 17:37:35 2018] [WL_MUST]   time=1542620255
[Mon Nov 19 17:37:35 2018] [WL_MUST]   account=13811958618
[Mon Nov 19 17:37:35 2018] [WL_MUST] }
[Mon Nov 19 17:37:35 2018] [WL_MUST] =fail
[Mon Nov 19 17:40:53 2018] [WL_MUST] 发送事件:
[Mon Nov 19 17:40:53 2018] [WL_MUST] ={
[Mon Nov 19 17:40:53 2018] [WL_MUST]   page=/nycs_user_active
[Mon Nov 19 17:40:53 2018] [WL_MUST]   port=8008
[Mon Nov 19 17:40:53 2018] [WL_MUST]   domain=report.syyx.cn
[Mon Nov 19 17:40:53 2018] [WL_MUST]   param={
[Mon Nov 19 17:40:53 2018] [WL_MUST]     active=102
[Mon Nov 19 17:40:53 2018] [WL_MUST]     serverid=382
[Mon Nov 19 17:40:53 2018] [WL_MUST]     time=1542620453
[Mon Nov 19 17:40:53 2018] [WL_MUST]     account=bin82817576
[Mon Nov 19 17:40:53 2018] [WL_MUST]   }
[Mon Nov 19 17:40:53 2018] [WL_MUST] }
[Mon Nov 19 17:40:53 2018] [WL_MUST] 发送事件:
[Mon Nov 19 17:40:53 2018] [WL_MUST] ={
[Mon Nov 19 17:40:53 2018] [WL_MUST]   page=/nycs_user_active
[Mon Nov 19 17:40:53 2018] [WL_MUST]   port=8008
[Mon Nov 19 17:40:53 2018] [WL_MUST]   domain=report.syyx.cn
[Mon Nov 19 17:40:53 2018] [WL_MUST]   param={
[Mon Nov 19 17:40:53 2018] [WL_MUST]     active=101
[Mon Nov 19 17:40:53 2018] [WL_MUST]     serverid=382
[Mon Nov 19 17:40:53 2018] [WL_MUST]     time=1542620453
[Mon Nov 19 17:40:53 2018] [WL_MUST]     account=bo6300
[Mon Nov 19 17:40:53 2018] [WL_MUST]   }
[Mon Nov 19 17:40:53 2018] [WL_MUST] }
[Mon Nov 19 17:40:53 2018] [WL_MUST] 接收回复:
[Mon Nov 19 17:40:53 2018] [WL_MUST] ={
[Mon Nov 19 17:40:53 2018] [WL_MUST]   active=102
[Mon Nov 19 17:40:53 2018] [WL_MUST]   serverid=382
[Mon Nov 19 17:40:53 2018] [WL_MUST]   time=1542620453
[Mon Nov 19 17:40:53 2018] [WL_MUST]   account=bin82817576
[Mon Nov 19 17:40:53 2018] [WL_MUST] }
[Mon Nov 19 17:40:53 2018] [WL_MUST] =fail
[Mon Nov 19 17:40:53 2018] [WL_MUST] 接收回复:
[Mon Nov 19 17:40:53 2018] [WL_MUST] ={
[Mon Nov 19 17:40:53 2018] [WL_MUST]   active=101
[Mon Nov 19 17:40:53 2018] [WL_MUST]   serverid=382
[Mon Nov 19 17:40:53 2018] [WL_MUST]   time=1542620453
[Mon Nov 19 17:40:53 2018] [WL_MUST]   account=bo6300
[Mon Nov 19 17:40:53 2018] [WL_MUST] }
[Mon Nov 19 17:40:53 2018] [WL_MUST] =fail
[Mon Nov 19 18:32:29 2018] [WL_MUST] 发送事件:
[Mon Nov 19 18:32:29 2018] [WL_MUST] ={
[Mon Nov 19 18:32:29 2018] [WL_MUST]   page=/nycs_user_active
[Mon Nov 19 18:32:29 2018] [WL_MUST]   port=8008
[Mon Nov 19 18:32:29 2018] [WL_MUST]   domain=report.syyx.cn
[Mon Nov 19 18:32:29 2018] [WL_MUST]   param={
[Mon Nov 19 18:32:29 2018] [WL_MUST]     active=102
[Mon Nov 19 18:32:29 2018] [WL_MUST]     serverid=382
[Mon Nov 19 18:32:29 2018] [WL_MUST]     time=1542623549
[Mon Nov 19 18:32:29 2018] [WL_MUST]     account=laoqian010
[Mon Nov 19 18:32:29 2018] [WL_MUST]   }
[Mon Nov 19 18:32:29 2018] [WL_MUST] }
[Mon Nov 19 18:32:29 2018] [WL_MUST] 接收回复:
[Mon Nov 19 18:32:29 2018] [WL_MUST] ={
[Mon Nov 19 18:32:29 2018] [WL_MUST]   active=102
[Mon Nov 19 18:32:29 2018] [WL_MUST]   serverid=382
[Mon Nov 19 18:32:29 2018] [WL_MUST]   time=1542623549
[Mon Nov 19 18:32:29 2018] [WL_MUST]   account=laoqian010
[Mon Nov 19 18:32:29 2018] [WL_MUST] }
[Mon Nov 19 18:32:29 2018] [WL_MUST] =fail
[Mon Nov 19 18:32:48 2018] [WL_MUST] 发送事件:
[Mon Nov 19 18:32:48 2018] [WL_MUST] ={
[Mon Nov 19 18:32:48 2018] [WL_MUST]   page=/nycs_user_active
[Mon Nov 19 18:32:48 2018] [WL_MUST]   port=8008
[Mon Nov 19 18:32:48 2018] [WL_MUST]   domain=report.syyx.cn
[Mon Nov 19 18:32:48 2018] [WL_MUST]   param={
[Mon Nov 19 18:32:48 2018] [WL_MUST]     active=102
[Mon Nov 19 18:32:48 2018] [WL_MUST]     serverid=382
[Mon Nov 19 18:32:48 2018] [WL_MUST]     time=1542623568
[Mon Nov 19 18:32:48 2018] [WL_MUST]     account=245434222qwe
[Mon Nov 19 18:32:48 2018] [WL_MUST]   }
[Mon Nov 19 18:32:48 2018] [WL_MUST] }
[Mon Nov 19 18:32:48 2018] [WL_MUST] 接收回复:
[Mon Nov 19 18:32:48 2018] [WL_MUST] ={
[Mon Nov 19 18:32:48 2018] [WL_MUST]   active=102
[Mon Nov 19 18:32:48 2018] [WL_MUST]   serverid=382
[Mon Nov 19 18:32:48 2018] [WL_MUST]   time=1542623568
[Mon Nov 19 18:32:48 2018] [WL_MUST]   account=245434222qwe
[Mon Nov 19 18:32:48 2018] [WL_MUST] }
[Mon Nov 19 18:32:48 2018] [WL_MUST] =fail
[Mon Nov 19 18:36:20 2018] [WL_MUST] 发送事件:
[Mon Nov 19 18:36:20 2018] [WL_MUST] ={
[Mon Nov 19 18:36:20 2018] [WL_MUST]   page=/nycs_user_active
[Mon Nov 19 18:36:20 2018] [WL_MUST]   port=8008
[Mon Nov 19 18:36:20 2018] [WL_MUST]   domain=report.syyx.cn
[Mon Nov 19 18:36:20 2018] [WL_MUST]   param={
[Mon Nov 19 18:36:20 2018] [WL_MUST]     active=102
[Mon Nov 19 18:36:20 2018] [WL_MUST]     serverid=382
[Mon Nov 19 18:36:20 2018] [WL_MUST]     time=1542623780
[Mon Nov 19 18:36:20 2018] [WL_MUST]     account=weifangwuge
[Mon Nov 19 18:36:20 2018] [WL_MUST]   }
[Mon Nov 19 18:36:20 2018] [WL_MUST] }
[Mon Nov 19 18:36:20 2018] [WL_MUST] 接收回复:
[Mon Nov 19 18:36:20 2018] [WL_MUST] ={
[Mon Nov 19 18:36:20 2018] [WL_MUST]   active=102
[Mon Nov 19 18:36:20 2018] [WL_MUST]   serverid=382
[Mon Nov 19 18:36:20 2018] [WL_MUST]   time=1542623780
[Mon Nov 19 18:36:20 2018] [WL_MUST]   account=weifangwuge
[Mon Nov 19 18:36:20 2018] [WL_MUST] }
[Mon Nov 19 18:36:20 2018] [WL_MUST] =fail
[Mon Nov 19 18:36:25 2018] [WL_MUST] 发送事件:
[Mon Nov 19 18:36:25 2018] [WL_MUST] ={
[Mon Nov 19 18:36:25 2018] [WL_MUST]   page=/nycs_user_active
[Mon Nov 19 18:36:25 2018] [WL_MUST]   port=8008
[Mon Nov 19 18:36:25 2018] [WL_MUST]   domain=report.syyx.cn
[Mon Nov 19 18:36:25 2018] [WL_MUST]   param={
[Mon Nov 19 18:36:25 2018] [WL_MUST]     active=102
[Mon Nov 19 18:36:25 2018] [WL_MUST]     serverid=382
[Mon Nov 19 18:36:25 2018] [WL_MUST]     time=1542623785
[Mon Nov 19 18:36:25 2018] [WL_MUST]     account=muxue111
[Mon Nov 19 18:36:25 2018] [WL_MUST]   }
[Mon Nov 19 18:36:25 2018] [WL_MUST] }
[Mon Nov 19 18:36:25 2018] [WL_MUST] 接收回复:
[Mon Nov 19 18:36:25 2018] [WL_MUST] ={
[Mon Nov 19 18:36:25 2018] [WL_MUST]   active=102
[Mon Nov 19 18:36:25 2018] [WL_MUST]   serverid=382
[Mon Nov 19 18:36:25 2018] [WL_MUST]   time=1542623785
[Mon Nov 19 18:36:25 2018] [WL_MUST]   account=muxue111
[Mon Nov 19 18:36:25 2018] [WL_MUST] }
[Mon Nov 19 18:36:25 2018] [WL_MUST] =fail
[Mon Nov 19 18:40:19 2018] [WL_MUST] 发送事件:
[Mon Nov 19 18:40:19 2018] [WL_MUST] ={
[Mon Nov 19 18:40:19 2018] [WL_MUST]   page=/nycs_user_active
[Mon Nov 19 18:40:19 2018] [WL_MUST]   port=8008
[Mon Nov 19 18:40:19 2018] [WL_MUST]   domain=report.syyx.cn
[Mon Nov 19 18:40:19 2018] [WL_MUST]   param={
[Mon Nov 19 18:40:19 2018] [WL_MUST]     active=102
[Mon Nov 19 18:40:19 2018] [WL_MUST]     serverid=382
[Mon Nov 19 18:40:19 2018] [WL_MUST]     time=1542624019
[Mon Nov 19 18:40:19 2018] [WL_MUST]     account=264032971
[Mon Nov 19 18:40:19 2018] [WL_MUST]   }
[Mon Nov 19 18:40:19 2018] [WL_MUST] }
[Mon Nov 19 18:40:19 2018] [WL_MUST] 接收回复:
[Mon Nov 19 18:40:19 2018] [WL_MUST] ={
[Mon Nov 19 18:40:19 2018] [WL_MUST]   active=102
[Mon Nov 19 18:40:19 2018] [WL_MUST]   serverid=382
[Mon Nov 19 18:40:19 2018] [WL_MUST]   time=1542624019
[Mon Nov 19 18:40:19 2018] [WL_MUST]   account=264032971
[Mon Nov 19 18:40:19 2018] [WL_MUST] }
[Mon Nov 19 18:40:19 2018] [WL_MUST] =fail
[Mon Nov 19 18:40:43 2018] [WL_MUST] 发送事件:
[Mon Nov 19 18:40:43 2018] [WL_MUST] ={
[Mon Nov 19 18:40:43 2018] [WL_MUST]   page=/nycs_user_active
[Mon Nov 19 18:40:43 2018] [WL_MUST]   port=8008
[Mon Nov 19 18:40:43 2018] [WL_MUST]   domain=report.syyx.cn
[Mon Nov 19 18:40:43 2018] [WL_MUST]   param={
[Mon Nov 19 18:40:43 2018] [WL_MUST]     active=100
[Mon Nov 19 18:40:43 2018] [WL_MUST]     serverid=382
[Mon Nov 19 18:40:43 2018] [WL_MUST]     time=1542624043
[Mon Nov 19 18:40:43 2018] [WL_MUST]     account=614003599
[Mon Nov 19 18:40:43 2018] [WL_MUST]   }
[Mon Nov 19 18:40:43 2018] [WL_MUST] }
[Mon Nov 19 18:40:43 2018] [WL_MUST] 接收回复:
[Mon Nov 19 18:40:43 2018] [WL_MUST] ={
[Mon Nov 19 18:40:43 2018] [WL_MUST]   active=100
[Mon Nov 19 18:40:43 2018] [WL_MUST]   serverid=382
[Mon Nov 19 18:40:43 2018] [WL_MUST]   time=1542624043
[Mon Nov 19 18:40:43 2018] [WL_MUST]   account=614003599
[Mon Nov 19 18:40:43 2018] [WL_MUST] }
[Mon Nov 19 18:40:43 2018] [WL_MUST] =fail
[Mon Nov 19 19:32:08 2018] [WL_MUST] 发送事件:
[Mon Nov 19 19:32:08 2018] [WL_MUST] ={
[Mon Nov 19 19:32:08 2018] [WL_MUST]   page=/nycs_user_active
[Mon Nov 19 19:32:08 2018] [WL_MUST]   port=8008
[Mon Nov 19 19:32:08 2018] [WL_MUST]   domain=report.syyx.cn
[Mon Nov 19 19:32:08 2018] [WL_MUST]   param={
[Mon Nov 19 19:32:08 2018] [WL_MUST]     active=101
[Mon Nov 19 19:32:08 2018] [WL_MUST]     serverid=382
[Mon Nov 19 19:32:08 2018] [WL_MUST]     time=1542627128
[Mon Nov 19 19:32:08 2018] [WL_MUST]     account=13305849857
[Mon Nov 19 19:32:08 2018] [WL_MUST]   }
[Mon Nov 19 19:32:08 2018] [WL_MUST] }
[Mon Nov 19 19:32:08 2018] [WL_MUST] 接收回复:
[Mon Nov 19 19:32:08 2018] [WL_MUST] ={
[Mon Nov 19 19:32:08 2018] [WL_MUST]   active=101
[Mon Nov 19 19:32:08 2018] [WL_MUST]   serverid=382
[Mon Nov 19 19:32:08 2018] [WL_MUST]   time=1542627128
[Mon Nov 19 19:32:08 2018] [WL_MUST]   account=13305849857
[Mon Nov 19 19:32:08 2018] [WL_MUST] }
[Mon Nov 19 19:32:08 2018] [WL_MUST] =fail
[Mon Nov 19 19:32:52 2018] [WL_MUST] 发送事件:
[Mon Nov 19 19:32:52 2018] [WL_MUST] ={
[Mon Nov 19 19:32:52 2018] [WL_MUST]   page=/nycs_user_active
[Mon Nov 19 19:32:52 2018] [WL_MUST]   port=8008
[Mon Nov 19 19:32:52 2018] [WL_MUST]   domain=report.syyx.cn
[Mon Nov 19 19:32:52 2018] [WL_MUST]   param={
[Mon Nov 19 19:32:52 2018] [WL_MUST]     active=102
[Mon Nov 19 19:32:52 2018] [WL_MUST]     serverid=382
[Mon Nov 19 19:32:52 2018] [WL_MUST]     time=1542627172
[Mon Nov 19 19:32:52 2018] [WL_MUST]     account=18868399909
[Mon Nov 19 19:32:52 2018] [WL_MUST]   }
[Mon Nov 19 19:32:52 2018] [WL_MUST] }
[Mon Nov 19 19:32:52 2018] [WL_MUST] 接收回复:
[Mon Nov 19 19:32:52 2018] [WL_MUST] ={
[Mon Nov 19 19:32:52 2018] [WL_MUST]   active=102
[Mon Nov 19 19:32:52 2018] [WL_MUST]   serverid=382
[Mon Nov 19 19:32:52 2018] [WL_MUST]   time=1542627172
[Mon Nov 19 19:32:52 2018] [WL_MUST]   account=18868399909
[Mon Nov 19 19:32:52 2018] [WL_MUST] }
[Mon Nov 19 19:32:52 2018] [WL_MUST] =fail
[Mon Nov 19 19:36:32 2018] [WL_MUST] 发送事件:
[Mon Nov 19 19:36:32 2018] [WL_MUST] ={
[Mon Nov 19 19:36:32 2018] [WL_MUST]   page=/nycs_user_active
[Mon Nov 19 19:36:32 2018] [WL_MUST]   port=8008
[Mon Nov 19 19:36:32 2018] [WL_MUST]   domain=report.syyx.cn
[Mon Nov 19 19:36:32 2018] [WL_MUST]   param={
[Mon Nov 19 19:36:32 2018] [WL_MUST]     active=101
[Mon Nov 19 19:36:32 2018] [WL_MUST]     serverid=382
[Mon Nov 19 19:36:32 2018] [WL_MUST]     time=1542627392
[Mon Nov 19 19:36:32 2018] [WL_MUST]     account=lh15211591159
[Mon Nov 19 19:36:32 2018] [WL_MUST]   }
[Mon Nov 19 19:36:32 2018] [WL_MUST] }
[Mon Nov 19 19:36:32 2018] [WL_MUST] 接收回复:
[Mon Nov 19 19:36:32 2018] [WL_MUST] ={
[Mon Nov 19 19:36:32 2018] [WL_MUST]   active=101
[Mon Nov 19 19:36:32 2018] [WL_MUST]   serverid=382
[Mon Nov 19 19:36:32 2018] [WL_MUST]   time=1542627392
[Mon Nov 19 19:36:32 2018] [WL_MUST]   account=lh15211591159
[Mon Nov 19 19:36:32 2018] [WL_MUST] }
[Mon Nov 19 19:36:32 2018] [WL_MUST] =fail
[Mon Nov 19 19:45:29 2018] [WL_MUST] 发送事件:
[Mon Nov 19 19:45:29 2018] [WL_MUST] ={
[Mon Nov 19 19:45:29 2018] [WL_MUST]   page=/nycs_user_active
[Mon Nov 19 19:45:29 2018] [WL_MUST]   port=8008
[Mon Nov 19 19:45:29 2018] [WL_MUST]   domain=report.syyx.cn
[Mon Nov 19 19:45:29 2018] [WL_MUST]   param={
[Mon Nov 19 19:45:29 2018] [WL_MUST]     active=104
[Mon Nov 19 19:45:29 2018] [WL_MUST]     serverid=382
[Mon Nov 19 19:45:29 2018] [WL_MUST]     time=1542627929
[Mon Nov 19 19:45:29 2018] [WL_MUST]     account=rui_xiao20
[Mon Nov 19 19:45:29 2018] [WL_MUST]   }
[Mon Nov 19 19:45:29 2018] [WL_MUST] }
[Mon Nov 19 19:45:29 2018] [WL_MUST] 接收回复:
[Mon Nov 19 19:45:29 2018] [WL_MUST] ={
[Mon Nov 19 19:45:29 2018] [WL_MUST]   active=104
[Mon Nov 19 19:45:29 2018] [WL_MUST]   serverid=382
[Mon Nov 19 19:45:29 2018] [WL_MUST]   time=1542627929
[Mon Nov 19 19:45:29 2018] [WL_MUST]   account=rui_xiao20
[Mon Nov 19 19:45:29 2018] [WL_MUST] }
[Mon Nov 19 19:45:29 2018] [WL_MUST] =fail
[Mon Nov 19 20:09:18 2018] [WL_MUST] 发送事件:
[Mon Nov 19 20:09:18 2018] [WL_MUST] ={
[Mon Nov 19 20:09:18 2018] [WL_MUST]   page=/nycs_user_active
[Mon Nov 19 20:09:18 2018] [WL_MUST]   port=8008
[Mon Nov 19 20:09:18 2018] [WL_MUST]   domain=report.syyx.cn
[Mon Nov 19 20:09:18 2018] [WL_MUST]   param={
[Mon Nov 19 20:09:18 2018] [WL_MUST]     active=100
[Mon Nov 19 20:09:18 2018] [WL_MUST]     serverid=382
[Mon Nov 19 20:09:18 2018] [WL_MUST]     time=1542629358
[Mon Nov 19 20:09:18 2018] [WL_MUST]     account=979802769
[Mon Nov 19 20:09:18 2018] [WL_MUST]   }
[Mon Nov 19 20:09:18 2018] [WL_MUST] }
[Mon Nov 19 20:09:18 2018] [WL_MUST] 接收回复:
[Mon Nov 19 20:09:18 2018] [WL_MUST] ={
[Mon Nov 19 20:09:18 2018] [WL_MUST]   active=100
[Mon Nov 19 20:09:18 2018] [WL_MUST]   serverid=382
[Mon Nov 19 20:09:18 2018] [WL_MUST]   time=1542629358
[Mon Nov 19 20:09:18 2018] [WL_MUST]   account=979802769
[Mon Nov 19 20:09:18 2018] [WL_MUST] }
[Mon Nov 19 20:09:18 2018] [WL_MUST] =fail
[Mon Nov 19 20:19:46 2018] [WL_MUST] 发送事件:
[Mon Nov 19 20:19:46 2018] [WL_MUST] ={
[Mon Nov 19 20:19:46 2018] [WL_MUST]   page=/nycs_five_color
[Mon Nov 19 20:19:46 2018] [WL_MUST]   port=8008
[Mon Nov 19 20:19:46 2018] [WL_MUST]   domain=report.syyx.cn
[Mon Nov 19 20:19:46 2018] [WL_MUST]   param={
[Mon Nov 19 20:19:46 2018] [WL_MUST]     serverid=382
[Mon Nov 19 20:19:46 2018] [WL_MUST]     time=1542629986
[Mon Nov 19 20:19:46 2018] [WL_MUST]     account=tszhengli
[Mon Nov 19 20:19:46 2018] [WL_MUST]   }
[Mon Nov 19 20:19:46 2018] [WL_MUST] }
[Mon Nov 19 20:19:46 2018] [WL_MUST] 接收回复:
[Mon Nov 19 20:19:46 2018] [WL_MUST] ={
[Mon Nov 19 20:19:46 2018] [WL_MUST]   serverid=382
[Mon Nov 19 20:19:46 2018] [WL_MUST]   time=1542629986
[Mon Nov 19 20:19:46 2018] [WL_MUST]   account=tszhengli
[Mon Nov 19 20:19:46 2018] [WL_MUST] }
[Mon Nov 19 20:19:46 2018] [WL_MUST] =fail
