[Sun Nov 18 01:27:42 2018] [WL_MUST] 发送事件:
[Sun Nov 18 01:27:42 2018] [WL_MUST] ={
[Sun Nov 18 01:27:42 2018] [WL_MUST]   page=/nycs_five_color
[Sun Nov 18 01:27:42 2018] [WL_MUST]   port=8008
[Sun Nov 18 01:27:42 2018] [WL_MUST]   domain=report.syyx.cn
[Sun Nov 18 01:27:42 2018] [WL_MUST]   param={
[Sun Nov 18 01:27:42 2018] [WL_MUST]     serverid=381
[Sun Nov 18 01:27:42 2018] [WL_MUST]     time=1542475662
[Sun Nov 18 01:27:42 2018] [WL_MUST]     account=wangsai0817
[Sun Nov 18 01:27:42 2018] [WL_MUST]   }
[Sun Nov 18 01:27:42 2018] [WL_MUST] }
[Sun Nov 18 01:27:42 2018] [WL_MUST] 接收回复:
[Sun Nov 18 01:27:42 2018] [WL_MUST] ={
[Sun Nov 18 01:27:42 2018] [WL_MUST]   serverid=381
[Sun Nov 18 01:27:42 2018] [WL_MUST]   time=1542475662
[Sun Nov 18 01:27:42 2018] [WL_MUST]   account=wangsai0817
[Sun Nov 18 01:27:42 2018] [WL_MUST] }
[Sun Nov 18 01:27:42 2018] [WL_MUST] =fail
[Sun Nov 18 01:30:55 2018] [WL_MUST] 发送事件:
[Sun Nov 18 01:30:55 2018] [WL_MUST] ={
[Sun Nov 18 01:30:55 2018] [WL_MUST]   page=/nycs_five_color
[Sun Nov 18 01:30:55 2018] [WL_MUST]   port=8008
[Sun Nov 18 01:30:55 2018] [WL_MUST]   domain=report.syyx.cn
[Sun Nov 18 01:30:55 2018] [WL_MUST]   param={
[Sun Nov 18 01:30:55 2018] [WL_MUST]     serverid=381
[Sun Nov 18 01:30:55 2018] [WL_MUST]     time=1542475855
[Sun Nov 18 01:30:55 2018] [WL_MUST]     account=360wangzhong
[Sun Nov 18 01:30:55 2018] [WL_MUST]   }
[Sun Nov 18 01:30:55 2018] [WL_MUST] }
[Sun Nov 18 01:30:55 2018] [WL_MUST] 接收回复:
[Sun Nov 18 01:30:55 2018] [WL_MUST] ={
[Sun Nov 18 01:30:55 2018] [WL_MUST]   serverid=381
[Sun Nov 18 01:30:55 2018] [WL_MUST]   time=1542475855
[Sun Nov 18 01:30:55 2018] [WL_MUST]   account=360wangzhong
[Sun Nov 18 01:30:55 2018] [WL_MUST] }
[Sun Nov 18 01:30:55 2018] [WL_MUST] =fail
[Sun Nov 18 03:17:59 2018] [WL_MUST] 发送事件:
[Sun Nov 18 03:17:59 2018] [WL_MUST] ={
[Sun Nov 18 03:17:59 2018] [WL_MUST]   page=/nycs_five_color
[Sun Nov 18 03:17:59 2018] [WL_MUST]   port=8008
[Sun Nov 18 03:17:59 2018] [WL_MUST]   domain=report.syyx.cn
[Sun Nov 18 03:17:59 2018] [WL_MUST]   param={
[Sun Nov 18 03:17:59 2018] [WL_MUST]     serverid=381
[Sun Nov 18 03:17:59 2018] [WL_MUST]     time=1542482279
[Sun Nov 18 03:17:59 2018] [WL_MUST]     account=a12817850400
[Sun Nov 18 03:17:59 2018] [WL_MUST]   }
[Sun Nov 18 03:17:59 2018] [WL_MUST] }
[Sun Nov 18 03:17:59 2018] [WL_MUST] 接收回复:
[Sun Nov 18 03:17:59 2018] [WL_MUST] ={
[Sun Nov 18 03:17:59 2018] [WL_MUST]   serverid=381
[Sun Nov 18 03:17:59 2018] [WL_MUST]   time=1542482279
[Sun Nov 18 03:17:59 2018] [WL_MUST]   account=a12817850400
[Sun Nov 18 03:17:59 2018] [WL_MUST] }
[Sun Nov 18 03:17:59 2018] [WL_MUST] =fail
