[Mon Nov 19 12:25:03 2018] [WL_MUST] 发送事件:
[Mon Nov 19 12:25:03 2018] [WL_MUST] ={
[Mon Nov 19 12:25:03 2018] [WL_MUST]   page=/nycs_five_color
[Mon Nov 19 12:25:03 2018] [WL_MUST]   port=8008
[Mon Nov 19 12:25:03 2018] [WL_MUST]   domain=report.syyx.cn
[Mon Nov 19 12:25:03 2018] [WL_MUST]   param={
[Mon Nov 19 12:25:03 2018] [WL_MUST]     serverid=381
[Mon Nov 19 12:25:03 2018] [WL_MUST]     time=1542601503
[Mon Nov 19 12:25:03 2018] [WL_MUST]     account=woshixiaosb
[Mon Nov 19 12:25:03 2018] [WL_MUST]   }
[Mon Nov 19 12:25:03 2018] [WL_MUST] }
[Mon Nov 19 12:25:03 2018] [WL_MUST] 接收回复:
[Mon Nov 19 12:25:03 2018] [WL_MUST] ={
[Mon Nov 19 12:25:03 2018] [WL_MUST]   serverid=381
[Mon Nov 19 12:25:03 2018] [WL_MUST]   time=1542601503
[Mon Nov 19 12:25:03 2018] [WL_MUST]   account=woshixiaosb
[Mon Nov 19 12:25:03 2018] [WL_MUST] }
[Mon Nov 19 12:25:03 2018] [WL_MUST] =fail
[Mon Nov 19 13:03:34 2018] [WL_MUST] 发送事件:
[Mon Nov 19 13:03:34 2018] [WL_MUST] ={
[Mon Nov 19 13:03:34 2018] [WL_MUST]   page=/nycs_five_color
[Mon Nov 19 13:03:34 2018] [WL_MUST]   port=8008
[Mon Nov 19 13:03:34 2018] [WL_MUST]   domain=report.syyx.cn
[Mon Nov 19 13:03:34 2018] [WL_MUST]   param={
[Mon Nov 19 13:03:34 2018] [WL_MUST]     serverid=381
[Mon Nov 19 13:03:34 2018] [WL_MUST]     time=1542603814
[Mon Nov 19 13:03:34 2018] [WL_MUST]     account=wuwang77
[Mon Nov 19 13:03:34 2018] [WL_MUST]   }
[Mon Nov 19 13:03:34 2018] [WL_MUST] }
[Mon Nov 19 13:03:34 2018] [WL_MUST] 接收回复:
[Mon Nov 19 13:03:34 2018] [WL_MUST] ={
[Mon Nov 19 13:03:34 2018] [WL_MUST]   serverid=381
[Mon Nov 19 13:03:34 2018] [WL_MUST]   time=1542603814
[Mon Nov 19 13:03:34 2018] [WL_MUST]   account=wuwang77
[Mon Nov 19 13:03:34 2018] [WL_MUST] }
[Mon Nov 19 13:03:34 2018] [WL_MUST] =fail
[Mon Nov 19 13:55:44 2018] [WL_MUST] 发送事件:
[Mon Nov 19 13:55:44 2018] [WL_MUST] ={
[Mon Nov 19 13:55:44 2018] [WL_MUST]   page=/nycs_user_active
[Mon Nov 19 13:55:44 2018] [WL_MUST]   port=8008
[Mon Nov 19 13:55:44 2018] [WL_MUST]   domain=report.syyx.cn
[Mon Nov 19 13:55:44 2018] [WL_MUST]   param={
[Mon Nov 19 13:55:44 2018] [WL_MUST]     active=104
[Mon Nov 19 13:55:44 2018] [WL_MUST]     serverid=381
[Mon Nov 19 13:55:44 2018] [WL_MUST]     time=1542606944
[Mon Nov 19 13:55:44 2018] [WL_MUST]     account=lijiamengah
[Mon Nov 19 13:55:44 2018] [WL_MUST]   }
[Mon Nov 19 13:55:44 2018] [WL_MUST] }
[Mon Nov 19 13:55:44 2018] [WL_MUST] 接收回复:
[Mon Nov 19 13:55:44 2018] [WL_MUST] ={
[Mon Nov 19 13:55:44 2018] [WL_MUST]   active=104
[Mon Nov 19 13:55:44 2018] [WL_MUST]   serverid=381
[Mon Nov 19 13:55:44 2018] [WL_MUST]   time=1542606944
[Mon Nov 19 13:55:44 2018] [WL_MUST]   account=lijiamengah
[Mon Nov 19 13:55:44 2018] [WL_MUST] }
[Mon Nov 19 13:55:44 2018] [WL_MUST] =fail
