[Mon Nov 19 03:54:09 2018] [WL_MUST] 发送事件:
[Mon Nov 19 03:54:09 2018] [WL_MUST] ={
[Mon Nov 19 03:54:09 2018] [WL_MUST]   page=/nycs_five_color
[Mon Nov 19 03:54:09 2018] [WL_MUST]   port=8008
[Mon Nov 19 03:54:09 2018] [WL_MUST]   domain=report.syyx.cn
[Mon Nov 19 03:54:09 2018] [WL_MUST]   param={
[Mon Nov 19 03:54:09 2018] [WL_MUST]     serverid=381
[Mon Nov 19 03:54:09 2018] [WL_MUST]     time=1542570849
[Mon Nov 19 03:54:09 2018] [WL_MUST]     account=daiwen1001
[Mon Nov 19 03:54:09 2018] [WL_MUST]   }
[Mon Nov 19 03:54:09 2018] [WL_MUST] }
[Mon Nov 19 03:54:09 2018] [WL_MUST] 接收回复:
[Mon Nov 19 03:54:09 2018] [WL_MUST] ={
[Mon Nov 19 03:54:09 2018] [WL_MUST]   serverid=381
[Mon Nov 19 03:54:09 2018] [WL_MUST]   time=1542570849
[Mon Nov 19 03:54:09 2018] [WL_MUST]   account=daiwen1001
[Mon Nov 19 03:54:09 2018] [WL_MUST] }
[Mon Nov 19 03:54:09 2018] [WL_MUST] =fail
[Mon Nov 19 11:43:28 2018] [WL_MUST] 发送事件:
[Mon Nov 19 11:43:28 2018] [WL_MUST] ={
[Mon Nov 19 11:43:28 2018] [WL_MUST]   page=/nycs_five_color
[Mon Nov 19 11:43:28 2018] [WL_MUST]   port=8008
[Mon Nov 19 11:43:28 2018] [WL_MUST]   domain=report.syyx.cn
[Mon Nov 19 11:43:28 2018] [WL_MUST]   param={
[Mon Nov 19 11:43:28 2018] [WL_MUST]     serverid=381
[Mon Nov 19 11:43:28 2018] [WL_MUST]     time=1542599008
[Mon Nov 19 11:43:28 2018] [WL_MUST]     account=TCZH077
[Mon Nov 19 11:43:28 2018] [WL_MUST]   }
[Mon Nov 19 11:43:28 2018] [WL_MUST] }
[Mon Nov 19 11:43:28 2018] [WL_MUST] 接收回复:
[Mon Nov 19 11:43:28 2018] [WL_MUST] ={
[Mon Nov 19 11:43:28 2018] [WL_MUST]   serverid=381
[Mon Nov 19 11:43:28 2018] [WL_MUST]   time=1542599008
[Mon Nov 19 11:43:28 2018] [WL_MUST]   account=TCZH077
[Mon Nov 19 11:43:28 2018] [WL_MUST] }
[Mon Nov 19 11:43:28 2018] [WL_MUST] =fail
[Mon Nov 19 16:11:31 2018] [WL_MUST] 发送事件:
[Mon Nov 19 16:11:31 2018] [WL_MUST] ={
[Mon Nov 19 16:11:31 2018] [WL_MUST]   page=/nycs_user_active
[Mon Nov 19 16:11:31 2018] [WL_MUST]   port=8008
[Mon Nov 19 16:11:31 2018] [WL_MUST]   domain=report.syyx.cn
[Mon Nov 19 16:11:31 2018] [WL_MUST]   param={
[Mon Nov 19 16:11:31 2018] [WL_MUST]     active=104
[Mon Nov 19 16:11:31 2018] [WL_MUST]     serverid=381
[Mon Nov 19 16:11:31 2018] [WL_MUST]     time=1542615091
[Mon Nov 19 16:11:31 2018] [WL_MUST]     account=hxp13628886888
[Mon Nov 19 16:11:31 2018] [WL_MUST]   }
[Mon Nov 19 16:11:31 2018] [WL_MUST] }
[Mon Nov 19 16:11:31 2018] [WL_MUST] 接收回复:
[Mon Nov 19 16:11:31 2018] [WL_MUST] ={
[Mon Nov 19 16:11:31 2018] [WL_MUST]   active=104
[Mon Nov 19 16:11:31 2018] [WL_MUST]   serverid=381
[Mon Nov 19 16:11:31 2018] [WL_MUST]   time=1542615091
[Mon Nov 19 16:11:31 2018] [WL_MUST]   account=hxp13628886888
[Mon Nov 19 16:11:31 2018] [WL_MUST] }
[Mon Nov 19 16:11:31 2018] [WL_MUST] =fail
[Mon Nov 19 16:46:30 2018] [WL_MUST] 发送事件:
[Mon Nov 19 16:46:30 2018] [WL_MUST] ={
[Mon Nov 19 16:46:30 2018] [WL_MUST]   page=/nycs_user_active
[Mon Nov 19 16:46:30 2018] [WL_MUST]   port=8008
[Mon Nov 19 16:46:30 2018] [WL_MUST]   domain=report.syyx.cn
[Mon Nov 19 16:46:30 2018] [WL_MUST]   param={
[Mon Nov 19 16:46:30 2018] [WL_MUST]     active=100
[Mon Nov 19 16:46:30 2018] [WL_MUST]     serverid=381
[Mon Nov 19 16:46:30 2018] [WL_MUST]     time=1542617190
[Mon Nov 19 16:46:30 2018] [WL_MUST]     account=15707217776
[Mon Nov 19 16:46:30 2018] [WL_MUST]   }
[Mon Nov 19 16:46:30 2018] [WL_MUST] }
[Mon Nov 19 16:46:30 2018] [WL_MUST] 接收回复:
[Mon Nov 19 16:46:30 2018] [WL_MUST] ={
[Mon Nov 19 16:46:30 2018] [WL_MUST]   active=100
[Mon Nov 19 16:46:30 2018] [WL_MUST]   serverid=381
[Mon Nov 19 16:46:30 2018] [WL_MUST]   time=1542617190
[Mon Nov 19 16:46:30 2018] [WL_MUST]   account=15707217776
[Mon Nov 19 16:46:30 2018] [WL_MUST] }
[Mon Nov 19 16:46:30 2018] [WL_MUST] =fail
