[Sun Nov 18 00:15:37 2018] [WL_MUST] 发送事件:
[Sun Nov 18 00:15:37 2018] [WL_MUST] ={
[Sun Nov 18 00:15:37 2018] [WL_MUST]   page=/nycs_five_color
[Sun Nov 18 00:15:37 2018] [WL_MUST]   port=8008
[Sun Nov 18 00:15:37 2018] [WL_MUST]   domain=report.syyx.cn
[Sun Nov 18 00:15:37 2018] [WL_MUST]   param={
[Sun Nov 18 00:15:37 2018] [WL_MUST]     serverid=382
[Sun Nov 18 00:15:37 2018] [WL_MUST]     time=1542471337
[Sun Nov 18 00:15:37 2018] [WL_MUST]     account=rui_xiao15
[Sun Nov 18 00:15:37 2018] [WL_MUST]   }
[Sun Nov 18 00:15:37 2018] [WL_MUST] }
[Sun Nov 18 00:15:37 2018] [WL_MUST] 接收回复:
[Sun Nov 18 00:15:37 2018] [WL_MUST] ={
[Sun Nov 18 00:15:37 2018] [WL_MUST]   serverid=382
[Sun Nov 18 00:15:37 2018] [WL_MUST]   time=1542471337
[Sun Nov 18 00:15:37 2018] [WL_MUST]   account=rui_xiao15
[Sun Nov 18 00:15:37 2018] [WL_MUST] }
[Sun Nov 18 00:15:37 2018] [WL_MUST] =fail
[Sun Nov 18 00:29:58 2018] [WL_MUST] 发送事件:
[Sun Nov 18 00:29:58 2018] [WL_MUST] ={
[Sun Nov 18 00:29:58 2018] [WL_MUST]   page=/nycs_five_color
[Sun Nov 18 00:29:58 2018] [WL_MUST]   port=8008
[Sun Nov 18 00:29:58 2018] [WL_MUST]   domain=report.syyx.cn
[Sun Nov 18 00:29:58 2018] [WL_MUST]   param={
[Sun Nov 18 00:29:58 2018] [WL_MUST]     serverid=382
[Sun Nov 18 00:29:58 2018] [WL_MUST]     time=1542472198
[Sun Nov 18 00:29:58 2018] [WL_MUST]     account=rui_xiao13
[Sun Nov 18 00:29:58 2018] [WL_MUST]   }
[Sun Nov 18 00:29:58 2018] [WL_MUST] }
[Sun Nov 18 00:29:58 2018] [WL_MUST] 接收回复:
[Sun Nov 18 00:29:58 2018] [WL_MUST] ={
[Sun Nov 18 00:29:58 2018] [WL_MUST]   serverid=382
[Sun Nov 18 00:29:58 2018] [WL_MUST]   time=1542472198
[Sun Nov 18 00:29:58 2018] [WL_MUST]   account=rui_xiao13
[Sun Nov 18 00:29:58 2018] [WL_MUST] }
[Sun Nov 18 00:29:58 2018] [WL_MUST] =fail
[Sun Nov 18 00:45:34 2018] [WL_MUST] 发送事件:
[Sun Nov 18 00:45:34 2018] [WL_MUST] ={
[Sun Nov 18 00:45:34 2018] [WL_MUST]   page=/nycs_five_color
[Sun Nov 18 00:45:34 2018] [WL_MUST]   port=8008
[Sun Nov 18 00:45:34 2018] [WL_MUST]   domain=report.syyx.cn
[Sun Nov 18 00:45:34 2018] [WL_MUST]   param={
[Sun Nov 18 00:45:34 2018] [WL_MUST]     serverid=382
[Sun Nov 18 00:45:34 2018] [WL_MUST]     time=1542473134
[Sun Nov 18 00:45:34 2018] [WL_MUST]     account=rui_xiao5
[Sun Nov 18 00:45:34 2018] [WL_MUST]   }
[Sun Nov 18 00:45:34 2018] [WL_MUST] }
[Sun Nov 18 00:45:34 2018] [WL_MUST] 接收回复:
[Sun Nov 18 00:45:34 2018] [WL_MUST] ={
[Sun Nov 18 00:45:34 2018] [WL_MUST]   serverid=382
[Sun Nov 18 00:45:34 2018] [WL_MUST]   time=1542473134
[Sun Nov 18 00:45:34 2018] [WL_MUST]   account=rui_xiao5
[Sun Nov 18 00:45:34 2018] [WL_MUST] }
[Sun Nov 18 00:45:34 2018] [WL_MUST] =fail
[Sun Nov 18 03:36:12 2018] [WL_MUST] 发送事件:
[Sun Nov 18 03:36:12 2018] [WL_MUST] ={
[Sun Nov 18 03:36:12 2018] [WL_MUST]   page=/nycs_five_color
[Sun Nov 18 03:36:12 2018] [WL_MUST]   port=8008
[Sun Nov 18 03:36:12 2018] [WL_MUST]   domain=report.syyx.cn
[Sun Nov 18 03:36:12 2018] [WL_MUST]   param={
[Sun Nov 18 03:36:12 2018] [WL_MUST]     serverid=382
[Sun Nov 18 03:36:12 2018] [WL_MUST]     time=1542483372
[Sun Nov 18 03:36:12 2018] [WL_MUST]     account=rui_xiao2
[Sun Nov 18 03:36:12 2018] [WL_MUST]   }
[Sun Nov 18 03:36:12 2018] [WL_MUST] }
[Sun Nov 18 03:36:12 2018] [WL_MUST] 接收回复:
[Sun Nov 18 03:36:12 2018] [WL_MUST] ={
[Sun Nov 18 03:36:12 2018] [WL_MUST]   serverid=382
[Sun Nov 18 03:36:12 2018] [WL_MUST]   time=1542483372
[Sun Nov 18 03:36:12 2018] [WL_MUST]   account=rui_xiao2
[Sun Nov 18 03:36:12 2018] [WL_MUST] }
[Sun Nov 18 03:36:12 2018] [WL_MUST] =fail
[Sun Nov 18 03:51:22 2018] [WL_MUST] 发送事件:
[Sun Nov 18 03:51:22 2018] [WL_MUST] ={
[Sun Nov 18 03:51:22 2018] [WL_MUST]   page=/nycs_five_color
[Sun Nov 18 03:51:22 2018] [WL_MUST]   port=8008
[Sun Nov 18 03:51:22 2018] [WL_MUST]   domain=report.syyx.cn
[Sun Nov 18 03:51:22 2018] [WL_MUST]   param={
[Sun Nov 18 03:51:22 2018] [WL_MUST]     serverid=382
[Sun Nov 18 03:51:22 2018] [WL_MUST]     time=1542484281
[Sun Nov 18 03:51:22 2018] [WL_MUST]     account=yuefeihu57
[Sun Nov 18 03:51:22 2018] [WL_MUST]   }
[Sun Nov 18 03:51:22 2018] [WL_MUST] }
[Sun Nov 18 03:51:22 2018] [WL_MUST] 接收回复:
[Sun Nov 18 03:51:22 2018] [WL_MUST] ={
[Sun Nov 18 03:51:22 2018] [WL_MUST]   serverid=382
[Sun Nov 18 03:51:22 2018] [WL_MUST]   time=1542484281
[Sun Nov 18 03:51:22 2018] [WL_MUST]   account=yuefeihu57
[Sun Nov 18 03:51:22 2018] [WL_MUST] }
[Sun Nov 18 03:51:22 2018] [WL_MUST] =fail
[Sun Nov 18 03:51:30 2018] [WL_MUST] 发送事件:
[Sun Nov 18 03:51:30 2018] [WL_MUST] ={
[Sun Nov 18 03:51:30 2018] [WL_MUST]   page=/nycs_five_color
[Sun Nov 18 03:51:30 2018] [WL_MUST]   port=8008
[Sun Nov 18 03:51:30 2018] [WL_MUST]   domain=report.syyx.cn
[Sun Nov 18 03:51:30 2018] [WL_MUST]   param={
[Sun Nov 18 03:51:30 2018] [WL_MUST]     serverid=382
[Sun Nov 18 03:51:30 2018] [WL_MUST]     time=1542484290
[Sun Nov 18 03:51:30 2018] [WL_MUST]     account=yuehu1959
[Sun Nov 18 03:51:30 2018] [WL_MUST]   }
[Sun Nov 18 03:51:30 2018] [WL_MUST] }
[Sun Nov 18 03:51:30 2018] [WL_MUST] 接收回复:
[Sun Nov 18 03:51:30 2018] [WL_MUST] ={
[Sun Nov 18 03:51:30 2018] [WL_MUST]   serverid=382
[Sun Nov 18 03:51:30 2018] [WL_MUST]   time=1542484290
[Sun Nov 18 03:51:30 2018] [WL_MUST]   account=yuehu1959
[Sun Nov 18 03:51:30 2018] [WL_MUST] }
[Sun Nov 18 03:51:30 2018] [WL_MUST] =fail
[Sun Nov 18 10:36:07 2018] [WL_MUST] 发送事件:
[Sun Nov 18 10:36:07 2018] [WL_MUST] ={
[Sun Nov 18 10:36:07 2018] [WL_MUST]   page=/nycs_user_active
[Sun Nov 18 10:36:07 2018] [WL_MUST]   port=8008
[Sun Nov 18 10:36:07 2018] [WL_MUST]   domain=report.syyx.cn
[Sun Nov 18 10:36:07 2018] [WL_MUST]   param={
[Sun Nov 18 10:36:07 2018] [WL_MUST]     active=102
[Sun Nov 18 10:36:07 2018] [WL_MUST]     serverid=382
[Sun Nov 18 10:36:07 2018] [WL_MUST]     time=1542508567
[Sun Nov 18 10:36:07 2018] [WL_MUST]     account=Dear_980409
[Sun Nov 18 10:36:07 2018] [WL_MUST]   }
[Sun Nov 18 10:36:07 2018] [WL_MUST] }
[Sun Nov 18 10:36:07 2018] [WL_MUST] 接收回复:
[Sun Nov 18 10:36:07 2018] [WL_MUST] ={
[Sun Nov 18 10:36:07 2018] [WL_MUST]   active=102
[Sun Nov 18 10:36:07 2018] [WL_MUST]   serverid=382
[Sun Nov 18 10:36:07 2018] [WL_MUST]   time=1542508567
[Sun Nov 18 10:36:07 2018] [WL_MUST]   account=Dear_980409
[Sun Nov 18 10:36:07 2018] [WL_MUST] }
[Sun Nov 18 10:36:07 2018] [WL_MUST] =fail
[Sun Nov 18 10:40:22 2018] [WL_MUST] 发送事件:
[Sun Nov 18 10:40:22 2018] [WL_MUST] ={
[Sun Nov 18 10:40:22 2018] [WL_MUST]   page=/nycs_user_active
[Sun Nov 18 10:40:22 2018] [WL_MUST]   port=8008
[Sun Nov 18 10:40:22 2018] [WL_MUST]   domain=report.syyx.cn
[Sun Nov 18 10:40:22 2018] [WL_MUST]   param={
[Sun Nov 18 10:40:22 2018] [WL_MUST]     active=102
[Sun Nov 18 10:40:22 2018] [WL_MUST]     serverid=382
[Sun Nov 18 10:40:22 2018] [WL_MUST]     time=1542508822
[Sun Nov 18 10:40:22 2018] [WL_MUST]     account=xuliangjun004
[Sun Nov 18 10:40:22 2018] [WL_MUST]   }
[Sun Nov 18 10:40:22 2018] [WL_MUST] }
[Sun Nov 18 10:40:22 2018] [WL_MUST] 发送事件:
[Sun Nov 18 10:40:22 2018] [WL_MUST] ={
[Sun Nov 18 10:40:22 2018] [WL_MUST]   page=/nycs_user_active
[Sun Nov 18 10:40:22 2018] [WL_MUST]   port=8008
[Sun Nov 18 10:40:22 2018] [WL_MUST]   domain=report.syyx.cn
[Sun Nov 18 10:40:22 2018] [WL_MUST]   param={
[Sun Nov 18 10:40:22 2018] [WL_MUST]     active=101
[Sun Nov 18 10:40:22 2018] [WL_MUST]     serverid=382
[Sun Nov 18 10:40:22 2018] [WL_MUST]     time=1542508822
[Sun Nov 18 10:40:22 2018] [WL_MUST]     account=y243101976
[Sun Nov 18 10:40:22 2018] [WL_MUST]   }
[Sun Nov 18 10:40:22 2018] [WL_MUST] }
[Sun Nov 18 10:40:22 2018] [WL_MUST] 接收回复:
[Sun Nov 18 10:40:22 2018] [WL_MUST] ={
[Sun Nov 18 10:40:22 2018] [WL_MUST]   active=102
[Sun Nov 18 10:40:22 2018] [WL_MUST]   serverid=382
[Sun Nov 18 10:40:22 2018] [WL_MUST]   time=1542508822
[Sun Nov 18 10:40:22 2018] [WL_MUST]   account=xuliangjun004
[Sun Nov 18 10:40:22 2018] [WL_MUST] }
[Sun Nov 18 10:40:22 2018] [WL_MUST] =fail
[Sun Nov 18 10:40:22 2018] [WL_MUST] 接收回复:
[Sun Nov 18 10:40:22 2018] [WL_MUST] ={
[Sun Nov 18 10:40:22 2018] [WL_MUST]   active=101
[Sun Nov 18 10:40:22 2018] [WL_MUST]   serverid=382
[Sun Nov 18 10:40:22 2018] [WL_MUST]   time=1542508822
[Sun Nov 18 10:40:22 2018] [WL_MUST]   account=y243101976
[Sun Nov 18 10:40:22 2018] [WL_MUST] }
[Sun Nov 18 10:40:22 2018] [WL_MUST] =fail
[Sun Nov 18 10:47:30 2018] [WL_MUST] 发送事件:
[Sun Nov 18 10:47:30 2018] [WL_MUST] ={
[Sun Nov 18 10:47:30 2018] [WL_MUST]   page=/nycs_user_active
[Sun Nov 18 10:47:30 2018] [WL_MUST]   port=8008
[Sun Nov 18 10:47:30 2018] [WL_MUST]   domain=report.syyx.cn
[Sun Nov 18 10:47:30 2018] [WL_MUST]   param={
[Sun Nov 18 10:47:30 2018] [WL_MUST]     active=102
[Sun Nov 18 10:47:30 2018] [WL_MUST]     serverid=382
[Sun Nov 18 10:47:30 2018] [WL_MUST]     time=1542509250
[Sun Nov 18 10:47:30 2018] [WL_MUST]     account=huwang1986
[Sun Nov 18 10:47:30 2018] [WL_MUST]   }
[Sun Nov 18 10:47:30 2018] [WL_MUST] }
[Sun Nov 18 10:47:30 2018] [WL_MUST] 接收回复:
[Sun Nov 18 10:47:30 2018] [WL_MUST] ={
[Sun Nov 18 10:47:30 2018] [WL_MUST]   active=102
[Sun Nov 18 10:47:30 2018] [WL_MUST]   serverid=382
[Sun Nov 18 10:47:30 2018] [WL_MUST]   time=1542509250
[Sun Nov 18 10:47:30 2018] [WL_MUST]   account=huwang1986
[Sun Nov 18 10:47:30 2018] [WL_MUST] }
[Sun Nov 18 10:47:30 2018] [WL_MUST] =fail
[Sun Nov 18 11:28:24 2018] [WL_MUST] 发送事件:
[Sun Nov 18 11:28:24 2018] [WL_MUST] ={
[Sun Nov 18 11:28:24 2018] [WL_MUST]   page=/nycs_five_color
[Sun Nov 18 11:28:24 2018] [WL_MUST]   port=8008
[Sun Nov 18 11:28:24 2018] [WL_MUST]   domain=report.syyx.cn
[Sun Nov 18 11:28:24 2018] [WL_MUST]   param={
[Sun Nov 18 11:28:24 2018] [WL_MUST]     serverid=382
[Sun Nov 18 11:28:24 2018] [WL_MUST]     time=1542511704
[Sun Nov 18 11:28:24 2018] [WL_MUST]     account=104854319
[Sun Nov 18 11:28:24 2018] [WL_MUST]   }
[Sun Nov 18 11:28:24 2018] [WL_MUST] }
[Sun Nov 18 11:28:24 2018] [WL_MUST] 接收回复:
[Sun Nov 18 11:28:24 2018] [WL_MUST] ={
[Sun Nov 18 11:28:24 2018] [WL_MUST]   serverid=382
[Sun Nov 18 11:28:24 2018] [WL_MUST]   time=1542511704
[Sun Nov 18 11:28:24 2018] [WL_MUST]   account=104854319
[Sun Nov 18 11:28:24 2018] [WL_MUST] }
[Sun Nov 18 11:28:24 2018] [WL_MUST] =fail
[Sun Nov 18 11:31:17 2018] [WL_MUST] 发送事件:
[Sun Nov 18 11:31:17 2018] [WL_MUST] ={
[Sun Nov 18 11:31:17 2018] [WL_MUST]   page=/nycs_five_color
[Sun Nov 18 11:31:17 2018] [WL_MUST]   port=8008
[Sun Nov 18 11:31:17 2018] [WL_MUST]   domain=report.syyx.cn
[Sun Nov 18 11:31:17 2018] [WL_MUST]   param={
[Sun Nov 18 11:31:17 2018] [WL_MUST]     serverid=382
[Sun Nov 18 11:31:17 2018] [WL_MUST]     time=1542511877
[Sun Nov 18 11:31:17 2018] [WL_MUST]     account=15721589798b
[Sun Nov 18 11:31:17 2018] [WL_MUST]   }
[Sun Nov 18 11:31:17 2018] [WL_MUST] }
[Sun Nov 18 11:31:17 2018] [WL_MUST] 接收回复:
[Sun Nov 18 11:31:17 2018] [WL_MUST] ={
[Sun Nov 18 11:31:17 2018] [WL_MUST]   serverid=382
[Sun Nov 18 11:31:17 2018] [WL_MUST]   time=1542511877
[Sun Nov 18 11:31:17 2018] [WL_MUST]   account=15721589798b
[Sun Nov 18 11:31:17 2018] [WL_MUST] }
[Sun Nov 18 11:31:17 2018] [WL_MUST] =fail
[Sun Nov 18 11:31:28 2018] [WL_MUST] 发送事件:
[Sun Nov 18 11:31:28 2018] [WL_MUST] ={
[Sun Nov 18 11:31:28 2018] [WL_MUST]   page=/nycs_five_color
[Sun Nov 18 11:31:28 2018] [WL_MUST]   port=8008
[Sun Nov 18 11:31:28 2018] [WL_MUST]   domain=report.syyx.cn
[Sun Nov 18 11:31:28 2018] [WL_MUST]   param={
[Sun Nov 18 11:31:28 2018] [WL_MUST]     serverid=382
[Sun Nov 18 11:31:28 2018] [WL_MUST]     time=1542511888
[Sun Nov 18 11:31:28 2018] [WL_MUST]     account=long125923
[Sun Nov 18 11:31:28 2018] [WL_MUST]   }
[Sun Nov 18 11:31:28 2018] [WL_MUST] }
[Sun Nov 18 11:31:28 2018] [WL_MUST] 接收回复:
[Sun Nov 18 11:31:28 2018] [WL_MUST] ={
[Sun Nov 18 11:31:28 2018] [WL_MUST]   serverid=382
[Sun Nov 18 11:31:28 2018] [WL_MUST]   time=1542511888
[Sun Nov 18 11:31:28 2018] [WL_MUST]   account=long125923
[Sun Nov 18 11:31:28 2018] [WL_MUST] }
[Sun Nov 18 11:31:28 2018] [WL_MUST] =fail
[Sun Nov 18 11:33:30 2018] [WL_MUST] 发送事件:
[Sun Nov 18 11:33:30 2018] [WL_MUST] ={
[Sun Nov 18 11:33:30 2018] [WL_MUST]   page=/nycs_user_active
[Sun Nov 18 11:33:30 2018] [WL_MUST]   port=8008
[Sun Nov 18 11:33:30 2018] [WL_MUST]   domain=report.syyx.cn
[Sun Nov 18 11:33:30 2018] [WL_MUST]   param={
[Sun Nov 18 11:33:30 2018] [WL_MUST]     active=103
[Sun Nov 18 11:33:30 2018] [WL_MUST]     serverid=382
[Sun Nov 18 11:33:30 2018] [WL_MUST]     time=1542512010
[Sun Nov 18 11:33:30 2018] [WL_MUST]     account=aaa13728722226
[Sun Nov 18 11:33:30 2018] [WL_MUST]   }
[Sun Nov 18 11:33:30 2018] [WL_MUST] }
[Sun Nov 18 11:33:31 2018] [WL_MUST] 接收回复:
[Sun Nov 18 11:33:31 2018] [WL_MUST] ={
[Sun Nov 18 11:33:31 2018] [WL_MUST]   active=103
[Sun Nov 18 11:33:31 2018] [WL_MUST]   serverid=382
[Sun Nov 18 11:33:31 2018] [WL_MUST]   time=1542512010
[Sun Nov 18 11:33:31 2018] [WL_MUST]   account=aaa13728722226
[Sun Nov 18 11:33:31 2018] [WL_MUST] }
[Sun Nov 18 11:33:31 2018] [WL_MUST] =fail
[Sun Nov 18 11:36:32 2018] [WL_MUST] 发送事件:
[Sun Nov 18 11:36:32 2018] [WL_MUST] ={
[Sun Nov 18 11:36:32 2018] [WL_MUST]   page=/nycs_user_active
[Sun Nov 18 11:36:32 2018] [WL_MUST]   port=8008
[Sun Nov 18 11:36:32 2018] [WL_MUST]   domain=report.syyx.cn
[Sun Nov 18 11:36:32 2018] [WL_MUST]   param={
[Sun Nov 18 11:36:32 2018] [WL_MUST]     active=102
[Sun Nov 18 11:36:32 2018] [WL_MUST]     serverid=382
[Sun Nov 18 11:36:32 2018] [WL_MUST]     time=1542512192
[Sun Nov 18 11:36:32 2018] [WL_MUST]     account=2170bcctv
[Sun Nov 18 11:36:32 2018] [WL_MUST]   }
[Sun Nov 18 11:36:32 2018] [WL_MUST] }
[Sun Nov 18 11:36:32 2018] [WL_MUST] 发送事件:
[Sun Nov 18 11:36:32 2018] [WL_MUST] ={
[Sun Nov 18 11:36:32 2018] [WL_MUST]   page=/nycs_user_active
[Sun Nov 18 11:36:32 2018] [WL_MUST]   port=8008
[Sun Nov 18 11:36:32 2018] [WL_MUST]   domain=report.syyx.cn
[Sun Nov 18 11:36:32 2018] [WL_MUST]   param={
[Sun Nov 18 11:36:32 2018] [WL_MUST]     active=100
[Sun Nov 18 11:36:32 2018] [WL_MUST]     serverid=382
[Sun Nov 18 11:36:32 2018] [WL_MUST]     time=1542512192
[Sun Nov 18 11:36:32 2018] [WL_MUST]     account=kaixin1916
[Sun Nov 18 11:36:32 2018] [WL_MUST]   }
[Sun Nov 18 11:36:32 2018] [WL_MUST] }
[Sun Nov 18 11:36:32 2018] [WL_MUST] 发送事件:
[Sun Nov 18 11:36:32 2018] [WL_MUST] ={
[Sun Nov 18 11:36:32 2018] [WL_MUST]   page=/nycs_user_active
[Sun Nov 18 11:36:32 2018] [WL_MUST]   port=8008
[Sun Nov 18 11:36:32 2018] [WL_MUST]   domain=report.syyx.cn
[Sun Nov 18 11:36:32 2018] [WL_MUST]   param={
[Sun Nov 18 11:36:32 2018] [WL_MUST]     active=101
[Sun Nov 18 11:36:32 2018] [WL_MUST]     serverid=382
[Sun Nov 18 11:36:32 2018] [WL_MUST]     time=1542512192
[Sun Nov 18 11:36:32 2018] [WL_MUST]     account=w64781798
[Sun Nov 18 11:36:32 2018] [WL_MUST]   }
[Sun Nov 18 11:36:32 2018] [WL_MUST] }
[Sun Nov 18 11:36:33 2018] [WL_MUST] 接收回复:
[Sun Nov 18 11:36:33 2018] [WL_MUST] ={
[Sun Nov 18 11:36:33 2018] [WL_MUST]   active=101
[Sun Nov 18 11:36:33 2018] [WL_MUST]   serverid=382
[Sun Nov 18 11:36:33 2018] [WL_MUST]   time=1542512192
[Sun Nov 18 11:36:33 2018] [WL_MUST]   account=w64781798
[Sun Nov 18 11:36:33 2018] [WL_MUST] }
[Sun Nov 18 11:36:33 2018] [WL_MUST] =fail
[Sun Nov 18 11:36:33 2018] [WL_MUST] 接收回复:
[Sun Nov 18 11:36:33 2018] [WL_MUST] ={
[Sun Nov 18 11:36:33 2018] [WL_MUST]   active=100
[Sun Nov 18 11:36:33 2018] [WL_MUST]   serverid=382
[Sun Nov 18 11:36:33 2018] [WL_MUST]   time=1542512192
[Sun Nov 18 11:36:33 2018] [WL_MUST]   account=kaixin1916
[Sun Nov 18 11:36:33 2018] [WL_MUST] }
[Sun Nov 18 11:36:33 2018] [WL_MUST] =fail
[Sun Nov 18 11:36:33 2018] [WL_MUST] 接收回复:
[Sun Nov 18 11:36:33 2018] [WL_MUST] ={
[Sun Nov 18 11:36:33 2018] [WL_MUST]   active=102
[Sun Nov 18 11:36:33 2018] [WL_MUST]   serverid=382
[Sun Nov 18 11:36:33 2018] [WL_MUST]   time=1542512192
[Sun Nov 18 11:36:33 2018] [WL_MUST]   account=2170bcctv
[Sun Nov 18 11:36:33 2018] [WL_MUST] }
[Sun Nov 18 11:36:33 2018] [WL_MUST] =fail
[Sun Nov 18 11:40:13 2018] [WL_MUST] 发送事件:
[Sun Nov 18 11:40:13 2018] [WL_MUST] ={
[Sun Nov 18 11:40:13 2018] [WL_MUST]   page=/nycs_user_active
[Sun Nov 18 11:40:13 2018] [WL_MUST]   port=8008
[Sun Nov 18 11:40:13 2018] [WL_MUST]   domain=report.syyx.cn
[Sun Nov 18 11:40:13 2018] [WL_MUST]   param={
[Sun Nov 18 11:40:13 2018] [WL_MUST]     active=100
[Sun Nov 18 11:40:13 2018] [WL_MUST]     serverid=382
[Sun Nov 18 11:40:13 2018] [WL_MUST]     time=1542512413
[Sun Nov 18 11:40:13 2018] [WL_MUST]     account=d15860532696
[Sun Nov 18 11:40:13 2018] [WL_MUST]   }
[Sun Nov 18 11:40:13 2018] [WL_MUST] }
[Sun Nov 18 11:40:13 2018] [WL_MUST] 接收回复:
[Sun Nov 18 11:40:13 2018] [WL_MUST] ={
[Sun Nov 18 11:40:13 2018] [WL_MUST]   active=100
[Sun Nov 18 11:40:13 2018] [WL_MUST]   serverid=382
[Sun Nov 18 11:40:13 2018] [WL_MUST]   time=1542512413
[Sun Nov 18 11:40:13 2018] [WL_MUST]   account=d15860532696
[Sun Nov 18 11:40:13 2018] [WL_MUST] }
[Sun Nov 18 11:40:13 2018] [WL_MUST] =fail
[Sun Nov 18 11:41:26 2018] [WL_MUST] 发送事件:
[Sun Nov 18 11:41:26 2018] [WL_MUST] ={
[Sun Nov 18 11:41:26 2018] [WL_MUST]   page=/nycs_five_color
[Sun Nov 18 11:41:26 2018] [WL_MUST]   port=8008
[Sun Nov 18 11:41:26 2018] [WL_MUST]   domain=report.syyx.cn
[Sun Nov 18 11:41:26 2018] [WL_MUST]   param={
[Sun Nov 18 11:41:26 2018] [WL_MUST]     serverid=382
[Sun Nov 18 11:41:26 2018] [WL_MUST]     time=1542512486
[Sun Nov 18 11:41:26 2018] [WL_MUST]     account=18368629992
[Sun Nov 18 11:41:26 2018] [WL_MUST]   }
[Sun Nov 18 11:41:26 2018] [WL_MUST] }
[Sun Nov 18 11:41:26 2018] [WL_MUST] 接收回复:
[Sun Nov 18 11:41:26 2018] [WL_MUST] ={
[Sun Nov 18 11:41:26 2018] [WL_MUST]   serverid=382
[Sun Nov 18 11:41:26 2018] [WL_MUST]   time=1542512486
[Sun Nov 18 11:41:26 2018] [WL_MUST]   account=18368629992
[Sun Nov 18 11:41:26 2018] [WL_MUST] }
[Sun Nov 18 11:41:26 2018] [WL_MUST] =fail
[Sun Nov 18 12:32:07 2018] [WL_MUST] 发送事件:
[Sun Nov 18 12:32:07 2018] [WL_MUST] ={
[Sun Nov 18 12:32:07 2018] [WL_MUST]   page=/nycs_user_active
[Sun Nov 18 12:32:07 2018] [WL_MUST]   port=8008
[Sun Nov 18 12:32:07 2018] [WL_MUST]   domain=report.syyx.cn
[Sun Nov 18 12:32:07 2018] [WL_MUST]   param={
[Sun Nov 18 12:32:07 2018] [WL_MUST]     active=100
[Sun Nov 18 12:32:07 2018] [WL_MUST]     serverid=382
[Sun Nov 18 12:32:07 2018] [WL_MUST]     time=1542515527
[Sun Nov 18 12:32:07 2018] [WL_MUST]     account=ts6503
[Sun Nov 18 12:32:07 2018] [WL_MUST]   }
[Sun Nov 18 12:32:07 2018] [WL_MUST] }
[Sun Nov 18 12:32:07 2018] [WL_MUST] 接收回复:
[Sun Nov 18 12:32:07 2018] [WL_MUST] ={
[Sun Nov 18 12:32:07 2018] [WL_MUST]   active=100
[Sun Nov 18 12:32:07 2018] [WL_MUST]   serverid=382
[Sun Nov 18 12:32:07 2018] [WL_MUST]   time=1542515527
[Sun Nov 18 12:32:07 2018] [WL_MUST]   account=ts6503
[Sun Nov 18 12:32:07 2018] [WL_MUST] }
[Sun Nov 18 12:32:07 2018] [WL_MUST] =fail
[Sun Nov 18 12:32:10 2018] [WL_MUST] 发送事件:
[Sun Nov 18 12:32:10 2018] [WL_MUST] ={
[Sun Nov 18 12:32:10 2018] [WL_MUST]   page=/nycs_user_active
[Sun Nov 18 12:32:10 2018] [WL_MUST]   port=8008
[Sun Nov 18 12:32:10 2018] [WL_MUST]   domain=report.syyx.cn
[Sun Nov 18 12:32:10 2018] [WL_MUST]   param={
[Sun Nov 18 12:32:10 2018] [WL_MUST]     active=102
[Sun Nov 18 12:32:10 2018] [WL_MUST]     serverid=382
[Sun Nov 18 12:32:10 2018] [WL_MUST]     time=1542515530
[Sun Nov 18 12:32:10 2018] [WL_MUST]     account=18666628618
[Sun Nov 18 12:32:10 2018] [WL_MUST]   }
[Sun Nov 18 12:32:10 2018] [WL_MUST] }
[Sun Nov 18 12:32:10 2018] [WL_MUST] 接收回复:
[Sun Nov 18 12:32:10 2018] [WL_MUST] ={
[Sun Nov 18 12:32:10 2018] [WL_MUST]   active=102
[Sun Nov 18 12:32:10 2018] [WL_MUST]   serverid=382
[Sun Nov 18 12:32:10 2018] [WL_MUST]   time=1542515530
[Sun Nov 18 12:32:10 2018] [WL_MUST]   account=18666628618
[Sun Nov 18 12:32:10 2018] [WL_MUST] }
[Sun Nov 18 12:32:10 2018] [WL_MUST] =fail
[Sun Nov 18 12:32:11 2018] [WL_MUST] 发送事件:
[Sun Nov 18 12:32:11 2018] [WL_MUST] ={
[Sun Nov 18 12:32:11 2018] [WL_MUST]   page=/nycs_user_active
[Sun Nov 18 12:32:11 2018] [WL_MUST]   port=8008
[Sun Nov 18 12:32:11 2018] [WL_MUST]   domain=report.syyx.cn
[Sun Nov 18 12:32:11 2018] [WL_MUST]   param={
[Sun Nov 18 12:32:11 2018] [WL_MUST]     active=101
[Sun Nov 18 12:32:11 2018] [WL_MUST]     serverid=382
[Sun Nov 18 12:32:11 2018] [WL_MUST]     time=1542515531
[Sun Nov 18 12:32:11 2018] [WL_MUST]     account=13862359038abc
[Sun Nov 18 12:32:11 2018] [WL_MUST]   }
[Sun Nov 18 12:32:11 2018] [WL_MUST] }
[Sun Nov 18 12:32:11 2018] [WL_MUST] 接收回复:
[Sun Nov 18 12:32:11 2018] [WL_MUST] ={
[Sun Nov 18 12:32:11 2018] [WL_MUST]   active=101
[Sun Nov 18 12:32:11 2018] [WL_MUST]   serverid=382
[Sun Nov 18 12:32:11 2018] [WL_MUST]   time=1542515531
[Sun Nov 18 12:32:11 2018] [WL_MUST]   account=13862359038abc
[Sun Nov 18 12:32:11 2018] [WL_MUST] }
[Sun Nov 18 12:32:11 2018] [WL_MUST] =fail
[Sun Nov 18 12:36:13 2018] [WL_MUST] 发送事件:
[Sun Nov 18 12:36:13 2018] [WL_MUST] ={
[Sun Nov 18 12:36:13 2018] [WL_MUST]   page=/nycs_user_active
[Sun Nov 18 12:36:13 2018] [WL_MUST]   port=8008
[Sun Nov 18 12:36:13 2018] [WL_MUST]   domain=report.syyx.cn
[Sun Nov 18 12:36:13 2018] [WL_MUST]   param={
[Sun Nov 18 12:36:13 2018] [WL_MUST]     active=101
[Sun Nov 18 12:36:13 2018] [WL_MUST]     serverid=382
[Sun Nov 18 12:36:13 2018] [WL_MUST]     time=1542515773
[Sun Nov 18 12:36:13 2018] [WL_MUST]     account=wanyouxixingzhan
[Sun Nov 18 12:36:13 2018] [WL_MUST]   }
[Sun Nov 18 12:36:13 2018] [WL_MUST] }
[Sun Nov 18 12:36:13 2018] [WL_MUST] 接收回复:
[Sun Nov 18 12:36:13 2018] [WL_MUST] ={
[Sun Nov 18 12:36:13 2018] [WL_MUST]   active=101
[Sun Nov 18 12:36:13 2018] [WL_MUST]   serverid=382
[Sun Nov 18 12:36:13 2018] [WL_MUST]   time=1542515773
[Sun Nov 18 12:36:13 2018] [WL_MUST]   account=wanyouxixingzhan
[Sun Nov 18 12:36:13 2018] [WL_MUST] }
[Sun Nov 18 12:36:13 2018] [WL_MUST] =fail
[Sun Nov 18 12:37:10 2018] [WL_MUST] 发送事件:
[Sun Nov 18 12:37:10 2018] [WL_MUST] ={
[Sun Nov 18 12:37:10 2018] [WL_MUST]   page=/nycs_user_active
[Sun Nov 18 12:37:10 2018] [WL_MUST]   port=8008
[Sun Nov 18 12:37:10 2018] [WL_MUST]   domain=report.syyx.cn
[Sun Nov 18 12:37:10 2018] [WL_MUST]   param={
[Sun Nov 18 12:37:10 2018] [WL_MUST]     active=102
[Sun Nov 18 12:37:10 2018] [WL_MUST]     serverid=382
[Sun Nov 18 12:37:10 2018] [WL_MUST]     time=1542515830
[Sun Nov 18 12:37:10 2018] [WL_MUST]     account=lan000029
[Sun Nov 18 12:37:10 2018] [WL_MUST]   }
[Sun Nov 18 12:37:10 2018] [WL_MUST] }
[Sun Nov 18 12:37:10 2018] [WL_MUST] 接收回复:
[Sun Nov 18 12:37:10 2018] [WL_MUST] ={
[Sun Nov 18 12:37:10 2018] [WL_MUST]   active=102
[Sun Nov 18 12:37:10 2018] [WL_MUST]   serverid=382
[Sun Nov 18 12:37:10 2018] [WL_MUST]   time=1542515830
[Sun Nov 18 12:37:10 2018] [WL_MUST]   account=lan000029
[Sun Nov 18 12:37:10 2018] [WL_MUST] }
[Sun Nov 18 12:37:10 2018] [WL_MUST] =fail
[Sun Nov 18 13:12:38 2018] [WL_MUST] 发送事件:
[Sun Nov 18 13:12:38 2018] [WL_MUST] ={
[Sun Nov 18 13:12:38 2018] [WL_MUST]   page=/nycs_five_color
[Sun Nov 18 13:12:38 2018] [WL_MUST]   port=8008
[Sun Nov 18 13:12:38 2018] [WL_MUST]   domain=report.syyx.cn
[Sun Nov 18 13:12:38 2018] [WL_MUST]   param={
[Sun Nov 18 13:12:38 2018] [WL_MUST]     serverid=382
[Sun Nov 18 13:12:38 2018] [WL_MUST]     time=1542517958
[Sun Nov 18 13:12:38 2018] [WL_MUST]     account=nixiangwoma
[Sun Nov 18 13:12:38 2018] [WL_MUST]   }
[Sun Nov 18 13:12:38 2018] [WL_MUST] }
[Sun Nov 18 13:12:38 2018] [WL_MUST] 接收回复:
[Sun Nov 18 13:12:38 2018] [WL_MUST] ={
[Sun Nov 18 13:12:38 2018] [WL_MUST]   serverid=382
[Sun Nov 18 13:12:38 2018] [WL_MUST]   time=1542517958
[Sun Nov 18 13:12:38 2018] [WL_MUST]   account=nixiangwoma
[Sun Nov 18 13:12:38 2018] [WL_MUST] }
[Sun Nov 18 13:12:38 2018] [WL_MUST] =fail
[Sun Nov 18 13:30:10 2018] [WL_MUST] 发送事件:
[Sun Nov 18 13:30:10 2018] [WL_MUST] ={
[Sun Nov 18 13:30:10 2018] [WL_MUST]   page=/nycs_user_active
[Sun Nov 18 13:30:10 2018] [WL_MUST]   port=8008
[Sun Nov 18 13:30:10 2018] [WL_MUST]   domain=report.syyx.cn
[Sun Nov 18 13:30:10 2018] [WL_MUST]   param={
[Sun Nov 18 13:30:10 2018] [WL_MUST]     active=106
[Sun Nov 18 13:30:10 2018] [WL_MUST]     serverid=382
[Sun Nov 18 13:30:10 2018] [WL_MUST]     time=1542519010
[Sun Nov 18 13:30:10 2018] [WL_MUST]     account=zimu1911
[Sun Nov 18 13:30:10 2018] [WL_MUST]   }
[Sun Nov 18 13:30:10 2018] [WL_MUST] }
[Sun Nov 18 13:30:10 2018] [WL_MUST] 接收回复:
[Sun Nov 18 13:30:10 2018] [WL_MUST] ={
[Sun Nov 18 13:30:10 2018] [WL_MUST]   active=106
[Sun Nov 18 13:30:10 2018] [WL_MUST]   serverid=382
[Sun Nov 18 13:30:10 2018] [WL_MUST]   time=1542519010
[Sun Nov 18 13:30:10 2018] [WL_MUST]   account=zimu1911
[Sun Nov 18 13:30:10 2018] [WL_MUST] }
[Sun Nov 18 13:30:10 2018] [WL_MUST] =fail
[Sun Nov 18 13:36:24 2018] [WL_MUST] 发送事件:
[Sun Nov 18 13:36:24 2018] [WL_MUST] ={
[Sun Nov 18 13:36:24 2018] [WL_MUST]   page=/nycs_user_active
[Sun Nov 18 13:36:24 2018] [WL_MUST]   port=8008
[Sun Nov 18 13:36:24 2018] [WL_MUST]   domain=report.syyx.cn
[Sun Nov 18 13:36:24 2018] [WL_MUST]   param={
[Sun Nov 18 13:36:24 2018] [WL_MUST]     active=102
[Sun Nov 18 13:36:24 2018] [WL_MUST]     serverid=382
[Sun Nov 18 13:36:24 2018] [WL_MUST]     time=1542519384
[Sun Nov 18 13:36:24 2018] [WL_MUST]     account=zimu2014
[Sun Nov 18 13:36:24 2018] [WL_MUST]   }
[Sun Nov 18 13:36:24 2018] [WL_MUST] }
[Sun Nov 18 13:36:24 2018] [WL_MUST] 接收回复:
[Sun Nov 18 13:36:24 2018] [WL_MUST] ={
[Sun Nov 18 13:36:24 2018] [WL_MUST]   active=102
[Sun Nov 18 13:36:24 2018] [WL_MUST]   serverid=382
[Sun Nov 18 13:36:24 2018] [WL_MUST]   time=1542519384
[Sun Nov 18 13:36:24 2018] [WL_MUST]   account=zimu2014
[Sun Nov 18 13:36:24 2018] [WL_MUST] }
[Sun Nov 18 13:36:24 2018] [WL_MUST] =fail
[Sun Nov 18 13:36:58 2018] [WL_MUST] 发送事件:
[Sun Nov 18 13:36:58 2018] [WL_MUST] ={
[Sun Nov 18 13:36:58 2018] [WL_MUST]   page=/nycs_user_active
[Sun Nov 18 13:36:58 2018] [WL_MUST]   port=8008
[Sun Nov 18 13:36:58 2018] [WL_MUST]   domain=report.syyx.cn
[Sun Nov 18 13:36:58 2018] [WL_MUST]   param={
[Sun Nov 18 13:36:58 2018] [WL_MUST]     active=102
[Sun Nov 18 13:36:58 2018] [WL_MUST]     serverid=382
[Sun Nov 18 13:36:58 2018] [WL_MUST]     time=1542519418
[Sun Nov 18 13:36:58 2018] [WL_MUST]     account=shasha06022841
[Sun Nov 18 13:36:58 2018] [WL_MUST]   }
[Sun Nov 18 13:36:58 2018] [WL_MUST] }
[Sun Nov 18 13:36:58 2018] [WL_MUST] 发送事件:
[Sun Nov 18 13:36:58 2018] [WL_MUST] ={
[Sun Nov 18 13:36:58 2018] [WL_MUST]   page=/nycs_user_active
[Sun Nov 18 13:36:58 2018] [WL_MUST]   port=8008
[Sun Nov 18 13:36:58 2018] [WL_MUST]   domain=report.syyx.cn
[Sun Nov 18 13:36:58 2018] [WL_MUST]   param={
[Sun Nov 18 13:36:58 2018] [WL_MUST]     active=100
[Sun Nov 18 13:36:58 2018] [WL_MUST]     serverid=382
[Sun Nov 18 13:36:58 2018] [WL_MUST]     time=1542519418
[Sun Nov 18 13:36:58 2018] [WL_MUST]     account=a15860532696
[Sun Nov 18 13:36:58 2018] [WL_MUST]   }
[Sun Nov 18 13:36:58 2018] [WL_MUST] }
[Sun Nov 18 13:36:58 2018] [WL_MUST] 接收回复:
[Sun Nov 18 13:36:58 2018] [WL_MUST] ={
[Sun Nov 18 13:36:58 2018] [WL_MUST]   active=102
[Sun Nov 18 13:36:58 2018] [WL_MUST]   serverid=382
[Sun Nov 18 13:36:58 2018] [WL_MUST]   time=1542519418
[Sun Nov 18 13:36:58 2018] [WL_MUST]   account=shasha06022841
[Sun Nov 18 13:36:58 2018] [WL_MUST] }
[Sun Nov 18 13:36:58 2018] [WL_MUST] =fail
[Sun Nov 18 13:36:58 2018] [WL_MUST] 接收回复:
[Sun Nov 18 13:36:58 2018] [WL_MUST] ={
[Sun Nov 18 13:36:58 2018] [WL_MUST]   active=100
[Sun Nov 18 13:36:58 2018] [WL_MUST]   serverid=382
[Sun Nov 18 13:36:58 2018] [WL_MUST]   time=1542519418
[Sun Nov 18 13:36:58 2018] [WL_MUST]   account=a15860532696
[Sun Nov 18 13:36:58 2018] [WL_MUST] }
[Sun Nov 18 13:36:58 2018] [WL_MUST] =fail
[Sun Nov 18 14:32:12 2018] [WL_MUST] 发送事件:
[Sun Nov 18 14:32:12 2018] [WL_MUST] ={
[Sun Nov 18 14:32:12 2018] [WL_MUST]   page=/nycs_user_active
[Sun Nov 18 14:32:12 2018] [WL_MUST]   port=8008
[Sun Nov 18 14:32:12 2018] [WL_MUST]   domain=report.syyx.cn
[Sun Nov 18 14:32:12 2018] [WL_MUST]   param={
[Sun Nov 18 14:32:12 2018] [WL_MUST]     active=102
[Sun Nov 18 14:32:12 2018] [WL_MUST]     serverid=382
[Sun Nov 18 14:32:12 2018] [WL_MUST]     time=1542522732
[Sun Nov 18 14:32:12 2018] [WL_MUST]     account=yhy995943
[Sun Nov 18 14:32:12 2018] [WL_MUST]   }
[Sun Nov 18 14:32:12 2018] [WL_MUST] }
[Sun Nov 18 14:32:12 2018] [WL_MUST] 接收回复:
[Sun Nov 18 14:32:12 2018] [WL_MUST] ={
[Sun Nov 18 14:32:12 2018] [WL_MUST]   active=102
[Sun Nov 18 14:32:12 2018] [WL_MUST]   serverid=382
[Sun Nov 18 14:32:12 2018] [WL_MUST]   time=1542522732
[Sun Nov 18 14:32:12 2018] [WL_MUST]   account=yhy995943
[Sun Nov 18 14:32:12 2018] [WL_MUST] }
[Sun Nov 18 14:32:12 2018] [WL_MUST] =fail
[Sun Nov 18 14:36:09 2018] [WL_MUST] 发送事件:
[Sun Nov 18 14:36:09 2018] [WL_MUST] ={
[Sun Nov 18 14:36:09 2018] [WL_MUST]   page=/nycs_user_active
[Sun Nov 18 14:36:09 2018] [WL_MUST]   port=8008
[Sun Nov 18 14:36:09 2018] [WL_MUST]   domain=report.syyx.cn
[Sun Nov 18 14:36:09 2018] [WL_MUST]   param={
[Sun Nov 18 14:36:09 2018] [WL_MUST]     active=100
[Sun Nov 18 14:36:09 2018] [WL_MUST]     serverid=382
[Sun Nov 18 14:36:09 2018] [WL_MUST]     time=1542522969
[Sun Nov 18 14:36:09 2018] [WL_MUST]     account=cre3012
[Sun Nov 18 14:36:09 2018] [WL_MUST]   }
[Sun Nov 18 14:36:09 2018] [WL_MUST] }
[Sun Nov 18 14:36:09 2018] [WL_MUST] 接收回复:
[Sun Nov 18 14:36:09 2018] [WL_MUST] ={
[Sun Nov 18 14:36:09 2018] [WL_MUST]   active=100
[Sun Nov 18 14:36:09 2018] [WL_MUST]   serverid=382
[Sun Nov 18 14:36:09 2018] [WL_MUST]   time=1542522969
[Sun Nov 18 14:36:09 2018] [WL_MUST]   account=cre3012
[Sun Nov 18 14:36:09 2018] [WL_MUST] }
[Sun Nov 18 14:36:09 2018] [WL_MUST] =fail
[Sun Nov 18 15:32:09 2018] [WL_MUST] 发送事件:
[Sun Nov 18 15:32:09 2018] [WL_MUST] ={
[Sun Nov 18 15:32:09 2018] [WL_MUST]   page=/nycs_user_active
[Sun Nov 18 15:32:09 2018] [WL_MUST]   port=8008
[Sun Nov 18 15:32:09 2018] [WL_MUST]   domain=report.syyx.cn
[Sun Nov 18 15:32:09 2018] [WL_MUST]   param={
[Sun Nov 18 15:32:09 2018] [WL_MUST]     active=100
[Sun Nov 18 15:32:09 2018] [WL_MUST]     serverid=382
[Sun Nov 18 15:32:09 2018] [WL_MUST]     time=1542526329
[Sun Nov 18 15:32:09 2018] [WL_MUST]     account=pwf2017
[Sun Nov 18 15:32:09 2018] [WL_MUST]   }
[Sun Nov 18 15:32:09 2018] [WL_MUST] }
[Sun Nov 18 15:32:09 2018] [WL_MUST] 接收回复:
[Sun Nov 18 15:32:09 2018] [WL_MUST] ={
[Sun Nov 18 15:32:09 2018] [WL_MUST]   active=100
[Sun Nov 18 15:32:09 2018] [WL_MUST]   serverid=382
[Sun Nov 18 15:32:09 2018] [WL_MUST]   time=1542526329
[Sun Nov 18 15:32:09 2018] [WL_MUST]   account=pwf2017
[Sun Nov 18 15:32:09 2018] [WL_MUST] }
[Sun Nov 18 15:32:09 2018] [WL_MUST] =fail
[Sun Nov 18 15:36:14 2018] [WL_MUST] 发送事件:
[Sun Nov 18 15:36:14 2018] [WL_MUST] ={
[Sun Nov 18 15:36:14 2018] [WL_MUST]   page=/nycs_user_active
[Sun Nov 18 15:36:14 2018] [WL_MUST]   port=8008
[Sun Nov 18 15:36:14 2018] [WL_MUST]   domain=report.syyx.cn
[Sun Nov 18 15:36:14 2018] [WL_MUST]   param={
[Sun Nov 18 15:36:14 2018] [WL_MUST]     active=101
[Sun Nov 18 15:36:14 2018] [WL_MUST]     serverid=382
[Sun Nov 18 15:36:14 2018] [WL_MUST]     time=1542526574
[Sun Nov 18 15:36:14 2018] [WL_MUST]     account=jyxfd2010
[Sun Nov 18 15:36:14 2018] [WL_MUST]   }
[Sun Nov 18 15:36:14 2018] [WL_MUST] }
[Sun Nov 18 15:36:14 2018] [WL_MUST] 接收回复:
[Sun Nov 18 15:36:14 2018] [WL_MUST] ={
[Sun Nov 18 15:36:14 2018] [WL_MUST]   active=101
[Sun Nov 18 15:36:14 2018] [WL_MUST]   serverid=382
[Sun Nov 18 15:36:14 2018] [WL_MUST]   time=1542526574
[Sun Nov 18 15:36:14 2018] [WL_MUST]   account=jyxfd2010
[Sun Nov 18 15:36:14 2018] [WL_MUST] }
[Sun Nov 18 15:36:14 2018] [WL_MUST] =fail
[Sun Nov 18 15:40:17 2018] [WL_MUST] 发送事件:
[Sun Nov 18 15:40:17 2018] [WL_MUST] ={
[Sun Nov 18 15:40:17 2018] [WL_MUST]   page=/nycs_user_active
[Sun Nov 18 15:40:17 2018] [WL_MUST]   port=8008
[Sun Nov 18 15:40:17 2018] [WL_MUST]   domain=report.syyx.cn
[Sun Nov 18 15:40:17 2018] [WL_MUST]   param={
[Sun Nov 18 15:40:17 2018] [WL_MUST]     active=101
[Sun Nov 18 15:40:17 2018] [WL_MUST]     serverid=382
[Sun Nov 18 15:40:17 2018] [WL_MUST]     time=1542526817
[Sun Nov 18 15:40:17 2018] [WL_MUST]     account=zmjc2014
[Sun Nov 18 15:40:17 2018] [WL_MUST]   }
[Sun Nov 18 15:40:17 2018] [WL_MUST] }
[Sun Nov 18 15:40:17 2018] [WL_MUST] 发送事件:
[Sun Nov 18 15:40:17 2018] [WL_MUST] ={
[Sun Nov 18 15:40:17 2018] [WL_MUST]   page=/nycs_user_active
[Sun Nov 18 15:40:17 2018] [WL_MUST]   port=8008
[Sun Nov 18 15:40:17 2018] [WL_MUST]   domain=report.syyx.cn
[Sun Nov 18 15:40:17 2018] [WL_MUST]   param={
[Sun Nov 18 15:40:17 2018] [WL_MUST]     active=100
[Sun Nov 18 15:40:17 2018] [WL_MUST]     serverid=382
[Sun Nov 18 15:40:17 2018] [WL_MUST]     time=1542526817
[Sun Nov 18 15:40:17 2018] [WL_MUST]     account=yang13629050222
[Sun Nov 18 15:40:17 2018] [WL_MUST]   }
[Sun Nov 18 15:40:17 2018] [WL_MUST] }
[Sun Nov 18 15:40:17 2018] [WL_MUST] 接收回复:
[Sun Nov 18 15:40:17 2018] [WL_MUST] ={
[Sun Nov 18 15:40:17 2018] [WL_MUST]   active=101
[Sun Nov 18 15:40:17 2018] [WL_MUST]   serverid=382
[Sun Nov 18 15:40:17 2018] [WL_MUST]   time=1542526817
[Sun Nov 18 15:40:17 2018] [WL_MUST]   account=zmjc2014
[Sun Nov 18 15:40:17 2018] [WL_MUST] }
[Sun Nov 18 15:40:17 2018] [WL_MUST] =fail
[Sun Nov 18 15:40:17 2018] [WL_MUST] 接收回复:
[Sun Nov 18 15:40:17 2018] [WL_MUST] ={
[Sun Nov 18 15:40:17 2018] [WL_MUST]   active=100
[Sun Nov 18 15:40:17 2018] [WL_MUST]   serverid=382
[Sun Nov 18 15:40:17 2018] [WL_MUST]   time=1542526817
[Sun Nov 18 15:40:17 2018] [WL_MUST]   account=yang13629050222
[Sun Nov 18 15:40:17 2018] [WL_MUST] }
[Sun Nov 18 15:40:17 2018] [WL_MUST] =fail
[Sun Nov 18 16:32:37 2018] [WL_MUST] 发送事件:
[Sun Nov 18 16:32:37 2018] [WL_MUST] ={
[Sun Nov 18 16:32:37 2018] [WL_MUST]   page=/nycs_user_active
[Sun Nov 18 16:32:37 2018] [WL_MUST]   port=8008
[Sun Nov 18 16:32:37 2018] [WL_MUST]   domain=report.syyx.cn
[Sun Nov 18 16:32:37 2018] [WL_MUST]   param={
[Sun Nov 18 16:32:37 2018] [WL_MUST]     active=100
[Sun Nov 18 16:32:37 2018] [WL_MUST]     serverid=382
[Sun Nov 18 16:32:37 2018] [WL_MUST]     time=1542529957
[Sun Nov 18 16:32:37 2018] [WL_MUST]     account=zhang5959
[Sun Nov 18 16:32:37 2018] [WL_MUST]   }
[Sun Nov 18 16:32:37 2018] [WL_MUST] }
[Sun Nov 18 16:32:37 2018] [WL_MUST] 接收回复:
[Sun Nov 18 16:32:37 2018] [WL_MUST] ={
[Sun Nov 18 16:32:37 2018] [WL_MUST]   active=100
[Sun Nov 18 16:32:37 2018] [WL_MUST]   serverid=382
[Sun Nov 18 16:32:37 2018] [WL_MUST]   time=1542529957
[Sun Nov 18 16:32:37 2018] [WL_MUST]   account=zhang5959
[Sun Nov 18 16:32:37 2018] [WL_MUST] }
[Sun Nov 18 16:32:37 2018] [WL_MUST] =fail
[Sun Nov 18 17:32:29 2018] [WL_MUST] 发送事件:
[Sun Nov 18 17:32:29 2018] [WL_MUST] ={
[Sun Nov 18 17:32:29 2018] [WL_MUST]   page=/nycs_user_active
[Sun Nov 18 17:32:29 2018] [WL_MUST]   port=8008
[Sun Nov 18 17:32:29 2018] [WL_MUST]   domain=report.syyx.cn
[Sun Nov 18 17:32:29 2018] [WL_MUST]   param={
[Sun Nov 18 17:32:29 2018] [WL_MUST]     active=100
[Sun Nov 18 17:32:29 2018] [WL_MUST]     serverid=382
[Sun Nov 18 17:32:29 2018] [WL_MUST]     time=1542533549
[Sun Nov 18 17:32:29 2018] [WL_MUST]     account=qq519198974
[Sun Nov 18 17:32:29 2018] [WL_MUST]   }
[Sun Nov 18 17:32:29 2018] [WL_MUST] }
[Sun Nov 18 17:32:29 2018] [WL_MUST] 接收回复:
[Sun Nov 18 17:32:29 2018] [WL_MUST] ={
[Sun Nov 18 17:32:29 2018] [WL_MUST]   active=100
[Sun Nov 18 17:32:29 2018] [WL_MUST]   serverid=382
[Sun Nov 18 17:32:29 2018] [WL_MUST]   time=1542533549
[Sun Nov 18 17:32:29 2018] [WL_MUST]   account=qq519198974
[Sun Nov 18 17:32:29 2018] [WL_MUST] }
[Sun Nov 18 17:32:29 2018] [WL_MUST] =fail
[Sun Nov 18 17:32:30 2018] [WL_MUST] 发送事件:
[Sun Nov 18 17:32:30 2018] [WL_MUST] ={
[Sun Nov 18 17:32:30 2018] [WL_MUST]   page=/nycs_user_active
[Sun Nov 18 17:32:30 2018] [WL_MUST]   port=8008
[Sun Nov 18 17:32:30 2018] [WL_MUST]   domain=report.syyx.cn
[Sun Nov 18 17:32:30 2018] [WL_MUST]   param={
[Sun Nov 18 17:32:30 2018] [WL_MUST]     active=100
[Sun Nov 18 17:32:30 2018] [WL_MUST]     serverid=382
[Sun Nov 18 17:32:30 2018] [WL_MUST]     time=1542533550
[Sun Nov 18 17:32:30 2018] [WL_MUST]     account=b15860532696
[Sun Nov 18 17:32:30 2018] [WL_MUST]   }
[Sun Nov 18 17:32:30 2018] [WL_MUST] }
[Sun Nov 18 17:32:30 2018] [WL_MUST] 接收回复:
[Sun Nov 18 17:32:30 2018] [WL_MUST] ={
[Sun Nov 18 17:32:30 2018] [WL_MUST]   active=100
[Sun Nov 18 17:32:30 2018] [WL_MUST]   serverid=382
[Sun Nov 18 17:32:30 2018] [WL_MUST]   time=1542533550
[Sun Nov 18 17:32:30 2018] [WL_MUST]   account=b15860532696
[Sun Nov 18 17:32:30 2018] [WL_MUST] }
[Sun Nov 18 17:32:30 2018] [WL_MUST] =fail
[Sun Nov 18 17:32:36 2018] [WL_MUST] 发送事件:
[Sun Nov 18 17:32:36 2018] [WL_MUST] ={
[Sun Nov 18 17:32:36 2018] [WL_MUST]   page=/nycs_user_active
[Sun Nov 18 17:32:36 2018] [WL_MUST]   port=8008
[Sun Nov 18 17:32:36 2018] [WL_MUST]   domain=report.syyx.cn
[Sun Nov 18 17:32:36 2018] [WL_MUST]   param={
[Sun Nov 18 17:32:36 2018] [WL_MUST]     active=102
[Sun Nov 18 17:32:36 2018] [WL_MUST]     serverid=382
[Sun Nov 18 17:32:36 2018] [WL_MUST]     time=1542533556
[Sun Nov 18 17:32:36 2018] [WL_MUST]     account=zyt112199
[Sun Nov 18 17:32:36 2018] [WL_MUST]   }
[Sun Nov 18 17:32:36 2018] [WL_MUST] }
[Sun Nov 18 17:32:36 2018] [WL_MUST] 接收回复:
[Sun Nov 18 17:32:36 2018] [WL_MUST] ={
[Sun Nov 18 17:32:36 2018] [WL_MUST]   active=102
[Sun Nov 18 17:32:36 2018] [WL_MUST]   serverid=382
[Sun Nov 18 17:32:36 2018] [WL_MUST]   time=1542533556
[Sun Nov 18 17:32:36 2018] [WL_MUST]   account=zyt112199
[Sun Nov 18 17:32:36 2018] [WL_MUST] }
[Sun Nov 18 17:32:36 2018] [WL_MUST] =fail
[Sun Nov 18 17:40:47 2018] [WL_MUST] 发送事件:
[Sun Nov 18 17:40:47 2018] [WL_MUST] ={
[Sun Nov 18 17:40:47 2018] [WL_MUST]   page=/nycs_user_active
[Sun Nov 18 17:40:47 2018] [WL_MUST]   port=8008
[Sun Nov 18 17:40:47 2018] [WL_MUST]   domain=report.syyx.cn
[Sun Nov 18 17:40:47 2018] [WL_MUST]   param={
[Sun Nov 18 17:40:47 2018] [WL_MUST]     active=102
[Sun Nov 18 17:40:47 2018] [WL_MUST]     serverid=382
[Sun Nov 18 17:40:47 2018] [WL_MUST]     time=1542534047
[Sun Nov 18 17:40:47 2018] [WL_MUST]     account=xwb060601
[Sun Nov 18 17:40:47 2018] [WL_MUST]   }
[Sun Nov 18 17:40:47 2018] [WL_MUST] }
[Sun Nov 18 17:40:47 2018] [WL_MUST] 接收回复:
[Sun Nov 18 17:40:47 2018] [WL_MUST] ={
[Sun Nov 18 17:40:47 2018] [WL_MUST]   active=102
[Sun Nov 18 17:40:47 2018] [WL_MUST]   serverid=382
[Sun Nov 18 17:40:47 2018] [WL_MUST]   time=1542534047
[Sun Nov 18 17:40:47 2018] [WL_MUST]   account=xwb060601
[Sun Nov 18 17:40:47 2018] [WL_MUST] }
[Sun Nov 18 17:40:47 2018] [WL_MUST] =fail
[Sun Nov 18 18:30:19 2018] [WL_MUST] 发送事件:
[Sun Nov 18 18:30:19 2018] [WL_MUST] ={
[Sun Nov 18 18:30:19 2018] [WL_MUST]   page=/nycs_five_color
[Sun Nov 18 18:30:19 2018] [WL_MUST]   port=8008
[Sun Nov 18 18:30:19 2018] [WL_MUST]   domain=report.syyx.cn
[Sun Nov 18 18:30:19 2018] [WL_MUST]   param={
[Sun Nov 18 18:30:19 2018] [WL_MUST]     serverid=382
[Sun Nov 18 18:30:19 2018] [WL_MUST]     time=1542537019
[Sun Nov 18 18:30:19 2018] [WL_MUST]     account=yishao19900910
[Sun Nov 18 18:30:19 2018] [WL_MUST]   }
[Sun Nov 18 18:30:19 2018] [WL_MUST] }
[Sun Nov 18 18:30:19 2018] [WL_MUST] 接收回复:
[Sun Nov 18 18:30:19 2018] [WL_MUST] ={
[Sun Nov 18 18:30:19 2018] [WL_MUST]   serverid=382
[Sun Nov 18 18:30:19 2018] [WL_MUST]   time=1542537019
[Sun Nov 18 18:30:19 2018] [WL_MUST]   account=yishao19900910
[Sun Nov 18 18:30:19 2018] [WL_MUST] }
[Sun Nov 18 18:30:19 2018] [WL_MUST] =fail
[Sun Nov 18 18:32:25 2018] [WL_MUST] 发送事件:
[Sun Nov 18 18:32:25 2018] [WL_MUST] ={
[Sun Nov 18 18:32:25 2018] [WL_MUST]   page=/nycs_user_active
[Sun Nov 18 18:32:25 2018] [WL_MUST]   port=8008
[Sun Nov 18 18:32:25 2018] [WL_MUST]   domain=report.syyx.cn
[Sun Nov 18 18:32:25 2018] [WL_MUST]   param={
[Sun Nov 18 18:32:25 2018] [WL_MUST]     active=100
[Sun Nov 18 18:32:25 2018] [WL_MUST]     serverid=382
[Sun Nov 18 18:32:25 2018] [WL_MUST]     time=1542537145
[Sun Nov 18 18:32:25 2018] [WL_MUST]     account=lin911520
[Sun Nov 18 18:32:25 2018] [WL_MUST]   }
[Sun Nov 18 18:32:25 2018] [WL_MUST] }
[Sun Nov 18 18:32:25 2018] [WL_MUST] 接收回复:
[Sun Nov 18 18:32:25 2018] [WL_MUST] ={
[Sun Nov 18 18:32:25 2018] [WL_MUST]   active=100
[Sun Nov 18 18:32:25 2018] [WL_MUST]   serverid=382
[Sun Nov 18 18:32:25 2018] [WL_MUST]   time=1542537145
[Sun Nov 18 18:32:25 2018] [WL_MUST]   account=lin911520
[Sun Nov 18 18:32:25 2018] [WL_MUST] }
[Sun Nov 18 18:32:25 2018] [WL_MUST] =fail
[Sun Nov 18 18:32:37 2018] [WL_MUST] 发送事件:
[Sun Nov 18 18:32:37 2018] [WL_MUST] ={
[Sun Nov 18 18:32:37 2018] [WL_MUST]   page=/nycs_user_active
[Sun Nov 18 18:32:37 2018] [WL_MUST]   port=8008
[Sun Nov 18 18:32:37 2018] [WL_MUST]   domain=report.syyx.cn
[Sun Nov 18 18:32:37 2018] [WL_MUST]   param={
[Sun Nov 18 18:32:37 2018] [WL_MUST]     active=101
[Sun Nov 18 18:32:37 2018] [WL_MUST]     serverid=382
[Sun Nov 18 18:32:37 2018] [WL_MUST]     time=1542537157
[Sun Nov 18 18:32:37 2018] [WL_MUST]     account=madongqin_shenqi
[Sun Nov 18 18:32:37 2018] [WL_MUST]   }
[Sun Nov 18 18:32:37 2018] [WL_MUST] }
[Sun Nov 18 18:32:37 2018] [WL_MUST] 接收回复:
[Sun Nov 18 18:32:37 2018] [WL_MUST] ={
[Sun Nov 18 18:32:37 2018] [WL_MUST]   active=101
[Sun Nov 18 18:32:37 2018] [WL_MUST]   serverid=382
[Sun Nov 18 18:32:37 2018] [WL_MUST]   time=1542537157
[Sun Nov 18 18:32:37 2018] [WL_MUST]   account=madongqin_shenqi
[Sun Nov 18 18:32:37 2018] [WL_MUST] }
[Sun Nov 18 18:32:37 2018] [WL_MUST] =fail
[Sun Nov 18 18:36:24 2018] [WL_MUST] 发送事件:
[Sun Nov 18 18:36:24 2018] [WL_MUST] ={
[Sun Nov 18 18:36:24 2018] [WL_MUST]   page=/nycs_user_active
[Sun Nov 18 18:36:24 2018] [WL_MUST]   port=8008
[Sun Nov 18 18:36:24 2018] [WL_MUST]   domain=report.syyx.cn
[Sun Nov 18 18:36:24 2018] [WL_MUST]   param={
[Sun Nov 18 18:36:24 2018] [WL_MUST]     active=101
[Sun Nov 18 18:36:24 2018] [WL_MUST]     serverid=382
[Sun Nov 18 18:36:24 2018] [WL_MUST]     time=1542537384
[Sun Nov 18 18:36:24 2018] [WL_MUST]     account=stj112199
[Sun Nov 18 18:36:24 2018] [WL_MUST]   }
[Sun Nov 18 18:36:24 2018] [WL_MUST] }
[Sun Nov 18 18:36:24 2018] [WL_MUST] 接收回复:
[Sun Nov 18 18:36:24 2018] [WL_MUST] ={
[Sun Nov 18 18:36:24 2018] [WL_MUST]   active=101
[Sun Nov 18 18:36:24 2018] [WL_MUST]   serverid=382
[Sun Nov 18 18:36:24 2018] [WL_MUST]   time=1542537384
[Sun Nov 18 18:36:24 2018] [WL_MUST]   account=stj112199
[Sun Nov 18 18:36:24 2018] [WL_MUST] }
[Sun Nov 18 18:36:24 2018] [WL_MUST] =fail
[Sun Nov 18 18:36:46 2018] [WL_MUST] 发送事件:
[Sun Nov 18 18:36:46 2018] [WL_MUST] ={
[Sun Nov 18 18:36:46 2018] [WL_MUST]   page=/nycs_user_active
[Sun Nov 18 18:36:46 2018] [WL_MUST]   port=8008
[Sun Nov 18 18:36:46 2018] [WL_MUST]   domain=report.syyx.cn
[Sun Nov 18 18:36:46 2018] [WL_MUST]   param={
[Sun Nov 18 18:36:46 2018] [WL_MUST]     active=100
[Sun Nov 18 18:36:46 2018] [WL_MUST]     serverid=382
[Sun Nov 18 18:36:46 2018] [WL_MUST]     time=1542537406
[Sun Nov 18 18:36:46 2018] [WL_MUST]     account=ag01856
[Sun Nov 18 18:36:46 2018] [WL_MUST]   }
[Sun Nov 18 18:36:46 2018] [WL_MUST] }
[Sun Nov 18 18:36:46 2018] [WL_MUST] 接收回复:
[Sun Nov 18 18:36:46 2018] [WL_MUST] ={
[Sun Nov 18 18:36:46 2018] [WL_MUST]   active=100
[Sun Nov 18 18:36:46 2018] [WL_MUST]   serverid=382
[Sun Nov 18 18:36:46 2018] [WL_MUST]   time=1542537406
[Sun Nov 18 18:36:46 2018] [WL_MUST]   account=ag01856
[Sun Nov 18 18:36:46 2018] [WL_MUST] }
[Sun Nov 18 18:36:46 2018] [WL_MUST] =fail
[Sun Nov 18 18:37:36 2018] [WL_MUST] 发送事件:
[Sun Nov 18 18:37:36 2018] [WL_MUST] ={
[Sun Nov 18 18:37:36 2018] [WL_MUST]   page=/nycs_user_active
[Sun Nov 18 18:37:36 2018] [WL_MUST]   port=8008
[Sun Nov 18 18:37:36 2018] [WL_MUST]   domain=report.syyx.cn
[Sun Nov 18 18:37:36 2018] [WL_MUST]   param={
[Sun Nov 18 18:37:36 2018] [WL_MUST]     active=104
[Sun Nov 18 18:37:36 2018] [WL_MUST]     serverid=382
[Sun Nov 18 18:37:36 2018] [WL_MUST]     time=1542537456
[Sun Nov 18 18:37:36 2018] [WL_MUST]     account=15910842526
[Sun Nov 18 18:37:36 2018] [WL_MUST]   }
[Sun Nov 18 18:37:36 2018] [WL_MUST] }
[Sun Nov 18 18:37:37 2018] [WL_MUST] 接收回复:
[Sun Nov 18 18:37:37 2018] [WL_MUST] ={
[Sun Nov 18 18:37:37 2018] [WL_MUST]   active=104
[Sun Nov 18 18:37:37 2018] [WL_MUST]   serverid=382
[Sun Nov 18 18:37:37 2018] [WL_MUST]   time=1542537456
[Sun Nov 18 18:37:37 2018] [WL_MUST]   account=15910842526
[Sun Nov 18 18:37:37 2018] [WL_MUST] }
[Sun Nov 18 18:37:37 2018] [WL_MUST] =fail
[Sun Nov 18 18:40:16 2018] [WL_MUST] 发送事件:
[Sun Nov 18 18:40:16 2018] [WL_MUST] ={
[Sun Nov 18 18:40:16 2018] [WL_MUST]   page=/nycs_user_active
[Sun Nov 18 18:40:16 2018] [WL_MUST]   port=8008
[Sun Nov 18 18:40:16 2018] [WL_MUST]   domain=report.syyx.cn
[Sun Nov 18 18:40:16 2018] [WL_MUST]   param={
[Sun Nov 18 18:40:16 2018] [WL_MUST]     active=102
[Sun Nov 18 18:40:16 2018] [WL_MUST]     serverid=382
[Sun Nov 18 18:40:16 2018] [WL_MUST]     time=1542537616
[Sun Nov 18 18:40:16 2018] [WL_MUST]     account=a830325
[Sun Nov 18 18:40:16 2018] [WL_MUST]   }
[Sun Nov 18 18:40:16 2018] [WL_MUST] }
[Sun Nov 18 18:40:16 2018] [WL_MUST] 接收回复:
[Sun Nov 18 18:40:16 2018] [WL_MUST] ={
[Sun Nov 18 18:40:16 2018] [WL_MUST]   active=102
[Sun Nov 18 18:40:16 2018] [WL_MUST]   serverid=382
[Sun Nov 18 18:40:16 2018] [WL_MUST]   time=1542537616
[Sun Nov 18 18:40:16 2018] [WL_MUST]   account=a830325
[Sun Nov 18 18:40:16 2018] [WL_MUST] }
[Sun Nov 18 18:40:16 2018] [WL_MUST] =fail
[Sun Nov 18 18:41:19 2018] [WL_MUST] 发送事件:
[Sun Nov 18 18:41:19 2018] [WL_MUST] ={
[Sun Nov 18 18:41:19 2018] [WL_MUST]   page=/nycs_user_active
[Sun Nov 18 18:41:19 2018] [WL_MUST]   port=8008
[Sun Nov 18 18:41:19 2018] [WL_MUST]   domain=report.syyx.cn
[Sun Nov 18 18:41:19 2018] [WL_MUST]   param={
[Sun Nov 18 18:41:19 2018] [WL_MUST]     active=101
[Sun Nov 18 18:41:19 2018] [WL_MUST]     serverid=382
[Sun Nov 18 18:41:19 2018] [WL_MUST]     time=1542537679
[Sun Nov 18 18:41:19 2018] [WL_MUST]     account=wytsk22
[Sun Nov 18 18:41:19 2018] [WL_MUST]   }
[Sun Nov 18 18:41:19 2018] [WL_MUST] }
[Sun Nov 18 18:41:19 2018] [WL_MUST] 接收回复:
[Sun Nov 18 18:41:19 2018] [WL_MUST] ={
[Sun Nov 18 18:41:19 2018] [WL_MUST]   active=101
[Sun Nov 18 18:41:19 2018] [WL_MUST]   serverid=382
[Sun Nov 18 18:41:19 2018] [WL_MUST]   time=1542537679
[Sun Nov 18 18:41:19 2018] [WL_MUST]   account=wytsk22
[Sun Nov 18 18:41:19 2018] [WL_MUST] }
[Sun Nov 18 18:41:19 2018] [WL_MUST] =fail
[Sun Nov 18 19:32:10 2018] [WL_MUST] 发送事件:
[Sun Nov 18 19:32:10 2018] [WL_MUST] ={
[Sun Nov 18 19:32:10 2018] [WL_MUST]   page=/nycs_user_active
[Sun Nov 18 19:32:10 2018] [WL_MUST]   port=8008
[Sun Nov 18 19:32:10 2018] [WL_MUST]   domain=report.syyx.cn
[Sun Nov 18 19:32:10 2018] [WL_MUST]   param={
[Sun Nov 18 19:32:10 2018] [WL_MUST]     active=100
[Sun Nov 18 19:32:10 2018] [WL_MUST]     serverid=382
[Sun Nov 18 19:32:10 2018] [WL_MUST]     time=1542540730
[Sun Nov 18 19:32:10 2018] [WL_MUST]     account=13305849857
[Sun Nov 18 19:32:10 2018] [WL_MUST]   }
[Sun Nov 18 19:32:10 2018] [WL_MUST] }
[Sun Nov 18 19:32:10 2018] [WL_MUST] 接收回复:
[Sun Nov 18 19:32:10 2018] [WL_MUST] ={
[Sun Nov 18 19:32:10 2018] [WL_MUST]   active=100
[Sun Nov 18 19:32:10 2018] [WL_MUST]   serverid=382
[Sun Nov 18 19:32:10 2018] [WL_MUST]   time=1542540730
[Sun Nov 18 19:32:10 2018] [WL_MUST]   account=13305849857
[Sun Nov 18 19:32:10 2018] [WL_MUST] }
[Sun Nov 18 19:32:10 2018] [WL_MUST] =fail
[Sun Nov 18 19:32:43 2018] [WL_MUST] 发送事件:
[Sun Nov 18 19:32:43 2018] [WL_MUST] ={
[Sun Nov 18 19:32:43 2018] [WL_MUST]   page=/nycs_user_active
[Sun Nov 18 19:32:43 2018] [WL_MUST]   port=8008
[Sun Nov 18 19:32:43 2018] [WL_MUST]   domain=report.syyx.cn
[Sun Nov 18 19:32:43 2018] [WL_MUST]   param={
[Sun Nov 18 19:32:43 2018] [WL_MUST]     active=102
[Sun Nov 18 19:32:43 2018] [WL_MUST]     serverid=382
[Sun Nov 18 19:32:43 2018] [WL_MUST]     time=1542540763
[Sun Nov 18 19:32:43 2018] [WL_MUST]     account=meihuo_123
[Sun Nov 18 19:32:43 2018] [WL_MUST]   }
[Sun Nov 18 19:32:43 2018] [WL_MUST] }
[Sun Nov 18 19:32:43 2018] [WL_MUST] 接收回复:
[Sun Nov 18 19:32:43 2018] [WL_MUST] ={
[Sun Nov 18 19:32:43 2018] [WL_MUST]   active=102
[Sun Nov 18 19:32:43 2018] [WL_MUST]   serverid=382
[Sun Nov 18 19:32:43 2018] [WL_MUST]   time=1542540763
[Sun Nov 18 19:32:43 2018] [WL_MUST]   account=meihuo_123
[Sun Nov 18 19:32:43 2018] [WL_MUST] }
[Sun Nov 18 19:32:43 2018] [WL_MUST] =fail
[Sun Nov 18 19:40:15 2018] [WL_MUST] 发送事件:
[Sun Nov 18 19:40:15 2018] [WL_MUST] ={
[Sun Nov 18 19:40:15 2018] [WL_MUST]   page=/nycs_user_active
[Sun Nov 18 19:40:15 2018] [WL_MUST]   port=8008
[Sun Nov 18 19:40:15 2018] [WL_MUST]   domain=report.syyx.cn
[Sun Nov 18 19:40:15 2018] [WL_MUST]   param={
[Sun Nov 18 19:40:15 2018] [WL_MUST]     active=102
[Sun Nov 18 19:40:15 2018] [WL_MUST]     serverid=382
[Sun Nov 18 19:40:15 2018] [WL_MUST]     time=1542541215
[Sun Nov 18 19:40:15 2018] [WL_MUST]     account=yeye1106
[Sun Nov 18 19:40:15 2018] [WL_MUST]   }
[Sun Nov 18 19:40:15 2018] [WL_MUST] }
[Sun Nov 18 19:40:15 2018] [WL_MUST] 接收回复:
[Sun Nov 18 19:40:15 2018] [WL_MUST] ={
[Sun Nov 18 19:40:15 2018] [WL_MUST]   active=102
[Sun Nov 18 19:40:15 2018] [WL_MUST]   serverid=382
[Sun Nov 18 19:40:15 2018] [WL_MUST]   time=1542541215
[Sun Nov 18 19:40:15 2018] [WL_MUST]   account=yeye1106
[Sun Nov 18 19:40:15 2018] [WL_MUST] }
[Sun Nov 18 19:40:15 2018] [WL_MUST] =fail
[Sun Nov 18 19:40:18 2018] [WL_MUST] 发送事件:
[Sun Nov 18 19:40:18 2018] [WL_MUST] ={
[Sun Nov 18 19:40:18 2018] [WL_MUST]   page=/nycs_user_active
[Sun Nov 18 19:40:18 2018] [WL_MUST]   port=8008
[Sun Nov 18 19:40:18 2018] [WL_MUST]   domain=report.syyx.cn
[Sun Nov 18 19:40:18 2018] [WL_MUST]   param={
[Sun Nov 18 19:40:18 2018] [WL_MUST]     active=100
[Sun Nov 18 19:40:18 2018] [WL_MUST]     serverid=382
[Sun Nov 18 19:40:18 2018] [WL_MUST]     time=1542541218
[Sun Nov 18 19:40:18 2018] [WL_MUST]     account=shenqiang528
[Sun Nov 18 19:40:18 2018] [WL_MUST]   }
[Sun Nov 18 19:40:18 2018] [WL_MUST] }
[Sun Nov 18 19:40:18 2018] [WL_MUST] 接收回复:
[Sun Nov 18 19:40:18 2018] [WL_MUST] ={
[Sun Nov 18 19:40:18 2018] [WL_MUST]   active=100
[Sun Nov 18 19:40:18 2018] [WL_MUST]   serverid=382
[Sun Nov 18 19:40:18 2018] [WL_MUST]   time=1542541218
[Sun Nov 18 19:40:18 2018] [WL_MUST]   account=shenqiang528
[Sun Nov 18 19:40:18 2018] [WL_MUST] }
[Sun Nov 18 19:40:18 2018] [WL_MUST] =fail
[Sun Nov 18 20:32:18 2018] [WL_MUST] 发送事件:
[Sun Nov 18 20:32:18 2018] [WL_MUST] ={
[Sun Nov 18 20:32:18 2018] [WL_MUST]   page=/nycs_user_active
[Sun Nov 18 20:32:18 2018] [WL_MUST]   port=8008
[Sun Nov 18 20:32:18 2018] [WL_MUST]   domain=report.syyx.cn
[Sun Nov 18 20:32:18 2018] [WL_MUST]   param={
[Sun Nov 18 20:32:18 2018] [WL_MUST]     active=101
[Sun Nov 18 20:32:18 2018] [WL_MUST]     serverid=382
[Sun Nov 18 20:32:18 2018] [WL_MUST]     time=1542544338
[Sun Nov 18 20:32:18 2018] [WL_MUST]     account=zhonghaobaobei
[Sun Nov 18 20:32:18 2018] [WL_MUST]   }
[Sun Nov 18 20:32:18 2018] [WL_MUST] }
[Sun Nov 18 20:32:18 2018] [WL_MUST] 接收回复:
[Sun Nov 18 20:32:18 2018] [WL_MUST] ={
[Sun Nov 18 20:32:18 2018] [WL_MUST]   active=101
[Sun Nov 18 20:32:18 2018] [WL_MUST]   serverid=382
[Sun Nov 18 20:32:18 2018] [WL_MUST]   time=1542544338
[Sun Nov 18 20:32:18 2018] [WL_MUST]   account=zhonghaobaobei
[Sun Nov 18 20:32:18 2018] [WL_MUST] }
[Sun Nov 18 20:32:18 2018] [WL_MUST] =fail
[Sun Nov 18 20:36:18 2018] [WL_MUST] 发送事件:
[Sun Nov 18 20:36:18 2018] [WL_MUST] ={
[Sun Nov 18 20:36:18 2018] [WL_MUST]   page=/nycs_user_active
[Sun Nov 18 20:36:18 2018] [WL_MUST]   port=8008
[Sun Nov 18 20:36:18 2018] [WL_MUST]   domain=report.syyx.cn
[Sun Nov 18 20:36:18 2018] [WL_MUST]   param={
[Sun Nov 18 20:36:18 2018] [WL_MUST]     active=100
[Sun Nov 18 20:36:18 2018] [WL_MUST]     serverid=382
[Sun Nov 18 20:36:18 2018] [WL_MUST]     time=1542544578
[Sun Nov 18 20:36:18 2018] [WL_MUST]     account=xinshizh8
[Sun Nov 18 20:36:18 2018] [WL_MUST]   }
[Sun Nov 18 20:36:18 2018] [WL_MUST] }
[Sun Nov 18 20:36:18 2018] [WL_MUST] 接收回复:
[Sun Nov 18 20:36:18 2018] [WL_MUST] ={
[Sun Nov 18 20:36:18 2018] [WL_MUST]   active=100
[Sun Nov 18 20:36:18 2018] [WL_MUST]   serverid=382
[Sun Nov 18 20:36:18 2018] [WL_MUST]   time=1542544578
[Sun Nov 18 20:36:18 2018] [WL_MUST]   account=xinshizh8
[Sun Nov 18 20:36:18 2018] [WL_MUST] }
[Sun Nov 18 20:36:18 2018] [WL_MUST] =fail
[Sun Nov 18 20:40:11 2018] [WL_MUST] 发送事件:
[Sun Nov 18 20:40:11 2018] [WL_MUST] ={
[Sun Nov 18 20:40:11 2018] [WL_MUST]   page=/nycs_user_active
[Sun Nov 18 20:40:11 2018] [WL_MUST]   port=8008
[Sun Nov 18 20:40:11 2018] [WL_MUST]   domain=report.syyx.cn
[Sun Nov 18 20:40:11 2018] [WL_MUST]   param={
[Sun Nov 18 20:40:11 2018] [WL_MUST]     active=102
[Sun Nov 18 20:40:11 2018] [WL_MUST]     serverid=382
[Sun Nov 18 20:40:11 2018] [WL_MUST]     time=1542544811
[Sun Nov 18 20:40:11 2018] [WL_MUST]     account=zyh615
[Sun Nov 18 20:40:11 2018] [WL_MUST]   }
[Sun Nov 18 20:40:11 2018] [WL_MUST] }
[Sun Nov 18 20:40:12 2018] [WL_MUST] 接收回复:
[Sun Nov 18 20:40:12 2018] [WL_MUST] ={
[Sun Nov 18 20:40:12 2018] [WL_MUST]   active=102
[Sun Nov 18 20:40:12 2018] [WL_MUST]   serverid=382
[Sun Nov 18 20:40:12 2018] [WL_MUST]   time=1542544811
[Sun Nov 18 20:40:12 2018] [WL_MUST]   account=zyh615
[Sun Nov 18 20:40:12 2018] [WL_MUST] }
[Sun Nov 18 20:40:12 2018] [WL_MUST] =fail
[Sun Nov 18 21:32:15 2018] [WL_MUST] 发送事件:
[Sun Nov 18 21:32:15 2018] [WL_MUST] ={
[Sun Nov 18 21:32:15 2018] [WL_MUST]   page=/nycs_user_active
[Sun Nov 18 21:32:15 2018] [WL_MUST]   port=8008
[Sun Nov 18 21:32:15 2018] [WL_MUST]   domain=report.syyx.cn
[Sun Nov 18 21:32:15 2018] [WL_MUST]   param={
[Sun Nov 18 21:32:15 2018] [WL_MUST]     active=100
[Sun Nov 18 21:32:15 2018] [WL_MUST]     serverid=382
[Sun Nov 18 21:32:15 2018] [WL_MUST]     time=1542547935
[Sun Nov 18 21:32:15 2018] [WL_MUST]     account=duanqiang198466
[Sun Nov 18 21:32:15 2018] [WL_MUST]   }
[Sun Nov 18 21:32:15 2018] [WL_MUST] }
[Sun Nov 18 21:32:15 2018] [WL_MUST] 接收回复:
[Sun Nov 18 21:32:15 2018] [WL_MUST] ={
[Sun Nov 18 21:32:15 2018] [WL_MUST]   active=100
[Sun Nov 18 21:32:15 2018] [WL_MUST]   serverid=382
[Sun Nov 18 21:32:15 2018] [WL_MUST]   time=1542547935
[Sun Nov 18 21:32:15 2018] [WL_MUST]   account=duanqiang198466
[Sun Nov 18 21:32:15 2018] [WL_MUST] }
[Sun Nov 18 21:32:15 2018] [WL_MUST] =fail
[Sun Nov 18 21:32:16 2018] [WL_MUST] 发送事件:
[Sun Nov 18 21:32:16 2018] [WL_MUST] ={
[Sun Nov 18 21:32:16 2018] [WL_MUST]   page=/nycs_user_active
[Sun Nov 18 21:32:16 2018] [WL_MUST]   port=8008
[Sun Nov 18 21:32:16 2018] [WL_MUST]   domain=report.syyx.cn
[Sun Nov 18 21:32:16 2018] [WL_MUST]   param={
[Sun Nov 18 21:32:16 2018] [WL_MUST]     active=102
[Sun Nov 18 21:32:16 2018] [WL_MUST]     serverid=382
[Sun Nov 18 21:32:16 2018] [WL_MUST]     time=1542547936
[Sun Nov 18 21:32:16 2018] [WL_MUST]     account=x258458
[Sun Nov 18 21:32:16 2018] [WL_MUST]   }
[Sun Nov 18 21:32:16 2018] [WL_MUST] }
[Sun Nov 18 21:32:16 2018] [WL_MUST] 接收回复:
[Sun Nov 18 21:32:16 2018] [WL_MUST] ={
[Sun Nov 18 21:32:16 2018] [WL_MUST]   active=102
[Sun Nov 18 21:32:16 2018] [WL_MUST]   serverid=382
[Sun Nov 18 21:32:16 2018] [WL_MUST]   time=1542547936
[Sun Nov 18 21:32:16 2018] [WL_MUST]   account=x258458
[Sun Nov 18 21:32:16 2018] [WL_MUST] }
[Sun Nov 18 21:32:16 2018] [WL_MUST] =fail
[Sun Nov 18 22:38:19 2018] [WL_MUST] 发送事件:
[Sun Nov 18 22:38:19 2018] [WL_MUST] ={
[Sun Nov 18 22:38:19 2018] [WL_MUST]   page=/nycs_user_active
[Sun Nov 18 22:38:19 2018] [WL_MUST]   port=8008
[Sun Nov 18 22:38:19 2018] [WL_MUST]   domain=report.syyx.cn
[Sun Nov 18 22:38:19 2018] [WL_MUST]   param={
[Sun Nov 18 22:38:19 2018] [WL_MUST]     active=100
[Sun Nov 18 22:38:19 2018] [WL_MUST]     serverid=382
[Sun Nov 18 22:38:19 2018] [WL_MUST]     time=1542551899
[Sun Nov 18 22:38:19 2018] [WL_MUST]     account=kk07388225771
[Sun Nov 18 22:38:19 2018] [WL_MUST]   }
[Sun Nov 18 22:38:19 2018] [WL_MUST] }
[Sun Nov 18 22:38:19 2018] [WL_MUST] 接收回复:
[Sun Nov 18 22:38:19 2018] [WL_MUST] ={
[Sun Nov 18 22:38:19 2018] [WL_MUST]   active=100
[Sun Nov 18 22:38:19 2018] [WL_MUST]   serverid=382
[Sun Nov 18 22:38:19 2018] [WL_MUST]   time=1542551899
[Sun Nov 18 22:38:19 2018] [WL_MUST]   account=kk07388225771
[Sun Nov 18 22:38:19 2018] [WL_MUST] }
[Sun Nov 18 22:38:19 2018] [WL_MUST] =fail
[Sun Nov 18 23:32:16 2018] [WL_MUST] 发送事件:
[Sun Nov 18 23:32:16 2018] [WL_MUST] ={
[Sun Nov 18 23:32:16 2018] [WL_MUST]   page=/nycs_user_active
[Sun Nov 18 23:32:16 2018] [WL_MUST]   port=8008
[Sun Nov 18 23:32:16 2018] [WL_MUST]   domain=report.syyx.cn
[Sun Nov 18 23:32:16 2018] [WL_MUST]   param={
[Sun Nov 18 23:32:16 2018] [WL_MUST]     active=100
[Sun Nov 18 23:32:16 2018] [WL_MUST]     serverid=382
[Sun Nov 18 23:32:16 2018] [WL_MUST]     time=1542555136
[Sun Nov 18 23:32:16 2018] [WL_MUST]     account=kk07388225772
[Sun Nov 18 23:32:16 2018] [WL_MUST]   }
[Sun Nov 18 23:32:16 2018] [WL_MUST] }
[Sun Nov 18 23:32:16 2018] [WL_MUST] 接收回复:
[Sun Nov 18 23:32:16 2018] [WL_MUST] ={
[Sun Nov 18 23:32:16 2018] [WL_MUST]   active=100
[Sun Nov 18 23:32:16 2018] [WL_MUST]   serverid=382
[Sun Nov 18 23:32:16 2018] [WL_MUST]   time=1542555136
[Sun Nov 18 23:32:16 2018] [WL_MUST]   account=kk07388225772
[Sun Nov 18 23:32:16 2018] [WL_MUST] }
[Sun Nov 18 23:32:16 2018] [WL_MUST] =fail
