[Sun Nov 18 03:51:51 2018] [WL_MUST] 发送事件:
[Sun Nov 18 03:51:51 2018] [WL_MUST] ={
[Sun Nov 18 03:51:51 2018] [WL_MUST]   page=/nycs_five_color
[Sun Nov 18 03:51:51 2018] [WL_MUST]   port=8008
[Sun Nov 18 03:51:51 2018] [WL_MUST]   domain=report.syyx.cn
[Sun Nov 18 03:51:51 2018] [WL_MUST]   param={
[Sun Nov 18 03:51:51 2018] [WL_MUST]     serverid=382
[Sun Nov 18 03:51:51 2018] [WL_MUST]     time=1542484311
[Sun Nov 18 03:51:51 2018] [WL_MUST]     account=nng753
[Sun Nov 18 03:51:51 2018] [WL_MUST]   }
[Sun Nov 18 03:51:51 2018] [WL_MUST] }
[Sun Nov 18 03:51:52 2018] [WL_MUST] 接收回复:
[Sun Nov 18 03:51:52 2018] [WL_MUST] ={
[Sun Nov 18 03:51:52 2018] [WL_MUST]   serverid=382
[Sun Nov 18 03:51:52 2018] [WL_MUST]   time=1542484311
[Sun Nov 18 03:51:52 2018] [WL_MUST]   account=nng753
[Sun Nov 18 03:51:52 2018] [WL_MUST] }
[Sun Nov 18 03:51:52 2018] [WL_MUST] =fail
[Sun Nov 18 10:32:42 2018] [WL_MUST] 发送事件:
[Sun Nov 18 10:32:42 2018] [WL_MUST] ={
[Sun Nov 18 10:32:42 2018] [WL_MUST]   page=/nycs_user_active
[Sun Nov 18 10:32:42 2018] [WL_MUST]   port=8008
[Sun Nov 18 10:32:42 2018] [WL_MUST]   domain=report.syyx.cn
[Sun Nov 18 10:32:42 2018] [WL_MUST]   param={
[Sun Nov 18 10:32:42 2018] [WL_MUST]     active=100
[Sun Nov 18 10:32:42 2018] [WL_MUST]     serverid=382
[Sun Nov 18 10:32:42 2018] [WL_MUST]     time=1542508362
[Sun Nov 18 10:32:42 2018] [WL_MUST]     account=rui_xiao12
[Sun Nov 18 10:32:42 2018] [WL_MUST]   }
[Sun Nov 18 10:32:42 2018] [WL_MUST] }
[Sun Nov 18 10:32:42 2018] [WL_MUST] 接收回复:
[Sun Nov 18 10:32:42 2018] [WL_MUST] ={
[Sun Nov 18 10:32:42 2018] [WL_MUST]   active=100
[Sun Nov 18 10:32:42 2018] [WL_MUST]   serverid=382
[Sun Nov 18 10:32:42 2018] [WL_MUST]   time=1542508362
[Sun Nov 18 10:32:42 2018] [WL_MUST]   account=rui_xiao12
[Sun Nov 18 10:32:42 2018] [WL_MUST] }
[Sun Nov 18 10:32:42 2018] [WL_MUST] =fail
[Sun Nov 18 10:33:02 2018] [WL_MUST] 发送事件:
[Sun Nov 18 10:33:02 2018] [WL_MUST] ={
[Sun Nov 18 10:33:02 2018] [WL_MUST]   page=/nycs_user_active
[Sun Nov 18 10:33:02 2018] [WL_MUST]   port=8008
[Sun Nov 18 10:33:02 2018] [WL_MUST]   domain=report.syyx.cn
[Sun Nov 18 10:33:02 2018] [WL_MUST]   param={
[Sun Nov 18 10:33:02 2018] [WL_MUST]     active=101
[Sun Nov 18 10:33:02 2018] [WL_MUST]     serverid=382
[Sun Nov 18 10:33:02 2018] [WL_MUST]     time=1542508382
[Sun Nov 18 10:33:02 2018] [WL_MUST]     account=yanx123q
[Sun Nov 18 10:33:02 2018] [WL_MUST]   }
[Sun Nov 18 10:33:02 2018] [WL_MUST] }
[Sun Nov 18 10:33:02 2018] [WL_MUST] 接收回复:
[Sun Nov 18 10:33:02 2018] [WL_MUST] ={
[Sun Nov 18 10:33:02 2018] [WL_MUST]   active=101
[Sun Nov 18 10:33:02 2018] [WL_MUST]   serverid=382
[Sun Nov 18 10:33:02 2018] [WL_MUST]   time=1542508382
[Sun Nov 18 10:33:02 2018] [WL_MUST]   account=yanx123q
[Sun Nov 18 10:33:02 2018] [WL_MUST] }
[Sun Nov 18 10:33:02 2018] [WL_MUST] =fail
[Sun Nov 18 10:34:23 2018] [WL_MUST] 发送事件:
[Sun Nov 18 10:34:23 2018] [WL_MUST] ={
[Sun Nov 18 10:34:23 2018] [WL_MUST]   page=/nycs_user_active
[Sun Nov 18 10:34:23 2018] [WL_MUST]   port=8008
[Sun Nov 18 10:34:23 2018] [WL_MUST]   domain=report.syyx.cn
[Sun Nov 18 10:34:23 2018] [WL_MUST]   param={
[Sun Nov 18 10:34:23 2018] [WL_MUST]     active=102
[Sun Nov 18 10:34:23 2018] [WL_MUST]     serverid=382
[Sun Nov 18 10:34:23 2018] [WL_MUST]     time=1542508463
[Sun Nov 18 10:34:23 2018] [WL_MUST]     account=7148770
[Sun Nov 18 10:34:23 2018] [WL_MUST]   }
[Sun Nov 18 10:34:23 2018] [WL_MUST] }
[Sun Nov 18 10:34:23 2018] [WL_MUST] 接收回复:
[Sun Nov 18 10:34:23 2018] [WL_MUST] ={
[Sun Nov 18 10:34:23 2018] [WL_MUST]   active=102
[Sun Nov 18 10:34:23 2018] [WL_MUST]   serverid=382
[Sun Nov 18 10:34:23 2018] [WL_MUST]   time=1542508463
[Sun Nov 18 10:34:23 2018] [WL_MUST]   account=7148770
[Sun Nov 18 10:34:23 2018] [WL_MUST] }
[Sun Nov 18 10:34:23 2018] [WL_MUST] =fail
[Sun Nov 18 10:36:30 2018] [WL_MUST] 发送事件:
[Sun Nov 18 10:36:30 2018] [WL_MUST] ={
[Sun Nov 18 10:36:30 2018] [WL_MUST]   page=/nycs_user_active
[Sun Nov 18 10:36:30 2018] [WL_MUST]   port=8008
[Sun Nov 18 10:36:30 2018] [WL_MUST]   domain=report.syyx.cn
[Sun Nov 18 10:36:30 2018] [WL_MUST]   param={
[Sun Nov 18 10:36:30 2018] [WL_MUST]     active=100
[Sun Nov 18 10:36:30 2018] [WL_MUST]     serverid=382
[Sun Nov 18 10:36:30 2018] [WL_MUST]     time=1542508590
[Sun Nov 18 10:36:30 2018] [WL_MUST]     account=LBDLLG
[Sun Nov 18 10:36:30 2018] [WL_MUST]   }
[Sun Nov 18 10:36:30 2018] [WL_MUST] }
[Sun Nov 18 10:36:30 2018] [WL_MUST] 接收回复:
[Sun Nov 18 10:36:30 2018] [WL_MUST] ={
[Sun Nov 18 10:36:30 2018] [WL_MUST]   active=100
[Sun Nov 18 10:36:30 2018] [WL_MUST]   serverid=382
[Sun Nov 18 10:36:30 2018] [WL_MUST]   time=1542508590
[Sun Nov 18 10:36:30 2018] [WL_MUST]   account=LBDLLG
[Sun Nov 18 10:36:30 2018] [WL_MUST] }
[Sun Nov 18 10:36:30 2018] [WL_MUST] =fail
[Sun Nov 18 11:32:38 2018] [WL_MUST] 发送事件:
[Sun Nov 18 11:32:38 2018] [WL_MUST] ={
[Sun Nov 18 11:32:38 2018] [WL_MUST]   page=/nycs_user_active
[Sun Nov 18 11:32:38 2018] [WL_MUST]   port=8008
[Sun Nov 18 11:32:38 2018] [WL_MUST]   domain=report.syyx.cn
[Sun Nov 18 11:32:38 2018] [WL_MUST]   param={
[Sun Nov 18 11:32:38 2018] [WL_MUST]     active=102
[Sun Nov 18 11:32:38 2018] [WL_MUST]     serverid=382
[Sun Nov 18 11:32:38 2018] [WL_MUST]     time=1542511958
[Sun Nov 18 11:32:38 2018] [WL_MUST]     account=yy6179823
[Sun Nov 18 11:32:38 2018] [WL_MUST]   }
[Sun Nov 18 11:32:38 2018] [WL_MUST] }
[Sun Nov 18 11:32:38 2018] [WL_MUST] 接收回复:
[Sun Nov 18 11:32:38 2018] [WL_MUST] ={
[Sun Nov 18 11:32:38 2018] [WL_MUST]   active=102
[Sun Nov 18 11:32:38 2018] [WL_MUST]   serverid=382
[Sun Nov 18 11:32:38 2018] [WL_MUST]   time=1542511958
[Sun Nov 18 11:32:38 2018] [WL_MUST]   account=yy6179823
[Sun Nov 18 11:32:38 2018] [WL_MUST] }
[Sun Nov 18 11:32:38 2018] [WL_MUST] =fail
[Sun Nov 18 11:32:57 2018] [WL_MUST] 发送事件:
[Sun Nov 18 11:32:57 2018] [WL_MUST] ={
[Sun Nov 18 11:32:57 2018] [WL_MUST]   page=/nycs_user_active
[Sun Nov 18 11:32:57 2018] [WL_MUST]   port=8008
[Sun Nov 18 11:32:57 2018] [WL_MUST]   domain=report.syyx.cn
[Sun Nov 18 11:32:57 2018] [WL_MUST]   param={
[Sun Nov 18 11:32:57 2018] [WL_MUST]     active=100
[Sun Nov 18 11:32:57 2018] [WL_MUST]     serverid=382
[Sun Nov 18 11:32:57 2018] [WL_MUST]     time=1542511977
[Sun Nov 18 11:32:57 2018] [WL_MUST]     account=3822491
[Sun Nov 18 11:32:57 2018] [WL_MUST]   }
[Sun Nov 18 11:32:57 2018] [WL_MUST] }
[Sun Nov 18 11:32:58 2018] [WL_MUST] 接收回复:
[Sun Nov 18 11:32:58 2018] [WL_MUST] ={
[Sun Nov 18 11:32:58 2018] [WL_MUST]   active=100
[Sun Nov 18 11:32:58 2018] [WL_MUST]   serverid=382
[Sun Nov 18 11:32:58 2018] [WL_MUST]   time=1542511977
[Sun Nov 18 11:32:58 2018] [WL_MUST]   account=3822491
[Sun Nov 18 11:32:58 2018] [WL_MUST] }
[Sun Nov 18 11:32:58 2018] [WL_MUST] =fail
[Sun Nov 18 11:32:58 2018] [WL_MUST] 发送事件:
[Sun Nov 18 11:32:58 2018] [WL_MUST] ={
[Sun Nov 18 11:32:58 2018] [WL_MUST]   page=/nycs_user_active
[Sun Nov 18 11:32:58 2018] [WL_MUST]   port=8008
[Sun Nov 18 11:32:58 2018] [WL_MUST]   domain=report.syyx.cn
[Sun Nov 18 11:32:58 2018] [WL_MUST]   param={
[Sun Nov 18 11:32:58 2018] [WL_MUST]     active=102
[Sun Nov 18 11:32:58 2018] [WL_MUST]     serverid=382
[Sun Nov 18 11:32:58 2018] [WL_MUST]     time=1542511978
[Sun Nov 18 11:32:58 2018] [WL_MUST]     account=xyy140519
[Sun Nov 18 11:32:58 2018] [WL_MUST]   }
[Sun Nov 18 11:32:58 2018] [WL_MUST] }
[Sun Nov 18 11:32:58 2018] [WL_MUST] 发送事件:
[Sun Nov 18 11:32:58 2018] [WL_MUST] ={
[Sun Nov 18 11:32:58 2018] [WL_MUST]   page=/nycs_user_active
[Sun Nov 18 11:32:58 2018] [WL_MUST]   port=8008
[Sun Nov 18 11:32:58 2018] [WL_MUST]   domain=report.syyx.cn
[Sun Nov 18 11:32:58 2018] [WL_MUST]   param={
[Sun Nov 18 11:32:58 2018] [WL_MUST]     active=102
[Sun Nov 18 11:32:58 2018] [WL_MUST]     serverid=382
[Sun Nov 18 11:32:58 2018] [WL_MUST]     time=1542511978
[Sun Nov 18 11:32:58 2018] [WL_MUST]     account=13886994701
[Sun Nov 18 11:32:58 2018] [WL_MUST]   }
[Sun Nov 18 11:32:58 2018] [WL_MUST] }
[Sun Nov 18 11:32:58 2018] [WL_MUST] 接收回复:
[Sun Nov 18 11:32:58 2018] [WL_MUST] ={
[Sun Nov 18 11:32:58 2018] [WL_MUST]   active=102
[Sun Nov 18 11:32:58 2018] [WL_MUST]   serverid=382
[Sun Nov 18 11:32:58 2018] [WL_MUST]   time=1542511978
[Sun Nov 18 11:32:58 2018] [WL_MUST]   account=xyy140519
[Sun Nov 18 11:32:58 2018] [WL_MUST] }
[Sun Nov 18 11:32:58 2018] [WL_MUST] =fail
[Sun Nov 18 11:32:58 2018] [WL_MUST] 接收回复:
[Sun Nov 18 11:32:58 2018] [WL_MUST] ={
[Sun Nov 18 11:32:58 2018] [WL_MUST]   active=102
[Sun Nov 18 11:32:58 2018] [WL_MUST]   serverid=382
[Sun Nov 18 11:32:58 2018] [WL_MUST]   time=1542511978
[Sun Nov 18 11:32:58 2018] [WL_MUST]   account=13886994701
[Sun Nov 18 11:32:58 2018] [WL_MUST] }
[Sun Nov 18 11:32:58 2018] [WL_MUST] =fail
[Sun Nov 18 11:36:58 2018] [WL_MUST] 发送事件:
[Sun Nov 18 11:36:58 2018] [WL_MUST] ={
[Sun Nov 18 11:36:58 2018] [WL_MUST]   page=/nycs_user_active
[Sun Nov 18 11:36:58 2018] [WL_MUST]   port=8008
[Sun Nov 18 11:36:58 2018] [WL_MUST]   domain=report.syyx.cn
[Sun Nov 18 11:36:58 2018] [WL_MUST]   param={
[Sun Nov 18 11:36:58 2018] [WL_MUST]     active=101
[Sun Nov 18 11:36:58 2018] [WL_MUST]     serverid=382
[Sun Nov 18 11:36:58 2018] [WL_MUST]     time=1542512218
[Sun Nov 18 11:36:58 2018] [WL_MUST]     account=278760123
[Sun Nov 18 11:36:58 2018] [WL_MUST]   }
[Sun Nov 18 11:36:58 2018] [WL_MUST] }
[Sun Nov 18 11:36:58 2018] [WL_MUST] 接收回复:
[Sun Nov 18 11:36:58 2018] [WL_MUST] ={
[Sun Nov 18 11:36:58 2018] [WL_MUST]   active=101
[Sun Nov 18 11:36:58 2018] [WL_MUST]   serverid=382
[Sun Nov 18 11:36:58 2018] [WL_MUST]   time=1542512218
[Sun Nov 18 11:36:58 2018] [WL_MUST]   account=278760123
[Sun Nov 18 11:36:58 2018] [WL_MUST] }
[Sun Nov 18 11:36:58 2018] [WL_MUST] =fail
[Sun Nov 18 12:31:01 2018] [WL_MUST] 发送事件:
[Sun Nov 18 12:31:01 2018] [WL_MUST] ={
[Sun Nov 18 12:31:01 2018] [WL_MUST]   page=/nycs_user_active
[Sun Nov 18 12:31:01 2018] [WL_MUST]   port=8008
[Sun Nov 18 12:31:01 2018] [WL_MUST]   domain=report.syyx.cn
[Sun Nov 18 12:31:01 2018] [WL_MUST]   param={
[Sun Nov 18 12:31:01 2018] [WL_MUST]     active=100
[Sun Nov 18 12:31:01 2018] [WL_MUST]     serverid=382
[Sun Nov 18 12:31:01 2018] [WL_MUST]     time=1542515461
[Sun Nov 18 12:31:01 2018] [WL_MUST]     account=13738530005
[Sun Nov 18 12:31:01 2018] [WL_MUST]   }
[Sun Nov 18 12:31:01 2018] [WL_MUST] }
[Sun Nov 18 12:31:01 2018] [WL_MUST] 接收回复:
[Sun Nov 18 12:31:01 2018] [WL_MUST] ={
[Sun Nov 18 12:31:01 2018] [WL_MUST]   active=100
[Sun Nov 18 12:31:01 2018] [WL_MUST]   serverid=382
[Sun Nov 18 12:31:01 2018] [WL_MUST]   time=1542515461
[Sun Nov 18 12:31:01 2018] [WL_MUST]   account=13738530005
[Sun Nov 18 12:31:01 2018] [WL_MUST] }
[Sun Nov 18 12:31:01 2018] [WL_MUST] =fail
[Sun Nov 18 12:32:12 2018] [WL_MUST] 发送事件:
[Sun Nov 18 12:32:12 2018] [WL_MUST] ={
[Sun Nov 18 12:32:12 2018] [WL_MUST]   page=/nycs_user_active
[Sun Nov 18 12:32:12 2018] [WL_MUST]   port=8008
[Sun Nov 18 12:32:12 2018] [WL_MUST]   domain=report.syyx.cn
[Sun Nov 18 12:32:12 2018] [WL_MUST]   param={
[Sun Nov 18 12:32:12 2018] [WL_MUST]     active=101
[Sun Nov 18 12:32:12 2018] [WL_MUST]     serverid=382
[Sun Nov 18 12:32:12 2018] [WL_MUST]     time=1542515532
[Sun Nov 18 12:32:12 2018] [WL_MUST]     account=13796367464
[Sun Nov 18 12:32:12 2018] [WL_MUST]   }
[Sun Nov 18 12:32:12 2018] [WL_MUST] }
[Sun Nov 18 12:32:12 2018] [WL_MUST] 接收回复:
[Sun Nov 18 12:32:12 2018] [WL_MUST] ={
[Sun Nov 18 12:32:12 2018] [WL_MUST]   active=101
[Sun Nov 18 12:32:12 2018] [WL_MUST]   serverid=382
[Sun Nov 18 12:32:12 2018] [WL_MUST]   time=1542515532
[Sun Nov 18 12:32:12 2018] [WL_MUST]   account=13796367464
[Sun Nov 18 12:32:12 2018] [WL_MUST] }
[Sun Nov 18 12:32:12 2018] [WL_MUST] =fail
[Sun Nov 18 12:32:14 2018] [WL_MUST] 发送事件:
[Sun Nov 18 12:32:14 2018] [WL_MUST] ={
[Sun Nov 18 12:32:14 2018] [WL_MUST]   page=/nycs_user_active
[Sun Nov 18 12:32:14 2018] [WL_MUST]   port=8008
[Sun Nov 18 12:32:14 2018] [WL_MUST]   domain=report.syyx.cn
[Sun Nov 18 12:32:14 2018] [WL_MUST]   param={
[Sun Nov 18 12:32:14 2018] [WL_MUST]     active=102
[Sun Nov 18 12:32:14 2018] [WL_MUST]     serverid=382
[Sun Nov 18 12:32:14 2018] [WL_MUST]     time=1542515534
[Sun Nov 18 12:32:14 2018] [WL_MUST]     account=rui_xiao20
[Sun Nov 18 12:32:14 2018] [WL_MUST]   }
[Sun Nov 18 12:32:14 2018] [WL_MUST] }
[Sun Nov 18 12:32:14 2018] [WL_MUST] 接收回复:
[Sun Nov 18 12:32:14 2018] [WL_MUST] ={
[Sun Nov 18 12:32:14 2018] [WL_MUST]   active=102
[Sun Nov 18 12:32:14 2018] [WL_MUST]   serverid=382
[Sun Nov 18 12:32:14 2018] [WL_MUST]   time=1542515534
[Sun Nov 18 12:32:14 2018] [WL_MUST]   account=rui_xiao20
[Sun Nov 18 12:32:14 2018] [WL_MUST] }
[Sun Nov 18 12:32:14 2018] [WL_MUST] =fail
[Sun Nov 18 12:40:10 2018] [WL_MUST] 发送事件:
[Sun Nov 18 12:40:10 2018] [WL_MUST] ={
[Sun Nov 18 12:40:10 2018] [WL_MUST]   page=/nycs_user_active
[Sun Nov 18 12:40:10 2018] [WL_MUST]   port=8008
[Sun Nov 18 12:40:10 2018] [WL_MUST]   domain=report.syyx.cn
[Sun Nov 18 12:40:10 2018] [WL_MUST]   param={
[Sun Nov 18 12:40:10 2018] [WL_MUST]     active=100
[Sun Nov 18 12:40:10 2018] [WL_MUST]     serverid=382
[Sun Nov 18 12:40:10 2018] [WL_MUST]     time=1542516010
[Sun Nov 18 12:40:10 2018] [WL_MUST]     account=8782267
[Sun Nov 18 12:40:10 2018] [WL_MUST]   }
[Sun Nov 18 12:40:10 2018] [WL_MUST] }
[Sun Nov 18 12:40:10 2018] [WL_MUST] 接收回复:
[Sun Nov 18 12:40:10 2018] [WL_MUST] ={
[Sun Nov 18 12:40:10 2018] [WL_MUST]   active=100
[Sun Nov 18 12:40:10 2018] [WL_MUST]   serverid=382
[Sun Nov 18 12:40:10 2018] [WL_MUST]   time=1542516010
[Sun Nov 18 12:40:10 2018] [WL_MUST]   account=8782267
[Sun Nov 18 12:40:10 2018] [WL_MUST] }
[Sun Nov 18 12:40:10 2018] [WL_MUST] =fail
[Sun Nov 18 12:41:36 2018] [WL_MUST] 发送事件:
[Sun Nov 18 12:41:36 2018] [WL_MUST] ={
[Sun Nov 18 12:41:36 2018] [WL_MUST]   page=/nycs_user_active
[Sun Nov 18 12:41:36 2018] [WL_MUST]   port=8008
[Sun Nov 18 12:41:36 2018] [WL_MUST]   domain=report.syyx.cn
[Sun Nov 18 12:41:36 2018] [WL_MUST]   param={
[Sun Nov 18 12:41:36 2018] [WL_MUST]     active=100
[Sun Nov 18 12:41:36 2018] [WL_MUST]     serverid=382
[Sun Nov 18 12:41:36 2018] [WL_MUST]     time=1542516096
[Sun Nov 18 12:41:36 2018] [WL_MUST]     account=15060835830
[Sun Nov 18 12:41:36 2018] [WL_MUST]   }
[Sun Nov 18 12:41:36 2018] [WL_MUST] }
[Sun Nov 18 12:41:36 2018] [WL_MUST] 接收回复:
[Sun Nov 18 12:41:36 2018] [WL_MUST] ={
[Sun Nov 18 12:41:36 2018] [WL_MUST]   active=100
[Sun Nov 18 12:41:36 2018] [WL_MUST]   serverid=382
[Sun Nov 18 12:41:36 2018] [WL_MUST]   time=1542516096
[Sun Nov 18 12:41:36 2018] [WL_MUST]   account=15060835830
[Sun Nov 18 12:41:36 2018] [WL_MUST] }
[Sun Nov 18 12:41:36 2018] [WL_MUST] =fail
[Sun Nov 18 13:36:32 2018] [WL_MUST] 发送事件:
[Sun Nov 18 13:36:32 2018] [WL_MUST] ={
[Sun Nov 18 13:36:32 2018] [WL_MUST]   page=/nycs_user_active
[Sun Nov 18 13:36:32 2018] [WL_MUST]   port=8008
[Sun Nov 18 13:36:32 2018] [WL_MUST]   domain=report.syyx.cn
[Sun Nov 18 13:36:32 2018] [WL_MUST]   param={
[Sun Nov 18 13:36:32 2018] [WL_MUST]     active=102
[Sun Nov 18 13:36:32 2018] [WL_MUST]     serverid=382
[Sun Nov 18 13:36:32 2018] [WL_MUST]     time=1542519392
[Sun Nov 18 13:36:32 2018] [WL_MUST]     account=yb7758521y
[Sun Nov 18 13:36:32 2018] [WL_MUST]   }
[Sun Nov 18 13:36:32 2018] [WL_MUST] }
[Sun Nov 18 13:36:32 2018] [WL_MUST] 接收回复:
[Sun Nov 18 13:36:32 2018] [WL_MUST] ={
[Sun Nov 18 13:36:32 2018] [WL_MUST]   active=102
[Sun Nov 18 13:36:32 2018] [WL_MUST]   serverid=382
[Sun Nov 18 13:36:32 2018] [WL_MUST]   time=1542519392
[Sun Nov 18 13:36:32 2018] [WL_MUST]   account=yb7758521y
[Sun Nov 18 13:36:32 2018] [WL_MUST] }
[Sun Nov 18 13:36:32 2018] [WL_MUST] =fail
[Sun Nov 18 13:36:49 2018] [WL_MUST] 发送事件:
[Sun Nov 18 13:36:49 2018] [WL_MUST] ={
[Sun Nov 18 13:36:49 2018] [WL_MUST]   page=/nycs_user_active
[Sun Nov 18 13:36:49 2018] [WL_MUST]   port=8008
[Sun Nov 18 13:36:49 2018] [WL_MUST]   domain=report.syyx.cn
[Sun Nov 18 13:36:49 2018] [WL_MUST]   param={
[Sun Nov 18 13:36:49 2018] [WL_MUST]     active=101
[Sun Nov 18 13:36:49 2018] [WL_MUST]     serverid=382
[Sun Nov 18 13:36:49 2018] [WL_MUST]     time=1542519409
[Sun Nov 18 13:36:49 2018] [WL_MUST]     account=chenwu888
[Sun Nov 18 13:36:49 2018] [WL_MUST]   }
[Sun Nov 18 13:36:49 2018] [WL_MUST] }
[Sun Nov 18 13:36:49 2018] [WL_MUST] 接收回复:
[Sun Nov 18 13:36:49 2018] [WL_MUST] ={
[Sun Nov 18 13:36:49 2018] [WL_MUST]   active=101
[Sun Nov 18 13:36:49 2018] [WL_MUST]   serverid=382
[Sun Nov 18 13:36:49 2018] [WL_MUST]   time=1542519409
[Sun Nov 18 13:36:49 2018] [WL_MUST]   account=chenwu888
[Sun Nov 18 13:36:49 2018] [WL_MUST] }
[Sun Nov 18 13:36:49 2018] [WL_MUST] =fail
[Sun Nov 18 13:41:07 2018] [WL_MUST] 发送事件:
[Sun Nov 18 13:41:07 2018] [WL_MUST] ={
[Sun Nov 18 13:41:07 2018] [WL_MUST]   page=/nycs_user_active
[Sun Nov 18 13:41:07 2018] [WL_MUST]   port=8008
[Sun Nov 18 13:41:07 2018] [WL_MUST]   domain=report.syyx.cn
[Sun Nov 18 13:41:07 2018] [WL_MUST]   param={
[Sun Nov 18 13:41:07 2018] [WL_MUST]     active=100
[Sun Nov 18 13:41:07 2018] [WL_MUST]     serverid=382
[Sun Nov 18 13:41:07 2018] [WL_MUST]     time=1542519667
[Sun Nov 18 13:41:07 2018] [WL_MUST]     account=fengyuanpeng520
[Sun Nov 18 13:41:07 2018] [WL_MUST]   }
[Sun Nov 18 13:41:07 2018] [WL_MUST] }
[Sun Nov 18 13:41:07 2018] [WL_MUST] 发送事件:
[Sun Nov 18 13:41:07 2018] [WL_MUST] ={
[Sun Nov 18 13:41:07 2018] [WL_MUST]   page=/nycs_user_active
[Sun Nov 18 13:41:07 2018] [WL_MUST]   port=8008
[Sun Nov 18 13:41:07 2018] [WL_MUST]   domain=report.syyx.cn
[Sun Nov 18 13:41:07 2018] [WL_MUST]   param={
[Sun Nov 18 13:41:07 2018] [WL_MUST]     active=100
[Sun Nov 18 13:41:07 2018] [WL_MUST]     serverid=382
[Sun Nov 18 13:41:07 2018] [WL_MUST]     time=1542519667
[Sun Nov 18 13:41:07 2018] [WL_MUST]     account=rui_xiao5
[Sun Nov 18 13:41:07 2018] [WL_MUST]   }
[Sun Nov 18 13:41:07 2018] [WL_MUST] }
[Sun Nov 18 13:41:07 2018] [WL_MUST] 接收回复:
[Sun Nov 18 13:41:07 2018] [WL_MUST] ={
[Sun Nov 18 13:41:07 2018] [WL_MUST]   active=100
[Sun Nov 18 13:41:07 2018] [WL_MUST]   serverid=382
[Sun Nov 18 13:41:07 2018] [WL_MUST]   time=1542519667
[Sun Nov 18 13:41:07 2018] [WL_MUST]   account=fengyuanpeng520
[Sun Nov 18 13:41:07 2018] [WL_MUST] }
[Sun Nov 18 13:41:07 2018] [WL_MUST] =fail
[Sun Nov 18 13:41:07 2018] [WL_MUST] 接收回复:
[Sun Nov 18 13:41:07 2018] [WL_MUST] ={
[Sun Nov 18 13:41:07 2018] [WL_MUST]   active=100
[Sun Nov 18 13:41:07 2018] [WL_MUST]   serverid=382
[Sun Nov 18 13:41:07 2018] [WL_MUST]   time=1542519667
[Sun Nov 18 13:41:07 2018] [WL_MUST]   account=rui_xiao5
[Sun Nov 18 13:41:07 2018] [WL_MUST] }
[Sun Nov 18 13:41:07 2018] [WL_MUST] =fail
[Sun Nov 18 13:41:13 2018] [WL_MUST] 发送事件:
[Sun Nov 18 13:41:13 2018] [WL_MUST] ={
[Sun Nov 18 13:41:13 2018] [WL_MUST]   page=/nycs_user_active
[Sun Nov 18 13:41:13 2018] [WL_MUST]   port=8008
[Sun Nov 18 13:41:13 2018] [WL_MUST]   domain=report.syyx.cn
[Sun Nov 18 13:41:13 2018] [WL_MUST]   param={
[Sun Nov 18 13:41:13 2018] [WL_MUST]     active=101
[Sun Nov 18 13:41:13 2018] [WL_MUST]     serverid=382
[Sun Nov 18 13:41:13 2018] [WL_MUST]     time=1542519672
[Sun Nov 18 13:41:13 2018] [WL_MUST]     account=vs8493670
[Sun Nov 18 13:41:13 2018] [WL_MUST]   }
[Sun Nov 18 13:41:13 2018] [WL_MUST] }
[Sun Nov 18 13:41:13 2018] [WL_MUST] 发送事件:
[Sun Nov 18 13:41:13 2018] [WL_MUST] ={
[Sun Nov 18 13:41:13 2018] [WL_MUST]   page=/nycs_user_active
[Sun Nov 18 13:41:13 2018] [WL_MUST]   port=8008
[Sun Nov 18 13:41:13 2018] [WL_MUST]   domain=report.syyx.cn
[Sun Nov 18 13:41:13 2018] [WL_MUST]   param={
[Sun Nov 18 13:41:13 2018] [WL_MUST]     active=100
[Sun Nov 18 13:41:13 2018] [WL_MUST]     serverid=382
[Sun Nov 18 13:41:13 2018] [WL_MUST]     time=1542519672
[Sun Nov 18 13:41:13 2018] [WL_MUST]     account=xinxiangsui
[Sun Nov 18 13:41:13 2018] [WL_MUST]   }
[Sun Nov 18 13:41:13 2018] [WL_MUST] }
[Sun Nov 18 13:41:13 2018] [WL_MUST] 接收回复:
[Sun Nov 18 13:41:13 2018] [WL_MUST] ={
[Sun Nov 18 13:41:13 2018] [WL_MUST]   active=101
[Sun Nov 18 13:41:13 2018] [WL_MUST]   serverid=382
[Sun Nov 18 13:41:13 2018] [WL_MUST]   time=1542519672
[Sun Nov 18 13:41:13 2018] [WL_MUST]   account=vs8493670
[Sun Nov 18 13:41:13 2018] [WL_MUST] }
[Sun Nov 18 13:41:13 2018] [WL_MUST] =fail
[Sun Nov 18 13:41:13 2018] [WL_MUST] 接收回复:
[Sun Nov 18 13:41:13 2018] [WL_MUST] ={
[Sun Nov 18 13:41:13 2018] [WL_MUST]   active=100
[Sun Nov 18 13:41:13 2018] [WL_MUST]   serverid=382
[Sun Nov 18 13:41:13 2018] [WL_MUST]   time=1542519672
[Sun Nov 18 13:41:13 2018] [WL_MUST]   account=xinxiangsui
[Sun Nov 18 13:41:13 2018] [WL_MUST] }
[Sun Nov 18 13:41:13 2018] [WL_MUST] =fail
[Sun Nov 18 14:19:07 2018] [WL_MUST] 发送事件:
[Sun Nov 18 14:19:07 2018] [WL_MUST] ={
[Sun Nov 18 14:19:07 2018] [WL_MUST]   page=/nycs_five_color
[Sun Nov 18 14:19:07 2018] [WL_MUST]   port=8008
[Sun Nov 18 14:19:07 2018] [WL_MUST]   domain=report.syyx.cn
[Sun Nov 18 14:19:07 2018] [WL_MUST]   param={
[Sun Nov 18 14:19:07 2018] [WL_MUST]     serverid=382
[Sun Nov 18 14:19:07 2018] [WL_MUST]     time=1542521946
[Sun Nov 18 14:19:07 2018] [WL_MUST]     account=503354
[Sun Nov 18 14:19:07 2018] [WL_MUST]   }
[Sun Nov 18 14:19:07 2018] [WL_MUST] }
[Sun Nov 18 14:19:07 2018] [WL_MUST] 接收回复:
[Sun Nov 18 14:19:07 2018] [WL_MUST] ={
[Sun Nov 18 14:19:07 2018] [WL_MUST]   serverid=382
[Sun Nov 18 14:19:07 2018] [WL_MUST]   time=1542521946
[Sun Nov 18 14:19:07 2018] [WL_MUST]   account=503354
[Sun Nov 18 14:19:07 2018] [WL_MUST] }
[Sun Nov 18 14:19:07 2018] [WL_MUST] =fail
[Sun Nov 18 14:36:17 2018] [WL_MUST] 发送事件:
[Sun Nov 18 14:36:17 2018] [WL_MUST] ={
[Sun Nov 18 14:36:17 2018] [WL_MUST]   page=/nycs_user_active
[Sun Nov 18 14:36:17 2018] [WL_MUST]   port=8008
[Sun Nov 18 14:36:17 2018] [WL_MUST]   domain=report.syyx.cn
[Sun Nov 18 14:36:17 2018] [WL_MUST]   param={
[Sun Nov 18 14:36:17 2018] [WL_MUST]     active=101
[Sun Nov 18 14:36:17 2018] [WL_MUST]     serverid=382
[Sun Nov 18 14:36:17 2018] [WL_MUST]     time=1542522977
[Sun Nov 18 14:36:17 2018] [WL_MUST]     account=caoliboshihaoren
[Sun Nov 18 14:36:17 2018] [WL_MUST]   }
[Sun Nov 18 14:36:17 2018] [WL_MUST] }
[Sun Nov 18 14:36:17 2018] [WL_MUST] 接收回复:
[Sun Nov 18 14:36:17 2018] [WL_MUST] ={
[Sun Nov 18 14:36:17 2018] [WL_MUST]   active=101
[Sun Nov 18 14:36:17 2018] [WL_MUST]   serverid=382
[Sun Nov 18 14:36:17 2018] [WL_MUST]   time=1542522977
[Sun Nov 18 14:36:17 2018] [WL_MUST]   account=caoliboshihaoren
[Sun Nov 18 14:36:17 2018] [WL_MUST] }
[Sun Nov 18 14:36:17 2018] [WL_MUST] =fail
[Sun Nov 18 14:38:31 2018] [WL_MUST] 发送事件:
[Sun Nov 18 14:38:31 2018] [WL_MUST] ={
[Sun Nov 18 14:38:31 2018] [WL_MUST]   page=/nycs_user_active
[Sun Nov 18 14:38:31 2018] [WL_MUST]   port=8008
[Sun Nov 18 14:38:31 2018] [WL_MUST]   domain=report.syyx.cn
[Sun Nov 18 14:38:31 2018] [WL_MUST]   param={
[Sun Nov 18 14:38:31 2018] [WL_MUST]     active=102
[Sun Nov 18 14:38:31 2018] [WL_MUST]     serverid=382
[Sun Nov 18 14:38:31 2018] [WL_MUST]     time=1542523111
[Sun Nov 18 14:38:31 2018] [WL_MUST]     account=rui_xiao9
[Sun Nov 18 14:38:31 2018] [WL_MUST]   }
[Sun Nov 18 14:38:31 2018] [WL_MUST] }
[Sun Nov 18 14:38:31 2018] [WL_MUST] 接收回复:
[Sun Nov 18 14:38:31 2018] [WL_MUST] ={
[Sun Nov 18 14:38:31 2018] [WL_MUST]   active=102
[Sun Nov 18 14:38:31 2018] [WL_MUST]   serverid=382
[Sun Nov 18 14:38:31 2018] [WL_MUST]   time=1542523111
[Sun Nov 18 14:38:31 2018] [WL_MUST]   account=rui_xiao9
[Sun Nov 18 14:38:31 2018] [WL_MUST] }
[Sun Nov 18 14:38:31 2018] [WL_MUST] =fail
[Sun Nov 18 14:41:06 2018] [WL_MUST] 发送事件:
[Sun Nov 18 14:41:06 2018] [WL_MUST] ={
[Sun Nov 18 14:41:06 2018] [WL_MUST]   page=/nycs_user_active
[Sun Nov 18 14:41:06 2018] [WL_MUST]   port=8008
[Sun Nov 18 14:41:06 2018] [WL_MUST]   domain=report.syyx.cn
[Sun Nov 18 14:41:06 2018] [WL_MUST]   param={
[Sun Nov 18 14:41:06 2018] [WL_MUST]     active=100
[Sun Nov 18 14:41:06 2018] [WL_MUST]     serverid=382
[Sun Nov 18 14:41:06 2018] [WL_MUST]     time=1542523266
[Sun Nov 18 14:41:06 2018] [WL_MUST]     account=chenwu999
[Sun Nov 18 14:41:06 2018] [WL_MUST]   }
[Sun Nov 18 14:41:06 2018] [WL_MUST] }
[Sun Nov 18 14:41:06 2018] [WL_MUST] 接收回复:
[Sun Nov 18 14:41:06 2018] [WL_MUST] ={
[Sun Nov 18 14:41:06 2018] [WL_MUST]   active=100
[Sun Nov 18 14:41:06 2018] [WL_MUST]   serverid=382
[Sun Nov 18 14:41:06 2018] [WL_MUST]   time=1542523266
[Sun Nov 18 14:41:06 2018] [WL_MUST]   account=chenwu999
[Sun Nov 18 14:41:06 2018] [WL_MUST] }
[Sun Nov 18 14:41:06 2018] [WL_MUST] =fail
[Sun Nov 18 15:31:44 2018] [WL_MUST] 发送事件:
[Sun Nov 18 15:31:44 2018] [WL_MUST] ={
[Sun Nov 18 15:31:44 2018] [WL_MUST]   page=/nycs_five_color
[Sun Nov 18 15:31:44 2018] [WL_MUST]   port=8008
[Sun Nov 18 15:31:44 2018] [WL_MUST]   domain=report.syyx.cn
[Sun Nov 18 15:31:44 2018] [WL_MUST]   param={
[Sun Nov 18 15:31:44 2018] [WL_MUST]     serverid=382
[Sun Nov 18 15:31:44 2018] [WL_MUST]     time=1542526304
[Sun Nov 18 15:31:44 2018] [WL_MUST]     account=btaht1234bai
[Sun Nov 18 15:31:44 2018] [WL_MUST]   }
[Sun Nov 18 15:31:44 2018] [WL_MUST] }
[Sun Nov 18 15:31:44 2018] [WL_MUST] 接收回复:
[Sun Nov 18 15:31:44 2018] [WL_MUST] ={
[Sun Nov 18 15:31:44 2018] [WL_MUST]   serverid=382
[Sun Nov 18 15:31:44 2018] [WL_MUST]   time=1542526304
[Sun Nov 18 15:31:44 2018] [WL_MUST]   account=btaht1234bai
[Sun Nov 18 15:31:44 2018] [WL_MUST] }
[Sun Nov 18 15:31:44 2018] [WL_MUST] =fail
[Sun Nov 18 15:32:05 2018] [WL_MUST] 发送事件:
[Sun Nov 18 15:32:05 2018] [WL_MUST] ={
[Sun Nov 18 15:32:05 2018] [WL_MUST]   page=/nycs_user_active
[Sun Nov 18 15:32:05 2018] [WL_MUST]   port=8008
[Sun Nov 18 15:32:05 2018] [WL_MUST]   domain=report.syyx.cn
[Sun Nov 18 15:32:05 2018] [WL_MUST]   param={
[Sun Nov 18 15:32:05 2018] [WL_MUST]     active=102
[Sun Nov 18 15:32:05 2018] [WL_MUST]     serverid=382
[Sun Nov 18 15:32:05 2018] [WL_MUST]     time=1542526325
[Sun Nov 18 15:32:05 2018] [WL_MUST]     account=con66666
[Sun Nov 18 15:32:05 2018] [WL_MUST]   }
[Sun Nov 18 15:32:05 2018] [WL_MUST] }
[Sun Nov 18 15:32:05 2018] [WL_MUST] 接收回复:
[Sun Nov 18 15:32:05 2018] [WL_MUST] ={
[Sun Nov 18 15:32:05 2018] [WL_MUST]   active=102
[Sun Nov 18 15:32:05 2018] [WL_MUST]   serverid=382
[Sun Nov 18 15:32:05 2018] [WL_MUST]   time=1542526325
[Sun Nov 18 15:32:05 2018] [WL_MUST]   account=con66666
[Sun Nov 18 15:32:05 2018] [WL_MUST] }
[Sun Nov 18 15:32:05 2018] [WL_MUST] =fail
[Sun Nov 18 15:32:30 2018] [WL_MUST] 发送事件:
[Sun Nov 18 15:32:30 2018] [WL_MUST] ={
[Sun Nov 18 15:32:30 2018] [WL_MUST]   page=/nycs_user_active
[Sun Nov 18 15:32:30 2018] [WL_MUST]   port=8008
[Sun Nov 18 15:32:30 2018] [WL_MUST]   domain=report.syyx.cn
[Sun Nov 18 15:32:30 2018] [WL_MUST]   param={
[Sun Nov 18 15:32:30 2018] [WL_MUST]     active=101
[Sun Nov 18 15:32:30 2018] [WL_MUST]     serverid=382
[Sun Nov 18 15:32:30 2018] [WL_MUST]     time=1542526350
[Sun Nov 18 15:32:30 2018] [WL_MUST]     account=wj633662
[Sun Nov 18 15:32:30 2018] [WL_MUST]   }
[Sun Nov 18 15:32:30 2018] [WL_MUST] }
[Sun Nov 18 15:32:30 2018] [WL_MUST] 接收回复:
[Sun Nov 18 15:32:30 2018] [WL_MUST] ={
[Sun Nov 18 15:32:30 2018] [WL_MUST]   active=101
[Sun Nov 18 15:32:30 2018] [WL_MUST]   serverid=382
[Sun Nov 18 15:32:30 2018] [WL_MUST]   time=1542526350
[Sun Nov 18 15:32:30 2018] [WL_MUST]   account=wj633662
[Sun Nov 18 15:32:30 2018] [WL_MUST] }
[Sun Nov 18 15:32:30 2018] [WL_MUST] =fail
[Sun Nov 18 15:32:33 2018] [WL_MUST] 发送事件:
[Sun Nov 18 15:32:33 2018] [WL_MUST] ={
[Sun Nov 18 15:32:33 2018] [WL_MUST]   page=/nycs_user_active
[Sun Nov 18 15:32:33 2018] [WL_MUST]   port=8008
[Sun Nov 18 15:32:33 2018] [WL_MUST]   domain=report.syyx.cn
[Sun Nov 18 15:32:33 2018] [WL_MUST]   param={
[Sun Nov 18 15:32:33 2018] [WL_MUST]     active=102
[Sun Nov 18 15:32:33 2018] [WL_MUST]     serverid=382
[Sun Nov 18 15:32:33 2018] [WL_MUST]     time=1542526353
[Sun Nov 18 15:32:33 2018] [WL_MUST]     account=bieniubihonghong
[Sun Nov 18 15:32:33 2018] [WL_MUST]   }
[Sun Nov 18 15:32:33 2018] [WL_MUST] }
[Sun Nov 18 15:32:33 2018] [WL_MUST] 接收回复:
[Sun Nov 18 15:32:33 2018] [WL_MUST] ={
[Sun Nov 18 15:32:33 2018] [WL_MUST]   active=102
[Sun Nov 18 15:32:33 2018] [WL_MUST]   serverid=382
[Sun Nov 18 15:32:33 2018] [WL_MUST]   time=1542526353
[Sun Nov 18 15:32:33 2018] [WL_MUST]   account=bieniubihonghong
[Sun Nov 18 15:32:33 2018] [WL_MUST] }
[Sun Nov 18 15:32:33 2018] [WL_MUST] =fail
[Sun Nov 18 15:33:20 2018] [WL_MUST] 发送事件:
[Sun Nov 18 15:33:20 2018] [WL_MUST] ={
[Sun Nov 18 15:33:20 2018] [WL_MUST]   page=/nycs_user_active
[Sun Nov 18 15:33:20 2018] [WL_MUST]   port=8008
[Sun Nov 18 15:33:20 2018] [WL_MUST]   domain=report.syyx.cn
[Sun Nov 18 15:33:20 2018] [WL_MUST]   param={
[Sun Nov 18 15:33:20 2018] [WL_MUST]     active=103
[Sun Nov 18 15:33:20 2018] [WL_MUST]     serverid=382
[Sun Nov 18 15:33:20 2018] [WL_MUST]     time=1542526400
[Sun Nov 18 15:33:20 2018] [WL_MUST]     account=chenwu2221
[Sun Nov 18 15:33:20 2018] [WL_MUST]   }
[Sun Nov 18 15:33:20 2018] [WL_MUST] }
[Sun Nov 18 15:33:20 2018] [WL_MUST] 接收回复:
[Sun Nov 18 15:33:20 2018] [WL_MUST] ={
[Sun Nov 18 15:33:20 2018] [WL_MUST]   active=103
[Sun Nov 18 15:33:20 2018] [WL_MUST]   serverid=382
[Sun Nov 18 15:33:20 2018] [WL_MUST]   time=1542526400
[Sun Nov 18 15:33:20 2018] [WL_MUST]   account=chenwu2221
[Sun Nov 18 15:33:20 2018] [WL_MUST] }
[Sun Nov 18 15:33:20 2018] [WL_MUST] =fail
[Sun Nov 18 15:37:14 2018] [WL_MUST] 发送事件:
[Sun Nov 18 15:37:14 2018] [WL_MUST] ={
[Sun Nov 18 15:37:14 2018] [WL_MUST]   page=/nycs_user_active
[Sun Nov 18 15:37:14 2018] [WL_MUST]   port=8008
[Sun Nov 18 15:37:14 2018] [WL_MUST]   domain=report.syyx.cn
[Sun Nov 18 15:37:14 2018] [WL_MUST]   param={
[Sun Nov 18 15:37:14 2018] [WL_MUST]     active=101
[Sun Nov 18 15:37:14 2018] [WL_MUST]     serverid=382
[Sun Nov 18 15:37:14 2018] [WL_MUST]     time=1542526634
[Sun Nov 18 15:37:14 2018] [WL_MUST]     account=zyl6554477
[Sun Nov 18 15:37:14 2018] [WL_MUST]   }
[Sun Nov 18 15:37:14 2018] [WL_MUST] }
[Sun Nov 18 15:37:14 2018] [WL_MUST] 接收回复:
[Sun Nov 18 15:37:14 2018] [WL_MUST] ={
[Sun Nov 18 15:37:14 2018] [WL_MUST]   active=101
[Sun Nov 18 15:37:14 2018] [WL_MUST]   serverid=382
[Sun Nov 18 15:37:14 2018] [WL_MUST]   time=1542526634
[Sun Nov 18 15:37:14 2018] [WL_MUST]   account=zyl6554477
[Sun Nov 18 15:37:14 2018] [WL_MUST] }
[Sun Nov 18 15:37:14 2018] [WL_MUST] =fail
[Sun Nov 18 15:40:23 2018] [WL_MUST] 发送事件:
[Sun Nov 18 15:40:23 2018] [WL_MUST] ={
[Sun Nov 18 15:40:23 2018] [WL_MUST]   page=/nycs_user_active
[Sun Nov 18 15:40:23 2018] [WL_MUST]   port=8008
[Sun Nov 18 15:40:23 2018] [WL_MUST]   domain=report.syyx.cn
[Sun Nov 18 15:40:23 2018] [WL_MUST]   param={
[Sun Nov 18 15:40:23 2018] [WL_MUST]     active=102
[Sun Nov 18 15:40:23 2018] [WL_MUST]     serverid=382
[Sun Nov 18 15:40:23 2018] [WL_MUST]     time=1542526823
[Sun Nov 18 15:40:23 2018] [WL_MUST]     account=18603657181
[Sun Nov 18 15:40:23 2018] [WL_MUST]   }
[Sun Nov 18 15:40:23 2018] [WL_MUST] }
[Sun Nov 18 15:40:23 2018] [WL_MUST] 接收回复:
[Sun Nov 18 15:40:23 2018] [WL_MUST] ={
[Sun Nov 18 15:40:23 2018] [WL_MUST]   active=102
[Sun Nov 18 15:40:23 2018] [WL_MUST]   serverid=382
[Sun Nov 18 15:40:23 2018] [WL_MUST]   time=1542526823
[Sun Nov 18 15:40:23 2018] [WL_MUST]   account=18603657181
[Sun Nov 18 15:40:23 2018] [WL_MUST] }
[Sun Nov 18 15:40:23 2018] [WL_MUST] =fail
[Sun Nov 18 16:30:34 2018] [WL_MUST] 发送事件:
[Sun Nov 18 16:30:34 2018] [WL_MUST] ={
[Sun Nov 18 16:30:34 2018] [WL_MUST]   page=/nycs_user_active
[Sun Nov 18 16:30:34 2018] [WL_MUST]   port=8008
[Sun Nov 18 16:30:34 2018] [WL_MUST]   domain=report.syyx.cn
[Sun Nov 18 16:30:34 2018] [WL_MUST]   param={
[Sun Nov 18 16:30:34 2018] [WL_MUST]     active=105
[Sun Nov 18 16:30:34 2018] [WL_MUST]     serverid=382
[Sun Nov 18 16:30:34 2018] [WL_MUST]     time=1542529834
[Sun Nov 18 16:30:34 2018] [WL_MUST]     account=woshixianxian2
[Sun Nov 18 16:30:34 2018] [WL_MUST]   }
[Sun Nov 18 16:30:34 2018] [WL_MUST] }
[Sun Nov 18 16:30:34 2018] [WL_MUST] 接收回复:
[Sun Nov 18 16:30:34 2018] [WL_MUST] ={
[Sun Nov 18 16:30:34 2018] [WL_MUST]   active=105
[Sun Nov 18 16:30:34 2018] [WL_MUST]   serverid=382
[Sun Nov 18 16:30:34 2018] [WL_MUST]   time=1542529834
[Sun Nov 18 16:30:34 2018] [WL_MUST]   account=woshixianxian2
[Sun Nov 18 16:30:34 2018] [WL_MUST] }
[Sun Nov 18 16:30:34 2018] [WL_MUST] =fail
[Sun Nov 18 16:34:19 2018] [WL_MUST] 发送事件:
[Sun Nov 18 16:34:19 2018] [WL_MUST] ={
[Sun Nov 18 16:34:19 2018] [WL_MUST]   page=/nycs_user_active
[Sun Nov 18 16:34:19 2018] [WL_MUST]   port=8008
[Sun Nov 18 16:34:19 2018] [WL_MUST]   domain=report.syyx.cn
[Sun Nov 18 16:34:19 2018] [WL_MUST]   param={
[Sun Nov 18 16:34:19 2018] [WL_MUST]     active=103
[Sun Nov 18 16:34:19 2018] [WL_MUST]     serverid=382
[Sun Nov 18 16:34:19 2018] [WL_MUST]     time=1542530059
[Sun Nov 18 16:34:19 2018] [WL_MUST]     account=woainiping1215
[Sun Nov 18 16:34:19 2018] [WL_MUST]   }
[Sun Nov 18 16:34:19 2018] [WL_MUST] }
[Sun Nov 18 16:34:20 2018] [WL_MUST] 接收回复:
[Sun Nov 18 16:34:20 2018] [WL_MUST] ={
[Sun Nov 18 16:34:20 2018] [WL_MUST]   active=103
[Sun Nov 18 16:34:20 2018] [WL_MUST]   serverid=382
[Sun Nov 18 16:34:20 2018] [WL_MUST]   time=1542530059
[Sun Nov 18 16:34:20 2018] [WL_MUST]   account=woainiping1215
[Sun Nov 18 16:34:20 2018] [WL_MUST] }
[Sun Nov 18 16:34:20 2018] [WL_MUST] =fail
[Sun Nov 18 17:32:35 2018] [WL_MUST] 发送事件:
[Sun Nov 18 17:32:35 2018] [WL_MUST] ={
[Sun Nov 18 17:32:35 2018] [WL_MUST]   page=/nycs_user_active
[Sun Nov 18 17:32:35 2018] [WL_MUST]   port=8008
[Sun Nov 18 17:32:35 2018] [WL_MUST]   domain=report.syyx.cn
[Sun Nov 18 17:32:35 2018] [WL_MUST]   param={
[Sun Nov 18 17:32:35 2018] [WL_MUST]     active=101
[Sun Nov 18 17:32:35 2018] [WL_MUST]     serverid=382
[Sun Nov 18 17:32:35 2018] [WL_MUST]     time=1542533555
[Sun Nov 18 17:32:35 2018] [WL_MUST]     account=meinv7
[Sun Nov 18 17:32:35 2018] [WL_MUST]   }
[Sun Nov 18 17:32:35 2018] [WL_MUST] }
[Sun Nov 18 17:32:35 2018] [WL_MUST] 接收回复:
[Sun Nov 18 17:32:35 2018] [WL_MUST] ={
[Sun Nov 18 17:32:35 2018] [WL_MUST]   active=101
[Sun Nov 18 17:32:35 2018] [WL_MUST]   serverid=382
[Sun Nov 18 17:32:35 2018] [WL_MUST]   time=1542533555
[Sun Nov 18 17:32:35 2018] [WL_MUST]   account=meinv7
[Sun Nov 18 17:32:35 2018] [WL_MUST] }
[Sun Nov 18 17:32:35 2018] [WL_MUST] =fail
[Sun Nov 18 17:32:37 2018] [WL_MUST] 发送事件:
[Sun Nov 18 17:32:37 2018] [WL_MUST] ={
[Sun Nov 18 17:32:37 2018] [WL_MUST]   page=/nycs_user_active
[Sun Nov 18 17:32:37 2018] [WL_MUST]   port=8008
[Sun Nov 18 17:32:37 2018] [WL_MUST]   domain=report.syyx.cn
[Sun Nov 18 17:32:37 2018] [WL_MUST]   param={
[Sun Nov 18 17:32:37 2018] [WL_MUST]     active=102
[Sun Nov 18 17:32:37 2018] [WL_MUST]     serverid=382
[Sun Nov 18 17:32:37 2018] [WL_MUST]     time=1542533557
[Sun Nov 18 17:32:37 2018] [WL_MUST]     account=wj633655
[Sun Nov 18 17:32:37 2018] [WL_MUST]   }
[Sun Nov 18 17:32:37 2018] [WL_MUST] }
[Sun Nov 18 17:32:38 2018] [WL_MUST] 接收回复:
[Sun Nov 18 17:32:38 2018] [WL_MUST] ={
[Sun Nov 18 17:32:38 2018] [WL_MUST]   active=102
[Sun Nov 18 17:32:38 2018] [WL_MUST]   serverid=382
[Sun Nov 18 17:32:38 2018] [WL_MUST]   time=1542533557
[Sun Nov 18 17:32:38 2018] [WL_MUST]   account=wj633655
[Sun Nov 18 17:32:38 2018] [WL_MUST] }
[Sun Nov 18 17:32:38 2018] [WL_MUST] =fail
[Sun Nov 18 17:36:49 2018] [WL_MUST] 发送事件:
[Sun Nov 18 17:36:49 2018] [WL_MUST] ={
[Sun Nov 18 17:36:49 2018] [WL_MUST]   page=/nycs_user_active
[Sun Nov 18 17:36:49 2018] [WL_MUST]   port=8008
[Sun Nov 18 17:36:49 2018] [WL_MUST]   domain=report.syyx.cn
[Sun Nov 18 17:36:49 2018] [WL_MUST]   param={
[Sun Nov 18 17:36:49 2018] [WL_MUST]     active=100
[Sun Nov 18 17:36:49 2018] [WL_MUST]     serverid=382
[Sun Nov 18 17:36:49 2018] [WL_MUST]     time=1542533809
[Sun Nov 18 17:36:49 2018] [WL_MUST]     account=rosentan
[Sun Nov 18 17:36:49 2018] [WL_MUST]   }
[Sun Nov 18 17:36:49 2018] [WL_MUST] }
[Sun Nov 18 17:36:49 2018] [WL_MUST] 接收回复:
[Sun Nov 18 17:36:49 2018] [WL_MUST] ={
[Sun Nov 18 17:36:49 2018] [WL_MUST]   active=100
[Sun Nov 18 17:36:49 2018] [WL_MUST]   serverid=382
[Sun Nov 18 17:36:49 2018] [WL_MUST]   time=1542533809
[Sun Nov 18 17:36:49 2018] [WL_MUST]   account=rosentan
[Sun Nov 18 17:36:49 2018] [WL_MUST] }
[Sun Nov 18 17:36:49 2018] [WL_MUST] =fail
[Sun Nov 18 18:40:57 2018] [WL_MUST] 发送事件:
[Sun Nov 18 18:40:57 2018] [WL_MUST] ={
[Sun Nov 18 18:40:57 2018] [WL_MUST]   page=/nycs_user_active
[Sun Nov 18 18:40:57 2018] [WL_MUST]   port=8008
[Sun Nov 18 18:40:57 2018] [WL_MUST]   domain=report.syyx.cn
[Sun Nov 18 18:40:57 2018] [WL_MUST]   param={
[Sun Nov 18 18:40:57 2018] [WL_MUST]     active=101
[Sun Nov 18 18:40:57 2018] [WL_MUST]     serverid=382
[Sun Nov 18 18:40:57 2018] [WL_MUST]     time=1542537657
[Sun Nov 18 18:40:57 2018] [WL_MUST]     account=zhuer111111
[Sun Nov 18 18:40:57 2018] [WL_MUST]   }
[Sun Nov 18 18:40:57 2018] [WL_MUST] }
[Sun Nov 18 18:40:57 2018] [WL_MUST] 接收回复:
[Sun Nov 18 18:40:57 2018] [WL_MUST] ={
[Sun Nov 18 18:40:57 2018] [WL_MUST]   active=101
[Sun Nov 18 18:40:57 2018] [WL_MUST]   serverid=382
[Sun Nov 18 18:40:57 2018] [WL_MUST]   time=1542537657
[Sun Nov 18 18:40:57 2018] [WL_MUST]   account=zhuer111111
[Sun Nov 18 18:40:57 2018] [WL_MUST] }
[Sun Nov 18 18:40:57 2018] [WL_MUST] =fail
[Sun Nov 18 19:36:15 2018] [WL_MUST] 发送事件:
[Sun Nov 18 19:36:15 2018] [WL_MUST] ={
[Sun Nov 18 19:36:15 2018] [WL_MUST]   page=/nycs_user_active
[Sun Nov 18 19:36:15 2018] [WL_MUST]   port=8008
[Sun Nov 18 19:36:15 2018] [WL_MUST]   domain=report.syyx.cn
[Sun Nov 18 19:36:15 2018] [WL_MUST]   param={
[Sun Nov 18 19:36:15 2018] [WL_MUST]     active=102
[Sun Nov 18 19:36:15 2018] [WL_MUST]     serverid=382
[Sun Nov 18 19:36:15 2018] [WL_MUST]     time=1542540975
[Sun Nov 18 19:36:15 2018] [WL_MUST]     account=xuelong0555x
[Sun Nov 18 19:36:15 2018] [WL_MUST]   }
[Sun Nov 18 19:36:15 2018] [WL_MUST] }
[Sun Nov 18 19:36:15 2018] [WL_MUST] 接收回复:
[Sun Nov 18 19:36:15 2018] [WL_MUST] ={
[Sun Nov 18 19:36:15 2018] [WL_MUST]   active=102
[Sun Nov 18 19:36:15 2018] [WL_MUST]   serverid=382
[Sun Nov 18 19:36:15 2018] [WL_MUST]   time=1542540975
[Sun Nov 18 19:36:15 2018] [WL_MUST]   account=xuelong0555x
[Sun Nov 18 19:36:15 2018] [WL_MUST] }
[Sun Nov 18 19:36:15 2018] [WL_MUST] =fail
[Sun Nov 18 19:49:39 2018] [WL_MUST] 发送事件:
[Sun Nov 18 19:49:39 2018] [WL_MUST] ={
[Sun Nov 18 19:49:39 2018] [WL_MUST]   page=/nycs_five_color
[Sun Nov 18 19:49:39 2018] [WL_MUST]   port=8008
[Sun Nov 18 19:49:39 2018] [WL_MUST]   domain=report.syyx.cn
[Sun Nov 18 19:49:39 2018] [WL_MUST]   param={
[Sun Nov 18 19:49:39 2018] [WL_MUST]     serverid=382
[Sun Nov 18 19:49:39 2018] [WL_MUST]     time=1542541779
[Sun Nov 18 19:49:39 2018] [WL_MUST]     account=xuliangjun004
[Sun Nov 18 19:49:39 2018] [WL_MUST]   }
[Sun Nov 18 19:49:39 2018] [WL_MUST] }
[Sun Nov 18 19:49:39 2018] [WL_MUST] 接收回复:
[Sun Nov 18 19:49:39 2018] [WL_MUST] ={
[Sun Nov 18 19:49:39 2018] [WL_MUST]   serverid=382
[Sun Nov 18 19:49:39 2018] [WL_MUST]   time=1542541779
[Sun Nov 18 19:49:39 2018] [WL_MUST]   account=xuliangjun004
[Sun Nov 18 19:49:39 2018] [WL_MUST] }
[Sun Nov 18 19:49:39 2018] [WL_MUST] =fail
[Sun Nov 18 20:36:44 2018] [WL_MUST] 发送事件:
[Sun Nov 18 20:36:44 2018] [WL_MUST] ={
[Sun Nov 18 20:36:44 2018] [WL_MUST]   page=/nycs_user_active
[Sun Nov 18 20:36:44 2018] [WL_MUST]   port=8008
[Sun Nov 18 20:36:44 2018] [WL_MUST]   domain=report.syyx.cn
[Sun Nov 18 20:36:44 2018] [WL_MUST]   param={
[Sun Nov 18 20:36:44 2018] [WL_MUST]     active=101
[Sun Nov 18 20:36:44 2018] [WL_MUST]     serverid=382
[Sun Nov 18 20:36:44 2018] [WL_MUST]     time=1542544604
[Sun Nov 18 20:36:44 2018] [WL_MUST]     account=jie850129
[Sun Nov 18 20:36:44 2018] [WL_MUST]   }
[Sun Nov 18 20:36:44 2018] [WL_MUST] }
[Sun Nov 18 20:36:45 2018] [WL_MUST] 接收回复:
[Sun Nov 18 20:36:45 2018] [WL_MUST] ={
[Sun Nov 18 20:36:45 2018] [WL_MUST]   active=101
[Sun Nov 18 20:36:45 2018] [WL_MUST]   serverid=382
[Sun Nov 18 20:36:45 2018] [WL_MUST]   time=1542544604
[Sun Nov 18 20:36:45 2018] [WL_MUST]   account=jie850129
[Sun Nov 18 20:36:45 2018] [WL_MUST] }
[Sun Nov 18 20:36:45 2018] [WL_MUST] =fail
[Sun Nov 18 20:36:53 2018] [WL_MUST] 发送事件:
[Sun Nov 18 20:36:53 2018] [WL_MUST] ={
[Sun Nov 18 20:36:53 2018] [WL_MUST]   page=/nycs_user_active
[Sun Nov 18 20:36:53 2018] [WL_MUST]   port=8008
[Sun Nov 18 20:36:53 2018] [WL_MUST]   domain=report.syyx.cn
[Sun Nov 18 20:36:53 2018] [WL_MUST]   param={
[Sun Nov 18 20:36:53 2018] [WL_MUST]     active=102
[Sun Nov 18 20:36:53 2018] [WL_MUST]     serverid=382
[Sun Nov 18 20:36:53 2018] [WL_MUST]     time=1542544613
[Sun Nov 18 20:36:53 2018] [WL_MUST]     account=chenjia890
[Sun Nov 18 20:36:53 2018] [WL_MUST]   }
[Sun Nov 18 20:36:53 2018] [WL_MUST] }
[Sun Nov 18 20:36:54 2018] [WL_MUST] 接收回复:
[Sun Nov 18 20:36:54 2018] [WL_MUST] ={
[Sun Nov 18 20:36:54 2018] [WL_MUST]   active=102
[Sun Nov 18 20:36:54 2018] [WL_MUST]   serverid=382
[Sun Nov 18 20:36:54 2018] [WL_MUST]   time=1542544613
[Sun Nov 18 20:36:54 2018] [WL_MUST]   account=chenjia890
[Sun Nov 18 20:36:54 2018] [WL_MUST] }
[Sun Nov 18 20:36:54 2018] [WL_MUST] =fail
[Sun Nov 18 20:37:40 2018] [WL_MUST] 发送事件:
[Sun Nov 18 20:37:40 2018] [WL_MUST] ={
[Sun Nov 18 20:37:40 2018] [WL_MUST]   page=/nycs_user_active
[Sun Nov 18 20:37:40 2018] [WL_MUST]   port=8008
[Sun Nov 18 20:37:40 2018] [WL_MUST]   domain=report.syyx.cn
[Sun Nov 18 20:37:40 2018] [WL_MUST]   param={
[Sun Nov 18 20:37:40 2018] [WL_MUST]     active=100
[Sun Nov 18 20:37:40 2018] [WL_MUST]     serverid=382
[Sun Nov 18 20:37:40 2018] [WL_MUST]     time=1542544660
[Sun Nov 18 20:37:40 2018] [WL_MUST]     account=13681098685
[Sun Nov 18 20:37:40 2018] [WL_MUST]   }
[Sun Nov 18 20:37:40 2018] [WL_MUST] }
[Sun Nov 18 20:37:40 2018] [WL_MUST] 接收回复:
[Sun Nov 18 20:37:40 2018] [WL_MUST] ={
[Sun Nov 18 20:37:40 2018] [WL_MUST]   active=100
[Sun Nov 18 20:37:40 2018] [WL_MUST]   serverid=382
[Sun Nov 18 20:37:40 2018] [WL_MUST]   time=1542544660
[Sun Nov 18 20:37:40 2018] [WL_MUST]   account=13681098685
[Sun Nov 18 20:37:40 2018] [WL_MUST] }
[Sun Nov 18 20:37:40 2018] [WL_MUST] =fail
[Sun Nov 18 20:46:15 2018] [WL_MUST] 发送事件:
[Sun Nov 18 20:46:15 2018] [WL_MUST] ={
[Sun Nov 18 20:46:15 2018] [WL_MUST]   page=/nycs_user_active
[Sun Nov 18 20:46:15 2018] [WL_MUST]   port=8008
[Sun Nov 18 20:46:15 2018] [WL_MUST]   domain=report.syyx.cn
[Sun Nov 18 20:46:15 2018] [WL_MUST]   param={
[Sun Nov 18 20:46:15 2018] [WL_MUST]     active=100
[Sun Nov 18 20:46:15 2018] [WL_MUST]     serverid=382
[Sun Nov 18 20:46:15 2018] [WL_MUST]     time=1542545175
[Sun Nov 18 20:46:15 2018] [WL_MUST]     account=nycs_lbs
[Sun Nov 18 20:46:15 2018] [WL_MUST]   }
[Sun Nov 18 20:46:15 2018] [WL_MUST] }
[Sun Nov 18 20:46:15 2018] [WL_MUST] 接收回复:
[Sun Nov 18 20:46:15 2018] [WL_MUST] ={
[Sun Nov 18 20:46:15 2018] [WL_MUST]   active=100
[Sun Nov 18 20:46:15 2018] [WL_MUST]   serverid=382
[Sun Nov 18 20:46:15 2018] [WL_MUST]   time=1542545175
[Sun Nov 18 20:46:15 2018] [WL_MUST]   account=nycs_lbs
[Sun Nov 18 20:46:15 2018] [WL_MUST] }
[Sun Nov 18 20:46:15 2018] [WL_MUST] =fail
[Sun Nov 18 21:32:15 2018] [WL_MUST] 发送事件:
[Sun Nov 18 21:32:15 2018] [WL_MUST] ={
[Sun Nov 18 21:32:15 2018] [WL_MUST]   page=/nycs_user_active
[Sun Nov 18 21:32:15 2018] [WL_MUST]   port=8008
[Sun Nov 18 21:32:15 2018] [WL_MUST]   domain=report.syyx.cn
[Sun Nov 18 21:32:15 2018] [WL_MUST]   param={
[Sun Nov 18 21:32:15 2018] [WL_MUST]     active=101
[Sun Nov 18 21:32:15 2018] [WL_MUST]     serverid=382
[Sun Nov 18 21:32:15 2018] [WL_MUST]     time=1542547935
[Sun Nov 18 21:32:15 2018] [WL_MUST]     account=nycs_520
[Sun Nov 18 21:32:15 2018] [WL_MUST]   }
[Sun Nov 18 21:32:15 2018] [WL_MUST] }
[Sun Nov 18 21:32:16 2018] [WL_MUST] 接收回复:
[Sun Nov 18 21:32:16 2018] [WL_MUST] ={
[Sun Nov 18 21:32:16 2018] [WL_MUST]   active=101
[Sun Nov 18 21:32:16 2018] [WL_MUST]   serverid=382
[Sun Nov 18 21:32:16 2018] [WL_MUST]   time=1542547935
[Sun Nov 18 21:32:16 2018] [WL_MUST]   account=nycs_520
[Sun Nov 18 21:32:16 2018] [WL_MUST] }
[Sun Nov 18 21:32:16 2018] [WL_MUST] =fail
[Sun Nov 18 21:52:32 2018] [WL_MUST] 发送事件:
[Sun Nov 18 21:52:32 2018] [WL_MUST] ={
[Sun Nov 18 21:52:32 2018] [WL_MUST]   page=/nycs_five_color
[Sun Nov 18 21:52:32 2018] [WL_MUST]   port=8008
[Sun Nov 18 21:52:32 2018] [WL_MUST]   domain=report.syyx.cn
[Sun Nov 18 21:52:32 2018] [WL_MUST]   param={
[Sun Nov 18 21:52:32 2018] [WL_MUST]     serverid=382
[Sun Nov 18 21:52:32 2018] [WL_MUST]     time=1542549152
[Sun Nov 18 21:52:32 2018] [WL_MUST]     account=app910506
[Sun Nov 18 21:52:32 2018] [WL_MUST]   }
[Sun Nov 18 21:52:32 2018] [WL_MUST] }
[Sun Nov 18 21:52:32 2018] [WL_MUST] 接收回复:
[Sun Nov 18 21:52:32 2018] [WL_MUST] ={
[Sun Nov 18 21:52:32 2018] [WL_MUST]   serverid=382
[Sun Nov 18 21:52:32 2018] [WL_MUST]   time=1542549152
[Sun Nov 18 21:52:32 2018] [WL_MUST]   account=app910506
[Sun Nov 18 21:52:32 2018] [WL_MUST] }
[Sun Nov 18 21:52:32 2018] [WL_MUST] =fail
[Sun Nov 18 21:55:35 2018] [WL_MUST] 发送事件:
[Sun Nov 18 21:55:35 2018] [WL_MUST] ={
[Sun Nov 18 21:55:35 2018] [WL_MUST]   page=/nycs_five_color
[Sun Nov 18 21:55:35 2018] [WL_MUST]   port=8008
[Sun Nov 18 21:55:35 2018] [WL_MUST]   domain=report.syyx.cn
[Sun Nov 18 21:55:35 2018] [WL_MUST]   param={
[Sun Nov 18 21:55:35 2018] [WL_MUST]     serverid=382
[Sun Nov 18 21:55:35 2018] [WL_MUST]     time=1542549335
[Sun Nov 18 21:55:35 2018] [WL_MUST]     account=fm6997
[Sun Nov 18 21:55:35 2018] [WL_MUST]   }
[Sun Nov 18 21:55:35 2018] [WL_MUST] }
[Sun Nov 18 21:55:35 2018] [WL_MUST] 接收回复:
[Sun Nov 18 21:55:35 2018] [WL_MUST] ={
[Sun Nov 18 21:55:35 2018] [WL_MUST]   serverid=382
[Sun Nov 18 21:55:35 2018] [WL_MUST]   time=1542549335
[Sun Nov 18 21:55:35 2018] [WL_MUST]   account=fm6997
[Sun Nov 18 21:55:35 2018] [WL_MUST] }
[Sun Nov 18 21:55:35 2018] [WL_MUST] =fail
[Sun Nov 18 22:32:51 2018] [WL_MUST] 发送事件:
[Sun Nov 18 22:32:51 2018] [WL_MUST] ={
[Sun Nov 18 22:32:51 2018] [WL_MUST]   page=/nycs_user_active
[Sun Nov 18 22:32:51 2018] [WL_MUST]   port=8008
[Sun Nov 18 22:32:51 2018] [WL_MUST]   domain=report.syyx.cn
[Sun Nov 18 22:32:51 2018] [WL_MUST]   param={
[Sun Nov 18 22:32:51 2018] [WL_MUST]     active=101
[Sun Nov 18 22:32:51 2018] [WL_MUST]     serverid=382
[Sun Nov 18 22:32:51 2018] [WL_MUST]     time=1542551571
[Sun Nov 18 22:32:51 2018] [WL_MUST]     account=sz5299cs
[Sun Nov 18 22:32:51 2018] [WL_MUST]   }
[Sun Nov 18 22:32:51 2018] [WL_MUST] }
[Sun Nov 18 22:32:51 2018] [WL_MUST] 接收回复:
[Sun Nov 18 22:32:51 2018] [WL_MUST] ={
[Sun Nov 18 22:32:51 2018] [WL_MUST]   active=101
[Sun Nov 18 22:32:51 2018] [WL_MUST]   serverid=382
[Sun Nov 18 22:32:51 2018] [WL_MUST]   time=1542551571
[Sun Nov 18 22:32:51 2018] [WL_MUST]   account=sz5299cs
[Sun Nov 18 22:32:51 2018] [WL_MUST] }
[Sun Nov 18 22:32:51 2018] [WL_MUST] =fail
