[Mon Nov 19 11:20:44 2018] [WL_MUST] 发送事件:
[Mon Nov 19 11:20:44 2018] [WL_MUST] ={
[Mon Nov 19 11:20:44 2018] [WL_MUST]   page=/nycs_user_active
[Mon Nov 19 11:20:44 2018] [WL_MUST]   port=8008
[Mon Nov 19 11:20:44 2018] [WL_MUST]   domain=report.syyx.cn
[Mon Nov 19 11:20:44 2018] [WL_MUST]   param={
[Mon Nov 19 11:20:44 2018] [WL_MUST]     active=101
[Mon Nov 19 11:20:44 2018] [WL_MUST]     serverid=381
[Mon Nov 19 11:20:44 2018] [WL_MUST]     time=1542597644
[Mon Nov 19 11:20:44 2018] [WL_MUST]     account=5210hai5210
[Mon Nov 19 11:20:44 2018] [WL_MUST]   }
[Mon Nov 19 11:20:44 2018] [WL_MUST] }
[Mon Nov 19 11:20:44 2018] [WL_MUST] 接收回复:
[Mon Nov 19 11:20:44 2018] [WL_MUST] ={
[Mon Nov 19 11:20:44 2018] [WL_MUST]   active=101
[Mon Nov 19 11:20:44 2018] [WL_MUST]   serverid=381
[Mon Nov 19 11:20:44 2018] [WL_MUST]   time=1542597644
[Mon Nov 19 11:20:44 2018] [WL_MUST]   account=5210hai5210
[Mon Nov 19 11:20:44 2018] [WL_MUST] }
[Mon Nov 19 11:20:44 2018] [WL_MUST] =fail
[Mon Nov 19 11:47:32 2018] [WL_MUST] 发送事件:
[Mon Nov 19 11:47:32 2018] [WL_MUST] ={
[Mon Nov 19 11:47:32 2018] [WL_MUST]   page=/nycs_five_color
[Mon Nov 19 11:47:32 2018] [WL_MUST]   port=8008
[Mon Nov 19 11:47:32 2018] [WL_MUST]   domain=report.syyx.cn
[Mon Nov 19 11:47:32 2018] [WL_MUST]   param={
[Mon Nov 19 11:47:32 2018] [WL_MUST]     serverid=381
[Mon Nov 19 11:47:32 2018] [WL_MUST]     time=1542599252
[Mon Nov 19 11:47:32 2018] [WL_MUST]     account=limingming1314
[Mon Nov 19 11:47:32 2018] [WL_MUST]   }
[Mon Nov 19 11:47:32 2018] [WL_MUST] }
[Mon Nov 19 11:47:32 2018] [WL_MUST] 接收回复:
[Mon Nov 19 11:47:32 2018] [WL_MUST] ={
[Mon Nov 19 11:47:32 2018] [WL_MUST]   serverid=381
[Mon Nov 19 11:47:32 2018] [WL_MUST]   time=1542599252
[Mon Nov 19 11:47:32 2018] [WL_MUST]   account=limingming1314
[Mon Nov 19 11:47:32 2018] [WL_MUST] }
[Mon Nov 19 11:47:32 2018] [WL_MUST] =fail
[Mon Nov 19 18:07:36 2018] [WL_MUST] 发送事件:
[Mon Nov 19 18:07:36 2018] [WL_MUST] ={
[Mon Nov 19 18:07:36 2018] [WL_MUST]   page=/nycs_five_color
[Mon Nov 19 18:07:36 2018] [WL_MUST]   port=8008
[Mon Nov 19 18:07:36 2018] [WL_MUST]   domain=report.syyx.cn
[Mon Nov 19 18:07:36 2018] [WL_MUST]   param={
[Mon Nov 19 18:07:36 2018] [WL_MUST]     serverid=381
[Mon Nov 19 18:07:36 2018] [WL_MUST]     time=1542622056
[Mon Nov 19 18:07:36 2018] [WL_MUST]     account=my0606
[Mon Nov 19 18:07:36 2018] [WL_MUST]   }
[Mon Nov 19 18:07:36 2018] [WL_MUST] }
[Mon Nov 19 18:07:36 2018] [WL_MUST] 接收回复:
[Mon Nov 19 18:07:36 2018] [WL_MUST] ={
[Mon Nov 19 18:07:36 2018] [WL_MUST]   serverid=381
[Mon Nov 19 18:07:36 2018] [WL_MUST]   time=1542622056
[Mon Nov 19 18:07:36 2018] [WL_MUST]   account=my0606
[Mon Nov 19 18:07:36 2018] [WL_MUST] }
[Mon Nov 19 18:07:36 2018] [WL_MUST] =fail
