[Sat Nov 17 00:37:37 2018] [WL_MUST] 发送事件:
[Sat Nov 17 00:37:37 2018] [WL_MUST] ={
[Sat Nov 17 00:37:37 2018] [WL_MUST]   page=/nycs_five_color
[Sat Nov 17 00:37:37 2018] [WL_MUST]   port=8008
[Sat Nov 17 00:37:37 2018] [WL_MUST]   domain=report.syyx.cn
[Sat Nov 17 00:37:37 2018] [WL_MUST]   param={
[Sat Nov 17 00:37:37 2018] [WL_MUST]     serverid=382
[Sat Nov 17 00:37:37 2018] [WL_MUST]     time=1542386257
[Sat Nov 17 00:37:37 2018] [WL_MUST]     account=hltyu99
[Sat Nov 17 00:37:37 2018] [WL_MUST]   }
[Sat Nov 17 00:37:37 2018] [WL_MUST] }
[Sat Nov 17 00:37:37 2018] [WL_MUST] 接收回复:
[Sat Nov 17 00:37:37 2018] [WL_MUST] ={
[Sat Nov 17 00:37:37 2018] [WL_MUST]   serverid=382
[Sat Nov 17 00:37:37 2018] [WL_MUST]   time=1542386257
[Sat Nov 17 00:37:37 2018] [WL_MUST]   account=hltyu99
[Sat Nov 17 00:37:37 2018] [WL_MUST] }
[Sat Nov 17 00:37:37 2018] [WL_MUST] =fail
[Sat Nov 17 01:25:37 2018] [WL_MUST] 发送事件:
[Sat Nov 17 01:25:37 2018] [WL_MUST] ={
[Sat Nov 17 01:25:37 2018] [WL_MUST]   page=/nycs_five_color
[Sat Nov 17 01:25:37 2018] [WL_MUST]   port=8008
[Sat Nov 17 01:25:37 2018] [WL_MUST]   domain=report.syyx.cn
[Sat Nov 17 01:25:37 2018] [WL_MUST]   param={
[Sat Nov 17 01:25:37 2018] [WL_MUST]     serverid=382
[Sat Nov 17 01:25:37 2018] [WL_MUST]     time=1542389137
[Sat Nov 17 01:25:37 2018] [WL_MUST]     account=dlc5689
[Sat Nov 17 01:25:37 2018] [WL_MUST]   }
[Sat Nov 17 01:25:37 2018] [WL_MUST] }
[Sat Nov 17 01:25:37 2018] [WL_MUST] 接收回复:
[Sat Nov 17 01:25:37 2018] [WL_MUST] ={
[Sat Nov 17 01:25:37 2018] [WL_MUST]   serverid=382
[Sat Nov 17 01:25:37 2018] [WL_MUST]   time=1542389137
[Sat Nov 17 01:25:37 2018] [WL_MUST]   account=dlc5689
[Sat Nov 17 01:25:37 2018] [WL_MUST] }
[Sat Nov 17 01:25:37 2018] [WL_MUST] =fail
[Sat Nov 17 03:04:04 2018] [WL_MUST] 发送事件:
[Sat Nov 17 03:04:04 2018] [WL_MUST] ={
[Sat Nov 17 03:04:04 2018] [WL_MUST]   page=/nycs_five_color
[Sat Nov 17 03:04:04 2018] [WL_MUST]   port=8008
[Sat Nov 17 03:04:04 2018] [WL_MUST]   domain=report.syyx.cn
[Sat Nov 17 03:04:04 2018] [WL_MUST]   param={
[Sat Nov 17 03:04:04 2018] [WL_MUST]     serverid=382
[Sat Nov 17 03:04:04 2018] [WL_MUST]     time=1542395043
[Sat Nov 17 03:04:04 2018] [WL_MUST]     account=18655164499
[Sat Nov 17 03:04:04 2018] [WL_MUST]   }
[Sat Nov 17 03:04:04 2018] [WL_MUST] }
[Sat Nov 17 03:04:04 2018] [WL_MUST] 接收回复:
[Sat Nov 17 03:04:04 2018] [WL_MUST] ={
[Sat Nov 17 03:04:04 2018] [WL_MUST]   serverid=382
[Sat Nov 17 03:04:04 2018] [WL_MUST]   time=1542395043
[Sat Nov 17 03:04:04 2018] [WL_MUST]   account=18655164499
[Sat Nov 17 03:04:04 2018] [WL_MUST] }
[Sat Nov 17 03:04:04 2018] [WL_MUST] =fail
[Sat Nov 17 04:00:58 2018] [WL_MUST] 发送事件:
[Sat Nov 17 04:00:58 2018] [WL_MUST] ={
[Sat Nov 17 04:00:58 2018] [WL_MUST]   page=/nycs_five_color
[Sat Nov 17 04:00:58 2018] [WL_MUST]   port=8008
[Sat Nov 17 04:00:58 2018] [WL_MUST]   domain=report.syyx.cn
[Sat Nov 17 04:00:58 2018] [WL_MUST]   param={
[Sat Nov 17 04:00:58 2018] [WL_MUST]     serverid=382
[Sat Nov 17 04:00:58 2018] [WL_MUST]     time=1542398458
[Sat Nov 17 04:00:58 2018] [WL_MUST]     account=wang868520
[Sat Nov 17 04:00:58 2018] [WL_MUST]   }
[Sat Nov 17 04:00:58 2018] [WL_MUST] }
[Sat Nov 17 04:00:58 2018] [WL_MUST] 接收回复:
[Sat Nov 17 04:00:58 2018] [WL_MUST] ={
[Sat Nov 17 04:00:58 2018] [WL_MUST]   serverid=382
[Sat Nov 17 04:00:58 2018] [WL_MUST]   time=1542398458
[Sat Nov 17 04:00:58 2018] [WL_MUST]   account=wang868520
[Sat Nov 17 04:00:58 2018] [WL_MUST] }
[Sat Nov 17 04:00:58 2018] [WL_MUST] =fail
[Sat Nov 17 10:36:13 2018] [WL_MUST] 发送事件:
[Sat Nov 17 10:36:13 2018] [WL_MUST] ={
[Sat Nov 17 10:36:13 2018] [WL_MUST]   page=/nycs_user_active
[Sat Nov 17 10:36:13 2018] [WL_MUST]   port=8008
[Sat Nov 17 10:36:13 2018] [WL_MUST]   domain=report.syyx.cn
[Sat Nov 17 10:36:13 2018] [WL_MUST]   param={
[Sat Nov 17 10:36:13 2018] [WL_MUST]     active=100
[Sat Nov 17 10:36:13 2018] [WL_MUST]     serverid=382
[Sat Nov 17 10:36:13 2018] [WL_MUST]     time=1542422173
[Sat Nov 17 10:36:13 2018] [WL_MUST]     account=liujin300
[Sat Nov 17 10:36:13 2018] [WL_MUST]   }
[Sat Nov 17 10:36:13 2018] [WL_MUST] }
[Sat Nov 17 10:36:13 2018] [WL_MUST] 接收回复:
[Sat Nov 17 10:36:13 2018] [WL_MUST] ={
[Sat Nov 17 10:36:13 2018] [WL_MUST]   active=100
[Sat Nov 17 10:36:13 2018] [WL_MUST]   serverid=382
[Sat Nov 17 10:36:13 2018] [WL_MUST]   time=1542422173
[Sat Nov 17 10:36:13 2018] [WL_MUST]   account=liujin300
[Sat Nov 17 10:36:13 2018] [WL_MUST] }
[Sat Nov 17 10:36:13 2018] [WL_MUST] =fail
[Sat Nov 17 10:36:20 2018] [WL_MUST] 发送事件:
[Sat Nov 17 10:36:20 2018] [WL_MUST] ={
[Sat Nov 17 10:36:20 2018] [WL_MUST]   page=/nycs_user_active
[Sat Nov 17 10:36:20 2018] [WL_MUST]   port=8008
[Sat Nov 17 10:36:20 2018] [WL_MUST]   domain=report.syyx.cn
[Sat Nov 17 10:36:20 2018] [WL_MUST]   param={
[Sat Nov 17 10:36:20 2018] [WL_MUST]     active=102
[Sat Nov 17 10:36:20 2018] [WL_MUST]     serverid=382
[Sat Nov 17 10:36:20 2018] [WL_MUST]     time=1542422180
[Sat Nov 17 10:36:20 2018] [WL_MUST]     account=liuchengduan
[Sat Nov 17 10:36:20 2018] [WL_MUST]   }
[Sat Nov 17 10:36:20 2018] [WL_MUST] }
[Sat Nov 17 10:36:20 2018] [WL_MUST] 接收回复:
[Sat Nov 17 10:36:20 2018] [WL_MUST] ={
[Sat Nov 17 10:36:20 2018] [WL_MUST]   active=102
[Sat Nov 17 10:36:20 2018] [WL_MUST]   serverid=382
[Sat Nov 17 10:36:20 2018] [WL_MUST]   time=1542422180
[Sat Nov 17 10:36:20 2018] [WL_MUST]   account=liuchengduan
[Sat Nov 17 10:36:20 2018] [WL_MUST] }
[Sat Nov 17 10:36:20 2018] [WL_MUST] =fail
[Sat Nov 17 10:36:54 2018] [WL_MUST] 发送事件:
[Sat Nov 17 10:36:54 2018] [WL_MUST] ={
[Sat Nov 17 10:36:54 2018] [WL_MUST]   page=/nycs_user_active
[Sat Nov 17 10:36:54 2018] [WL_MUST]   port=8008
[Sat Nov 17 10:36:54 2018] [WL_MUST]   domain=report.syyx.cn
[Sat Nov 17 10:36:54 2018] [WL_MUST]   param={
[Sat Nov 17 10:36:54 2018] [WL_MUST]     active=100
[Sat Nov 17 10:36:54 2018] [WL_MUST]     serverid=382
[Sat Nov 17 10:36:54 2018] [WL_MUST]     time=1542422214
[Sat Nov 17 10:36:54 2018] [WL_MUST]     account=380691642
[Sat Nov 17 10:36:54 2018] [WL_MUST]   }
[Sat Nov 17 10:36:54 2018] [WL_MUST] }
[Sat Nov 17 10:36:54 2018] [WL_MUST] 接收回复:
[Sat Nov 17 10:36:54 2018] [WL_MUST] ={
[Sat Nov 17 10:36:54 2018] [WL_MUST]   active=100
[Sat Nov 17 10:36:54 2018] [WL_MUST]   serverid=382
[Sat Nov 17 10:36:54 2018] [WL_MUST]   time=1542422214
[Sat Nov 17 10:36:54 2018] [WL_MUST]   account=380691642
[Sat Nov 17 10:36:54 2018] [WL_MUST] }
[Sat Nov 17 10:36:54 2018] [WL_MUST] =fail
[Sat Nov 17 10:41:26 2018] [WL_MUST] 发送事件:
[Sat Nov 17 10:41:26 2018] [WL_MUST] ={
[Sat Nov 17 10:41:26 2018] [WL_MUST]   page=/nycs_user_active
[Sat Nov 17 10:41:26 2018] [WL_MUST]   port=8008
[Sat Nov 17 10:41:26 2018] [WL_MUST]   domain=report.syyx.cn
[Sat Nov 17 10:41:26 2018] [WL_MUST]   param={
[Sat Nov 17 10:41:26 2018] [WL_MUST]     active=102
[Sat Nov 17 10:41:26 2018] [WL_MUST]     serverid=382
[Sat Nov 17 10:41:26 2018] [WL_MUST]     time=1542422486
[Sat Nov 17 10:41:26 2018] [WL_MUST]     account=wanyouxileha
[Sat Nov 17 10:41:26 2018] [WL_MUST]   }
[Sat Nov 17 10:41:26 2018] [WL_MUST] }
[Sat Nov 17 10:41:27 2018] [WL_MUST] 接收回复:
[Sat Nov 17 10:41:27 2018] [WL_MUST] ={
[Sat Nov 17 10:41:27 2018] [WL_MUST]   active=102
[Sat Nov 17 10:41:27 2018] [WL_MUST]   serverid=382
[Sat Nov 17 10:41:27 2018] [WL_MUST]   time=1542422486
[Sat Nov 17 10:41:27 2018] [WL_MUST]   account=wanyouxileha
[Sat Nov 17 10:41:27 2018] [WL_MUST] }
[Sat Nov 17 10:41:27 2018] [WL_MUST] =fail
[Sat Nov 17 11:32:15 2018] [WL_MUST] 发送事件:
[Sat Nov 17 11:32:15 2018] [WL_MUST] ={
[Sat Nov 17 11:32:15 2018] [WL_MUST]   page=/nycs_five_color
[Sat Nov 17 11:32:15 2018] [WL_MUST]   port=8008
[Sat Nov 17 11:32:15 2018] [WL_MUST]   domain=report.syyx.cn
[Sat Nov 17 11:32:15 2018] [WL_MUST]   param={
[Sat Nov 17 11:32:15 2018] [WL_MUST]     serverid=382
[Sat Nov 17 11:32:15 2018] [WL_MUST]     time=1542425535
[Sat Nov 17 11:32:15 2018] [WL_MUST]     account=luohuaiyu19700
[Sat Nov 17 11:32:15 2018] [WL_MUST]   }
[Sat Nov 17 11:32:15 2018] [WL_MUST] }
[Sat Nov 17 11:32:15 2018] [WL_MUST] 接收回复:
[Sat Nov 17 11:32:15 2018] [WL_MUST] ={
[Sat Nov 17 11:32:15 2018] [WL_MUST]   serverid=382
[Sat Nov 17 11:32:15 2018] [WL_MUST]   time=1542425535
[Sat Nov 17 11:32:15 2018] [WL_MUST]   account=luohuaiyu19700
[Sat Nov 17 11:32:15 2018] [WL_MUST] }
[Sat Nov 17 11:32:15 2018] [WL_MUST] =fail
[Sat Nov 17 11:32:20 2018] [WL_MUST] 发送事件:
[Sat Nov 17 11:32:20 2018] [WL_MUST] ={
[Sat Nov 17 11:32:20 2018] [WL_MUST]   page=/nycs_user_active
[Sat Nov 17 11:32:20 2018] [WL_MUST]   port=8008
[Sat Nov 17 11:32:20 2018] [WL_MUST]   domain=report.syyx.cn
[Sat Nov 17 11:32:20 2018] [WL_MUST]   param={
[Sat Nov 17 11:32:20 2018] [WL_MUST]     active=100
[Sat Nov 17 11:32:20 2018] [WL_MUST]     serverid=382
[Sat Nov 17 11:32:20 2018] [WL_MUST]     time=1542425540
[Sat Nov 17 11:32:20 2018] [WL_MUST]     account=homeveryqb
[Sat Nov 17 11:32:20 2018] [WL_MUST]   }
[Sat Nov 17 11:32:20 2018] [WL_MUST] }
[Sat Nov 17 11:32:21 2018] [WL_MUST] 接收回复:
[Sat Nov 17 11:32:21 2018] [WL_MUST] ={
[Sat Nov 17 11:32:21 2018] [WL_MUST]   active=100
[Sat Nov 17 11:32:21 2018] [WL_MUST]   serverid=382
[Sat Nov 17 11:32:21 2018] [WL_MUST]   time=1542425540
[Sat Nov 17 11:32:21 2018] [WL_MUST]   account=homeveryqb
[Sat Nov 17 11:32:21 2018] [WL_MUST] }
[Sat Nov 17 11:32:21 2018] [WL_MUST] =fail
[Sat Nov 17 11:32:48 2018] [WL_MUST] 发送事件:
[Sat Nov 17 11:32:48 2018] [WL_MUST] ={
[Sat Nov 17 11:32:48 2018] [WL_MUST]   page=/nycs_user_active
[Sat Nov 17 11:32:48 2018] [WL_MUST]   port=8008
[Sat Nov 17 11:32:48 2018] [WL_MUST]   domain=report.syyx.cn
[Sat Nov 17 11:32:48 2018] [WL_MUST]   param={
[Sat Nov 17 11:32:48 2018] [WL_MUST]     active=102
[Sat Nov 17 11:32:48 2018] [WL_MUST]     serverid=382
[Sat Nov 17 11:32:48 2018] [WL_MUST]     time=1542425568
[Sat Nov 17 11:32:48 2018] [WL_MUST]     account=123456ZZQ1234
[Sat Nov 17 11:32:48 2018] [WL_MUST]   }
[Sat Nov 17 11:32:48 2018] [WL_MUST] }
[Sat Nov 17 11:32:48 2018] [WL_MUST] 接收回复:
[Sat Nov 17 11:32:48 2018] [WL_MUST] ={
[Sat Nov 17 11:32:48 2018] [WL_MUST]   active=102
[Sat Nov 17 11:32:48 2018] [WL_MUST]   serverid=382
[Sat Nov 17 11:32:48 2018] [WL_MUST]   time=1542425568
[Sat Nov 17 11:32:48 2018] [WL_MUST]   account=123456ZZQ1234
[Sat Nov 17 11:32:48 2018] [WL_MUST] }
[Sat Nov 17 11:32:48 2018] [WL_MUST] =fail
[Sat Nov 17 11:36:27 2018] [WL_MUST] 发送事件:
[Sat Nov 17 11:36:27 2018] [WL_MUST] ={
[Sat Nov 17 11:36:27 2018] [WL_MUST]   page=/nycs_user_active
[Sat Nov 17 11:36:27 2018] [WL_MUST]   port=8008
[Sat Nov 17 11:36:27 2018] [WL_MUST]   domain=report.syyx.cn
[Sat Nov 17 11:36:27 2018] [WL_MUST]   param={
[Sat Nov 17 11:36:27 2018] [WL_MUST]     active=101
[Sat Nov 17 11:36:27 2018] [WL_MUST]     serverid=382
[Sat Nov 17 11:36:27 2018] [WL_MUST]     time=1542425787
[Sat Nov 17 11:36:27 2018] [WL_MUST]     account=xzm13843919597
[Sat Nov 17 11:36:27 2018] [WL_MUST]   }
[Sat Nov 17 11:36:27 2018] [WL_MUST] }
[Sat Nov 17 11:36:27 2018] [WL_MUST] 接收回复:
[Sat Nov 17 11:36:27 2018] [WL_MUST] ={
[Sat Nov 17 11:36:27 2018] [WL_MUST]   active=101
[Sat Nov 17 11:36:27 2018] [WL_MUST]   serverid=382
[Sat Nov 17 11:36:27 2018] [WL_MUST]   time=1542425787
[Sat Nov 17 11:36:27 2018] [WL_MUST]   account=xzm13843919597
[Sat Nov 17 11:36:27 2018] [WL_MUST] }
[Sat Nov 17 11:36:27 2018] [WL_MUST] =fail
[Sat Nov 17 11:40:15 2018] [WL_MUST] 发送事件:
[Sat Nov 17 11:40:15 2018] [WL_MUST] ={
[Sat Nov 17 11:40:15 2018] [WL_MUST]   page=/nycs_user_active
[Sat Nov 17 11:40:15 2018] [WL_MUST]   port=8008
[Sat Nov 17 11:40:15 2018] [WL_MUST]   domain=report.syyx.cn
[Sat Nov 17 11:40:15 2018] [WL_MUST]   param={
[Sat Nov 17 11:40:15 2018] [WL_MUST]     active=102
[Sat Nov 17 11:40:15 2018] [WL_MUST]     serverid=382
[Sat Nov 17 11:40:15 2018] [WL_MUST]     time=1542426015
[Sat Nov 17 11:40:15 2018] [WL_MUST]     account=zhyanlong1
[Sat Nov 17 11:40:15 2018] [WL_MUST]   }
[Sat Nov 17 11:40:15 2018] [WL_MUST] }
[Sat Nov 17 11:40:15 2018] [WL_MUST] 接收回复:
[Sat Nov 17 11:40:15 2018] [WL_MUST] ={
[Sat Nov 17 11:40:15 2018] [WL_MUST]   active=102
[Sat Nov 17 11:40:15 2018] [WL_MUST]   serverid=382
[Sat Nov 17 11:40:15 2018] [WL_MUST]   time=1542426015
[Sat Nov 17 11:40:15 2018] [WL_MUST]   account=zhyanlong1
[Sat Nov 17 11:40:15 2018] [WL_MUST] }
[Sat Nov 17 11:40:15 2018] [WL_MUST] =fail
[Sat Nov 17 11:41:17 2018] [WL_MUST] 发送事件:
[Sat Nov 17 11:41:17 2018] [WL_MUST] ={
[Sat Nov 17 11:41:17 2018] [WL_MUST]   page=/nycs_user_active
[Sat Nov 17 11:41:17 2018] [WL_MUST]   port=8008
[Sat Nov 17 11:41:17 2018] [WL_MUST]   domain=report.syyx.cn
[Sat Nov 17 11:41:17 2018] [WL_MUST]   param={
[Sat Nov 17 11:41:17 2018] [WL_MUST]     active=101
[Sat Nov 17 11:41:17 2018] [WL_MUST]     serverid=382
[Sat Nov 17 11:41:17 2018] [WL_MUST]     time=1542426077
[Sat Nov 17 11:41:17 2018] [WL_MUST]     account=ybhlxq
[Sat Nov 17 11:41:17 2018] [WL_MUST]   }
[Sat Nov 17 11:41:17 2018] [WL_MUST] }
[Sat Nov 17 11:41:17 2018] [WL_MUST] 接收回复:
[Sat Nov 17 11:41:17 2018] [WL_MUST] ={
[Sat Nov 17 11:41:17 2018] [WL_MUST]   active=101
[Sat Nov 17 11:41:17 2018] [WL_MUST]   serverid=382
[Sat Nov 17 11:41:17 2018] [WL_MUST]   time=1542426077
[Sat Nov 17 11:41:17 2018] [WL_MUST]   account=ybhlxq
[Sat Nov 17 11:41:17 2018] [WL_MUST] }
[Sat Nov 17 11:41:17 2018] [WL_MUST] =fail
[Sat Nov 17 11:51:02 2018] [WL_MUST] 发送事件:
[Sat Nov 17 11:51:02 2018] [WL_MUST] ={
[Sat Nov 17 11:51:02 2018] [WL_MUST]   page=/nycs_five_color
[Sat Nov 17 11:51:02 2018] [WL_MUST]   port=8008
[Sat Nov 17 11:51:02 2018] [WL_MUST]   domain=report.syyx.cn
[Sat Nov 17 11:51:02 2018] [WL_MUST]   param={
[Sat Nov 17 11:51:02 2018] [WL_MUST]     serverid=382
[Sat Nov 17 11:51:02 2018] [WL_MUST]     time=1542426662
[Sat Nov 17 11:51:02 2018] [WL_MUST]     account=lisayaolan0306
[Sat Nov 17 11:51:02 2018] [WL_MUST]   }
[Sat Nov 17 11:51:02 2018] [WL_MUST] }
[Sat Nov 17 11:51:02 2018] [WL_MUST] 接收回复:
[Sat Nov 17 11:51:02 2018] [WL_MUST] ={
[Sat Nov 17 11:51:02 2018] [WL_MUST]   serverid=382
[Sat Nov 17 11:51:02 2018] [WL_MUST]   time=1542426662
[Sat Nov 17 11:51:02 2018] [WL_MUST]   account=lisayaolan0306
[Sat Nov 17 11:51:02 2018] [WL_MUST] }
[Sat Nov 17 11:51:02 2018] [WL_MUST] =fail
[Sat Nov 17 11:54:21 2018] [WL_MUST] 发送事件:
[Sat Nov 17 11:54:21 2018] [WL_MUST] ={
[Sat Nov 17 11:54:21 2018] [WL_MUST]   page=/nycs_five_color
[Sat Nov 17 11:54:21 2018] [WL_MUST]   port=8008
[Sat Nov 17 11:54:21 2018] [WL_MUST]   domain=report.syyx.cn
[Sat Nov 17 11:54:21 2018] [WL_MUST]   param={
[Sat Nov 17 11:54:21 2018] [WL_MUST]     serverid=382
[Sat Nov 17 11:54:21 2018] [WL_MUST]     time=1542426861
[Sat Nov 17 11:54:21 2018] [WL_MUST]     account=fengbohan
[Sat Nov 17 11:54:21 2018] [WL_MUST]   }
[Sat Nov 17 11:54:21 2018] [WL_MUST] }
[Sat Nov 17 11:54:21 2018] [WL_MUST] 接收回复:
[Sat Nov 17 11:54:21 2018] [WL_MUST] ={
[Sat Nov 17 11:54:21 2018] [WL_MUST]   serverid=382
[Sat Nov 17 11:54:21 2018] [WL_MUST]   time=1542426861
[Sat Nov 17 11:54:21 2018] [WL_MUST]   account=fengbohan
[Sat Nov 17 11:54:21 2018] [WL_MUST] }
[Sat Nov 17 11:54:21 2018] [WL_MUST] =fail
[Sat Nov 17 12:23:41 2018] [WL_MUST] 发送事件:
[Sat Nov 17 12:23:41 2018] [WL_MUST] ={
[Sat Nov 17 12:23:41 2018] [WL_MUST]   page=/nycs_user_active
[Sat Nov 17 12:23:41 2018] [WL_MUST]   port=8008
[Sat Nov 17 12:23:41 2018] [WL_MUST]   domain=report.syyx.cn
[Sat Nov 17 12:23:41 2018] [WL_MUST]   param={
[Sat Nov 17 12:23:41 2018] [WL_MUST]     active=101
[Sat Nov 17 12:23:41 2018] [WL_MUST]     serverid=382
[Sat Nov 17 12:23:41 2018] [WL_MUST]     time=1542428621
[Sat Nov 17 12:23:41 2018] [WL_MUST]     account=lin911520
[Sat Nov 17 12:23:41 2018] [WL_MUST]   }
[Sat Nov 17 12:23:41 2018] [WL_MUST] }
[Sat Nov 17 12:23:42 2018] [WL_MUST] 接收回复:
[Sat Nov 17 12:23:42 2018] [WL_MUST] ={
[Sat Nov 17 12:23:42 2018] [WL_MUST]   active=101
[Sat Nov 17 12:23:42 2018] [WL_MUST]   serverid=382
[Sat Nov 17 12:23:42 2018] [WL_MUST]   time=1542428621
[Sat Nov 17 12:23:42 2018] [WL_MUST]   account=lin911520
[Sat Nov 17 12:23:42 2018] [WL_MUST] }
[Sat Nov 17 12:23:42 2018] [WL_MUST] =fail
[Sat Nov 17 12:32:07 2018] [WL_MUST] 发送事件:
[Sat Nov 17 12:32:07 2018] [WL_MUST] ={
[Sat Nov 17 12:32:07 2018] [WL_MUST]   page=/nycs_user_active
[Sat Nov 17 12:32:07 2018] [WL_MUST]   port=8008
[Sat Nov 17 12:32:07 2018] [WL_MUST]   domain=report.syyx.cn
[Sat Nov 17 12:32:07 2018] [WL_MUST]   param={
[Sat Nov 17 12:32:07 2018] [WL_MUST]     active=102
[Sat Nov 17 12:32:07 2018] [WL_MUST]     serverid=382
[Sat Nov 17 12:32:07 2018] [WL_MUST]     time=1542429127
[Sat Nov 17 12:32:07 2018] [WL_MUST]     account=cc206310
[Sat Nov 17 12:32:07 2018] [WL_MUST]   }
[Sat Nov 17 12:32:07 2018] [WL_MUST] }
[Sat Nov 17 12:32:07 2018] [WL_MUST] 接收回复:
[Sat Nov 17 12:32:07 2018] [WL_MUST] ={
[Sat Nov 17 12:32:07 2018] [WL_MUST]   active=102
[Sat Nov 17 12:32:07 2018] [WL_MUST]   serverid=382
[Sat Nov 17 12:32:07 2018] [WL_MUST]   time=1542429127
[Sat Nov 17 12:32:07 2018] [WL_MUST]   account=cc206310
[Sat Nov 17 12:32:07 2018] [WL_MUST] }
[Sat Nov 17 12:32:07 2018] [WL_MUST] =fail
[Sat Nov 17 12:33:08 2018] [WL_MUST] 发送事件:
[Sat Nov 17 12:33:08 2018] [WL_MUST] ={
[Sat Nov 17 12:33:08 2018] [WL_MUST]   page=/nycs_user_active
[Sat Nov 17 12:33:08 2018] [WL_MUST]   port=8008
[Sat Nov 17 12:33:08 2018] [WL_MUST]   domain=report.syyx.cn
[Sat Nov 17 12:33:08 2018] [WL_MUST]   param={
[Sat Nov 17 12:33:08 2018] [WL_MUST]     active=102
[Sat Nov 17 12:33:08 2018] [WL_MUST]     serverid=382
[Sat Nov 17 12:33:08 2018] [WL_MUST]     time=1542429188
[Sat Nov 17 12:33:08 2018] [WL_MUST]     account=15011348500
[Sat Nov 17 12:33:08 2018] [WL_MUST]   }
[Sat Nov 17 12:33:08 2018] [WL_MUST] }
[Sat Nov 17 12:33:08 2018] [WL_MUST] 接收回复:
[Sat Nov 17 12:33:08 2018] [WL_MUST] ={
[Sat Nov 17 12:33:08 2018] [WL_MUST]   active=102
[Sat Nov 17 12:33:08 2018] [WL_MUST]   serverid=382
[Sat Nov 17 12:33:08 2018] [WL_MUST]   time=1542429188
[Sat Nov 17 12:33:08 2018] [WL_MUST]   account=15011348500
[Sat Nov 17 12:33:08 2018] [WL_MUST] }
[Sat Nov 17 12:33:08 2018] [WL_MUST] =fail
[Sat Nov 17 12:36:14 2018] [WL_MUST] 发送事件:
[Sat Nov 17 12:36:14 2018] [WL_MUST] ={
[Sat Nov 17 12:36:14 2018] [WL_MUST]   page=/nycs_user_active
[Sat Nov 17 12:36:14 2018] [WL_MUST]   port=8008
[Sat Nov 17 12:36:14 2018] [WL_MUST]   domain=report.syyx.cn
[Sat Nov 17 12:36:14 2018] [WL_MUST]   param={
[Sat Nov 17 12:36:14 2018] [WL_MUST]     active=100
[Sat Nov 17 12:36:14 2018] [WL_MUST]     serverid=382
[Sat Nov 17 12:36:14 2018] [WL_MUST]     time=1542429374
[Sat Nov 17 12:36:14 2018] [WL_MUST]     account=hh10061006
[Sat Nov 17 12:36:14 2018] [WL_MUST]   }
[Sat Nov 17 12:36:14 2018] [WL_MUST] }
[Sat Nov 17 12:36:14 2018] [WL_MUST] 接收回复:
[Sat Nov 17 12:36:14 2018] [WL_MUST] ={
[Sat Nov 17 12:36:14 2018] [WL_MUST]   active=100
[Sat Nov 17 12:36:14 2018] [WL_MUST]   serverid=382
[Sat Nov 17 12:36:14 2018] [WL_MUST]   time=1542429374
[Sat Nov 17 12:36:14 2018] [WL_MUST]   account=hh10061006
[Sat Nov 17 12:36:14 2018] [WL_MUST] }
[Sat Nov 17 12:36:14 2018] [WL_MUST] =fail
[Sat Nov 17 12:40:48 2018] [WL_MUST] 发送事件:
[Sat Nov 17 12:40:48 2018] [WL_MUST] ={
[Sat Nov 17 12:40:48 2018] [WL_MUST]   page=/nycs_user_active
[Sat Nov 17 12:40:48 2018] [WL_MUST]   port=8008
[Sat Nov 17 12:40:48 2018] [WL_MUST]   domain=report.syyx.cn
[Sat Nov 17 12:40:48 2018] [WL_MUST]   param={
[Sat Nov 17 12:40:48 2018] [WL_MUST]     active=100
[Sat Nov 17 12:40:48 2018] [WL_MUST]     serverid=382
[Sat Nov 17 12:40:48 2018] [WL_MUST]     time=1542429648
[Sat Nov 17 12:40:48 2018] [WL_MUST]     account=2020yi
[Sat Nov 17 12:40:48 2018] [WL_MUST]   }
[Sat Nov 17 12:40:48 2018] [WL_MUST] }
[Sat Nov 17 12:40:48 2018] [WL_MUST] 接收回复:
[Sat Nov 17 12:40:48 2018] [WL_MUST] ={
[Sat Nov 17 12:40:48 2018] [WL_MUST]   active=100
[Sat Nov 17 12:40:48 2018] [WL_MUST]   serverid=382
[Sat Nov 17 12:40:48 2018] [WL_MUST]   time=1542429648
[Sat Nov 17 12:40:48 2018] [WL_MUST]   account=2020yi
[Sat Nov 17 12:40:48 2018] [WL_MUST] }
[Sat Nov 17 12:40:48 2018] [WL_MUST] =fail
[Sat Nov 17 13:19:41 2018] [WL_MUST] 发送事件:
[Sat Nov 17 13:19:41 2018] [WL_MUST] ={
[Sat Nov 17 13:19:41 2018] [WL_MUST]   page=/nycs_five_color
[Sat Nov 17 13:19:41 2018] [WL_MUST]   port=8008
[Sat Nov 17 13:19:41 2018] [WL_MUST]   domain=report.syyx.cn
[Sat Nov 17 13:19:41 2018] [WL_MUST]   param={
[Sat Nov 17 13:19:41 2018] [WL_MUST]     serverid=382
[Sat Nov 17 13:19:41 2018] [WL_MUST]     time=1542431981
[Sat Nov 17 13:19:41 2018] [WL_MUST]     account=970597809
[Sat Nov 17 13:19:41 2018] [WL_MUST]   }
[Sat Nov 17 13:19:41 2018] [WL_MUST] }
[Sat Nov 17 13:19:41 2018] [WL_MUST] 接收回复:
[Sat Nov 17 13:19:41 2018] [WL_MUST] ={
[Sat Nov 17 13:19:41 2018] [WL_MUST]   serverid=382
[Sat Nov 17 13:19:41 2018] [WL_MUST]   time=1542431981
[Sat Nov 17 13:19:41 2018] [WL_MUST]   account=970597809
[Sat Nov 17 13:19:41 2018] [WL_MUST] }
[Sat Nov 17 13:19:41 2018] [WL_MUST] =fail
[Sat Nov 17 13:30:09 2018] [WL_MUST] 发送事件:
[Sat Nov 17 13:30:09 2018] [WL_MUST] ={
[Sat Nov 17 13:30:09 2018] [WL_MUST]   page=/nycs_five_color
[Sat Nov 17 13:30:09 2018] [WL_MUST]   port=8008
[Sat Nov 17 13:30:09 2018] [WL_MUST]   domain=report.syyx.cn
[Sat Nov 17 13:30:09 2018] [WL_MUST]   param={
[Sat Nov 17 13:30:09 2018] [WL_MUST]     serverid=382
[Sat Nov 17 13:30:09 2018] [WL_MUST]     time=1542432609
[Sat Nov 17 13:30:09 2018] [WL_MUST]     account=libin668
[Sat Nov 17 13:30:09 2018] [WL_MUST]   }
[Sat Nov 17 13:30:09 2018] [WL_MUST] }
[Sat Nov 17 13:30:09 2018] [WL_MUST] 接收回复:
[Sat Nov 17 13:30:09 2018] [WL_MUST] ={
[Sat Nov 17 13:30:09 2018] [WL_MUST]   serverid=382
[Sat Nov 17 13:30:09 2018] [WL_MUST]   time=1542432609
[Sat Nov 17 13:30:09 2018] [WL_MUST]   account=libin668
[Sat Nov 17 13:30:09 2018] [WL_MUST] }
[Sat Nov 17 13:30:09 2018] [WL_MUST] =fail
[Sat Nov 17 13:32:08 2018] [WL_MUST] 发送事件:
[Sat Nov 17 13:32:08 2018] [WL_MUST] ={
[Sat Nov 17 13:32:08 2018] [WL_MUST]   page=/nycs_user_active
[Sat Nov 17 13:32:08 2018] [WL_MUST]   port=8008
[Sat Nov 17 13:32:08 2018] [WL_MUST]   domain=report.syyx.cn
[Sat Nov 17 13:32:08 2018] [WL_MUST]   param={
[Sat Nov 17 13:32:08 2018] [WL_MUST]     active=101
[Sat Nov 17 13:32:08 2018] [WL_MUST]     serverid=382
[Sat Nov 17 13:32:08 2018] [WL_MUST]     time=1542432728
[Sat Nov 17 13:32:08 2018] [WL_MUST]     account=zz7277736
[Sat Nov 17 13:32:08 2018] [WL_MUST]   }
[Sat Nov 17 13:32:08 2018] [WL_MUST] }
[Sat Nov 17 13:32:09 2018] [WL_MUST] 接收回复:
[Sat Nov 17 13:32:09 2018] [WL_MUST] ={
[Sat Nov 17 13:32:09 2018] [WL_MUST]   active=101
[Sat Nov 17 13:32:09 2018] [WL_MUST]   serverid=382
[Sat Nov 17 13:32:09 2018] [WL_MUST]   time=1542432728
[Sat Nov 17 13:32:09 2018] [WL_MUST]   account=zz7277736
[Sat Nov 17 13:32:09 2018] [WL_MUST] }
[Sat Nov 17 13:32:09 2018] [WL_MUST] =fail
[Sat Nov 17 13:36:09 2018] [WL_MUST] 发送事件:
[Sat Nov 17 13:36:09 2018] [WL_MUST] ={
[Sat Nov 17 13:36:09 2018] [WL_MUST]   page=/nycs_user_active
[Sat Nov 17 13:36:09 2018] [WL_MUST]   port=8008
[Sat Nov 17 13:36:09 2018] [WL_MUST]   domain=report.syyx.cn
[Sat Nov 17 13:36:09 2018] [WL_MUST]   param={
[Sat Nov 17 13:36:09 2018] [WL_MUST]     active=102
[Sat Nov 17 13:36:09 2018] [WL_MUST]     serverid=382
[Sat Nov 17 13:36:09 2018] [WL_MUST]     time=1542432969
[Sat Nov 17 13:36:09 2018] [WL_MUST]     account=z29502207
[Sat Nov 17 13:36:09 2018] [WL_MUST]   }
[Sat Nov 17 13:36:09 2018] [WL_MUST] }
[Sat Nov 17 13:36:10 2018] [WL_MUST] 接收回复:
[Sat Nov 17 13:36:10 2018] [WL_MUST] ={
[Sat Nov 17 13:36:10 2018] [WL_MUST]   active=102
[Sat Nov 17 13:36:10 2018] [WL_MUST]   serverid=382
[Sat Nov 17 13:36:10 2018] [WL_MUST]   time=1542432969
[Sat Nov 17 13:36:10 2018] [WL_MUST]   account=z29502207
[Sat Nov 17 13:36:10 2018] [WL_MUST] }
[Sat Nov 17 13:36:10 2018] [WL_MUST] =fail
[Sat Nov 17 13:36:49 2018] [WL_MUST] 发送事件:
[Sat Nov 17 13:36:49 2018] [WL_MUST] ={
[Sat Nov 17 13:36:49 2018] [WL_MUST]   page=/nycs_user_active
[Sat Nov 17 13:36:49 2018] [WL_MUST]   port=8008
[Sat Nov 17 13:36:49 2018] [WL_MUST]   domain=report.syyx.cn
[Sat Nov 17 13:36:49 2018] [WL_MUST]   param={
[Sat Nov 17 13:36:49 2018] [WL_MUST]     active=100
[Sat Nov 17 13:36:49 2018] [WL_MUST]     serverid=382
[Sat Nov 17 13:36:49 2018] [WL_MUST]     time=1542433009
[Sat Nov 17 13:36:49 2018] [WL_MUST]     account=sj1990aa
[Sat Nov 17 13:36:49 2018] [WL_MUST]   }
[Sat Nov 17 13:36:49 2018] [WL_MUST] }
[Sat Nov 17 13:36:49 2018] [WL_MUST] 接收回复:
[Sat Nov 17 13:36:49 2018] [WL_MUST] ={
[Sat Nov 17 13:36:49 2018] [WL_MUST]   active=100
[Sat Nov 17 13:36:49 2018] [WL_MUST]   serverid=382
[Sat Nov 17 13:36:49 2018] [WL_MUST]   time=1542433009
[Sat Nov 17 13:36:49 2018] [WL_MUST]   account=sj1990aa
[Sat Nov 17 13:36:49 2018] [WL_MUST] }
[Sat Nov 17 13:36:49 2018] [WL_MUST] =fail
[Sat Nov 17 13:37:23 2018] [WL_MUST] 发送事件:
[Sat Nov 17 13:37:23 2018] [WL_MUST] ={
[Sat Nov 17 13:37:23 2018] [WL_MUST]   page=/nycs_user_active
[Sat Nov 17 13:37:23 2018] [WL_MUST]   port=8008
[Sat Nov 17 13:37:23 2018] [WL_MUST]   domain=report.syyx.cn
[Sat Nov 17 13:37:23 2018] [WL_MUST]   param={
[Sat Nov 17 13:37:23 2018] [WL_MUST]     active=102
[Sat Nov 17 13:37:23 2018] [WL_MUST]     serverid=382
[Sat Nov 17 13:37:23 2018] [WL_MUST]     time=1542433043
[Sat Nov 17 13:37:23 2018] [WL_MUST]     account=liu0030
[Sat Nov 17 13:37:23 2018] [WL_MUST]   }
[Sat Nov 17 13:37:23 2018] [WL_MUST] }
[Sat Nov 17 13:37:23 2018] [WL_MUST] 接收回复:
[Sat Nov 17 13:37:23 2018] [WL_MUST] ={
[Sat Nov 17 13:37:23 2018] [WL_MUST]   active=102
[Sat Nov 17 13:37:23 2018] [WL_MUST]   serverid=382
[Sat Nov 17 13:37:23 2018] [WL_MUST]   time=1542433043
[Sat Nov 17 13:37:23 2018] [WL_MUST]   account=liu0030
[Sat Nov 17 13:37:23 2018] [WL_MUST] }
[Sat Nov 17 13:37:23 2018] [WL_MUST] =fail
[Sat Nov 17 13:40:11 2018] [WL_MUST] 发送事件:
[Sat Nov 17 13:40:11 2018] [WL_MUST] ={
[Sat Nov 17 13:40:11 2018] [WL_MUST]   page=/nycs_user_active
[Sat Nov 17 13:40:11 2018] [WL_MUST]   port=8008
[Sat Nov 17 13:40:11 2018] [WL_MUST]   domain=report.syyx.cn
[Sat Nov 17 13:40:11 2018] [WL_MUST]   param={
[Sat Nov 17 13:40:11 2018] [WL_MUST]     active=101
[Sat Nov 17 13:40:11 2018] [WL_MUST]     serverid=382
[Sat Nov 17 13:40:11 2018] [WL_MUST]     time=1542433211
[Sat Nov 17 13:40:11 2018] [WL_MUST]     account=sczoufu
[Sat Nov 17 13:40:11 2018] [WL_MUST]   }
[Sat Nov 17 13:40:11 2018] [WL_MUST] }
[Sat Nov 17 13:40:11 2018] [WL_MUST] 接收回复:
[Sat Nov 17 13:40:11 2018] [WL_MUST] ={
[Sat Nov 17 13:40:11 2018] [WL_MUST]   active=101
[Sat Nov 17 13:40:11 2018] [WL_MUST]   serverid=382
[Sat Nov 17 13:40:11 2018] [WL_MUST]   time=1542433211
[Sat Nov 17 13:40:11 2018] [WL_MUST]   account=sczoufu
[Sat Nov 17 13:40:11 2018] [WL_MUST] }
[Sat Nov 17 13:40:11 2018] [WL_MUST] =fail
[Sat Nov 17 13:41:21 2018] [WL_MUST] 发送事件:
[Sat Nov 17 13:41:21 2018] [WL_MUST] ={
[Sat Nov 17 13:41:21 2018] [WL_MUST]   page=/nycs_user_active
[Sat Nov 17 13:41:21 2018] [WL_MUST]   port=8008
[Sat Nov 17 13:41:21 2018] [WL_MUST]   domain=report.syyx.cn
[Sat Nov 17 13:41:21 2018] [WL_MUST]   param={
[Sat Nov 17 13:41:21 2018] [WL_MUST]     active=100
[Sat Nov 17 13:41:21 2018] [WL_MUST]     serverid=382
[Sat Nov 17 13:41:21 2018] [WL_MUST]     time=1542433281
[Sat Nov 17 13:41:21 2018] [WL_MUST]     account=yaochenqinbao
[Sat Nov 17 13:41:21 2018] [WL_MUST]   }
[Sat Nov 17 13:41:21 2018] [WL_MUST] }
[Sat Nov 17 13:41:21 2018] [WL_MUST] 接收回复:
[Sat Nov 17 13:41:21 2018] [WL_MUST] ={
[Sat Nov 17 13:41:21 2018] [WL_MUST]   active=100
[Sat Nov 17 13:41:21 2018] [WL_MUST]   serverid=382
[Sat Nov 17 13:41:21 2018] [WL_MUST]   time=1542433281
[Sat Nov 17 13:41:21 2018] [WL_MUST]   account=yaochenqinbao
[Sat Nov 17 13:41:21 2018] [WL_MUST] }
[Sat Nov 17 13:41:21 2018] [WL_MUST] =fail
[Sat Nov 17 14:40:56 2018] [WL_MUST] 发送事件:
[Sat Nov 17 14:40:56 2018] [WL_MUST] ={
[Sat Nov 17 14:40:56 2018] [WL_MUST]   page=/nycs_user_active
[Sat Nov 17 14:40:56 2018] [WL_MUST]   port=8008
[Sat Nov 17 14:40:56 2018] [WL_MUST]   domain=report.syyx.cn
[Sat Nov 17 14:40:56 2018] [WL_MUST]   param={
[Sat Nov 17 14:40:56 2018] [WL_MUST]     active=100
[Sat Nov 17 14:40:56 2018] [WL_MUST]     serverid=382
[Sat Nov 17 14:40:56 2018] [WL_MUST]     time=1542436856
[Sat Nov 17 14:40:56 2018] [WL_MUST]     account=w76380770
[Sat Nov 17 14:40:56 2018] [WL_MUST]   }
[Sat Nov 17 14:40:56 2018] [WL_MUST] }
[Sat Nov 17 14:40:56 2018] [WL_MUST] 接收回复:
[Sat Nov 17 14:40:56 2018] [WL_MUST] ={
[Sat Nov 17 14:40:56 2018] [WL_MUST]   active=100
[Sat Nov 17 14:40:56 2018] [WL_MUST]   serverid=382
[Sat Nov 17 14:40:56 2018] [WL_MUST]   time=1542436856
[Sat Nov 17 14:40:56 2018] [WL_MUST]   account=w76380770
[Sat Nov 17 14:40:56 2018] [WL_MUST] }
[Sat Nov 17 14:40:56 2018] [WL_MUST] =fail
[Sat Nov 17 14:41:31 2018] [WL_MUST] 发送事件:
[Sat Nov 17 14:41:31 2018] [WL_MUST] ={
[Sat Nov 17 14:41:31 2018] [WL_MUST]   page=/nycs_user_active
[Sat Nov 17 14:41:31 2018] [WL_MUST]   port=8008
[Sat Nov 17 14:41:31 2018] [WL_MUST]   domain=report.syyx.cn
[Sat Nov 17 14:41:31 2018] [WL_MUST]   param={
[Sat Nov 17 14:41:31 2018] [WL_MUST]     active=102
[Sat Nov 17 14:41:31 2018] [WL_MUST]     serverid=382
[Sat Nov 17 14:41:31 2018] [WL_MUST]     time=1542436891
[Sat Nov 17 14:41:31 2018] [WL_MUST]     account=13811958618
[Sat Nov 17 14:41:31 2018] [WL_MUST]   }
[Sat Nov 17 14:41:31 2018] [WL_MUST] }
[Sat Nov 17 14:41:32 2018] [WL_MUST] 接收回复:
[Sat Nov 17 14:41:32 2018] [WL_MUST] ={
[Sat Nov 17 14:41:32 2018] [WL_MUST]   active=102
[Sat Nov 17 14:41:32 2018] [WL_MUST]   serverid=382
[Sat Nov 17 14:41:32 2018] [WL_MUST]   time=1542436891
[Sat Nov 17 14:41:32 2018] [WL_MUST]   account=13811958618
[Sat Nov 17 14:41:32 2018] [WL_MUST] }
[Sat Nov 17 14:41:32 2018] [WL_MUST] =fail
[Sat Nov 17 15:32:52 2018] [WL_MUST] 发送事件:
[Sat Nov 17 15:32:52 2018] [WL_MUST] ={
[Sat Nov 17 15:32:52 2018] [WL_MUST]   page=/nycs_user_active
[Sat Nov 17 15:32:52 2018] [WL_MUST]   port=8008
[Sat Nov 17 15:32:52 2018] [WL_MUST]   domain=report.syyx.cn
[Sat Nov 17 15:32:52 2018] [WL_MUST]   param={
[Sat Nov 17 15:32:52 2018] [WL_MUST]     active=102
[Sat Nov 17 15:32:52 2018] [WL_MUST]     serverid=382
[Sat Nov 17 15:32:52 2018] [WL_MUST]     time=1542439972
[Sat Nov 17 15:32:52 2018] [WL_MUST]     account=780398879a
[Sat Nov 17 15:32:52 2018] [WL_MUST]   }
[Sat Nov 17 15:32:52 2018] [WL_MUST] }
[Sat Nov 17 15:32:52 2018] [WL_MUST] 接收回复:
[Sat Nov 17 15:32:52 2018] [WL_MUST] ={
[Sat Nov 17 15:32:52 2018] [WL_MUST]   active=102
[Sat Nov 17 15:32:52 2018] [WL_MUST]   serverid=382
[Sat Nov 17 15:32:52 2018] [WL_MUST]   time=1542439972
[Sat Nov 17 15:32:52 2018] [WL_MUST]   account=780398879a
[Sat Nov 17 15:32:52 2018] [WL_MUST] }
[Sat Nov 17 15:32:52 2018] [WL_MUST] =fail
[Sat Nov 17 15:36:48 2018] [WL_MUST] 发送事件:
[Sat Nov 17 15:36:48 2018] [WL_MUST] ={
[Sat Nov 17 15:36:48 2018] [WL_MUST]   page=/nycs_user_active
[Sat Nov 17 15:36:48 2018] [WL_MUST]   port=8008
[Sat Nov 17 15:36:48 2018] [WL_MUST]   domain=report.syyx.cn
[Sat Nov 17 15:36:48 2018] [WL_MUST]   param={
[Sat Nov 17 15:36:48 2018] [WL_MUST]     active=101
[Sat Nov 17 15:36:48 2018] [WL_MUST]     serverid=382
[Sat Nov 17 15:36:48 2018] [WL_MUST]     time=1542440208
[Sat Nov 17 15:36:48 2018] [WL_MUST]     account=folan1126
[Sat Nov 17 15:36:48 2018] [WL_MUST]   }
[Sat Nov 17 15:36:48 2018] [WL_MUST] }
[Sat Nov 17 15:36:48 2018] [WL_MUST] 接收回复:
[Sat Nov 17 15:36:48 2018] [WL_MUST] ={
[Sat Nov 17 15:36:48 2018] [WL_MUST]   active=101
[Sat Nov 17 15:36:48 2018] [WL_MUST]   serverid=382
[Sat Nov 17 15:36:48 2018] [WL_MUST]   time=1542440208
[Sat Nov 17 15:36:48 2018] [WL_MUST]   account=folan1126
[Sat Nov 17 15:36:48 2018] [WL_MUST] }
[Sat Nov 17 15:36:48 2018] [WL_MUST] =fail
[Sat Nov 17 15:40:43 2018] [WL_MUST] 发送事件:
[Sat Nov 17 15:40:43 2018] [WL_MUST] ={
[Sat Nov 17 15:40:43 2018] [WL_MUST]   page=/nycs_user_active
[Sat Nov 17 15:40:43 2018] [WL_MUST]   port=8008
[Sat Nov 17 15:40:43 2018] [WL_MUST]   domain=report.syyx.cn
[Sat Nov 17 15:40:43 2018] [WL_MUST]   param={
[Sat Nov 17 15:40:43 2018] [WL_MUST]     active=101
[Sat Nov 17 15:40:43 2018] [WL_MUST]     serverid=382
[Sat Nov 17 15:40:43 2018] [WL_MUST]     time=1542440443
[Sat Nov 17 15:40:43 2018] [WL_MUST]     account=yb198888
[Sat Nov 17 15:40:43 2018] [WL_MUST]   }
[Sat Nov 17 15:40:43 2018] [WL_MUST] }
[Sat Nov 17 15:40:43 2018] [WL_MUST] 接收回复:
[Sat Nov 17 15:40:43 2018] [WL_MUST] ={
[Sat Nov 17 15:40:43 2018] [WL_MUST]   active=101
[Sat Nov 17 15:40:43 2018] [WL_MUST]   serverid=382
[Sat Nov 17 15:40:43 2018] [WL_MUST]   time=1542440443
[Sat Nov 17 15:40:43 2018] [WL_MUST]   account=yb198888
[Sat Nov 17 15:40:43 2018] [WL_MUST] }
[Sat Nov 17 15:40:43 2018] [WL_MUST] =fail
[Sat Nov 17 16:36:12 2018] [WL_MUST] 发送事件:
[Sat Nov 17 16:36:12 2018] [WL_MUST] ={
[Sat Nov 17 16:36:12 2018] [WL_MUST]   page=/nycs_user_active
[Sat Nov 17 16:36:12 2018] [WL_MUST]   port=8008
[Sat Nov 17 16:36:12 2018] [WL_MUST]   domain=report.syyx.cn
[Sat Nov 17 16:36:12 2018] [WL_MUST]   param={
[Sat Nov 17 16:36:12 2018] [WL_MUST]     active=102
[Sat Nov 17 16:36:12 2018] [WL_MUST]     serverid=382
[Sat Nov 17 16:36:12 2018] [WL_MUST]     time=1542443772
[Sat Nov 17 16:36:12 2018] [WL_MUST]     account=zy13525299992
[Sat Nov 17 16:36:12 2018] [WL_MUST]   }
[Sat Nov 17 16:36:12 2018] [WL_MUST] }
[Sat Nov 17 16:36:12 2018] [WL_MUST] 接收回复:
[Sat Nov 17 16:36:12 2018] [WL_MUST] ={
[Sat Nov 17 16:36:12 2018] [WL_MUST]   active=102
[Sat Nov 17 16:36:12 2018] [WL_MUST]   serverid=382
[Sat Nov 17 16:36:12 2018] [WL_MUST]   time=1542443772
[Sat Nov 17 16:36:12 2018] [WL_MUST]   account=zy13525299992
[Sat Nov 17 16:36:12 2018] [WL_MUST] }
[Sat Nov 17 16:36:12 2018] [WL_MUST] =fail
[Sat Nov 17 16:36:37 2018] [WL_MUST] 发送事件:
[Sat Nov 17 16:36:37 2018] [WL_MUST] ={
[Sat Nov 17 16:36:37 2018] [WL_MUST]   page=/nycs_user_active
[Sat Nov 17 16:36:37 2018] [WL_MUST]   port=8008
[Sat Nov 17 16:36:37 2018] [WL_MUST]   domain=report.syyx.cn
[Sat Nov 17 16:36:37 2018] [WL_MUST]   param={
[Sat Nov 17 16:36:37 2018] [WL_MUST]     active=100
[Sat Nov 17 16:36:37 2018] [WL_MUST]     serverid=382
[Sat Nov 17 16:36:37 2018] [WL_MUST]     time=1542443797
[Sat Nov 17 16:36:37 2018] [WL_MUST]     account=2677135851aa
[Sat Nov 17 16:36:37 2018] [WL_MUST]   }
[Sat Nov 17 16:36:37 2018] [WL_MUST] }
[Sat Nov 17 16:36:37 2018] [WL_MUST] 接收回复:
[Sat Nov 17 16:36:37 2018] [WL_MUST] ={
[Sat Nov 17 16:36:37 2018] [WL_MUST]   active=100
[Sat Nov 17 16:36:37 2018] [WL_MUST]   serverid=382
[Sat Nov 17 16:36:37 2018] [WL_MUST]   time=1542443797
[Sat Nov 17 16:36:37 2018] [WL_MUST]   account=2677135851aa
[Sat Nov 17 16:36:37 2018] [WL_MUST] }
[Sat Nov 17 16:36:37 2018] [WL_MUST] =fail
[Sat Nov 17 16:40:31 2018] [WL_MUST] 发送事件:
[Sat Nov 17 16:40:31 2018] [WL_MUST] ={
[Sat Nov 17 16:40:31 2018] [WL_MUST]   page=/nycs_user_active
[Sat Nov 17 16:40:31 2018] [WL_MUST]   port=8008
[Sat Nov 17 16:40:31 2018] [WL_MUST]   domain=report.syyx.cn
[Sat Nov 17 16:40:31 2018] [WL_MUST]   param={
[Sat Nov 17 16:40:31 2018] [WL_MUST]     active=100
[Sat Nov 17 16:40:31 2018] [WL_MUST]     serverid=382
[Sat Nov 17 16:40:31 2018] [WL_MUST]     time=1542444031
[Sat Nov 17 16:40:31 2018] [WL_MUST]     account=xiyanyan
[Sat Nov 17 16:40:31 2018] [WL_MUST]   }
[Sat Nov 17 16:40:31 2018] [WL_MUST] }
[Sat Nov 17 16:40:31 2018] [WL_MUST] 接收回复:
[Sat Nov 17 16:40:31 2018] [WL_MUST] ={
[Sat Nov 17 16:40:31 2018] [WL_MUST]   active=100
[Sat Nov 17 16:40:31 2018] [WL_MUST]   serverid=382
[Sat Nov 17 16:40:31 2018] [WL_MUST]   time=1542444031
[Sat Nov 17 16:40:31 2018] [WL_MUST]   account=xiyanyan
[Sat Nov 17 16:40:31 2018] [WL_MUST] }
[Sat Nov 17 16:40:31 2018] [WL_MUST] =fail
[Sat Nov 17 17:32:51 2018] [WL_MUST] 发送事件:
[Sat Nov 17 17:32:51 2018] [WL_MUST] ={
[Sat Nov 17 17:32:51 2018] [WL_MUST]   page=/nycs_user_active
[Sat Nov 17 17:32:51 2018] [WL_MUST]   port=8008
[Sat Nov 17 17:32:51 2018] [WL_MUST]   domain=report.syyx.cn
[Sat Nov 17 17:32:51 2018] [WL_MUST]   param={
[Sat Nov 17 17:32:51 2018] [WL_MUST]     active=100
[Sat Nov 17 17:32:51 2018] [WL_MUST]     serverid=382
[Sat Nov 17 17:32:51 2018] [WL_MUST]     time=1542447171
[Sat Nov 17 17:32:51 2018] [WL_MUST]     account=qin742469713
[Sat Nov 17 17:32:51 2018] [WL_MUST]   }
[Sat Nov 17 17:32:51 2018] [WL_MUST] }
[Sat Nov 17 17:32:51 2018] [WL_MUST] 接收回复:
[Sat Nov 17 17:32:51 2018] [WL_MUST] ={
[Sat Nov 17 17:32:51 2018] [WL_MUST]   active=100
[Sat Nov 17 17:32:51 2018] [WL_MUST]   serverid=382
[Sat Nov 17 17:32:51 2018] [WL_MUST]   time=1542447171
[Sat Nov 17 17:32:51 2018] [WL_MUST]   account=qin742469713
[Sat Nov 17 17:32:51 2018] [WL_MUST] }
[Sat Nov 17 17:32:51 2018] [WL_MUST] =fail
[Sat Nov 17 17:37:54 2018] [WL_MUST] 发送事件:
[Sat Nov 17 17:37:54 2018] [WL_MUST] ={
[Sat Nov 17 17:37:54 2018] [WL_MUST]   page=/nycs_user_active
[Sat Nov 17 17:37:54 2018] [WL_MUST]   port=8008
[Sat Nov 17 17:37:54 2018] [WL_MUST]   domain=report.syyx.cn
[Sat Nov 17 17:37:54 2018] [WL_MUST]   param={
[Sat Nov 17 17:37:54 2018] [WL_MUST]     active=104
[Sat Nov 17 17:37:54 2018] [WL_MUST]     serverid=382
[Sat Nov 17 17:37:54 2018] [WL_MUST]     time=1542447474
[Sat Nov 17 17:37:54 2018] [WL_MUST]     account=hr072701
[Sat Nov 17 17:37:54 2018] [WL_MUST]   }
[Sat Nov 17 17:37:54 2018] [WL_MUST] }
[Sat Nov 17 17:37:54 2018] [WL_MUST] 接收回复:
[Sat Nov 17 17:37:54 2018] [WL_MUST] ={
[Sat Nov 17 17:37:54 2018] [WL_MUST]   active=104
[Sat Nov 17 17:37:54 2018] [WL_MUST]   serverid=382
[Sat Nov 17 17:37:54 2018] [WL_MUST]   time=1542447474
[Sat Nov 17 17:37:54 2018] [WL_MUST]   account=hr072701
[Sat Nov 17 17:37:54 2018] [WL_MUST] }
[Sat Nov 17 17:37:54 2018] [WL_MUST] =fail
[Sat Nov 17 17:41:43 2018] [WL_MUST] 发送事件:
[Sat Nov 17 17:41:43 2018] [WL_MUST] ={
[Sat Nov 17 17:41:43 2018] [WL_MUST]   page=/nycs_user_active
[Sat Nov 17 17:41:43 2018] [WL_MUST]   port=8008
[Sat Nov 17 17:41:43 2018] [WL_MUST]   domain=report.syyx.cn
[Sat Nov 17 17:41:43 2018] [WL_MUST]   param={
[Sat Nov 17 17:41:43 2018] [WL_MUST]     active=101
[Sat Nov 17 17:41:43 2018] [WL_MUST]     serverid=382
[Sat Nov 17 17:41:43 2018] [WL_MUST]     time=1542447703
[Sat Nov 17 17:41:43 2018] [WL_MUST]     account=woaiqq36387
[Sat Nov 17 17:41:43 2018] [WL_MUST]   }
[Sat Nov 17 17:41:43 2018] [WL_MUST] }
[Sat Nov 17 17:41:43 2018] [WL_MUST] 接收回复:
[Sat Nov 17 17:41:43 2018] [WL_MUST] ={
[Sat Nov 17 17:41:43 2018] [WL_MUST]   active=101
[Sat Nov 17 17:41:43 2018] [WL_MUST]   serverid=382
[Sat Nov 17 17:41:43 2018] [WL_MUST]   time=1542447703
[Sat Nov 17 17:41:43 2018] [WL_MUST]   account=woaiqq36387
[Sat Nov 17 17:41:43 2018] [WL_MUST] }
[Sat Nov 17 17:41:43 2018] [WL_MUST] =fail
[Sat Nov 17 18:40:16 2018] [WL_MUST] 发送事件:
[Sat Nov 17 18:40:16 2018] [WL_MUST] ={
[Sat Nov 17 18:40:16 2018] [WL_MUST]   page=/nycs_user_active
[Sat Nov 17 18:40:16 2018] [WL_MUST]   port=8008
[Sat Nov 17 18:40:16 2018] [WL_MUST]   domain=report.syyx.cn
[Sat Nov 17 18:40:16 2018] [WL_MUST]   param={
[Sat Nov 17 18:40:16 2018] [WL_MUST]     active=100
[Sat Nov 17 18:40:16 2018] [WL_MUST]     serverid=382
[Sat Nov 17 18:40:16 2018] [WL_MUST]     time=1542451216
[Sat Nov 17 18:40:16 2018] [WL_MUST]     account=ouchuchu012345
[Sat Nov 17 18:40:16 2018] [WL_MUST]   }
[Sat Nov 17 18:40:16 2018] [WL_MUST] }
[Sat Nov 17 18:40:16 2018] [WL_MUST] 接收回复:
[Sat Nov 17 18:40:16 2018] [WL_MUST] ={
[Sat Nov 17 18:40:16 2018] [WL_MUST]   active=100
[Sat Nov 17 18:40:16 2018] [WL_MUST]   serverid=382
[Sat Nov 17 18:40:16 2018] [WL_MUST]   time=1542451216
[Sat Nov 17 18:40:16 2018] [WL_MUST]   account=ouchuchu012345
[Sat Nov 17 18:40:16 2018] [WL_MUST] }
[Sat Nov 17 18:40:16 2018] [WL_MUST] =fail
[Sat Nov 17 19:36:18 2018] [WL_MUST] 发送事件:
[Sat Nov 17 19:36:18 2018] [WL_MUST] ={
[Sat Nov 17 19:36:18 2018] [WL_MUST]   page=/nycs_user_active
[Sat Nov 17 19:36:18 2018] [WL_MUST]   port=8008
[Sat Nov 17 19:36:18 2018] [WL_MUST]   domain=report.syyx.cn
[Sat Nov 17 19:36:18 2018] [WL_MUST]   param={
[Sat Nov 17 19:36:18 2018] [WL_MUST]     active=101
[Sat Nov 17 19:36:18 2018] [WL_MUST]     serverid=382
[Sat Nov 17 19:36:18 2018] [WL_MUST]     time=1542454578
[Sat Nov 17 19:36:18 2018] [WL_MUST]     account=18746772799yuxin
[Sat Nov 17 19:36:18 2018] [WL_MUST]   }
[Sat Nov 17 19:36:18 2018] [WL_MUST] }
[Sat Nov 17 19:36:18 2018] [WL_MUST] 接收回复:
[Sat Nov 17 19:36:18 2018] [WL_MUST] ={
[Sat Nov 17 19:36:18 2018] [WL_MUST]   active=101
[Sat Nov 17 19:36:18 2018] [WL_MUST]   serverid=382
[Sat Nov 17 19:36:18 2018] [WL_MUST]   time=1542454578
[Sat Nov 17 19:36:18 2018] [WL_MUST]   account=18746772799yuxin
[Sat Nov 17 19:36:18 2018] [WL_MUST] }
[Sat Nov 17 19:36:18 2018] [WL_MUST] =fail
[Sat Nov 17 19:36:35 2018] [WL_MUST] 发送事件:
[Sat Nov 17 19:36:35 2018] [WL_MUST] ={
[Sat Nov 17 19:36:35 2018] [WL_MUST]   page=/nycs_user_active
[Sat Nov 17 19:36:35 2018] [WL_MUST]   port=8008
[Sat Nov 17 19:36:35 2018] [WL_MUST]   domain=report.syyx.cn
[Sat Nov 17 19:36:35 2018] [WL_MUST]   param={
[Sat Nov 17 19:36:35 2018] [WL_MUST]     active=100
[Sat Nov 17 19:36:35 2018] [WL_MUST]     serverid=382
[Sat Nov 17 19:36:35 2018] [WL_MUST]     time=1542454595
[Sat Nov 17 19:36:35 2018] [WL_MUST]     account=qt211314
[Sat Nov 17 19:36:35 2018] [WL_MUST]   }
[Sat Nov 17 19:36:35 2018] [WL_MUST] }
[Sat Nov 17 19:36:35 2018] [WL_MUST] 接收回复:
[Sat Nov 17 19:36:35 2018] [WL_MUST] ={
[Sat Nov 17 19:36:35 2018] [WL_MUST]   active=100
[Sat Nov 17 19:36:35 2018] [WL_MUST]   serverid=382
[Sat Nov 17 19:36:35 2018] [WL_MUST]   time=1542454595
[Sat Nov 17 19:36:35 2018] [WL_MUST]   account=qt211314
[Sat Nov 17 19:36:35 2018] [WL_MUST] }
[Sat Nov 17 19:36:35 2018] [WL_MUST] =fail
[Sat Nov 17 19:38:19 2018] [WL_MUST] 发送事件:
[Sat Nov 17 19:38:19 2018] [WL_MUST] ={
[Sat Nov 17 19:38:19 2018] [WL_MUST]   page=/nycs_user_active
[Sat Nov 17 19:38:19 2018] [WL_MUST]   port=8008
[Sat Nov 17 19:38:19 2018] [WL_MUST]   domain=report.syyx.cn
[Sat Nov 17 19:38:19 2018] [WL_MUST]   param={
[Sat Nov 17 19:38:19 2018] [WL_MUST]     active=100
[Sat Nov 17 19:38:19 2018] [WL_MUST]     serverid=382
[Sat Nov 17 19:38:19 2018] [WL_MUST]     time=1542454699
[Sat Nov 17 19:38:19 2018] [WL_MUST]     account=yzxpq123456
[Sat Nov 17 19:38:19 2018] [WL_MUST]   }
[Sat Nov 17 19:38:19 2018] [WL_MUST] }
[Sat Nov 17 19:38:20 2018] [WL_MUST] 接收回复:
[Sat Nov 17 19:38:20 2018] [WL_MUST] ={
[Sat Nov 17 19:38:20 2018] [WL_MUST]   active=100
[Sat Nov 17 19:38:20 2018] [WL_MUST]   serverid=382
[Sat Nov 17 19:38:20 2018] [WL_MUST]   time=1542454699
[Sat Nov 17 19:38:20 2018] [WL_MUST]   account=yzxpq123456
[Sat Nov 17 19:38:20 2018] [WL_MUST] }
[Sat Nov 17 19:38:20 2018] [WL_MUST] =fail
[Sat Nov 17 19:40:58 2018] [WL_MUST] 发送事件:
[Sat Nov 17 19:40:58 2018] [WL_MUST] ={
[Sat Nov 17 19:40:58 2018] [WL_MUST]   page=/nycs_user_active
[Sat Nov 17 19:40:58 2018] [WL_MUST]   port=8008
[Sat Nov 17 19:40:58 2018] [WL_MUST]   domain=report.syyx.cn
[Sat Nov 17 19:40:58 2018] [WL_MUST]   param={
[Sat Nov 17 19:40:58 2018] [WL_MUST]     active=100
[Sat Nov 17 19:40:58 2018] [WL_MUST]     serverid=382
[Sat Nov 17 19:40:58 2018] [WL_MUST]     time=1542454858
[Sat Nov 17 19:40:58 2018] [WL_MUST]     account=112400aoe
[Sat Nov 17 19:40:58 2018] [WL_MUST]   }
[Sat Nov 17 19:40:58 2018] [WL_MUST] }
[Sat Nov 17 19:40:59 2018] [WL_MUST] 接收回复:
[Sat Nov 17 19:40:59 2018] [WL_MUST] ={
[Sat Nov 17 19:40:59 2018] [WL_MUST]   active=100
[Sat Nov 17 19:40:59 2018] [WL_MUST]   serverid=382
[Sat Nov 17 19:40:59 2018] [WL_MUST]   time=1542454858
[Sat Nov 17 19:40:59 2018] [WL_MUST]   account=112400aoe
[Sat Nov 17 19:40:59 2018] [WL_MUST] }
[Sat Nov 17 19:40:59 2018] [WL_MUST] =fail
[Sat Nov 17 19:41:31 2018] [WL_MUST] 发送事件:
[Sat Nov 17 19:41:31 2018] [WL_MUST] ={
[Sat Nov 17 19:41:31 2018] [WL_MUST]   page=/nycs_user_active
[Sat Nov 17 19:41:31 2018] [WL_MUST]   port=8008
[Sat Nov 17 19:41:31 2018] [WL_MUST]   domain=report.syyx.cn
[Sat Nov 17 19:41:31 2018] [WL_MUST]   param={
[Sat Nov 17 19:41:31 2018] [WL_MUST]     active=100
[Sat Nov 17 19:41:31 2018] [WL_MUST]     serverid=382
[Sat Nov 17 19:41:31 2018] [WL_MUST]     time=1542454891
[Sat Nov 17 19:41:31 2018] [WL_MUST]     account=18868399909
[Sat Nov 17 19:41:31 2018] [WL_MUST]   }
[Sat Nov 17 19:41:31 2018] [WL_MUST] }
[Sat Nov 17 19:41:31 2018] [WL_MUST] 发送事件:
[Sat Nov 17 19:41:31 2018] [WL_MUST] ={
[Sat Nov 17 19:41:31 2018] [WL_MUST]   page=/nycs_user_active
[Sat Nov 17 19:41:31 2018] [WL_MUST]   port=8008
[Sat Nov 17 19:41:31 2018] [WL_MUST]   domain=report.syyx.cn
[Sat Nov 17 19:41:31 2018] [WL_MUST]   param={
[Sat Nov 17 19:41:31 2018] [WL_MUST]     active=101
[Sat Nov 17 19:41:31 2018] [WL_MUST]     serverid=382
[Sat Nov 17 19:41:31 2018] [WL_MUST]     time=1542454891
[Sat Nov 17 19:41:31 2018] [WL_MUST]     account=18868399901
[Sat Nov 17 19:41:31 2018] [WL_MUST]   }
[Sat Nov 17 19:41:31 2018] [WL_MUST] }
[Sat Nov 17 19:41:31 2018] [WL_MUST] 接收回复:
[Sat Nov 17 19:41:31 2018] [WL_MUST] ={
[Sat Nov 17 19:41:31 2018] [WL_MUST]   active=100
[Sat Nov 17 19:41:31 2018] [WL_MUST]   serverid=382
[Sat Nov 17 19:41:31 2018] [WL_MUST]   time=1542454891
[Sat Nov 17 19:41:31 2018] [WL_MUST]   account=18868399909
[Sat Nov 17 19:41:31 2018] [WL_MUST] }
[Sat Nov 17 19:41:31 2018] [WL_MUST] =fail
[Sat Nov 17 19:41:31 2018] [WL_MUST] 接收回复:
[Sat Nov 17 19:41:31 2018] [WL_MUST] ={
[Sat Nov 17 19:41:31 2018] [WL_MUST]   active=101
[Sat Nov 17 19:41:31 2018] [WL_MUST]   serverid=382
[Sat Nov 17 19:41:31 2018] [WL_MUST]   time=1542454891
[Sat Nov 17 19:41:31 2018] [WL_MUST]   account=18868399901
[Sat Nov 17 19:41:31 2018] [WL_MUST] }
[Sat Nov 17 19:41:31 2018] [WL_MUST] =fail
[Sat Nov 17 20:32:40 2018] [WL_MUST] 发送事件:
[Sat Nov 17 20:32:40 2018] [WL_MUST] ={
[Sat Nov 17 20:32:40 2018] [WL_MUST]   page=/nycs_user_active
[Sat Nov 17 20:32:40 2018] [WL_MUST]   port=8008
[Sat Nov 17 20:32:40 2018] [WL_MUST]   domain=report.syyx.cn
[Sat Nov 17 20:32:40 2018] [WL_MUST]   param={
[Sat Nov 17 20:32:40 2018] [WL_MUST]     active=102
[Sat Nov 17 20:32:40 2018] [WL_MUST]     serverid=382
[Sat Nov 17 20:32:40 2018] [WL_MUST]     time=1542457960
[Sat Nov 17 20:32:40 2018] [WL_MUST]     account=a562668923
[Sat Nov 17 20:32:40 2018] [WL_MUST]   }
[Sat Nov 17 20:32:40 2018] [WL_MUST] }
[Sat Nov 17 20:32:40 2018] [WL_MUST] 接收回复:
[Sat Nov 17 20:32:40 2018] [WL_MUST] ={
[Sat Nov 17 20:32:40 2018] [WL_MUST]   active=102
[Sat Nov 17 20:32:40 2018] [WL_MUST]   serverid=382
[Sat Nov 17 20:32:40 2018] [WL_MUST]   time=1542457960
[Sat Nov 17 20:32:40 2018] [WL_MUST]   account=a562668923
[Sat Nov 17 20:32:40 2018] [WL_MUST] }
[Sat Nov 17 20:32:40 2018] [WL_MUST] =fail
[Sat Nov 17 20:36:09 2018] [WL_MUST] 发送事件:
[Sat Nov 17 20:36:09 2018] [WL_MUST] ={
[Sat Nov 17 20:36:09 2018] [WL_MUST]   page=/nycs_user_active
[Sat Nov 17 20:36:09 2018] [WL_MUST]   port=8008
[Sat Nov 17 20:36:09 2018] [WL_MUST]   domain=report.syyx.cn
[Sat Nov 17 20:36:09 2018] [WL_MUST]   param={
[Sat Nov 17 20:36:09 2018] [WL_MUST]     active=101
[Sat Nov 17 20:36:09 2018] [WL_MUST]     serverid=382
[Sat Nov 17 20:36:09 2018] [WL_MUST]     time=1542458169
[Sat Nov 17 20:36:09 2018] [WL_MUST]     account=duoduo1680
[Sat Nov 17 20:36:09 2018] [WL_MUST]   }
[Sat Nov 17 20:36:09 2018] [WL_MUST] }
[Sat Nov 17 20:36:09 2018] [WL_MUST] 接收回复:
[Sat Nov 17 20:36:09 2018] [WL_MUST] ={
[Sat Nov 17 20:36:09 2018] [WL_MUST]   active=101
[Sat Nov 17 20:36:09 2018] [WL_MUST]   serverid=382
[Sat Nov 17 20:36:09 2018] [WL_MUST]   time=1542458169
[Sat Nov 17 20:36:09 2018] [WL_MUST]   account=duoduo1680
[Sat Nov 17 20:36:09 2018] [WL_MUST] }
[Sat Nov 17 20:36:09 2018] [WL_MUST] =fail
[Sat Nov 17 20:39:06 2018] [WL_MUST] 发送事件:
[Sat Nov 17 20:39:06 2018] [WL_MUST] ={
[Sat Nov 17 20:39:06 2018] [WL_MUST]   page=/nycs_user_active
[Sat Nov 17 20:39:06 2018] [WL_MUST]   port=8008
[Sat Nov 17 20:39:06 2018] [WL_MUST]   domain=report.syyx.cn
[Sat Nov 17 20:39:06 2018] [WL_MUST]   param={
[Sat Nov 17 20:39:06 2018] [WL_MUST]     active=102
[Sat Nov 17 20:39:06 2018] [WL_MUST]     serverid=382
[Sat Nov 17 20:39:06 2018] [WL_MUST]     time=1542458346
[Sat Nov 17 20:39:06 2018] [WL_MUST]     account=nycsnvgd
[Sat Nov 17 20:39:06 2018] [WL_MUST]   }
[Sat Nov 17 20:39:06 2018] [WL_MUST] }
[Sat Nov 17 20:39:08 2018] [WL_MUST] 接收回复:
[Sat Nov 17 20:39:08 2018] [WL_MUST] ={
[Sat Nov 17 20:39:08 2018] [WL_MUST]   active=102
[Sat Nov 17 20:39:08 2018] [WL_MUST]   serverid=382
[Sat Nov 17 20:39:08 2018] [WL_MUST]   time=1542458346
[Sat Nov 17 20:39:08 2018] [WL_MUST]   account=nycsnvgd
[Sat Nov 17 20:39:08 2018] [WL_MUST] }
[Sat Nov 17 20:39:08 2018] [WL_MUST] =fail
[Sat Nov 17 20:46:15 2018] [WL_MUST] 发送事件:
[Sat Nov 17 20:46:15 2018] [WL_MUST] ={
[Sat Nov 17 20:46:15 2018] [WL_MUST]   page=/nycs_five_color
[Sat Nov 17 20:46:15 2018] [WL_MUST]   port=8008
[Sat Nov 17 20:46:15 2018] [WL_MUST]   domain=report.syyx.cn
[Sat Nov 17 20:46:15 2018] [WL_MUST]   param={
[Sat Nov 17 20:46:15 2018] [WL_MUST]     serverid=382
[Sat Nov 17 20:46:15 2018] [WL_MUST]     time=1542458775
[Sat Nov 17 20:46:15 2018] [WL_MUST]     account=lh15211591159
[Sat Nov 17 20:46:15 2018] [WL_MUST]   }
[Sat Nov 17 20:46:15 2018] [WL_MUST] }
[Sat Nov 17 20:46:16 2018] [WL_MUST] 接收回复:
[Sat Nov 17 20:46:16 2018] [WL_MUST] ={
[Sat Nov 17 20:46:16 2018] [WL_MUST]   serverid=382
[Sat Nov 17 20:46:16 2018] [WL_MUST]   time=1542458775
[Sat Nov 17 20:46:16 2018] [WL_MUST]   account=lh15211591159
[Sat Nov 17 20:46:16 2018] [WL_MUST] }
[Sat Nov 17 20:46:16 2018] [WL_MUST] =fail
[Sat Nov 17 21:32:09 2018] [WL_MUST] 发送事件:
[Sat Nov 17 21:32:09 2018] [WL_MUST] ={
[Sat Nov 17 21:32:09 2018] [WL_MUST]   page=/nycs_user_active
[Sat Nov 17 21:32:09 2018] [WL_MUST]   port=8008
[Sat Nov 17 21:32:09 2018] [WL_MUST]   domain=report.syyx.cn
[Sat Nov 17 21:32:09 2018] [WL_MUST]   param={
[Sat Nov 17 21:32:09 2018] [WL_MUST]     active=102
[Sat Nov 17 21:32:09 2018] [WL_MUST]     serverid=382
[Sat Nov 17 21:32:09 2018] [WL_MUST]     time=1542461529
[Sat Nov 17 21:32:09 2018] [WL_MUST]     account=zmy200812
[Sat Nov 17 21:32:09 2018] [WL_MUST]   }
[Sat Nov 17 21:32:09 2018] [WL_MUST] }
[Sat Nov 17 21:32:09 2018] [WL_MUST] 接收回复:
[Sat Nov 17 21:32:09 2018] [WL_MUST] ={
[Sat Nov 17 21:32:09 2018] [WL_MUST]   active=102
[Sat Nov 17 21:32:09 2018] [WL_MUST]   serverid=382
[Sat Nov 17 21:32:09 2018] [WL_MUST]   time=1542461529
[Sat Nov 17 21:32:09 2018] [WL_MUST]   account=zmy200812
[Sat Nov 17 21:32:09 2018] [WL_MUST] }
[Sat Nov 17 21:32:09 2018] [WL_MUST] =fail
[Sat Nov 17 22:01:30 2018] [WL_MUST] 发送事件:
[Sat Nov 17 22:01:30 2018] [WL_MUST] ={
[Sat Nov 17 22:01:30 2018] [WL_MUST]   page=/nycs_five_color
[Sat Nov 17 22:01:30 2018] [WL_MUST]   port=8008
[Sat Nov 17 22:01:30 2018] [WL_MUST]   domain=report.syyx.cn
[Sat Nov 17 22:01:30 2018] [WL_MUST]   param={
[Sat Nov 17 22:01:30 2018] [WL_MUST]     serverid=382
[Sat Nov 17 22:01:30 2018] [WL_MUST]     time=1542463290
[Sat Nov 17 22:01:30 2018] [WL_MUST]     account=gjrwang13651
[Sat Nov 17 22:01:30 2018] [WL_MUST]   }
[Sat Nov 17 22:01:30 2018] [WL_MUST] }
[Sat Nov 17 22:01:30 2018] [WL_MUST] 接收回复:
[Sat Nov 17 22:01:30 2018] [WL_MUST] ={
[Sat Nov 17 22:01:30 2018] [WL_MUST]   serverid=382
[Sat Nov 17 22:01:30 2018] [WL_MUST]   time=1542463290
[Sat Nov 17 22:01:30 2018] [WL_MUST]   account=gjrwang13651
[Sat Nov 17 22:01:30 2018] [WL_MUST] }
[Sat Nov 17 22:01:30 2018] [WL_MUST] =fail
[Sat Nov 17 22:32:36 2018] [WL_MUST] 发送事件:
[Sat Nov 17 22:32:36 2018] [WL_MUST] ={
[Sat Nov 17 22:32:36 2018] [WL_MUST]   page=/nycs_user_active
[Sat Nov 17 22:32:36 2018] [WL_MUST]   port=8008
[Sat Nov 17 22:32:36 2018] [WL_MUST]   domain=report.syyx.cn
[Sat Nov 17 22:32:36 2018] [WL_MUST]   param={
[Sat Nov 17 22:32:36 2018] [WL_MUST]     active=100
[Sat Nov 17 22:32:36 2018] [WL_MUST]     serverid=382
[Sat Nov 17 22:32:36 2018] [WL_MUST]     time=1542465156
[Sat Nov 17 22:32:36 2018] [WL_MUST]     account=630626246wwww
[Sat Nov 17 22:32:36 2018] [WL_MUST]   }
[Sat Nov 17 22:32:36 2018] [WL_MUST] }
[Sat Nov 17 22:32:36 2018] [WL_MUST] 接收回复:
[Sat Nov 17 22:32:36 2018] [WL_MUST] ={
[Sat Nov 17 22:32:36 2018] [WL_MUST]   active=100
[Sat Nov 17 22:32:36 2018] [WL_MUST]   serverid=382
[Sat Nov 17 22:32:36 2018] [WL_MUST]   time=1542465156
[Sat Nov 17 22:32:36 2018] [WL_MUST]   account=630626246wwww
[Sat Nov 17 22:32:36 2018] [WL_MUST] }
[Sat Nov 17 22:32:36 2018] [WL_MUST] =fail
[Sat Nov 17 23:03:04 2018] [WL_MUST] 发送事件:
[Sat Nov 17 23:03:04 2018] [WL_MUST] ={
[Sat Nov 17 23:03:04 2018] [WL_MUST]   page=/nycs_five_color
[Sat Nov 17 23:03:04 2018] [WL_MUST]   port=8008
[Sat Nov 17 23:03:04 2018] [WL_MUST]   domain=report.syyx.cn
[Sat Nov 17 23:03:04 2018] [WL_MUST]   param={
[Sat Nov 17 23:03:04 2018] [WL_MUST]     serverid=382
[Sat Nov 17 23:03:04 2018] [WL_MUST]     time=1542466983
[Sat Nov 17 23:03:04 2018] [WL_MUST]     account=52cjk52cjk52cjk
[Sat Nov 17 23:03:04 2018] [WL_MUST]   }
[Sat Nov 17 23:03:04 2018] [WL_MUST] }
[Sat Nov 17 23:03:04 2018] [WL_MUST] 接收回复:
[Sat Nov 17 23:03:04 2018] [WL_MUST] ={
[Sat Nov 17 23:03:04 2018] [WL_MUST]   serverid=382
[Sat Nov 17 23:03:04 2018] [WL_MUST]   time=1542466983
[Sat Nov 17 23:03:04 2018] [WL_MUST]   account=52cjk52cjk52cjk
[Sat Nov 17 23:03:04 2018] [WL_MUST] }
[Sat Nov 17 23:03:04 2018] [WL_MUST] =fail
[Sat Nov 17 23:33:01 2018] [WL_MUST] 发送事件:
[Sat Nov 17 23:33:01 2018] [WL_MUST] ={
[Sat Nov 17 23:33:01 2018] [WL_MUST]   page=/nycs_user_active
[Sat Nov 17 23:33:01 2018] [WL_MUST]   port=8008
[Sat Nov 17 23:33:01 2018] [WL_MUST]   domain=report.syyx.cn
[Sat Nov 17 23:33:01 2018] [WL_MUST]   param={
[Sat Nov 17 23:33:01 2018] [WL_MUST]     active=102
[Sat Nov 17 23:33:01 2018] [WL_MUST]     serverid=382
[Sat Nov 17 23:33:01 2018] [WL_MUST]     time=1542468781
[Sat Nov 17 23:33:01 2018] [WL_MUST]     account=wt37580233
[Sat Nov 17 23:33:01 2018] [WL_MUST]   }
[Sat Nov 17 23:33:01 2018] [WL_MUST] }
[Sat Nov 17 23:33:01 2018] [WL_MUST] 接收回复:
[Sat Nov 17 23:33:01 2018] [WL_MUST] ={
[Sat Nov 17 23:33:01 2018] [WL_MUST]   active=102
[Sat Nov 17 23:33:01 2018] [WL_MUST]   serverid=382
[Sat Nov 17 23:33:01 2018] [WL_MUST]   time=1542468781
[Sat Nov 17 23:33:01 2018] [WL_MUST]   account=wt37580233
[Sat Nov 17 23:33:01 2018] [WL_MUST] }
[Sat Nov 17 23:33:01 2018] [WL_MUST] =fail
