[Sat Nov 17 10:32:32 2018] [WL_MUST] 发送事件:
[Sat Nov 17 10:32:32 2018] [WL_MUST] ={
[Sat Nov 17 10:32:32 2018] [WL_MUST]   page=/nycs_user_active
[Sat Nov 17 10:32:32 2018] [WL_MUST]   port=8008
[Sat Nov 17 10:32:32 2018] [WL_MUST]   domain=report.syyx.cn
[Sat Nov 17 10:32:32 2018] [WL_MUST]   param={
[Sat Nov 17 10:32:32 2018] [WL_MUST]     active=102
[Sat Nov 17 10:32:32 2018] [WL_MUST]     serverid=382
[Sat Nov 17 10:32:32 2018] [WL_MUST]     time=1542421952
[Sat Nov 17 10:32:32 2018] [WL_MUST]     account=fcfenghaiyang5
[Sat Nov 17 10:32:32 2018] [WL_MUST]   }
[Sat Nov 17 10:32:32 2018] [WL_MUST] }
[Sat Nov 17 10:32:32 2018] [WL_MUST] 接收回复:
[Sat Nov 17 10:32:32 2018] [WL_MUST] ={
[Sat Nov 17 10:32:32 2018] [WL_MUST]   active=102
[Sat Nov 17 10:32:32 2018] [WL_MUST]   serverid=382
[Sat Nov 17 10:32:32 2018] [WL_MUST]   time=1542421952
[Sat Nov 17 10:32:32 2018] [WL_MUST]   account=fcfenghaiyang5
[Sat Nov 17 10:32:32 2018] [WL_MUST] }
[Sat Nov 17 10:32:32 2018] [WL_MUST] =fail
[Sat Nov 17 10:36:49 2018] [WL_MUST] 发送事件:
[Sat Nov 17 10:36:49 2018] [WL_MUST] ={
[Sat Nov 17 10:36:49 2018] [WL_MUST]   page=/nycs_user_active
[Sat Nov 17 10:36:49 2018] [WL_MUST]   port=8008
[Sat Nov 17 10:36:49 2018] [WL_MUST]   domain=report.syyx.cn
[Sat Nov 17 10:36:49 2018] [WL_MUST]   param={
[Sat Nov 17 10:36:49 2018] [WL_MUST]     active=102
[Sat Nov 17 10:36:49 2018] [WL_MUST]     serverid=382
[Sat Nov 17 10:36:49 2018] [WL_MUST]     time=1542422209
[Sat Nov 17 10:36:49 2018] [WL_MUST]     account=thsyh2
[Sat Nov 17 10:36:49 2018] [WL_MUST]   }
[Sat Nov 17 10:36:49 2018] [WL_MUST] }
[Sat Nov 17 10:36:49 2018] [WL_MUST] 发送事件:
[Sat Nov 17 10:36:49 2018] [WL_MUST] ={
[Sat Nov 17 10:36:49 2018] [WL_MUST]   page=/nycs_user_active
[Sat Nov 17 10:36:49 2018] [WL_MUST]   port=8008
[Sat Nov 17 10:36:49 2018] [WL_MUST]   domain=report.syyx.cn
[Sat Nov 17 10:36:49 2018] [WL_MUST]   param={
[Sat Nov 17 10:36:49 2018] [WL_MUST]     active=100
[Sat Nov 17 10:36:49 2018] [WL_MUST]     serverid=382
[Sat Nov 17 10:36:49 2018] [WL_MUST]     time=1542422209
[Sat Nov 17 10:36:49 2018] [WL_MUST]     account=lixun666888
[Sat Nov 17 10:36:49 2018] [WL_MUST]   }
[Sat Nov 17 10:36:49 2018] [WL_MUST] }
[Sat Nov 17 10:36:49 2018] [WL_MUST] 接收回复:
[Sat Nov 17 10:36:49 2018] [WL_MUST] ={
[Sat Nov 17 10:36:49 2018] [WL_MUST]   active=100
[Sat Nov 17 10:36:49 2018] [WL_MUST]   serverid=382
[Sat Nov 17 10:36:49 2018] [WL_MUST]   time=1542422209
[Sat Nov 17 10:36:49 2018] [WL_MUST]   account=lixun666888
[Sat Nov 17 10:36:49 2018] [WL_MUST] }
[Sat Nov 17 10:36:49 2018] [WL_MUST] =fail
[Sat Nov 17 10:36:49 2018] [WL_MUST] 接收回复:
[Sat Nov 17 10:36:49 2018] [WL_MUST] ={
[Sat Nov 17 10:36:49 2018] [WL_MUST]   active=102
[Sat Nov 17 10:36:49 2018] [WL_MUST]   serverid=382
[Sat Nov 17 10:36:49 2018] [WL_MUST]   time=1542422209
[Sat Nov 17 10:36:49 2018] [WL_MUST]   account=thsyh2
[Sat Nov 17 10:36:49 2018] [WL_MUST] }
[Sat Nov 17 10:36:49 2018] [WL_MUST] =fail
[Sat Nov 17 10:37:45 2018] [WL_MUST] 发送事件:
[Sat Nov 17 10:37:45 2018] [WL_MUST] ={
[Sat Nov 17 10:37:45 2018] [WL_MUST]   page=/nycs_user_active
[Sat Nov 17 10:37:45 2018] [WL_MUST]   port=8008
[Sat Nov 17 10:37:45 2018] [WL_MUST]   domain=report.syyx.cn
[Sat Nov 17 10:37:45 2018] [WL_MUST]   param={
[Sat Nov 17 10:37:45 2018] [WL_MUST]     active=102
[Sat Nov 17 10:37:45 2018] [WL_MUST]     serverid=382
[Sat Nov 17 10:37:45 2018] [WL_MUST]     time=1542422265
[Sat Nov 17 10:37:45 2018] [WL_MUST]     account=gmh830313
[Sat Nov 17 10:37:45 2018] [WL_MUST]   }
[Sat Nov 17 10:37:45 2018] [WL_MUST] }
[Sat Nov 17 10:37:45 2018] [WL_MUST] 接收回复:
[Sat Nov 17 10:37:45 2018] [WL_MUST] ={
[Sat Nov 17 10:37:45 2018] [WL_MUST]   active=102
[Sat Nov 17 10:37:45 2018] [WL_MUST]   serverid=382
[Sat Nov 17 10:37:45 2018] [WL_MUST]   time=1542422265
[Sat Nov 17 10:37:45 2018] [WL_MUST]   account=gmh830313
[Sat Nov 17 10:37:45 2018] [WL_MUST] }
[Sat Nov 17 10:37:45 2018] [WL_MUST] =fail
[Sat Nov 17 10:40:16 2018] [WL_MUST] 发送事件:
[Sat Nov 17 10:40:16 2018] [WL_MUST] ={
[Sat Nov 17 10:40:16 2018] [WL_MUST]   page=/nycs_user_active
[Sat Nov 17 10:40:16 2018] [WL_MUST]   port=8008
[Sat Nov 17 10:40:16 2018] [WL_MUST]   domain=report.syyx.cn
[Sat Nov 17 10:40:16 2018] [WL_MUST]   param={
[Sat Nov 17 10:40:16 2018] [WL_MUST]     active=100
[Sat Nov 17 10:40:16 2018] [WL_MUST]     serverid=382
[Sat Nov 17 10:40:16 2018] [WL_MUST]     time=1542422416
[Sat Nov 17 10:40:16 2018] [WL_MUST]     account=k522263682
[Sat Nov 17 10:40:16 2018] [WL_MUST]   }
[Sat Nov 17 10:40:16 2018] [WL_MUST] }
[Sat Nov 17 10:40:16 2018] [WL_MUST] 发送事件:
[Sat Nov 17 10:40:16 2018] [WL_MUST] ={
[Sat Nov 17 10:40:16 2018] [WL_MUST]   page=/nycs_user_active
[Sat Nov 17 10:40:16 2018] [WL_MUST]   port=8008
[Sat Nov 17 10:40:16 2018] [WL_MUST]   domain=report.syyx.cn
[Sat Nov 17 10:40:16 2018] [WL_MUST]   param={
[Sat Nov 17 10:40:16 2018] [WL_MUST]     active=102
[Sat Nov 17 10:40:16 2018] [WL_MUST]     serverid=382
[Sat Nov 17 10:40:16 2018] [WL_MUST]     time=1542422416
[Sat Nov 17 10:40:16 2018] [WL_MUST]     account=xuelong0555x
[Sat Nov 17 10:40:16 2018] [WL_MUST]   }
[Sat Nov 17 10:40:16 2018] [WL_MUST] }
[Sat Nov 17 10:40:16 2018] [WL_MUST] 接收回复:
[Sat Nov 17 10:40:16 2018] [WL_MUST] ={
[Sat Nov 17 10:40:16 2018] [WL_MUST]   active=102
[Sat Nov 17 10:40:16 2018] [WL_MUST]   serverid=382
[Sat Nov 17 10:40:16 2018] [WL_MUST]   time=1542422416
[Sat Nov 17 10:40:16 2018] [WL_MUST]   account=xuelong0555x
[Sat Nov 17 10:40:16 2018] [WL_MUST] }
[Sat Nov 17 10:40:16 2018] [WL_MUST] =fail
[Sat Nov 17 10:40:16 2018] [WL_MUST] 接收回复:
[Sat Nov 17 10:40:16 2018] [WL_MUST] ={
[Sat Nov 17 10:40:16 2018] [WL_MUST]   active=100
[Sat Nov 17 10:40:16 2018] [WL_MUST]   serverid=382
[Sat Nov 17 10:40:16 2018] [WL_MUST]   time=1542422416
[Sat Nov 17 10:40:16 2018] [WL_MUST]   account=k522263682
[Sat Nov 17 10:40:16 2018] [WL_MUST] }
[Sat Nov 17 10:40:16 2018] [WL_MUST] =fail
[Sat Nov 17 10:42:24 2018] [WL_MUST] 发送事件:
[Sat Nov 17 10:42:24 2018] [WL_MUST] ={
[Sat Nov 17 10:42:24 2018] [WL_MUST]   page=/nycs_user_active
[Sat Nov 17 10:42:24 2018] [WL_MUST]   port=8008
[Sat Nov 17 10:42:24 2018] [WL_MUST]   domain=report.syyx.cn
[Sat Nov 17 10:42:24 2018] [WL_MUST]   param={
[Sat Nov 17 10:42:24 2018] [WL_MUST]     active=101
[Sat Nov 17 10:42:24 2018] [WL_MUST]     serverid=382
[Sat Nov 17 10:42:24 2018] [WL_MUST]     time=1542422544
[Sat Nov 17 10:42:24 2018] [WL_MUST]     account=njhuytgbvf
[Sat Nov 17 10:42:24 2018] [WL_MUST]   }
[Sat Nov 17 10:42:24 2018] [WL_MUST] }
[Sat Nov 17 10:42:24 2018] [WL_MUST] 接收回复:
[Sat Nov 17 10:42:24 2018] [WL_MUST] ={
[Sat Nov 17 10:42:24 2018] [WL_MUST]   active=101
[Sat Nov 17 10:42:24 2018] [WL_MUST]   serverid=382
[Sat Nov 17 10:42:24 2018] [WL_MUST]   time=1542422544
[Sat Nov 17 10:42:24 2018] [WL_MUST]   account=njhuytgbvf
[Sat Nov 17 10:42:24 2018] [WL_MUST] }
[Sat Nov 17 10:42:24 2018] [WL_MUST] =fail
[Sat Nov 17 11:32:54 2018] [WL_MUST] 发送事件:
[Sat Nov 17 11:32:54 2018] [WL_MUST] ={
[Sat Nov 17 11:32:54 2018] [WL_MUST]   page=/nycs_user_active
[Sat Nov 17 11:32:54 2018] [WL_MUST]   port=8008
[Sat Nov 17 11:32:54 2018] [WL_MUST]   domain=report.syyx.cn
[Sat Nov 17 11:32:54 2018] [WL_MUST]   param={
[Sat Nov 17 11:32:54 2018] [WL_MUST]     active=101
[Sat Nov 17 11:32:54 2018] [WL_MUST]     serverid=382
[Sat Nov 17 11:32:54 2018] [WL_MUST]     time=1542425574
[Sat Nov 17 11:32:54 2018] [WL_MUST]     account=rui_xiao2
[Sat Nov 17 11:32:54 2018] [WL_MUST]   }
[Sat Nov 17 11:32:54 2018] [WL_MUST] }
[Sat Nov 17 11:32:54 2018] [WL_MUST] 接收回复:
[Sat Nov 17 11:32:54 2018] [WL_MUST] ={
[Sat Nov 17 11:32:54 2018] [WL_MUST]   active=101
[Sat Nov 17 11:32:54 2018] [WL_MUST]   serverid=382
[Sat Nov 17 11:32:54 2018] [WL_MUST]   time=1542425574
[Sat Nov 17 11:32:54 2018] [WL_MUST]   account=rui_xiao2
[Sat Nov 17 11:32:54 2018] [WL_MUST] }
[Sat Nov 17 11:32:54 2018] [WL_MUST] =fail
[Sat Nov 17 11:53:59 2018] [WL_MUST] 发送事件:
[Sat Nov 17 11:53:59 2018] [WL_MUST] ={
[Sat Nov 17 11:53:59 2018] [WL_MUST]   page=/nycs_five_color
[Sat Nov 17 11:53:59 2018] [WL_MUST]   port=8008
[Sat Nov 17 11:53:59 2018] [WL_MUST]   domain=report.syyx.cn
[Sat Nov 17 11:53:59 2018] [WL_MUST]   param={
[Sat Nov 17 11:53:59 2018] [WL_MUST]     serverid=382
[Sat Nov 17 11:53:59 2018] [WL_MUST]     time=1542426839
[Sat Nov 17 11:53:59 2018] [WL_MUST]     account=qq519198974
[Sat Nov 17 11:53:59 2018] [WL_MUST]   }
[Sat Nov 17 11:53:59 2018] [WL_MUST] }
[Sat Nov 17 11:53:59 2018] [WL_MUST] 接收回复:
[Sat Nov 17 11:53:59 2018] [WL_MUST] ={
[Sat Nov 17 11:53:59 2018] [WL_MUST]   serverid=382
[Sat Nov 17 11:53:59 2018] [WL_MUST]   time=1542426839
[Sat Nov 17 11:53:59 2018] [WL_MUST]   account=qq519198974
[Sat Nov 17 11:53:59 2018] [WL_MUST] }
[Sat Nov 17 11:53:59 2018] [WL_MUST] =fail
[Sat Nov 17 12:36:54 2018] [WL_MUST] 发送事件:
[Sat Nov 17 12:36:54 2018] [WL_MUST] ={
[Sat Nov 17 12:36:54 2018] [WL_MUST]   page=/nycs_user_active
[Sat Nov 17 12:36:54 2018] [WL_MUST]   port=8008
[Sat Nov 17 12:36:54 2018] [WL_MUST]   domain=report.syyx.cn
[Sat Nov 17 12:36:54 2018] [WL_MUST]   param={
[Sat Nov 17 12:36:54 2018] [WL_MUST]     active=100
[Sat Nov 17 12:36:54 2018] [WL_MUST]     serverid=382
[Sat Nov 17 12:36:54 2018] [WL_MUST]     time=1542429414
[Sat Nov 17 12:36:54 2018] [WL_MUST]     account=zxw879832815
[Sat Nov 17 12:36:54 2018] [WL_MUST]   }
[Sat Nov 17 12:36:54 2018] [WL_MUST] }
[Sat Nov 17 12:36:54 2018] [WL_MUST] 接收回复:
[Sat Nov 17 12:36:54 2018] [WL_MUST] ={
[Sat Nov 17 12:36:54 2018] [WL_MUST]   active=100
[Sat Nov 17 12:36:54 2018] [WL_MUST]   serverid=382
[Sat Nov 17 12:36:54 2018] [WL_MUST]   time=1542429414
[Sat Nov 17 12:36:54 2018] [WL_MUST]   account=zxw879832815
[Sat Nov 17 12:36:54 2018] [WL_MUST] }
[Sat Nov 17 12:36:54 2018] [WL_MUST] =fail
[Sat Nov 17 12:48:18 2018] [WL_MUST] 发送事件:
[Sat Nov 17 12:48:18 2018] [WL_MUST] ={
[Sat Nov 17 12:48:18 2018] [WL_MUST]   page=/nycs_user_active
[Sat Nov 17 12:48:18 2018] [WL_MUST]   port=8008
[Sat Nov 17 12:48:18 2018] [WL_MUST]   domain=report.syyx.cn
[Sat Nov 17 12:48:18 2018] [WL_MUST]   param={
[Sat Nov 17 12:48:18 2018] [WL_MUST]     active=100
[Sat Nov 17 12:48:18 2018] [WL_MUST]     serverid=382
[Sat Nov 17 12:48:18 2018] [WL_MUST]     time=1542430098
[Sat Nov 17 12:48:18 2018] [WL_MUST]     account=hdc657835602
[Sat Nov 17 12:48:18 2018] [WL_MUST]   }
[Sat Nov 17 12:48:18 2018] [WL_MUST] }
[Sat Nov 17 12:48:18 2018] [WL_MUST] 接收回复:
[Sat Nov 17 12:48:18 2018] [WL_MUST] ={
[Sat Nov 17 12:48:18 2018] [WL_MUST]   active=100
[Sat Nov 17 12:48:18 2018] [WL_MUST]   serverid=382
[Sat Nov 17 12:48:18 2018] [WL_MUST]   time=1542430098
[Sat Nov 17 12:48:18 2018] [WL_MUST]   account=hdc657835602
[Sat Nov 17 12:48:18 2018] [WL_MUST] }
[Sat Nov 17 12:48:18 2018] [WL_MUST] =fail
[Sat Nov 17 12:48:26 2018] [WL_MUST] 发送事件:
[Sat Nov 17 12:48:26 2018] [WL_MUST] ={
[Sat Nov 17 12:48:26 2018] [WL_MUST]   page=/nycs_user_active
[Sat Nov 17 12:48:26 2018] [WL_MUST]   port=8008
[Sat Nov 17 12:48:26 2018] [WL_MUST]   domain=report.syyx.cn
[Sat Nov 17 12:48:26 2018] [WL_MUST]   param={
[Sat Nov 17 12:48:26 2018] [WL_MUST]     active=100
[Sat Nov 17 12:48:26 2018] [WL_MUST]     serverid=382
[Sat Nov 17 12:48:26 2018] [WL_MUST]     time=1542430106
[Sat Nov 17 12:48:26 2018] [WL_MUST]     account=hdli86236h
[Sat Nov 17 12:48:26 2018] [WL_MUST]   }
[Sat Nov 17 12:48:26 2018] [WL_MUST] }
[Sat Nov 17 12:48:26 2018] [WL_MUST] 接收回复:
[Sat Nov 17 12:48:26 2018] [WL_MUST] ={
[Sat Nov 17 12:48:26 2018] [WL_MUST]   active=100
[Sat Nov 17 12:48:26 2018] [WL_MUST]   serverid=382
[Sat Nov 17 12:48:26 2018] [WL_MUST]   time=1542430106
[Sat Nov 17 12:48:26 2018] [WL_MUST]   account=hdli86236h
[Sat Nov 17 12:48:26 2018] [WL_MUST] }
[Sat Nov 17 12:48:26 2018] [WL_MUST] =fail
[Sat Nov 17 13:32:33 2018] [WL_MUST] 发送事件:
[Sat Nov 17 13:32:33 2018] [WL_MUST] ={
[Sat Nov 17 13:32:33 2018] [WL_MUST]   page=/nycs_user_active
[Sat Nov 17 13:32:33 2018] [WL_MUST]   port=8008
[Sat Nov 17 13:32:33 2018] [WL_MUST]   domain=report.syyx.cn
[Sat Nov 17 13:32:33 2018] [WL_MUST]   param={
[Sat Nov 17 13:32:33 2018] [WL_MUST]     active=101
[Sat Nov 17 13:32:33 2018] [WL_MUST]     serverid=382
[Sat Nov 17 13:32:33 2018] [WL_MUST]     time=1542432753
[Sat Nov 17 13:32:33 2018] [WL_MUST]     account=kennyli2011
[Sat Nov 17 13:32:33 2018] [WL_MUST]   }
[Sat Nov 17 13:32:33 2018] [WL_MUST] }
[Sat Nov 17 13:32:33 2018] [WL_MUST] 接收回复:
[Sat Nov 17 13:32:33 2018] [WL_MUST] ={
[Sat Nov 17 13:32:33 2018] [WL_MUST]   active=101
[Sat Nov 17 13:32:33 2018] [WL_MUST]   serverid=382
[Sat Nov 17 13:32:33 2018] [WL_MUST]   time=1542432753
[Sat Nov 17 13:32:33 2018] [WL_MUST]   account=kennyli2011
[Sat Nov 17 13:32:33 2018] [WL_MUST] }
[Sat Nov 17 13:32:33 2018] [WL_MUST] =fail
[Sat Nov 17 13:41:05 2018] [WL_MUST] 发送事件:
[Sat Nov 17 13:41:05 2018] [WL_MUST] ={
[Sat Nov 17 13:41:05 2018] [WL_MUST]   page=/nycs_user_active
[Sat Nov 17 13:41:05 2018] [WL_MUST]   port=8008
[Sat Nov 17 13:41:05 2018] [WL_MUST]   domain=report.syyx.cn
[Sat Nov 17 13:41:05 2018] [WL_MUST]   param={
[Sat Nov 17 13:41:05 2018] [WL_MUST]     active=102
[Sat Nov 17 13:41:05 2018] [WL_MUST]     serverid=382
[Sat Nov 17 13:41:05 2018] [WL_MUST]     time=1542433265
[Sat Nov 17 13:41:05 2018] [WL_MUST]     account=278760123
[Sat Nov 17 13:41:05 2018] [WL_MUST]   }
[Sat Nov 17 13:41:05 2018] [WL_MUST] }
[Sat Nov 17 13:41:05 2018] [WL_MUST] 接收回复:
[Sat Nov 17 13:41:05 2018] [WL_MUST] ={
[Sat Nov 17 13:41:05 2018] [WL_MUST]   active=102
[Sat Nov 17 13:41:05 2018] [WL_MUST]   serverid=382
[Sat Nov 17 13:41:05 2018] [WL_MUST]   time=1542433265
[Sat Nov 17 13:41:05 2018] [WL_MUST]   account=278760123
[Sat Nov 17 13:41:05 2018] [WL_MUST] }
[Sat Nov 17 13:41:05 2018] [WL_MUST] =fail
[Sat Nov 17 13:41:07 2018] [WL_MUST] 发送事件:
[Sat Nov 17 13:41:07 2018] [WL_MUST] ={
[Sat Nov 17 13:41:07 2018] [WL_MUST]   page=/nycs_user_active
[Sat Nov 17 13:41:07 2018] [WL_MUST]   port=8008
[Sat Nov 17 13:41:07 2018] [WL_MUST]   domain=report.syyx.cn
[Sat Nov 17 13:41:07 2018] [WL_MUST]   param={
[Sat Nov 17 13:41:07 2018] [WL_MUST]     active=101
[Sat Nov 17 13:41:07 2018] [WL_MUST]     serverid=382
[Sat Nov 17 13:41:07 2018] [WL_MUST]     time=1542433267
[Sat Nov 17 13:41:07 2018] [WL_MUST]     account=wj633655
[Sat Nov 17 13:41:07 2018] [WL_MUST]   }
[Sat Nov 17 13:41:07 2018] [WL_MUST] }
[Sat Nov 17 13:41:07 2018] [WL_MUST] 接收回复:
[Sat Nov 17 13:41:07 2018] [WL_MUST] ={
[Sat Nov 17 13:41:07 2018] [WL_MUST]   active=101
[Sat Nov 17 13:41:07 2018] [WL_MUST]   serverid=382
[Sat Nov 17 13:41:07 2018] [WL_MUST]   time=1542433267
[Sat Nov 17 13:41:07 2018] [WL_MUST]   account=wj633655
[Sat Nov 17 13:41:07 2018] [WL_MUST] }
[Sat Nov 17 13:41:07 2018] [WL_MUST] =fail
[Sat Nov 17 13:48:23 2018] [WL_MUST] 发送事件:
[Sat Nov 17 13:48:23 2018] [WL_MUST] ={
[Sat Nov 17 13:48:23 2018] [WL_MUST]   page=/nycs_five_color
[Sat Nov 17 13:48:23 2018] [WL_MUST]   port=8008
[Sat Nov 17 13:48:23 2018] [WL_MUST]   domain=report.syyx.cn
[Sat Nov 17 13:48:23 2018] [WL_MUST]   param={
[Sat Nov 17 13:48:23 2018] [WL_MUST]     serverid=382
[Sat Nov 17 13:48:23 2018] [WL_MUST]     time=1542433703
[Sat Nov 17 13:48:23 2018] [WL_MUST]     account=laohu886
[Sat Nov 17 13:48:23 2018] [WL_MUST]   }
[Sat Nov 17 13:48:23 2018] [WL_MUST] }
[Sat Nov 17 13:48:23 2018] [WL_MUST] 接收回复:
[Sat Nov 17 13:48:23 2018] [WL_MUST] ={
[Sat Nov 17 13:48:23 2018] [WL_MUST]   serverid=382
[Sat Nov 17 13:48:23 2018] [WL_MUST]   time=1542433703
[Sat Nov 17 13:48:23 2018] [WL_MUST]   account=laohu886
[Sat Nov 17 13:48:23 2018] [WL_MUST] }
[Sat Nov 17 13:48:23 2018] [WL_MUST] =fail
[Sat Nov 17 14:36:59 2018] [WL_MUST] 发送事件:
[Sat Nov 17 14:36:59 2018] [WL_MUST] ={
[Sat Nov 17 14:36:59 2018] [WL_MUST]   page=/nycs_user_active
[Sat Nov 17 14:36:59 2018] [WL_MUST]   port=8008
[Sat Nov 17 14:36:59 2018] [WL_MUST]   domain=report.syyx.cn
[Sat Nov 17 14:36:59 2018] [WL_MUST]   param={
[Sat Nov 17 14:36:59 2018] [WL_MUST]     active=102
[Sat Nov 17 14:36:59 2018] [WL_MUST]     serverid=382
[Sat Nov 17 14:36:59 2018] [WL_MUST]     time=1542436618
[Sat Nov 17 14:36:59 2018] [WL_MUST]     account=chuanqi0105
[Sat Nov 17 14:36:59 2018] [WL_MUST]   }
[Sat Nov 17 14:36:59 2018] [WL_MUST] }
[Sat Nov 17 14:36:59 2018] [WL_MUST] 接收回复:
[Sat Nov 17 14:36:59 2018] [WL_MUST] ={
[Sat Nov 17 14:36:59 2018] [WL_MUST]   active=102
[Sat Nov 17 14:36:59 2018] [WL_MUST]   serverid=382
[Sat Nov 17 14:36:59 2018] [WL_MUST]   time=1542436618
[Sat Nov 17 14:36:59 2018] [WL_MUST]   account=chuanqi0105
[Sat Nov 17 14:36:59 2018] [WL_MUST] }
[Sat Nov 17 14:36:59 2018] [WL_MUST] =fail
[Sat Nov 17 14:40:53 2018] [WL_MUST] 发送事件:
[Sat Nov 17 14:40:53 2018] [WL_MUST] ={
[Sat Nov 17 14:40:53 2018] [WL_MUST]   page=/nycs_user_active
[Sat Nov 17 14:40:53 2018] [WL_MUST]   port=8008
[Sat Nov 17 14:40:53 2018] [WL_MUST]   domain=report.syyx.cn
[Sat Nov 17 14:40:53 2018] [WL_MUST]   param={
[Sat Nov 17 14:40:53 2018] [WL_MUST]     active=100
[Sat Nov 17 14:40:53 2018] [WL_MUST]     serverid=382
[Sat Nov 17 14:40:53 2018] [WL_MUST]     time=1542436853
[Sat Nov 17 14:40:53 2018] [WL_MUST]     account=qaz356135543
[Sat Nov 17 14:40:53 2018] [WL_MUST]   }
[Sat Nov 17 14:40:53 2018] [WL_MUST] }
[Sat Nov 17 14:40:53 2018] [WL_MUST] 接收回复:
[Sat Nov 17 14:40:53 2018] [WL_MUST] ={
[Sat Nov 17 14:40:53 2018] [WL_MUST]   active=100
[Sat Nov 17 14:40:53 2018] [WL_MUST]   serverid=382
[Sat Nov 17 14:40:53 2018] [WL_MUST]   time=1542436853
[Sat Nov 17 14:40:53 2018] [WL_MUST]   account=qaz356135543
[Sat Nov 17 14:40:53 2018] [WL_MUST] }
[Sat Nov 17 14:40:53 2018] [WL_MUST] =fail
[Sat Nov 17 16:32:41 2018] [WL_MUST] 发送事件:
[Sat Nov 17 16:32:41 2018] [WL_MUST] ={
[Sat Nov 17 16:32:41 2018] [WL_MUST]   page=/nycs_user_active
[Sat Nov 17 16:32:41 2018] [WL_MUST]   port=8008
[Sat Nov 17 16:32:41 2018] [WL_MUST]   domain=report.syyx.cn
[Sat Nov 17 16:32:41 2018] [WL_MUST]   param={
[Sat Nov 17 16:32:41 2018] [WL_MUST]     active=100
[Sat Nov 17 16:32:41 2018] [WL_MUST]     serverid=382
[Sat Nov 17 16:32:41 2018] [WL_MUST]     time=1542443561
[Sat Nov 17 16:32:41 2018] [WL_MUST]     account=lxd1895
[Sat Nov 17 16:32:41 2018] [WL_MUST]   }
[Sat Nov 17 16:32:41 2018] [WL_MUST] }
[Sat Nov 17 16:32:41 2018] [WL_MUST] 接收回复:
[Sat Nov 17 16:32:41 2018] [WL_MUST] ={
[Sat Nov 17 16:32:41 2018] [WL_MUST]   active=100
[Sat Nov 17 16:32:41 2018] [WL_MUST]   serverid=382
[Sat Nov 17 16:32:41 2018] [WL_MUST]   time=1542443561
[Sat Nov 17 16:32:41 2018] [WL_MUST]   account=lxd1895
[Sat Nov 17 16:32:41 2018] [WL_MUST] }
[Sat Nov 17 16:32:41 2018] [WL_MUST] =fail
[Sat Nov 17 16:36:37 2018] [WL_MUST] 发送事件:
[Sat Nov 17 16:36:37 2018] [WL_MUST] ={
[Sat Nov 17 16:36:37 2018] [WL_MUST]   page=/nycs_user_active
[Sat Nov 17 16:36:37 2018] [WL_MUST]   port=8008
[Sat Nov 17 16:36:37 2018] [WL_MUST]   domain=report.syyx.cn
[Sat Nov 17 16:36:37 2018] [WL_MUST]   param={
[Sat Nov 17 16:36:37 2018] [WL_MUST]     active=102
[Sat Nov 17 16:36:37 2018] [WL_MUST]     serverid=382
[Sat Nov 17 16:36:37 2018] [WL_MUST]     time=1542443797
[Sat Nov 17 16:36:37 2018] [WL_MUST]     account=d79333443
[Sat Nov 17 16:36:37 2018] [WL_MUST]   }
[Sat Nov 17 16:36:37 2018] [WL_MUST] }
[Sat Nov 17 16:36:37 2018] [WL_MUST] 接收回复:
[Sat Nov 17 16:36:37 2018] [WL_MUST] ={
[Sat Nov 17 16:36:37 2018] [WL_MUST]   active=102
[Sat Nov 17 16:36:37 2018] [WL_MUST]   serverid=382
[Sat Nov 17 16:36:37 2018] [WL_MUST]   time=1542443797
[Sat Nov 17 16:36:37 2018] [WL_MUST]   account=d79333443
[Sat Nov 17 16:36:37 2018] [WL_MUST] }
[Sat Nov 17 16:36:37 2018] [WL_MUST] =fail
[Sat Nov 17 17:10:25 2018] [WL_MUST] 发送事件:
[Sat Nov 17 17:10:25 2018] [WL_MUST] ={
[Sat Nov 17 17:10:25 2018] [WL_MUST]   page=/nycs_five_color
[Sat Nov 17 17:10:25 2018] [WL_MUST]   port=8008
[Sat Nov 17 17:10:25 2018] [WL_MUST]   domain=report.syyx.cn
[Sat Nov 17 17:10:25 2018] [WL_MUST]   param={
[Sat Nov 17 17:10:25 2018] [WL_MUST]     serverid=382
[Sat Nov 17 17:10:25 2018] [WL_MUST]     time=1542445824
[Sat Nov 17 17:10:25 2018] [WL_MUST]     account=xinshizh8
[Sat Nov 17 17:10:25 2018] [WL_MUST]   }
[Sat Nov 17 17:10:25 2018] [WL_MUST] }
[Sat Nov 17 17:10:25 2018] [WL_MUST] 接收回复:
[Sat Nov 17 17:10:25 2018] [WL_MUST] ={
[Sat Nov 17 17:10:25 2018] [WL_MUST]   serverid=382
[Sat Nov 17 17:10:25 2018] [WL_MUST]   time=1542445824
[Sat Nov 17 17:10:25 2018] [WL_MUST]   account=xinshizh8
[Sat Nov 17 17:10:25 2018] [WL_MUST] }
[Sat Nov 17 17:10:25 2018] [WL_MUST] =fail
[Sat Nov 17 17:10:26 2018] [WL_MUST] 发送事件:
[Sat Nov 17 17:10:26 2018] [WL_MUST] ={
[Sat Nov 17 17:10:26 2018] [WL_MUST]   page=/nycs_user_active
[Sat Nov 17 17:10:26 2018] [WL_MUST]   port=8008
[Sat Nov 17 17:10:26 2018] [WL_MUST]   domain=report.syyx.cn
[Sat Nov 17 17:10:26 2018] [WL_MUST]   param={
[Sat Nov 17 17:10:26 2018] [WL_MUST]     active=100
[Sat Nov 17 17:10:26 2018] [WL_MUST]     serverid=382
[Sat Nov 17 17:10:26 2018] [WL_MUST]     time=1542445826
[Sat Nov 17 17:10:26 2018] [WL_MUST]     account=xinshizh8
[Sat Nov 17 17:10:26 2018] [WL_MUST]   }
[Sat Nov 17 17:10:26 2018] [WL_MUST] }
[Sat Nov 17 17:10:26 2018] [WL_MUST] 接收回复:
[Sat Nov 17 17:10:26 2018] [WL_MUST] ={
[Sat Nov 17 17:10:26 2018] [WL_MUST]   active=100
[Sat Nov 17 17:10:26 2018] [WL_MUST]   serverid=382
[Sat Nov 17 17:10:26 2018] [WL_MUST]   time=1542445826
[Sat Nov 17 17:10:26 2018] [WL_MUST]   account=xinshizh8
[Sat Nov 17 17:10:26 2018] [WL_MUST] }
[Sat Nov 17 17:10:26 2018] [WL_MUST] =fail
[Sat Nov 17 17:32:25 2018] [WL_MUST] 发送事件:
[Sat Nov 17 17:32:25 2018] [WL_MUST] ={
[Sat Nov 17 17:32:25 2018] [WL_MUST]   page=/nycs_user_active
[Sat Nov 17 17:32:25 2018] [WL_MUST]   port=8008
[Sat Nov 17 17:32:25 2018] [WL_MUST]   domain=report.syyx.cn
[Sat Nov 17 17:32:25 2018] [WL_MUST]   param={
[Sat Nov 17 17:32:25 2018] [WL_MUST]     active=100
[Sat Nov 17 17:32:25 2018] [WL_MUST]     serverid=382
[Sat Nov 17 17:32:25 2018] [WL_MUST]     time=1542447145
[Sat Nov 17 17:32:25 2018] [WL_MUST]     account=haomenzs
[Sat Nov 17 17:32:25 2018] [WL_MUST]   }
[Sat Nov 17 17:32:25 2018] [WL_MUST] }
[Sat Nov 17 17:32:25 2018] [WL_MUST] 接收回复:
[Sat Nov 17 17:32:25 2018] [WL_MUST] ={
[Sat Nov 17 17:32:25 2018] [WL_MUST]   active=100
[Sat Nov 17 17:32:25 2018] [WL_MUST]   serverid=382
[Sat Nov 17 17:32:25 2018] [WL_MUST]   time=1542447145
[Sat Nov 17 17:32:25 2018] [WL_MUST]   account=haomenzs
[Sat Nov 17 17:32:25 2018] [WL_MUST] }
[Sat Nov 17 17:32:25 2018] [WL_MUST] =fail
[Sat Nov 17 17:35:54 2018] [WL_MUST] 发送事件:
[Sat Nov 17 17:35:54 2018] [WL_MUST] ={
[Sat Nov 17 17:35:54 2018] [WL_MUST]   page=/nycs_five_color
[Sat Nov 17 17:35:54 2018] [WL_MUST]   port=8008
[Sat Nov 17 17:35:54 2018] [WL_MUST]   domain=report.syyx.cn
[Sat Nov 17 17:35:54 2018] [WL_MUST]   param={
[Sat Nov 17 17:35:54 2018] [WL_MUST]     serverid=382
[Sat Nov 17 17:35:54 2018] [WL_MUST]     time=1542447354
[Sat Nov 17 17:35:54 2018] [WL_MUST]     account=themon1975soss
[Sat Nov 17 17:35:54 2018] [WL_MUST]   }
[Sat Nov 17 17:35:54 2018] [WL_MUST] }
[Sat Nov 17 17:35:54 2018] [WL_MUST] 接收回复:
[Sat Nov 17 17:35:54 2018] [WL_MUST] ={
[Sat Nov 17 17:35:54 2018] [WL_MUST]   serverid=382
[Sat Nov 17 17:35:54 2018] [WL_MUST]   time=1542447354
[Sat Nov 17 17:35:54 2018] [WL_MUST]   account=themon1975soss
[Sat Nov 17 17:35:54 2018] [WL_MUST] }
[Sat Nov 17 17:35:54 2018] [WL_MUST] =fail
[Sat Nov 17 17:39:40 2018] [WL_MUST] 发送事件:
[Sat Nov 17 17:39:40 2018] [WL_MUST] ={
[Sat Nov 17 17:39:40 2018] [WL_MUST]   page=/nycs_user_active
[Sat Nov 17 17:39:40 2018] [WL_MUST]   port=8008
[Sat Nov 17 17:39:40 2018] [WL_MUST]   domain=report.syyx.cn
[Sat Nov 17 17:39:40 2018] [WL_MUST]   param={
[Sat Nov 17 17:39:40 2018] [WL_MUST]     active=102
[Sat Nov 17 17:39:40 2018] [WL_MUST]     serverid=382
[Sat Nov 17 17:39:40 2018] [WL_MUST]     time=1542447580
[Sat Nov 17 17:39:40 2018] [WL_MUST]     account=hjhcyhcp
[Sat Nov 17 17:39:40 2018] [WL_MUST]   }
[Sat Nov 17 17:39:40 2018] [WL_MUST] }
[Sat Nov 17 17:39:40 2018] [WL_MUST] 接收回复:
[Sat Nov 17 17:39:40 2018] [WL_MUST] ={
[Sat Nov 17 17:39:40 2018] [WL_MUST]   active=102
[Sat Nov 17 17:39:40 2018] [WL_MUST]   serverid=382
[Sat Nov 17 17:39:40 2018] [WL_MUST]   time=1542447580
[Sat Nov 17 17:39:40 2018] [WL_MUST]   account=hjhcyhcp
[Sat Nov 17 17:39:40 2018] [WL_MUST] }
[Sat Nov 17 17:39:40 2018] [WL_MUST] =fail
[Sat Nov 17 18:32:35 2018] [WL_MUST] 发送事件:
[Sat Nov 17 18:32:35 2018] [WL_MUST] ={
[Sat Nov 17 18:32:35 2018] [WL_MUST]   page=/nycs_user_active
[Sat Nov 17 18:32:35 2018] [WL_MUST]   port=8008
[Sat Nov 17 18:32:35 2018] [WL_MUST]   domain=report.syyx.cn
[Sat Nov 17 18:32:35 2018] [WL_MUST]   param={
[Sat Nov 17 18:32:35 2018] [WL_MUST]     active=102
[Sat Nov 17 18:32:35 2018] [WL_MUST]     serverid=382
[Sat Nov 17 18:32:35 2018] [WL_MUST]     time=1542450755
[Sat Nov 17 18:32:35 2018] [WL_MUST]     account=yht820913
[Sat Nov 17 18:32:35 2018] [WL_MUST]   }
[Sat Nov 17 18:32:35 2018] [WL_MUST] }
[Sat Nov 17 18:32:35 2018] [WL_MUST] 接收回复:
[Sat Nov 17 18:32:35 2018] [WL_MUST] ={
[Sat Nov 17 18:32:35 2018] [WL_MUST]   active=102
[Sat Nov 17 18:32:35 2018] [WL_MUST]   serverid=382
[Sat Nov 17 18:32:35 2018] [WL_MUST]   time=1542450755
[Sat Nov 17 18:32:35 2018] [WL_MUST]   account=yht820913
[Sat Nov 17 18:32:35 2018] [WL_MUST] }
[Sat Nov 17 18:32:35 2018] [WL_MUST] =fail
[Sat Nov 17 18:36:39 2018] [WL_MUST] 发送事件:
[Sat Nov 17 18:36:39 2018] [WL_MUST] ={
[Sat Nov 17 18:36:39 2018] [WL_MUST]   page=/nycs_user_active
[Sat Nov 17 18:36:39 2018] [WL_MUST]   port=8008
[Sat Nov 17 18:36:39 2018] [WL_MUST]   domain=report.syyx.cn
[Sat Nov 17 18:36:39 2018] [WL_MUST]   param={
[Sat Nov 17 18:36:39 2018] [WL_MUST]     active=101
[Sat Nov 17 18:36:39 2018] [WL_MUST]     serverid=382
[Sat Nov 17 18:36:39 2018] [WL_MUST]     time=1542450999
[Sat Nov 17 18:36:39 2018] [WL_MUST]     account=luyu1123
[Sat Nov 17 18:36:39 2018] [WL_MUST]   }
[Sat Nov 17 18:36:39 2018] [WL_MUST] }
[Sat Nov 17 18:36:39 2018] [WL_MUST] 接收回复:
[Sat Nov 17 18:36:39 2018] [WL_MUST] ={
[Sat Nov 17 18:36:39 2018] [WL_MUST]   active=101
[Sat Nov 17 18:36:39 2018] [WL_MUST]   serverid=382
[Sat Nov 17 18:36:39 2018] [WL_MUST]   time=1542450999
[Sat Nov 17 18:36:39 2018] [WL_MUST]   account=luyu1123
[Sat Nov 17 18:36:39 2018] [WL_MUST] }
[Sat Nov 17 18:36:39 2018] [WL_MUST] =fail
[Sat Nov 17 18:41:27 2018] [WL_MUST] 发送事件:
[Sat Nov 17 18:41:27 2018] [WL_MUST] ={
[Sat Nov 17 18:41:27 2018] [WL_MUST]   page=/nycs_user_active
[Sat Nov 17 18:41:27 2018] [WL_MUST]   port=8008
[Sat Nov 17 18:41:27 2018] [WL_MUST]   domain=report.syyx.cn
[Sat Nov 17 18:41:27 2018] [WL_MUST]   param={
[Sat Nov 17 18:41:27 2018] [WL_MUST]     active=102
[Sat Nov 17 18:41:27 2018] [WL_MUST]     serverid=382
[Sat Nov 17 18:41:27 2018] [WL_MUST]     time=1542451287
[Sat Nov 17 18:41:27 2018] [WL_MUST]     account=ggww112
[Sat Nov 17 18:41:27 2018] [WL_MUST]   }
[Sat Nov 17 18:41:27 2018] [WL_MUST] }
[Sat Nov 17 18:41:27 2018] [WL_MUST] 接收回复:
[Sat Nov 17 18:41:27 2018] [WL_MUST] ={
[Sat Nov 17 18:41:27 2018] [WL_MUST]   active=102
[Sat Nov 17 18:41:27 2018] [WL_MUST]   serverid=382
[Sat Nov 17 18:41:27 2018] [WL_MUST]   time=1542451287
[Sat Nov 17 18:41:27 2018] [WL_MUST]   account=ggww112
[Sat Nov 17 18:41:27 2018] [WL_MUST] }
[Sat Nov 17 18:41:27 2018] [WL_MUST] =fail
[Sat Nov 17 18:45:07 2018] [WL_MUST] 发送事件:
[Sat Nov 17 18:45:07 2018] [WL_MUST] ={
[Sat Nov 17 18:45:07 2018] [WL_MUST]   page=/nycs_five_color
[Sat Nov 17 18:45:07 2018] [WL_MUST]   port=8008
[Sat Nov 17 18:45:07 2018] [WL_MUST]   domain=report.syyx.cn
[Sat Nov 17 18:45:07 2018] [WL_MUST]   param={
[Sat Nov 17 18:45:07 2018] [WL_MUST]     serverid=382
[Sat Nov 17 18:45:07 2018] [WL_MUST]     time=1542451507
[Sat Nov 17 18:45:07 2018] [WL_MUST]     account=yuefeihu90
[Sat Nov 17 18:45:07 2018] [WL_MUST]   }
[Sat Nov 17 18:45:07 2018] [WL_MUST] }
[Sat Nov 17 18:45:07 2018] [WL_MUST] 接收回复:
[Sat Nov 17 18:45:07 2018] [WL_MUST] ={
[Sat Nov 17 18:45:07 2018] [WL_MUST]   serverid=382
[Sat Nov 17 18:45:07 2018] [WL_MUST]   time=1542451507
[Sat Nov 17 18:45:07 2018] [WL_MUST]   account=yuefeihu90
[Sat Nov 17 18:45:07 2018] [WL_MUST] }
[Sat Nov 17 18:45:07 2018] [WL_MUST] =fail
[Sat Nov 17 19:13:01 2018] [WL_MUST] 发送事件:
[Sat Nov 17 19:13:01 2018] [WL_MUST] ={
[Sat Nov 17 19:13:01 2018] [WL_MUST]   page=/nycs_user_active
[Sat Nov 17 19:13:01 2018] [WL_MUST]   port=8008
[Sat Nov 17 19:13:01 2018] [WL_MUST]   domain=report.syyx.cn
[Sat Nov 17 19:13:01 2018] [WL_MUST]   param={
[Sat Nov 17 19:13:01 2018] [WL_MUST]     active=100
[Sat Nov 17 19:13:01 2018] [WL_MUST]     serverid=382
[Sat Nov 17 19:13:01 2018] [WL_MUST]     time=1542453181
[Sat Nov 17 19:13:01 2018] [WL_MUST]     account=meihuo_123
[Sat Nov 17 19:13:01 2018] [WL_MUST]   }
[Sat Nov 17 19:13:01 2018] [WL_MUST] }
[Sat Nov 17 19:13:01 2018] [WL_MUST] 接收回复:
[Sat Nov 17 19:13:01 2018] [WL_MUST] ={
[Sat Nov 17 19:13:01 2018] [WL_MUST]   active=100
[Sat Nov 17 19:13:01 2018] [WL_MUST]   serverid=382
[Sat Nov 17 19:13:01 2018] [WL_MUST]   time=1542453181
[Sat Nov 17 19:13:01 2018] [WL_MUST]   account=meihuo_123
[Sat Nov 17 19:13:01 2018] [WL_MUST] }
[Sat Nov 17 19:13:01 2018] [WL_MUST] =fail
[Sat Nov 17 19:33:01 2018] [WL_MUST] 发送事件:
[Sat Nov 17 19:33:01 2018] [WL_MUST] ={
[Sat Nov 17 19:33:01 2018] [WL_MUST]   page=/nycs_five_color
[Sat Nov 17 19:33:01 2018] [WL_MUST]   port=8008
[Sat Nov 17 19:33:01 2018] [WL_MUST]   domain=report.syyx.cn
[Sat Nov 17 19:33:01 2018] [WL_MUST]   param={
[Sat Nov 17 19:33:01 2018] [WL_MUST]     serverid=382
[Sat Nov 17 19:33:01 2018] [WL_MUST]     time=1542454381
[Sat Nov 17 19:33:01 2018] [WL_MUST]     account=weiwanzaixu123
[Sat Nov 17 19:33:01 2018] [WL_MUST]   }
[Sat Nov 17 19:33:01 2018] [WL_MUST] }
[Sat Nov 17 19:33:01 2018] [WL_MUST] 接收回复:
[Sat Nov 17 19:33:01 2018] [WL_MUST] ={
[Sat Nov 17 19:33:01 2018] [WL_MUST]   serverid=382
[Sat Nov 17 19:33:01 2018] [WL_MUST]   time=1542454381
[Sat Nov 17 19:33:01 2018] [WL_MUST]   account=weiwanzaixu123
[Sat Nov 17 19:33:01 2018] [WL_MUST] }
[Sat Nov 17 19:33:01 2018] [WL_MUST] =fail
[Sat Nov 17 19:36:11 2018] [WL_MUST] 发送事件:
[Sat Nov 17 19:36:11 2018] [WL_MUST] ={
[Sat Nov 17 19:36:11 2018] [WL_MUST]   page=/nycs_user_active
[Sat Nov 17 19:36:11 2018] [WL_MUST]   port=8008
[Sat Nov 17 19:36:11 2018] [WL_MUST]   domain=report.syyx.cn
[Sat Nov 17 19:36:11 2018] [WL_MUST]   param={
[Sat Nov 17 19:36:11 2018] [WL_MUST]     active=100
[Sat Nov 17 19:36:11 2018] [WL_MUST]     serverid=382
[Sat Nov 17 19:36:11 2018] [WL_MUST]     time=1542454571
[Sat Nov 17 19:36:11 2018] [WL_MUST]     account=yang729134071
[Sat Nov 17 19:36:11 2018] [WL_MUST]   }
[Sat Nov 17 19:36:11 2018] [WL_MUST] }
[Sat Nov 17 19:36:11 2018] [WL_MUST] 接收回复:
[Sat Nov 17 19:36:11 2018] [WL_MUST] ={
[Sat Nov 17 19:36:11 2018] [WL_MUST]   active=100
[Sat Nov 17 19:36:11 2018] [WL_MUST]   serverid=382
[Sat Nov 17 19:36:11 2018] [WL_MUST]   time=1542454571
[Sat Nov 17 19:36:11 2018] [WL_MUST]   account=yang729134071
[Sat Nov 17 19:36:11 2018] [WL_MUST] }
[Sat Nov 17 19:36:11 2018] [WL_MUST] =fail
[Sat Nov 17 19:36:58 2018] [WL_MUST] 发送事件:
[Sat Nov 17 19:36:58 2018] [WL_MUST] ={
[Sat Nov 17 19:36:58 2018] [WL_MUST]   page=/nycs_user_active
[Sat Nov 17 19:36:58 2018] [WL_MUST]   port=8008
[Sat Nov 17 19:36:58 2018] [WL_MUST]   domain=report.syyx.cn
[Sat Nov 17 19:36:58 2018] [WL_MUST]   param={
[Sat Nov 17 19:36:58 2018] [WL_MUST]     active=101
[Sat Nov 17 19:36:58 2018] [WL_MUST]     serverid=382
[Sat Nov 17 19:36:58 2018] [WL_MUST]     time=1542454618
[Sat Nov 17 19:36:58 2018] [WL_MUST]     account=lubingze20081021
[Sat Nov 17 19:36:58 2018] [WL_MUST]   }
[Sat Nov 17 19:36:58 2018] [WL_MUST] }
[Sat Nov 17 19:36:58 2018] [WL_MUST] 接收回复:
[Sat Nov 17 19:36:58 2018] [WL_MUST] ={
[Sat Nov 17 19:36:58 2018] [WL_MUST]   active=101
[Sat Nov 17 19:36:58 2018] [WL_MUST]   serverid=382
[Sat Nov 17 19:36:58 2018] [WL_MUST]   time=1542454618
[Sat Nov 17 19:36:58 2018] [WL_MUST]   account=lubingze20081021
[Sat Nov 17 19:36:58 2018] [WL_MUST] }
[Sat Nov 17 19:36:58 2018] [WL_MUST] =fail
[Sat Nov 17 19:36:59 2018] [WL_MUST] 发送事件:
[Sat Nov 17 19:36:59 2018] [WL_MUST] ={
[Sat Nov 17 19:36:59 2018] [WL_MUST]   page=/nycs_user_active
[Sat Nov 17 19:36:59 2018] [WL_MUST]   port=8008
[Sat Nov 17 19:36:59 2018] [WL_MUST]   domain=report.syyx.cn
[Sat Nov 17 19:36:59 2018] [WL_MUST]   param={
[Sat Nov 17 19:36:59 2018] [WL_MUST]     active=101
[Sat Nov 17 19:36:59 2018] [WL_MUST]     serverid=382
[Sat Nov 17 19:36:59 2018] [WL_MUST]     time=1542454619
[Sat Nov 17 19:36:59 2018] [WL_MUST]     account=pko517
[Sat Nov 17 19:36:59 2018] [WL_MUST]   }
[Sat Nov 17 19:36:59 2018] [WL_MUST] }
[Sat Nov 17 19:36:59 2018] [WL_MUST] 接收回复:
[Sat Nov 17 19:36:59 2018] [WL_MUST] ={
[Sat Nov 17 19:36:59 2018] [WL_MUST]   active=101
[Sat Nov 17 19:36:59 2018] [WL_MUST]   serverid=382
[Sat Nov 17 19:36:59 2018] [WL_MUST]   time=1542454619
[Sat Nov 17 19:36:59 2018] [WL_MUST]   account=pko517
[Sat Nov 17 19:36:59 2018] [WL_MUST] }
[Sat Nov 17 19:36:59 2018] [WL_MUST] =fail
[Sat Nov 17 19:53:04 2018] [WL_MUST] 发送事件:
[Sat Nov 17 19:53:04 2018] [WL_MUST] ={
[Sat Nov 17 19:53:04 2018] [WL_MUST]   page=/nycs_five_color
[Sat Nov 17 19:53:04 2018] [WL_MUST]   port=8008
[Sat Nov 17 19:53:04 2018] [WL_MUST]   domain=report.syyx.cn
[Sat Nov 17 19:53:04 2018] [WL_MUST]   param={
[Sat Nov 17 19:53:04 2018] [WL_MUST]     serverid=382
[Sat Nov 17 19:53:04 2018] [WL_MUST]     time=1542455584
[Sat Nov 17 19:53:04 2018] [WL_MUST]     account=yuefeihu199057
[Sat Nov 17 19:53:04 2018] [WL_MUST]   }
[Sat Nov 17 19:53:04 2018] [WL_MUST] }
[Sat Nov 17 19:53:04 2018] [WL_MUST] 接收回复:
[Sat Nov 17 19:53:04 2018] [WL_MUST] ={
[Sat Nov 17 19:53:04 2018] [WL_MUST]   serverid=382
[Sat Nov 17 19:53:04 2018] [WL_MUST]   time=1542455584
[Sat Nov 17 19:53:04 2018] [WL_MUST]   account=yuefeihu199057
[Sat Nov 17 19:53:04 2018] [WL_MUST] }
[Sat Nov 17 19:53:04 2018] [WL_MUST] =fail
[Sat Nov 17 20:33:01 2018] [WL_MUST] 发送事件:
[Sat Nov 17 20:33:01 2018] [WL_MUST] ={
[Sat Nov 17 20:33:01 2018] [WL_MUST]   page=/nycs_user_active
[Sat Nov 17 20:33:01 2018] [WL_MUST]   port=8008
[Sat Nov 17 20:33:01 2018] [WL_MUST]   domain=report.syyx.cn
[Sat Nov 17 20:33:01 2018] [WL_MUST]   param={
[Sat Nov 17 20:33:01 2018] [WL_MUST]     active=101
[Sat Nov 17 20:33:01 2018] [WL_MUST]     serverid=382
[Sat Nov 17 20:33:01 2018] [WL_MUST]     time=1542457981
[Sat Nov 17 20:33:01 2018] [WL_MUST]     account=nuoya15398919853
[Sat Nov 17 20:33:01 2018] [WL_MUST]   }
[Sat Nov 17 20:33:01 2018] [WL_MUST] }
[Sat Nov 17 20:33:01 2018] [WL_MUST] 接收回复:
[Sat Nov 17 20:33:01 2018] [WL_MUST] ={
[Sat Nov 17 20:33:01 2018] [WL_MUST]   active=101
[Sat Nov 17 20:33:01 2018] [WL_MUST]   serverid=382
[Sat Nov 17 20:33:01 2018] [WL_MUST]   time=1542457981
[Sat Nov 17 20:33:01 2018] [WL_MUST]   account=nuoya15398919853
[Sat Nov 17 20:33:01 2018] [WL_MUST] }
[Sat Nov 17 20:33:01 2018] [WL_MUST] =fail
[Sat Nov 17 20:34:16 2018] [WL_MUST] 发送事件:
[Sat Nov 17 20:34:16 2018] [WL_MUST] ={
[Sat Nov 17 20:34:16 2018] [WL_MUST]   page=/nycs_user_active
[Sat Nov 17 20:34:16 2018] [WL_MUST]   port=8008
[Sat Nov 17 20:34:16 2018] [WL_MUST]   domain=report.syyx.cn
[Sat Nov 17 20:34:16 2018] [WL_MUST]   param={
[Sat Nov 17 20:34:16 2018] [WL_MUST]     active=100
[Sat Nov 17 20:34:16 2018] [WL_MUST]     serverid=382
[Sat Nov 17 20:34:16 2018] [WL_MUST]     time=1542458056
[Sat Nov 17 20:34:16 2018] [WL_MUST]     account=kingmax110
[Sat Nov 17 20:34:16 2018] [WL_MUST]   }
[Sat Nov 17 20:34:16 2018] [WL_MUST] }
[Sat Nov 17 20:34:16 2018] [WL_MUST] 接收回复:
[Sat Nov 17 20:34:16 2018] [WL_MUST] ={
[Sat Nov 17 20:34:16 2018] [WL_MUST]   active=100
[Sat Nov 17 20:34:16 2018] [WL_MUST]   serverid=382
[Sat Nov 17 20:34:16 2018] [WL_MUST]   time=1542458056
[Sat Nov 17 20:34:16 2018] [WL_MUST]   account=kingmax110
[Sat Nov 17 20:34:16 2018] [WL_MUST] }
[Sat Nov 17 20:34:16 2018] [WL_MUST] =fail
[Sat Nov 17 20:39:19 2018] [WL_MUST] 发送事件:
[Sat Nov 17 20:39:19 2018] [WL_MUST] ={
[Sat Nov 17 20:39:19 2018] [WL_MUST]   page=/nycs_five_color
[Sat Nov 17 20:39:19 2018] [WL_MUST]   port=8008
[Sat Nov 17 20:39:19 2018] [WL_MUST]   domain=report.syyx.cn
[Sat Nov 17 20:39:19 2018] [WL_MUST]   param={
[Sat Nov 17 20:39:19 2018] [WL_MUST]     serverid=382
[Sat Nov 17 20:39:19 2018] [WL_MUST]     time=1542458359
[Sat Nov 17 20:39:19 2018] [WL_MUST]     account=111111hp
[Sat Nov 17 20:39:19 2018] [WL_MUST]   }
[Sat Nov 17 20:39:19 2018] [WL_MUST] }
[Sat Nov 17 20:39:19 2018] [WL_MUST] 接收回复:
[Sat Nov 17 20:39:19 2018] [WL_MUST] ={
[Sat Nov 17 20:39:19 2018] [WL_MUST]   serverid=382
[Sat Nov 17 20:39:19 2018] [WL_MUST]   time=1542458359
[Sat Nov 17 20:39:19 2018] [WL_MUST]   account=111111hp
[Sat Nov 17 20:39:19 2018] [WL_MUST] }
[Sat Nov 17 20:39:19 2018] [WL_MUST] =fail
[Sat Nov 17 20:39:25 2018] [WL_MUST] 发送事件:
[Sat Nov 17 20:39:25 2018] [WL_MUST] ={
[Sat Nov 17 20:39:25 2018] [WL_MUST]   page=/nycs_user_active
[Sat Nov 17 20:39:25 2018] [WL_MUST]   port=8008
[Sat Nov 17 20:39:25 2018] [WL_MUST]   domain=report.syyx.cn
[Sat Nov 17 20:39:25 2018] [WL_MUST]   param={
[Sat Nov 17 20:39:25 2018] [WL_MUST]     active=103
[Sat Nov 17 20:39:25 2018] [WL_MUST]     serverid=382
[Sat Nov 17 20:39:25 2018] [WL_MUST]     time=1542458365
[Sat Nov 17 20:39:25 2018] [WL_MUST]     account=305450
[Sat Nov 17 20:39:25 2018] [WL_MUST]   }
[Sat Nov 17 20:39:25 2018] [WL_MUST] }
[Sat Nov 17 20:39:25 2018] [WL_MUST] 接收回复:
[Sat Nov 17 20:39:25 2018] [WL_MUST] ={
[Sat Nov 17 20:39:25 2018] [WL_MUST]   active=103
[Sat Nov 17 20:39:25 2018] [WL_MUST]   serverid=382
[Sat Nov 17 20:39:25 2018] [WL_MUST]   time=1542458365
[Sat Nov 17 20:39:25 2018] [WL_MUST]   account=305450
[Sat Nov 17 20:39:25 2018] [WL_MUST] }
[Sat Nov 17 20:39:25 2018] [WL_MUST] =fail
[Sat Nov 17 20:40:08 2018] [WL_MUST] 发送事件:
[Sat Nov 17 20:40:08 2018] [WL_MUST] ={
[Sat Nov 17 20:40:08 2018] [WL_MUST]   page=/nycs_user_active
[Sat Nov 17 20:40:08 2018] [WL_MUST]   port=8008
[Sat Nov 17 20:40:08 2018] [WL_MUST]   domain=report.syyx.cn
[Sat Nov 17 20:40:08 2018] [WL_MUST]   param={
[Sat Nov 17 20:40:08 2018] [WL_MUST]     active=101
[Sat Nov 17 20:40:08 2018] [WL_MUST]     serverid=382
[Sat Nov 17 20:40:08 2018] [WL_MUST]     time=1542458408
[Sat Nov 17 20:40:08 2018] [WL_MUST]     account=a13791455888
[Sat Nov 17 20:40:08 2018] [WL_MUST]   }
[Sat Nov 17 20:40:08 2018] [WL_MUST] }
[Sat Nov 17 20:40:08 2018] [WL_MUST] 发送事件:
[Sat Nov 17 20:40:08 2018] [WL_MUST] ={
[Sat Nov 17 20:40:08 2018] [WL_MUST]   page=/nycs_user_active
[Sat Nov 17 20:40:08 2018] [WL_MUST]   port=8008
[Sat Nov 17 20:40:08 2018] [WL_MUST]   domain=report.syyx.cn
[Sat Nov 17 20:40:08 2018] [WL_MUST]   param={
[Sat Nov 17 20:40:08 2018] [WL_MUST]     active=102
[Sat Nov 17 20:40:08 2018] [WL_MUST]     serverid=382
[Sat Nov 17 20:40:08 2018] [WL_MUST]     time=1542458408
[Sat Nov 17 20:40:08 2018] [WL_MUST]     account=ldy2015197887
[Sat Nov 17 20:40:08 2018] [WL_MUST]   }
[Sat Nov 17 20:40:08 2018] [WL_MUST] }
[Sat Nov 17 20:40:08 2018] [WL_MUST] 接收回复:
[Sat Nov 17 20:40:08 2018] [WL_MUST] ={
[Sat Nov 17 20:40:08 2018] [WL_MUST]   active=102
[Sat Nov 17 20:40:08 2018] [WL_MUST]   serverid=382
[Sat Nov 17 20:40:08 2018] [WL_MUST]   time=1542458408
[Sat Nov 17 20:40:08 2018] [WL_MUST]   account=ldy2015197887
[Sat Nov 17 20:40:08 2018] [WL_MUST] }
[Sat Nov 17 20:40:08 2018] [WL_MUST] =fail
[Sat Nov 17 20:40:08 2018] [WL_MUST] 接收回复:
[Sat Nov 17 20:40:08 2018] [WL_MUST] ={
[Sat Nov 17 20:40:08 2018] [WL_MUST]   active=101
[Sat Nov 17 20:40:08 2018] [WL_MUST]   serverid=382
[Sat Nov 17 20:40:08 2018] [WL_MUST]   time=1542458408
[Sat Nov 17 20:40:08 2018] [WL_MUST]   account=a13791455888
[Sat Nov 17 20:40:08 2018] [WL_MUST] }
[Sat Nov 17 20:40:08 2018] [WL_MUST] =fail
[Sat Nov 17 20:48:05 2018] [WL_MUST] 发送事件:
[Sat Nov 17 20:48:05 2018] [WL_MUST] ={
[Sat Nov 17 20:48:05 2018] [WL_MUST]   page=/nycs_five_color
[Sat Nov 17 20:48:05 2018] [WL_MUST]   port=8008
[Sat Nov 17 20:48:05 2018] [WL_MUST]   domain=report.syyx.cn
[Sat Nov 17 20:48:05 2018] [WL_MUST]   param={
[Sat Nov 17 20:48:05 2018] [WL_MUST]     serverid=382
[Sat Nov 17 20:48:05 2018] [WL_MUST]     time=1542458885
[Sat Nov 17 20:48:05 2018] [WL_MUST]     account=laonongming
[Sat Nov 17 20:48:05 2018] [WL_MUST]   }
[Sat Nov 17 20:48:05 2018] [WL_MUST] }
[Sat Nov 17 20:48:05 2018] [WL_MUST] 接收回复:
[Sat Nov 17 20:48:05 2018] [WL_MUST] ={
[Sat Nov 17 20:48:05 2018] [WL_MUST]   serverid=382
[Sat Nov 17 20:48:05 2018] [WL_MUST]   time=1542458885
[Sat Nov 17 20:48:05 2018] [WL_MUST]   account=laonongming
[Sat Nov 17 20:48:05 2018] [WL_MUST] }
[Sat Nov 17 20:48:05 2018] [WL_MUST] =fail
[Sat Nov 17 22:32:18 2018] [WL_MUST] 发送事件:
[Sat Nov 17 22:32:18 2018] [WL_MUST] ={
[Sat Nov 17 22:32:18 2018] [WL_MUST]   page=/nycs_user_active
[Sat Nov 17 22:32:18 2018] [WL_MUST]   port=8008
[Sat Nov 17 22:32:18 2018] [WL_MUST]   domain=report.syyx.cn
[Sat Nov 17 22:32:18 2018] [WL_MUST]   param={
[Sat Nov 17 22:32:18 2018] [WL_MUST]     active=102
[Sat Nov 17 22:32:18 2018] [WL_MUST]     serverid=382
[Sat Nov 17 22:32:18 2018] [WL_MUST]     time=1542465138
[Sat Nov 17 22:32:18 2018] [WL_MUST]     account=75278387
[Sat Nov 17 22:32:18 2018] [WL_MUST]   }
[Sat Nov 17 22:32:18 2018] [WL_MUST] }
[Sat Nov 17 22:32:18 2018] [WL_MUST] 接收回复:
[Sat Nov 17 22:32:18 2018] [WL_MUST] ={
[Sat Nov 17 22:32:18 2018] [WL_MUST]   active=102
[Sat Nov 17 22:32:18 2018] [WL_MUST]   serverid=382
[Sat Nov 17 22:32:18 2018] [WL_MUST]   time=1542465138
[Sat Nov 17 22:32:18 2018] [WL_MUST]   account=75278387
[Sat Nov 17 22:32:18 2018] [WL_MUST] }
[Sat Nov 17 22:32:18 2018] [WL_MUST] =fail
[Sat Nov 17 23:34:59 2018] [WL_MUST] 发送事件:
[Sat Nov 17 23:34:59 2018] [WL_MUST] ={
[Sat Nov 17 23:34:59 2018] [WL_MUST]   page=/nycs_user_active
[Sat Nov 17 23:34:59 2018] [WL_MUST]   port=8008
[Sat Nov 17 23:34:59 2018] [WL_MUST]   domain=report.syyx.cn
[Sat Nov 17 23:34:59 2018] [WL_MUST]   param={
[Sat Nov 17 23:34:59 2018] [WL_MUST]     active=101
[Sat Nov 17 23:34:59 2018] [WL_MUST]     serverid=382
[Sat Nov 17 23:34:59 2018] [WL_MUST]     time=1542468899
[Sat Nov 17 23:34:59 2018] [WL_MUST]     account=lsk0528100
[Sat Nov 17 23:34:59 2018] [WL_MUST]   }
[Sat Nov 17 23:34:59 2018] [WL_MUST] }
[Sat Nov 17 23:34:59 2018] [WL_MUST] 接收回复:
[Sat Nov 17 23:34:59 2018] [WL_MUST] ={
[Sat Nov 17 23:34:59 2018] [WL_MUST]   active=101
[Sat Nov 17 23:34:59 2018] [WL_MUST]   serverid=382
[Sat Nov 17 23:34:59 2018] [WL_MUST]   time=1542468899
[Sat Nov 17 23:34:59 2018] [WL_MUST]   account=lsk0528100
[Sat Nov 17 23:34:59 2018] [WL_MUST] }
[Sat Nov 17 23:34:59 2018] [WL_MUST] =fail
