[Sat Nov 17 00:50:31 2018] [WL_MUST] 发送事件:
[Sat Nov 17 00:50:31 2018] [WL_MUST] ={
[Sat Nov 17 00:50:31 2018] [WL_MUST]   page=/nycs_five_color
[Sat Nov 17 00:50:31 2018] [WL_MUST]   port=8008
[Sat Nov 17 00:50:31 2018] [WL_MUST]   domain=report.syyx.cn
[Sat Nov 17 00:50:31 2018] [WL_MUST]   param={
[Sat Nov 17 00:50:31 2018] [WL_MUST]     serverid=381
[Sat Nov 17 00:50:31 2018] [WL_MUST]     time=1542387031
[Sat Nov 17 00:50:31 2018] [WL_MUST]     account=skey3000
[Sat Nov 17 00:50:31 2018] [WL_MUST]   }
[Sat Nov 17 00:50:31 2018] [WL_MUST] }
[Sat Nov 17 00:50:31 2018] [WL_MUST] 接收回复:
[Sat Nov 17 00:50:31 2018] [WL_MUST] ={
[Sat Nov 17 00:50:31 2018] [WL_MUST]   serverid=381
[Sat Nov 17 00:50:31 2018] [WL_MUST]   time=1542387031
[Sat Nov 17 00:50:31 2018] [WL_MUST]   account=skey3000
[Sat Nov 17 00:50:31 2018] [WL_MUST] }
[Sat Nov 17 00:50:31 2018] [WL_MUST] =fail
[Sat Nov 17 00:54:47 2018] [WL_MUST] 发送事件:
[Sat Nov 17 00:54:47 2018] [WL_MUST] ={
[Sat Nov 17 00:54:47 2018] [WL_MUST]   page=/nycs_five_color
[Sat Nov 17 00:54:47 2018] [WL_MUST]   port=8008
[Sat Nov 17 00:54:47 2018] [WL_MUST]   domain=report.syyx.cn
[Sat Nov 17 00:54:47 2018] [WL_MUST]   param={
[Sat Nov 17 00:54:47 2018] [WL_MUST]     serverid=381
[Sat Nov 17 00:54:47 2018] [WL_MUST]     time=1542387287
[Sat Nov 17 00:54:47 2018] [WL_MUST]     account=ai15273384435
[Sat Nov 17 00:54:47 2018] [WL_MUST]   }
[Sat Nov 17 00:54:47 2018] [WL_MUST] }
[Sat Nov 17 00:54:47 2018] [WL_MUST] 接收回复:
[Sat Nov 17 00:54:47 2018] [WL_MUST] ={
[Sat Nov 17 00:54:47 2018] [WL_MUST]   serverid=381
[Sat Nov 17 00:54:47 2018] [WL_MUST]   time=1542387287
[Sat Nov 17 00:54:47 2018] [WL_MUST]   account=ai15273384435
[Sat Nov 17 00:54:47 2018] [WL_MUST] }
[Sat Nov 17 00:54:47 2018] [WL_MUST] =fail
[Sat Nov 17 00:55:05 2018] [WL_MUST] 发送事件:
[Sat Nov 17 00:55:05 2018] [WL_MUST] ={
[Sat Nov 17 00:55:05 2018] [WL_MUST]   page=/nycs_five_color
[Sat Nov 17 00:55:05 2018] [WL_MUST]   port=8008
[Sat Nov 17 00:55:05 2018] [WL_MUST]   domain=report.syyx.cn
[Sat Nov 17 00:55:05 2018] [WL_MUST]   param={
[Sat Nov 17 00:55:05 2018] [WL_MUST]     serverid=381
[Sat Nov 17 00:55:05 2018] [WL_MUST]     time=1542387305
[Sat Nov 17 00:55:05 2018] [WL_MUST]     account=lijiamengah1
[Sat Nov 17 00:55:05 2018] [WL_MUST]   }
[Sat Nov 17 00:55:05 2018] [WL_MUST] }
[Sat Nov 17 00:55:05 2018] [WL_MUST] 接收回复:
[Sat Nov 17 00:55:05 2018] [WL_MUST] ={
[Sat Nov 17 00:55:05 2018] [WL_MUST]   serverid=381
[Sat Nov 17 00:55:05 2018] [WL_MUST]   time=1542387305
[Sat Nov 17 00:55:05 2018] [WL_MUST]   account=lijiamengah1
[Sat Nov 17 00:55:05 2018] [WL_MUST] }
[Sat Nov 17 00:55:05 2018] [WL_MUST] =fail
[Sat Nov 17 00:55:13 2018] [WL_MUST] 发送事件:
[Sat Nov 17 00:55:13 2018] [WL_MUST] ={
[Sat Nov 17 00:55:13 2018] [WL_MUST]   page=/nycs_five_color
[Sat Nov 17 00:55:13 2018] [WL_MUST]   port=8008
[Sat Nov 17 00:55:13 2018] [WL_MUST]   domain=report.syyx.cn
[Sat Nov 17 00:55:13 2018] [WL_MUST]   param={
[Sat Nov 17 00:55:13 2018] [WL_MUST]     serverid=381
[Sat Nov 17 00:55:13 2018] [WL_MUST]     time=1542387313
[Sat Nov 17 00:55:13 2018] [WL_MUST]     account=frh1887415
[Sat Nov 17 00:55:13 2018] [WL_MUST]   }
[Sat Nov 17 00:55:13 2018] [WL_MUST] }
[Sat Nov 17 00:55:13 2018] [WL_MUST] 接收回复:
[Sat Nov 17 00:55:13 2018] [WL_MUST] ={
[Sat Nov 17 00:55:13 2018] [WL_MUST]   serverid=381
[Sat Nov 17 00:55:13 2018] [WL_MUST]   time=1542387313
[Sat Nov 17 00:55:13 2018] [WL_MUST]   account=frh1887415
[Sat Nov 17 00:55:13 2018] [WL_MUST] }
[Sat Nov 17 00:55:13 2018] [WL_MUST] =fail
[Sat Nov 17 11:26:21 2018] [WL_MUST] 发送事件:
[Sat Nov 17 11:26:21 2018] [WL_MUST] ={
[Sat Nov 17 11:26:21 2018] [WL_MUST]   page=/nycs_five_color
[Sat Nov 17 11:26:21 2018] [WL_MUST]   port=8008
[Sat Nov 17 11:26:21 2018] [WL_MUST]   domain=report.syyx.cn
[Sat Nov 17 11:26:21 2018] [WL_MUST]   param={
[Sat Nov 17 11:26:21 2018] [WL_MUST]     serverid=381
[Sat Nov 17 11:26:21 2018] [WL_MUST]     time=1542425181
[Sat Nov 17 11:26:21 2018] [WL_MUST]     account=Wxd0830
[Sat Nov 17 11:26:21 2018] [WL_MUST]   }
[Sat Nov 17 11:26:21 2018] [WL_MUST] }
[Sat Nov 17 11:26:21 2018] [WL_MUST] 接收回复:
[Sat Nov 17 11:26:21 2018] [WL_MUST] ={
[Sat Nov 17 11:26:21 2018] [WL_MUST]   serverid=381
[Sat Nov 17 11:26:21 2018] [WL_MUST]   time=1542425181
[Sat Nov 17 11:26:21 2018] [WL_MUST]   account=Wxd0830
[Sat Nov 17 11:26:21 2018] [WL_MUST] }
[Sat Nov 17 11:26:21 2018] [WL_MUST] =fail
[Sat Nov 17 18:54:09 2018] [WL_MUST] 发送事件:
[Sat Nov 17 18:54:09 2018] [WL_MUST] ={
[Sat Nov 17 18:54:09 2018] [WL_MUST]   page=/nycs_user_active
[Sat Nov 17 18:54:09 2018] [WL_MUST]   port=8008
[Sat Nov 17 18:54:09 2018] [WL_MUST]   domain=report.syyx.cn
[Sat Nov 17 18:54:09 2018] [WL_MUST]   param={
[Sat Nov 17 18:54:09 2018] [WL_MUST]     active=101
[Sat Nov 17 18:54:09 2018] [WL_MUST]     serverid=381
[Sat Nov 17 18:54:09 2018] [WL_MUST]     time=1542452049
[Sat Nov 17 18:54:09 2018] [WL_MUST]     account=2950201196
[Sat Nov 17 18:54:09 2018] [WL_MUST]   }
[Sat Nov 17 18:54:09 2018] [WL_MUST] }
[Sat Nov 17 18:54:09 2018] [WL_MUST] 接收回复:
[Sat Nov 17 18:54:09 2018] [WL_MUST] ={
[Sat Nov 17 18:54:09 2018] [WL_MUST]   active=101
[Sat Nov 17 18:54:09 2018] [WL_MUST]   serverid=381
[Sat Nov 17 18:54:09 2018] [WL_MUST]   time=1542452049
[Sat Nov 17 18:54:09 2018] [WL_MUST]   account=2950201196
[Sat Nov 17 18:54:09 2018] [WL_MUST] }
[Sat Nov 17 18:54:09 2018] [WL_MUST] =fail
