[Sat Nov 17 01:13:48 2018] [WL_MUST] 发送事件:
[Sat Nov 17 01:13:48 2018] [WL_MUST] ={
[Sat Nov 17 01:13:48 2018] [WL_MUST]   page=/nycs_five_color
[Sat Nov 17 01:13:48 2018] [WL_MUST]   port=8008
[Sat Nov 17 01:13:48 2018] [WL_MUST]   domain=report.syyx.cn
[Sat Nov 17 01:13:48 2018] [WL_MUST]   param={
[Sat Nov 17 01:13:48 2018] [WL_MUST]     serverid=381
[Sat Nov 17 01:13:48 2018] [WL_MUST]     time=1542388428
[Sat Nov 17 01:13:48 2018] [WL_MUST]     account=a474087297c
[Sat Nov 17 01:13:48 2018] [WL_MUST]   }
[Sat Nov 17 01:13:48 2018] [WL_MUST] }
[Sat Nov 17 01:13:48 2018] [WL_MUST] 接收回复:
[Sat Nov 17 01:13:48 2018] [WL_MUST] ={
[Sat Nov 17 01:13:48 2018] [WL_MUST]   serverid=381
[Sat Nov 17 01:13:48 2018] [WL_MUST]   time=1542388428
[Sat Nov 17 01:13:48 2018] [WL_MUST]   account=a474087297c
[Sat Nov 17 01:13:48 2018] [WL_MUST] }
[Sat Nov 17 01:13:48 2018] [WL_MUST] =fail
[Sat Nov 17 02:59:33 2018] [WL_MUST] 发送事件:
[Sat Nov 17 02:59:33 2018] [WL_MUST] ={
[Sat Nov 17 02:59:33 2018] [WL_MUST]   page=/nycs_five_color
[Sat Nov 17 02:59:33 2018] [WL_MUST]   port=8008
[Sat Nov 17 02:59:33 2018] [WL_MUST]   domain=report.syyx.cn
[Sat Nov 17 02:59:33 2018] [WL_MUST]   param={
[Sat Nov 17 02:59:33 2018] [WL_MUST]     serverid=381
[Sat Nov 17 02:59:33 2018] [WL_MUST]     time=1542394773
[Sat Nov 17 02:59:33 2018] [WL_MUST]     account=360wangzhong
[Sat Nov 17 02:59:33 2018] [WL_MUST]   }
[Sat Nov 17 02:59:33 2018] [WL_MUST] }
[Sat Nov 17 02:59:33 2018] [WL_MUST] 接收回复:
[Sat Nov 17 02:59:33 2018] [WL_MUST] ={
[Sat Nov 17 02:59:33 2018] [WL_MUST]   serverid=381
[Sat Nov 17 02:59:33 2018] [WL_MUST]   time=1542394773
[Sat Nov 17 02:59:33 2018] [WL_MUST]   account=360wangzhong
[Sat Nov 17 02:59:33 2018] [WL_MUST] }
[Sat Nov 17 02:59:33 2018] [WL_MUST] =fail
[Sat Nov 17 11:01:09 2018] [WL_MUST] 发送事件:
[Sat Nov 17 11:01:09 2018] [WL_MUST] ={
[Sat Nov 17 11:01:09 2018] [WL_MUST]   page=/nycs_five_color
[Sat Nov 17 11:01:09 2018] [WL_MUST]   port=8008
[Sat Nov 17 11:01:09 2018] [WL_MUST]   domain=report.syyx.cn
[Sat Nov 17 11:01:09 2018] [WL_MUST]   param={
[Sat Nov 17 11:01:09 2018] [WL_MUST]     serverid=381
[Sat Nov 17 11:01:09 2018] [WL_MUST]     time=1542423669
[Sat Nov 17 11:01:09 2018] [WL_MUST]     account=759912496
[Sat Nov 17 11:01:09 2018] [WL_MUST]   }
[Sat Nov 17 11:01:09 2018] [WL_MUST] }
[Sat Nov 17 11:01:09 2018] [WL_MUST] 接收回复:
[Sat Nov 17 11:01:09 2018] [WL_MUST] ={
[Sat Nov 17 11:01:09 2018] [WL_MUST]   serverid=381
[Sat Nov 17 11:01:09 2018] [WL_MUST]   time=1542423669
[Sat Nov 17 11:01:09 2018] [WL_MUST]   account=759912496
[Sat Nov 17 11:01:09 2018] [WL_MUST] }
[Sat Nov 17 11:01:09 2018] [WL_MUST] =fail
