[Sun Nov 18 00:00:29 2018] [WL_MUST] 发送事件:
[Sun Nov 18 00:00:29 2018] [WL_MUST] ={
[Sun Nov 18 00:00:29 2018] [WL_MUST]   page=/nycs_five_color
[Sun Nov 18 00:00:29 2018] [WL_MUST]   port=8008
[Sun Nov 18 00:00:29 2018] [WL_MUST]   domain=report.syyx.cn
[Sun Nov 18 00:00:29 2018] [WL_MUST]   param={
[Sun Nov 18 00:00:29 2018] [WL_MUST]     serverid=381
[Sun Nov 18 00:00:29 2018] [WL_MUST]     time=1542470429
[Sun Nov 18 00:00:29 2018] [WL_MUST]     account=by1220
[Sun Nov 18 00:00:29 2018] [WL_MUST]   }
[Sun Nov 18 00:00:29 2018] [WL_MUST] }
[Sun Nov 18 00:00:29 2018] [WL_MUST] 接收回复:
[Sun Nov 18 00:00:29 2018] [WL_MUST] ={
[Sun Nov 18 00:00:29 2018] [WL_MUST]   serverid=381
[Sun Nov 18 00:00:29 2018] [WL_MUST]   time=1542470429
[Sun Nov 18 00:00:29 2018] [WL_MUST]   account=by1220
[Sun Nov 18 00:00:29 2018] [WL_MUST] }
[Sun Nov 18 00:00:29 2018] [WL_MUST] =fail
[Sun Nov 18 00:18:56 2018] [WL_MUST] 发送事件:
[Sun Nov 18 00:18:56 2018] [WL_MUST] ={
[Sun Nov 18 00:18:56 2018] [WL_MUST]   page=/nycs_five_color
[Sun Nov 18 00:18:56 2018] [WL_MUST]   port=8008
[Sun Nov 18 00:18:56 2018] [WL_MUST]   domain=report.syyx.cn
[Sun Nov 18 00:18:56 2018] [WL_MUST]   param={
[Sun Nov 18 00:18:56 2018] [WL_MUST]     serverid=381
[Sun Nov 18 00:18:56 2018] [WL_MUST]     time=1542471536
[Sun Nov 18 00:18:56 2018] [WL_MUST]     account=qinxxx5
[Sun Nov 18 00:18:56 2018] [WL_MUST]   }
[Sun Nov 18 00:18:56 2018] [WL_MUST] }
[Sun Nov 18 00:18:56 2018] [WL_MUST] 接收回复:
[Sun Nov 18 00:18:56 2018] [WL_MUST] ={
[Sun Nov 18 00:18:56 2018] [WL_MUST]   serverid=381
[Sun Nov 18 00:18:56 2018] [WL_MUST]   time=1542471536
[Sun Nov 18 00:18:56 2018] [WL_MUST]   account=qinxxx5
[Sun Nov 18 00:18:56 2018] [WL_MUST] }
[Sun Nov 18 00:18:56 2018] [WL_MUST] =fail
[Sun Nov 18 01:04:05 2018] [WL_MUST] 发送事件:
[Sun Nov 18 01:04:05 2018] [WL_MUST] ={
[Sun Nov 18 01:04:05 2018] [WL_MUST]   page=/nycs_five_color
[Sun Nov 18 01:04:05 2018] [WL_MUST]   port=8008
[Sun Nov 18 01:04:05 2018] [WL_MUST]   domain=report.syyx.cn
[Sun Nov 18 01:04:05 2018] [WL_MUST]   param={
[Sun Nov 18 01:04:05 2018] [WL_MUST]     serverid=381
[Sun Nov 18 01:04:05 2018] [WL_MUST]     time=1542474245
[Sun Nov 18 01:04:05 2018] [WL_MUST]     account=bn0691
[Sun Nov 18 01:04:05 2018] [WL_MUST]   }
[Sun Nov 18 01:04:05 2018] [WL_MUST] }
[Sun Nov 18 01:04:05 2018] [WL_MUST] 接收回复:
[Sun Nov 18 01:04:05 2018] [WL_MUST] ={
[Sun Nov 18 01:04:05 2018] [WL_MUST]   serverid=381
[Sun Nov 18 01:04:05 2018] [WL_MUST]   time=1542474245
[Sun Nov 18 01:04:05 2018] [WL_MUST]   account=bn0691
[Sun Nov 18 01:04:05 2018] [WL_MUST] }
[Sun Nov 18 01:04:05 2018] [WL_MUST] =fail
[Sun Nov 18 12:29:29 2018] [WL_MUST] 发送事件:
[Sun Nov 18 12:29:29 2018] [WL_MUST] ={
[Sun Nov 18 12:29:29 2018] [WL_MUST]   page=/nycs_five_color
[Sun Nov 18 12:29:29 2018] [WL_MUST]   port=8008
[Sun Nov 18 12:29:29 2018] [WL_MUST]   domain=report.syyx.cn
[Sun Nov 18 12:29:29 2018] [WL_MUST]   param={
[Sun Nov 18 12:29:29 2018] [WL_MUST]     serverid=381
[Sun Nov 18 12:29:29 2018] [WL_MUST]     time=1542515369
[Sun Nov 18 12:29:29 2018] [WL_MUST]     account=woshiniday133
[Sun Nov 18 12:29:29 2018] [WL_MUST]   }
[Sun Nov 18 12:29:29 2018] [WL_MUST] }
[Sun Nov 18 12:29:29 2018] [WL_MUST] 接收回复:
[Sun Nov 18 12:29:29 2018] [WL_MUST] ={
[Sun Nov 18 12:29:29 2018] [WL_MUST]   serverid=381
[Sun Nov 18 12:29:29 2018] [WL_MUST]   time=1542515369
[Sun Nov 18 12:29:29 2018] [WL_MUST]   account=woshiniday133
[Sun Nov 18 12:29:29 2018] [WL_MUST] }
[Sun Nov 18 12:29:29 2018] [WL_MUST] =fail
[Sun Nov 18 13:03:08 2018] [WL_MUST] 发送事件:
[Sun Nov 18 13:03:08 2018] [WL_MUST] ={
[Sun Nov 18 13:03:08 2018] [WL_MUST]   page=/nycs_five_color
[Sun Nov 18 13:03:08 2018] [WL_MUST]   port=8008
[Sun Nov 18 13:03:08 2018] [WL_MUST]   domain=report.syyx.cn
[Sun Nov 18 13:03:08 2018] [WL_MUST]   param={
[Sun Nov 18 13:03:08 2018] [WL_MUST]     serverid=381
[Sun Nov 18 13:03:08 2018] [WL_MUST]     time=1542517388
[Sun Nov 18 13:03:08 2018] [WL_MUST]     account=qinooo5
[Sun Nov 18 13:03:08 2018] [WL_MUST]   }
[Sun Nov 18 13:03:08 2018] [WL_MUST] }
[Sun Nov 18 13:03:08 2018] [WL_MUST] 接收回复:
[Sun Nov 18 13:03:08 2018] [WL_MUST] ={
[Sun Nov 18 13:03:08 2018] [WL_MUST]   serverid=381
[Sun Nov 18 13:03:08 2018] [WL_MUST]   time=1542517388
[Sun Nov 18 13:03:08 2018] [WL_MUST]   account=qinooo5
[Sun Nov 18 13:03:08 2018] [WL_MUST] }
[Sun Nov 18 13:03:08 2018] [WL_MUST] =fail
[Sun Nov 18 18:55:52 2018] [WL_MUST] 发送事件:
[Sun Nov 18 18:55:52 2018] [WL_MUST] ={
[Sun Nov 18 18:55:52 2018] [WL_MUST]   page=/nycs_user_active
[Sun Nov 18 18:55:52 2018] [WL_MUST]   port=8008
[Sun Nov 18 18:55:52 2018] [WL_MUST]   domain=report.syyx.cn
[Sun Nov 18 18:55:52 2018] [WL_MUST]   param={
[Sun Nov 18 18:55:52 2018] [WL_MUST]     active=104
[Sun Nov 18 18:55:52 2018] [WL_MUST]     serverid=381
[Sun Nov 18 18:55:52 2018] [WL_MUST]     time=1542538552
[Sun Nov 18 18:55:52 2018] [WL_MUST]     account=qinxxx4
[Sun Nov 18 18:55:52 2018] [WL_MUST]   }
[Sun Nov 18 18:55:52 2018] [WL_MUST] }
[Sun Nov 18 18:55:52 2018] [WL_MUST] 发送事件:
[Sun Nov 18 18:55:52 2018] [WL_MUST] ={
[Sun Nov 18 18:55:52 2018] [WL_MUST]   page=/nycs_five_color
[Sun Nov 18 18:55:52 2018] [WL_MUST]   port=8008
[Sun Nov 18 18:55:52 2018] [WL_MUST]   domain=report.syyx.cn
[Sun Nov 18 18:55:52 2018] [WL_MUST]   param={
[Sun Nov 18 18:55:52 2018] [WL_MUST]     serverid=381
[Sun Nov 18 18:55:52 2018] [WL_MUST]     time=1542538552
[Sun Nov 18 18:55:52 2018] [WL_MUST]     account=qinxxx4
[Sun Nov 18 18:55:52 2018] [WL_MUST]   }
[Sun Nov 18 18:55:52 2018] [WL_MUST] }
[Sun Nov 18 18:55:52 2018] [WL_MUST] 接收回复:
[Sun Nov 18 18:55:52 2018] [WL_MUST] ={
[Sun Nov 18 18:55:52 2018] [WL_MUST]   active=104
[Sun Nov 18 18:55:52 2018] [WL_MUST]   serverid=381
[Sun Nov 18 18:55:52 2018] [WL_MUST]   time=1542538552
[Sun Nov 18 18:55:52 2018] [WL_MUST]   account=qinxxx4
[Sun Nov 18 18:55:52 2018] [WL_MUST] }
[Sun Nov 18 18:55:52 2018] [WL_MUST] =fail
[Sun Nov 18 18:55:52 2018] [WL_MUST] 接收回复:
[Sun Nov 18 18:55:52 2018] [WL_MUST] ={
[Sun Nov 18 18:55:52 2018] [WL_MUST]   serverid=381
[Sun Nov 18 18:55:52 2018] [WL_MUST]   time=1542538552
[Sun Nov 18 18:55:52 2018] [WL_MUST]   account=qinxxx4
[Sun Nov 18 18:55:52 2018] [WL_MUST] }
[Sun Nov 18 18:55:52 2018] [WL_MUST] =fail
[Sun Nov 18 19:19:17 2018] [WL_MUST] 发送事件:
[Sun Nov 18 19:19:17 2018] [WL_MUST] ={
[Sun Nov 18 19:19:17 2018] [WL_MUST]   page=/nycs_user_active
[Sun Nov 18 19:19:17 2018] [WL_MUST]   port=8008
[Sun Nov 18 19:19:17 2018] [WL_MUST]   domain=report.syyx.cn
[Sun Nov 18 19:19:17 2018] [WL_MUST]   param={
[Sun Nov 18 19:19:17 2018] [WL_MUST]     active=100
[Sun Nov 18 19:19:17 2018] [WL_MUST]     serverid=381
[Sun Nov 18 19:19:17 2018] [WL_MUST]     time=1542539957
[Sun Nov 18 19:19:17 2018] [WL_MUST]     account=baiyunfei0912
[Sun Nov 18 19:19:17 2018] [WL_MUST]   }
[Sun Nov 18 19:19:17 2018] [WL_MUST] }
[Sun Nov 18 19:19:18 2018] [WL_MUST] 接收回复:
[Sun Nov 18 19:19:18 2018] [WL_MUST] ={
[Sun Nov 18 19:19:18 2018] [WL_MUST]   active=100
[Sun Nov 18 19:19:18 2018] [WL_MUST]   serverid=381
[Sun Nov 18 19:19:18 2018] [WL_MUST]   time=1542539957
[Sun Nov 18 19:19:18 2018] [WL_MUST]   account=baiyunfei0912
[Sun Nov 18 19:19:18 2018] [WL_MUST] }
[Sun Nov 18 19:19:18 2018] [WL_MUST] =fail
[Sun Nov 18 22:02:28 2018] [WL_MUST] 发送事件:
[Sun Nov 18 22:02:28 2018] [WL_MUST] ={
[Sun Nov 18 22:02:28 2018] [WL_MUST]   page=/nycs_five_color
[Sun Nov 18 22:02:28 2018] [WL_MUST]   port=8008
[Sun Nov 18 22:02:28 2018] [WL_MUST]   domain=report.syyx.cn
[Sun Nov 18 22:02:28 2018] [WL_MUST]   param={
[Sun Nov 18 22:02:28 2018] [WL_MUST]     serverid=381
[Sun Nov 18 22:02:28 2018] [WL_MUST]     time=1542549748
[Sun Nov 18 22:02:28 2018] [WL_MUST]     account=w111111110
[Sun Nov 18 22:02:28 2018] [WL_MUST]   }
[Sun Nov 18 22:02:28 2018] [WL_MUST] }
[Sun Nov 18 22:02:28 2018] [WL_MUST] 接收回复:
[Sun Nov 18 22:02:28 2018] [WL_MUST] ={
[Sun Nov 18 22:02:28 2018] [WL_MUST]   serverid=381
[Sun Nov 18 22:02:28 2018] [WL_MUST]   time=1542549748
[Sun Nov 18 22:02:28 2018] [WL_MUST]   account=w111111110
[Sun Nov 18 22:02:28 2018] [WL_MUST] }
[Sun Nov 18 22:02:28 2018] [WL_MUST] =fail
