[Sun Nov 18 00:23:17 2018] [WL_MUST] 发送事件:
[Sun Nov 18 00:23:17 2018] [WL_MUST] ={
[Sun Nov 18 00:23:17 2018] [WL_MUST]   page=/nycs_five_color
[Sun Nov 18 00:23:17 2018] [WL_MUST]   port=8008
[Sun Nov 18 00:23:17 2018] [WL_MUST]   domain=report.syyx.cn
[Sun Nov 18 00:23:17 2018] [WL_MUST]   param={
[Sun Nov 18 00:23:17 2018] [WL_MUST]     serverid=382
[Sun Nov 18 00:23:17 2018] [WL_MUST]     time=1542471797
[Sun Nov 18 00:23:17 2018] [WL_MUST]     account=js130425
[Sun Nov 18 00:23:17 2018] [WL_MUST]   }
[Sun Nov 18 00:23:17 2018] [WL_MUST] }
[Sun Nov 18 00:23:17 2018] [WL_MUST] 接收回复:
[Sun Nov 18 00:23:17 2018] [WL_MUST] ={
[Sun Nov 18 00:23:17 2018] [WL_MUST]   serverid=382
[Sun Nov 18 00:23:17 2018] [WL_MUST]   time=1542471797
[Sun Nov 18 00:23:17 2018] [WL_MUST]   account=js130425
[Sun Nov 18 00:23:17 2018] [WL_MUST] }
[Sun Nov 18 00:23:17 2018] [WL_MUST] =fail
[Sun Nov 18 00:44:30 2018] [WL_MUST] 发送事件:
[Sun Nov 18 00:44:30 2018] [WL_MUST] ={
[Sun Nov 18 00:44:30 2018] [WL_MUST]   page=/nycs_five_color
[Sun Nov 18 00:44:30 2018] [WL_MUST]   port=8008
[Sun Nov 18 00:44:30 2018] [WL_MUST]   domain=report.syyx.cn
[Sun Nov 18 00:44:30 2018] [WL_MUST]   param={
[Sun Nov 18 00:44:30 2018] [WL_MUST]     serverid=382
[Sun Nov 18 00:44:30 2018] [WL_MUST]     time=1542473070
[Sun Nov 18 00:44:30 2018] [WL_MUST]     account=13647210022
[Sun Nov 18 00:44:30 2018] [WL_MUST]   }
[Sun Nov 18 00:44:30 2018] [WL_MUST] }
[Sun Nov 18 00:44:30 2018] [WL_MUST] 接收回复:
[Sun Nov 18 00:44:30 2018] [WL_MUST] ={
[Sun Nov 18 00:44:30 2018] [WL_MUST]   serverid=382
[Sun Nov 18 00:44:30 2018] [WL_MUST]   time=1542473070
[Sun Nov 18 00:44:30 2018] [WL_MUST]   account=13647210022
[Sun Nov 18 00:44:30 2018] [WL_MUST] }
[Sun Nov 18 00:44:30 2018] [WL_MUST] =fail
[Sun Nov 18 01:54:53 2018] [WL_MUST] 发送事件:
[Sun Nov 18 01:54:53 2018] [WL_MUST] ={
[Sun Nov 18 01:54:53 2018] [WL_MUST]   page=/nycs_user_active
[Sun Nov 18 01:54:53 2018] [WL_MUST]   port=8008
[Sun Nov 18 01:54:53 2018] [WL_MUST]   domain=report.syyx.cn
[Sun Nov 18 01:54:53 2018] [WL_MUST]   param={
[Sun Nov 18 01:54:53 2018] [WL_MUST]     active=100
[Sun Nov 18 01:54:53 2018] [WL_MUST]     serverid=382
[Sun Nov 18 01:54:53 2018] [WL_MUST]     time=1542477293
[Sun Nov 18 01:54:53 2018] [WL_MUST]     account=woshiluyanni
[Sun Nov 18 01:54:53 2018] [WL_MUST]   }
[Sun Nov 18 01:54:53 2018] [WL_MUST] }
[Sun Nov 18 01:54:53 2018] [WL_MUST] 接收回复:
[Sun Nov 18 01:54:53 2018] [WL_MUST] ={
[Sun Nov 18 01:54:53 2018] [WL_MUST]   active=100
[Sun Nov 18 01:54:53 2018] [WL_MUST]   serverid=382
[Sun Nov 18 01:54:53 2018] [WL_MUST]   time=1542477293
[Sun Nov 18 01:54:53 2018] [WL_MUST]   account=woshiluyanni
[Sun Nov 18 01:54:53 2018] [WL_MUST] }
[Sun Nov 18 01:54:53 2018] [WL_MUST] =fail
[Sun Nov 18 10:00:45 2018] [WL_MUST] 发送事件:
[Sun Nov 18 10:00:45 2018] [WL_MUST] ={
[Sun Nov 18 10:00:45 2018] [WL_MUST]   page=/nycs_user_active
[Sun Nov 18 10:00:45 2018] [WL_MUST]   port=8008
[Sun Nov 18 10:00:45 2018] [WL_MUST]   domain=report.syyx.cn
[Sun Nov 18 10:00:45 2018] [WL_MUST]   param={
[Sun Nov 18 10:00:45 2018] [WL_MUST]     active=104
[Sun Nov 18 10:00:45 2018] [WL_MUST]     serverid=382
[Sun Nov 18 10:00:45 2018] [WL_MUST]     time=1542506445
[Sun Nov 18 10:00:45 2018] [WL_MUST]     account=qq553714788
[Sun Nov 18 10:00:45 2018] [WL_MUST]   }
[Sun Nov 18 10:00:45 2018] [WL_MUST] }
[Sun Nov 18 10:00:45 2018] [WL_MUST] 接收回复:
[Sun Nov 18 10:00:45 2018] [WL_MUST] ={
[Sun Nov 18 10:00:45 2018] [WL_MUST]   active=104
[Sun Nov 18 10:00:45 2018] [WL_MUST]   serverid=382
[Sun Nov 18 10:00:45 2018] [WL_MUST]   time=1542506445
[Sun Nov 18 10:00:45 2018] [WL_MUST]   account=qq553714788
[Sun Nov 18 10:00:45 2018] [WL_MUST] }
[Sun Nov 18 10:00:45 2018] [WL_MUST] =fail
[Sun Nov 18 10:03:05 2018] [WL_MUST] 发送事件:
[Sun Nov 18 10:03:05 2018] [WL_MUST] ={
[Sun Nov 18 10:03:05 2018] [WL_MUST]   page=/nycs_user_active
[Sun Nov 18 10:03:05 2018] [WL_MUST]   port=8008
[Sun Nov 18 10:03:05 2018] [WL_MUST]   domain=report.syyx.cn
[Sun Nov 18 10:03:05 2018] [WL_MUST]   param={
[Sun Nov 18 10:03:05 2018] [WL_MUST]     active=101
[Sun Nov 18 10:03:05 2018] [WL_MUST]     serverid=382
[Sun Nov 18 10:03:05 2018] [WL_MUST]     time=1542506585
[Sun Nov 18 10:03:05 2018] [WL_MUST]     account=xingersisan
[Sun Nov 18 10:03:05 2018] [WL_MUST]   }
[Sun Nov 18 10:03:05 2018] [WL_MUST] }
[Sun Nov 18 10:03:05 2018] [WL_MUST] 接收回复:
[Sun Nov 18 10:03:05 2018] [WL_MUST] ={
[Sun Nov 18 10:03:05 2018] [WL_MUST]   active=101
[Sun Nov 18 10:03:05 2018] [WL_MUST]   serverid=382
[Sun Nov 18 10:03:05 2018] [WL_MUST]   time=1542506585
[Sun Nov 18 10:03:05 2018] [WL_MUST]   account=xingersisan
[Sun Nov 18 10:03:05 2018] [WL_MUST] }
[Sun Nov 18 10:03:05 2018] [WL_MUST] =fail
[Sun Nov 18 10:36:58 2018] [WL_MUST] 发送事件:
[Sun Nov 18 10:36:58 2018] [WL_MUST] ={
[Sun Nov 18 10:36:58 2018] [WL_MUST]   page=/nycs_user_active
[Sun Nov 18 10:36:58 2018] [WL_MUST]   port=8008
[Sun Nov 18 10:36:58 2018] [WL_MUST]   domain=report.syyx.cn
[Sun Nov 18 10:36:58 2018] [WL_MUST]   param={
[Sun Nov 18 10:36:58 2018] [WL_MUST]     active=102
[Sun Nov 18 10:36:58 2018] [WL_MUST]     serverid=382
[Sun Nov 18 10:36:58 2018] [WL_MUST]     time=1542508618
[Sun Nov 18 10:36:58 2018] [WL_MUST]     account=xx7777
[Sun Nov 18 10:36:58 2018] [WL_MUST]   }
[Sun Nov 18 10:36:58 2018] [WL_MUST] }
[Sun Nov 18 10:36:58 2018] [WL_MUST] 发送事件:
[Sun Nov 18 10:36:58 2018] [WL_MUST] ={
[Sun Nov 18 10:36:58 2018] [WL_MUST]   page=/nycs_user_active
[Sun Nov 18 10:36:58 2018] [WL_MUST]   port=8008
[Sun Nov 18 10:36:58 2018] [WL_MUST]   domain=report.syyx.cn
[Sun Nov 18 10:36:58 2018] [WL_MUST]   param={
[Sun Nov 18 10:36:58 2018] [WL_MUST]     active=102
[Sun Nov 18 10:36:58 2018] [WL_MUST]     serverid=382
[Sun Nov 18 10:36:58 2018] [WL_MUST]     time=1542508618
[Sun Nov 18 10:36:58 2018] [WL_MUST]     account=376830907
[Sun Nov 18 10:36:58 2018] [WL_MUST]   }
[Sun Nov 18 10:36:58 2018] [WL_MUST] }
[Sun Nov 18 10:36:58 2018] [WL_MUST] 接收回复:
[Sun Nov 18 10:36:58 2018] [WL_MUST] ={
[Sun Nov 18 10:36:58 2018] [WL_MUST]   active=102
[Sun Nov 18 10:36:58 2018] [WL_MUST]   serverid=382
[Sun Nov 18 10:36:58 2018] [WL_MUST]   time=1542508618
[Sun Nov 18 10:36:58 2018] [WL_MUST]   account=376830907
[Sun Nov 18 10:36:58 2018] [WL_MUST] }
[Sun Nov 18 10:36:58 2018] [WL_MUST] =fail
[Sun Nov 18 10:36:58 2018] [WL_MUST] 接收回复:
[Sun Nov 18 10:36:58 2018] [WL_MUST] ={
[Sun Nov 18 10:36:58 2018] [WL_MUST]   active=102
[Sun Nov 18 10:36:58 2018] [WL_MUST]   serverid=382
[Sun Nov 18 10:36:58 2018] [WL_MUST]   time=1542508618
[Sun Nov 18 10:36:58 2018] [WL_MUST]   account=xx7777
[Sun Nov 18 10:36:58 2018] [WL_MUST] }
[Sun Nov 18 10:36:58 2018] [WL_MUST] =fail
[Sun Nov 18 10:40:30 2018] [WL_MUST] 发送事件:
[Sun Nov 18 10:40:30 2018] [WL_MUST] ={
[Sun Nov 18 10:40:30 2018] [WL_MUST]   page=/nycs_user_active
[Sun Nov 18 10:40:30 2018] [WL_MUST]   port=8008
[Sun Nov 18 10:40:30 2018] [WL_MUST]   domain=report.syyx.cn
[Sun Nov 18 10:40:30 2018] [WL_MUST]   param={
[Sun Nov 18 10:40:30 2018] [WL_MUST]     active=100
[Sun Nov 18 10:40:30 2018] [WL_MUST]     serverid=382
[Sun Nov 18 10:40:30 2018] [WL_MUST]     time=1542508830
[Sun Nov 18 10:40:30 2018] [WL_MUST]     account=w76380770
[Sun Nov 18 10:40:30 2018] [WL_MUST]   }
[Sun Nov 18 10:40:30 2018] [WL_MUST] }
[Sun Nov 18 10:40:30 2018] [WL_MUST] 接收回复:
[Sun Nov 18 10:40:30 2018] [WL_MUST] ={
[Sun Nov 18 10:40:30 2018] [WL_MUST]   active=100
[Sun Nov 18 10:40:30 2018] [WL_MUST]   serverid=382
[Sun Nov 18 10:40:30 2018] [WL_MUST]   time=1542508830
[Sun Nov 18 10:40:30 2018] [WL_MUST]   account=w76380770
[Sun Nov 18 10:40:30 2018] [WL_MUST] }
[Sun Nov 18 10:40:30 2018] [WL_MUST] =fail
[Sun Nov 18 10:40:33 2018] [WL_MUST] 发送事件:
[Sun Nov 18 10:40:33 2018] [WL_MUST] ={
[Sun Nov 18 10:40:33 2018] [WL_MUST]   page=/nycs_user_active
[Sun Nov 18 10:40:33 2018] [WL_MUST]   port=8008
[Sun Nov 18 10:40:33 2018] [WL_MUST]   domain=report.syyx.cn
[Sun Nov 18 10:40:33 2018] [WL_MUST]   param={
[Sun Nov 18 10:40:33 2018] [WL_MUST]     active=100
[Sun Nov 18 10:40:33 2018] [WL_MUST]     serverid=382
[Sun Nov 18 10:40:33 2018] [WL_MUST]     time=1542508833
[Sun Nov 18 10:40:33 2018] [WL_MUST]     account=liuchengduan
[Sun Nov 18 10:40:33 2018] [WL_MUST]   }
[Sun Nov 18 10:40:33 2018] [WL_MUST] }
[Sun Nov 18 10:40:33 2018] [WL_MUST] 接收回复:
[Sun Nov 18 10:40:33 2018] [WL_MUST] ={
[Sun Nov 18 10:40:33 2018] [WL_MUST]   active=100
[Sun Nov 18 10:40:33 2018] [WL_MUST]   serverid=382
[Sun Nov 18 10:40:33 2018] [WL_MUST]   time=1542508833
[Sun Nov 18 10:40:33 2018] [WL_MUST]   account=liuchengduan
[Sun Nov 18 10:40:33 2018] [WL_MUST] }
[Sun Nov 18 10:40:33 2018] [WL_MUST] =fail
[Sun Nov 18 11:36:13 2018] [WL_MUST] 发送事件:
[Sun Nov 18 11:36:13 2018] [WL_MUST] ={
[Sun Nov 18 11:36:13 2018] [WL_MUST]   page=/nycs_user_active
[Sun Nov 18 11:36:13 2018] [WL_MUST]   port=8008
[Sun Nov 18 11:36:13 2018] [WL_MUST]   domain=report.syyx.cn
[Sun Nov 18 11:36:13 2018] [WL_MUST]   param={
[Sun Nov 18 11:36:13 2018] [WL_MUST]     active=100
[Sun Nov 18 11:36:13 2018] [WL_MUST]     serverid=382
[Sun Nov 18 11:36:13 2018] [WL_MUST]     time=1542512173
[Sun Nov 18 11:36:13 2018] [WL_MUST]     account=swboss8
[Sun Nov 18 11:36:13 2018] [WL_MUST]   }
[Sun Nov 18 11:36:13 2018] [WL_MUST] }
[Sun Nov 18 11:36:13 2018] [WL_MUST] 接收回复:
[Sun Nov 18 11:36:13 2018] [WL_MUST] ={
[Sun Nov 18 11:36:13 2018] [WL_MUST]   active=100
[Sun Nov 18 11:36:13 2018] [WL_MUST]   serverid=382
[Sun Nov 18 11:36:13 2018] [WL_MUST]   time=1542512173
[Sun Nov 18 11:36:13 2018] [WL_MUST]   account=swboss8
[Sun Nov 18 11:36:13 2018] [WL_MUST] }
[Sun Nov 18 11:36:13 2018] [WL_MUST] =fail
[Sun Nov 18 11:40:15 2018] [WL_MUST] 发送事件:
[Sun Nov 18 11:40:15 2018] [WL_MUST] ={
[Sun Nov 18 11:40:15 2018] [WL_MUST]   page=/nycs_user_active
[Sun Nov 18 11:40:15 2018] [WL_MUST]   port=8008
[Sun Nov 18 11:40:15 2018] [WL_MUST]   domain=report.syyx.cn
[Sun Nov 18 11:40:15 2018] [WL_MUST]   param={
[Sun Nov 18 11:40:15 2018] [WL_MUST]     active=100
[Sun Nov 18 11:40:15 2018] [WL_MUST]     serverid=382
[Sun Nov 18 11:40:15 2018] [WL_MUST]     time=1542512415
[Sun Nov 18 11:40:15 2018] [WL_MUST]     account=zhyanlong1
[Sun Nov 18 11:40:15 2018] [WL_MUST]   }
[Sun Nov 18 11:40:15 2018] [WL_MUST] }
[Sun Nov 18 11:40:15 2018] [WL_MUST] 接收回复:
[Sun Nov 18 11:40:15 2018] [WL_MUST] ={
[Sun Nov 18 11:40:15 2018] [WL_MUST]   active=100
[Sun Nov 18 11:40:15 2018] [WL_MUST]   serverid=382
[Sun Nov 18 11:40:15 2018] [WL_MUST]   time=1542512415
[Sun Nov 18 11:40:15 2018] [WL_MUST]   account=zhyanlong1
[Sun Nov 18 11:40:15 2018] [WL_MUST] }
[Sun Nov 18 11:40:15 2018] [WL_MUST] =fail
[Sun Nov 18 12:22:41 2018] [WL_MUST] 发送事件:
[Sun Nov 18 12:22:41 2018] [WL_MUST] ={
[Sun Nov 18 12:22:41 2018] [WL_MUST]   page=/nycs_five_color
[Sun Nov 18 12:22:41 2018] [WL_MUST]   port=8008
[Sun Nov 18 12:22:41 2018] [WL_MUST]   domain=report.syyx.cn
[Sun Nov 18 12:22:41 2018] [WL_MUST]   param={
[Sun Nov 18 12:22:41 2018] [WL_MUST]     serverid=382
[Sun Nov 18 12:22:41 2018] [WL_MUST]     time=1542514961
[Sun Nov 18 12:22:41 2018] [WL_MUST]     account=mzq01020304
[Sun Nov 18 12:22:41 2018] [WL_MUST]   }
[Sun Nov 18 12:22:41 2018] [WL_MUST] }
[Sun Nov 18 12:22:41 2018] [WL_MUST] 接收回复:
[Sun Nov 18 12:22:41 2018] [WL_MUST] ={
[Sun Nov 18 12:22:41 2018] [WL_MUST]   serverid=382
[Sun Nov 18 12:22:41 2018] [WL_MUST]   time=1542514961
[Sun Nov 18 12:22:41 2018] [WL_MUST]   account=mzq01020304
[Sun Nov 18 12:22:41 2018] [WL_MUST] }
[Sun Nov 18 12:22:41 2018] [WL_MUST] =fail
[Sun Nov 18 12:32:25 2018] [WL_MUST] 发送事件:
[Sun Nov 18 12:32:25 2018] [WL_MUST] ={
[Sun Nov 18 12:32:25 2018] [WL_MUST]   page=/nycs_user_active
[Sun Nov 18 12:32:25 2018] [WL_MUST]   port=8008
[Sun Nov 18 12:32:25 2018] [WL_MUST]   domain=report.syyx.cn
[Sun Nov 18 12:32:25 2018] [WL_MUST]   param={
[Sun Nov 18 12:32:25 2018] [WL_MUST]     active=101
[Sun Nov 18 12:32:25 2018] [WL_MUST]     serverid=382
[Sun Nov 18 12:32:25 2018] [WL_MUST]     time=1542515545
[Sun Nov 18 12:32:25 2018] [WL_MUST]     account=laoli5964
[Sun Nov 18 12:32:25 2018] [WL_MUST]   }
[Sun Nov 18 12:32:25 2018] [WL_MUST] }
[Sun Nov 18 12:32:25 2018] [WL_MUST] 接收回复:
[Sun Nov 18 12:32:25 2018] [WL_MUST] ={
[Sun Nov 18 12:32:25 2018] [WL_MUST]   active=101
[Sun Nov 18 12:32:25 2018] [WL_MUST]   serverid=382
[Sun Nov 18 12:32:25 2018] [WL_MUST]   time=1542515545
[Sun Nov 18 12:32:25 2018] [WL_MUST]   account=laoli5964
[Sun Nov 18 12:32:25 2018] [WL_MUST] }
[Sun Nov 18 12:32:25 2018] [WL_MUST] =fail
[Sun Nov 18 12:32:46 2018] [WL_MUST] 发送事件:
[Sun Nov 18 12:32:46 2018] [WL_MUST] ={
[Sun Nov 18 12:32:46 2018] [WL_MUST]   page=/nycs_user_active
[Sun Nov 18 12:32:46 2018] [WL_MUST]   port=8008
[Sun Nov 18 12:32:46 2018] [WL_MUST]   domain=report.syyx.cn
[Sun Nov 18 12:32:46 2018] [WL_MUST]   param={
[Sun Nov 18 12:32:46 2018] [WL_MUST]     active=102
[Sun Nov 18 12:32:46 2018] [WL_MUST]     serverid=382
[Sun Nov 18 12:32:46 2018] [WL_MUST]     time=1542515566
[Sun Nov 18 12:32:46 2018] [WL_MUST]     account=lby_12345
[Sun Nov 18 12:32:46 2018] [WL_MUST]   }
[Sun Nov 18 12:32:46 2018] [WL_MUST] }
[Sun Nov 18 12:32:47 2018] [WL_MUST] 接收回复:
[Sun Nov 18 12:32:47 2018] [WL_MUST] ={
[Sun Nov 18 12:32:47 2018] [WL_MUST]   active=102
[Sun Nov 18 12:32:47 2018] [WL_MUST]   serverid=382
[Sun Nov 18 12:32:47 2018] [WL_MUST]   time=1542515566
[Sun Nov 18 12:32:47 2018] [WL_MUST]   account=lby_12345
[Sun Nov 18 12:32:47 2018] [WL_MUST] }
[Sun Nov 18 12:32:47 2018] [WL_MUST] =fail
[Sun Nov 18 12:40:30 2018] [WL_MUST] 发送事件:
[Sun Nov 18 12:40:30 2018] [WL_MUST] ={
[Sun Nov 18 12:40:30 2018] [WL_MUST]   page=/nycs_user_active
[Sun Nov 18 12:40:30 2018] [WL_MUST]   port=8008
[Sun Nov 18 12:40:30 2018] [WL_MUST]   domain=report.syyx.cn
[Sun Nov 18 12:40:30 2018] [WL_MUST]   param={
[Sun Nov 18 12:40:30 2018] [WL_MUST]     active=100
[Sun Nov 18 12:40:30 2018] [WL_MUST]     serverid=382
[Sun Nov 18 12:40:30 2018] [WL_MUST]     time=1542516030
[Sun Nov 18 12:40:30 2018] [WL_MUST]     account=chf102626
[Sun Nov 18 12:40:30 2018] [WL_MUST]   }
[Sun Nov 18 12:40:30 2018] [WL_MUST] }
[Sun Nov 18 12:40:30 2018] [WL_MUST] 发送事件:
[Sun Nov 18 12:40:30 2018] [WL_MUST] ={
[Sun Nov 18 12:40:30 2018] [WL_MUST]   page=/nycs_user_active
[Sun Nov 18 12:40:30 2018] [WL_MUST]   port=8008
[Sun Nov 18 12:40:30 2018] [WL_MUST]   domain=report.syyx.cn
[Sun Nov 18 12:40:30 2018] [WL_MUST]   param={
[Sun Nov 18 12:40:30 2018] [WL_MUST]     active=101
[Sun Nov 18 12:40:30 2018] [WL_MUST]     serverid=382
[Sun Nov 18 12:40:30 2018] [WL_MUST]     time=1542516030
[Sun Nov 18 12:40:30 2018] [WL_MUST]     account=13867281534
[Sun Nov 18 12:40:30 2018] [WL_MUST]   }
[Sun Nov 18 12:40:30 2018] [WL_MUST] }
[Sun Nov 18 12:40:30 2018] [WL_MUST] 接收回复:
[Sun Nov 18 12:40:30 2018] [WL_MUST] ={
[Sun Nov 18 12:40:30 2018] [WL_MUST]   active=100
[Sun Nov 18 12:40:30 2018] [WL_MUST]   serverid=382
[Sun Nov 18 12:40:30 2018] [WL_MUST]   time=1542516030
[Sun Nov 18 12:40:30 2018] [WL_MUST]   account=chf102626
[Sun Nov 18 12:40:30 2018] [WL_MUST] }
[Sun Nov 18 12:40:30 2018] [WL_MUST] =fail
[Sun Nov 18 12:40:30 2018] [WL_MUST] 接收回复:
[Sun Nov 18 12:40:30 2018] [WL_MUST] ={
[Sun Nov 18 12:40:30 2018] [WL_MUST]   active=101
[Sun Nov 18 12:40:30 2018] [WL_MUST]   serverid=382
[Sun Nov 18 12:40:30 2018] [WL_MUST]   time=1542516030
[Sun Nov 18 12:40:30 2018] [WL_MUST]   account=13867281534
[Sun Nov 18 12:40:30 2018] [WL_MUST] }
[Sun Nov 18 12:40:30 2018] [WL_MUST] =fail
[Sun Nov 18 12:44:55 2018] [WL_MUST] 发送事件:
[Sun Nov 18 12:44:55 2018] [WL_MUST] ={
[Sun Nov 18 12:44:55 2018] [WL_MUST]   page=/nycs_five_color
[Sun Nov 18 12:44:55 2018] [WL_MUST]   port=8008
[Sun Nov 18 12:44:55 2018] [WL_MUST]   domain=report.syyx.cn
[Sun Nov 18 12:44:55 2018] [WL_MUST]   param={
[Sun Nov 18 12:44:55 2018] [WL_MUST]     serverid=382
[Sun Nov 18 12:44:55 2018] [WL_MUST]     time=1542516295
[Sun Nov 18 12:44:55 2018] [WL_MUST]     account=7111267a
[Sun Nov 18 12:44:55 2018] [WL_MUST]   }
[Sun Nov 18 12:44:55 2018] [WL_MUST] }
[Sun Nov 18 12:44:55 2018] [WL_MUST] 接收回复:
[Sun Nov 18 12:44:55 2018] [WL_MUST] ={
[Sun Nov 18 12:44:55 2018] [WL_MUST]   serverid=382
[Sun Nov 18 12:44:55 2018] [WL_MUST]   time=1542516295
[Sun Nov 18 12:44:55 2018] [WL_MUST]   account=7111267a
[Sun Nov 18 12:44:55 2018] [WL_MUST] }
[Sun Nov 18 12:44:55 2018] [WL_MUST] =fail
[Sun Nov 18 13:32:19 2018] [WL_MUST] 发送事件:
[Sun Nov 18 13:32:19 2018] [WL_MUST] ={
[Sun Nov 18 13:32:19 2018] [WL_MUST]   page=/nycs_user_active
[Sun Nov 18 13:32:19 2018] [WL_MUST]   port=8008
[Sun Nov 18 13:32:19 2018] [WL_MUST]   domain=report.syyx.cn
[Sun Nov 18 13:32:19 2018] [WL_MUST]   param={
[Sun Nov 18 13:32:19 2018] [WL_MUST]     active=100
[Sun Nov 18 13:32:19 2018] [WL_MUST]     serverid=382
[Sun Nov 18 13:32:19 2018] [WL_MUST]     time=1542519139
[Sun Nov 18 13:32:19 2018] [WL_MUST]     account=wangqing100186
[Sun Nov 18 13:32:19 2018] [WL_MUST]   }
[Sun Nov 18 13:32:19 2018] [WL_MUST] }
[Sun Nov 18 13:32:19 2018] [WL_MUST] 接收回复:
[Sun Nov 18 13:32:19 2018] [WL_MUST] ={
[Sun Nov 18 13:32:19 2018] [WL_MUST]   active=100
[Sun Nov 18 13:32:19 2018] [WL_MUST]   serverid=382
[Sun Nov 18 13:32:19 2018] [WL_MUST]   time=1542519139
[Sun Nov 18 13:32:19 2018] [WL_MUST]   account=wangqing100186
[Sun Nov 18 13:32:19 2018] [WL_MUST] }
[Sun Nov 18 13:32:19 2018] [WL_MUST] =fail
[Sun Nov 18 13:36:15 2018] [WL_MUST] 发送事件:
[Sun Nov 18 13:36:15 2018] [WL_MUST] ={
[Sun Nov 18 13:36:15 2018] [WL_MUST]   page=/nycs_user_active
[Sun Nov 18 13:36:15 2018] [WL_MUST]   port=8008
[Sun Nov 18 13:36:15 2018] [WL_MUST]   domain=report.syyx.cn
[Sun Nov 18 13:36:15 2018] [WL_MUST]   param={
[Sun Nov 18 13:36:15 2018] [WL_MUST]     active=101
[Sun Nov 18 13:36:15 2018] [WL_MUST]     serverid=382
[Sun Nov 18 13:36:15 2018] [WL_MUST]     time=1542519375
[Sun Nov 18 13:36:15 2018] [WL_MUST]     account=zyl1020
[Sun Nov 18 13:36:15 2018] [WL_MUST]   }
[Sun Nov 18 13:36:15 2018] [WL_MUST] }
[Sun Nov 18 13:36:16 2018] [WL_MUST] 接收回复:
[Sun Nov 18 13:36:16 2018] [WL_MUST] ={
[Sun Nov 18 13:36:16 2018] [WL_MUST]   active=101
[Sun Nov 18 13:36:16 2018] [WL_MUST]   serverid=382
[Sun Nov 18 13:36:16 2018] [WL_MUST]   time=1542519375
[Sun Nov 18 13:36:16 2018] [WL_MUST]   account=zyl1020
[Sun Nov 18 13:36:16 2018] [WL_MUST] }
[Sun Nov 18 13:36:16 2018] [WL_MUST] =fail
[Sun Nov 18 14:31:41 2018] [WL_MUST] 发送事件:
[Sun Nov 18 14:31:41 2018] [WL_MUST] ={
[Sun Nov 18 14:31:41 2018] [WL_MUST]   page=/nycs_five_color
[Sun Nov 18 14:31:41 2018] [WL_MUST]   port=8008
[Sun Nov 18 14:31:41 2018] [WL_MUST]   domain=report.syyx.cn
[Sun Nov 18 14:31:41 2018] [WL_MUST]   param={
[Sun Nov 18 14:31:41 2018] [WL_MUST]     serverid=382
[Sun Nov 18 14:31:41 2018] [WL_MUST]     time=1542522701
[Sun Nov 18 14:31:41 2018] [WL_MUST]     account=504571973
[Sun Nov 18 14:31:41 2018] [WL_MUST]   }
[Sun Nov 18 14:31:41 2018] [WL_MUST] }
[Sun Nov 18 14:31:41 2018] [WL_MUST] 接收回复:
[Sun Nov 18 14:31:41 2018] [WL_MUST] ={
[Sun Nov 18 14:31:41 2018] [WL_MUST]   serverid=382
[Sun Nov 18 14:31:41 2018] [WL_MUST]   time=1542522701
[Sun Nov 18 14:31:41 2018] [WL_MUST]   account=504571973
[Sun Nov 18 14:31:41 2018] [WL_MUST] }
[Sun Nov 18 14:31:41 2018] [WL_MUST] =fail
[Sun Nov 18 14:36:54 2018] [WL_MUST] 发送事件:
[Sun Nov 18 14:36:54 2018] [WL_MUST] ={
[Sun Nov 18 14:36:54 2018] [WL_MUST]   page=/nycs_user_active
[Sun Nov 18 14:36:54 2018] [WL_MUST]   port=8008
[Sun Nov 18 14:36:54 2018] [WL_MUST]   domain=report.syyx.cn
[Sun Nov 18 14:36:54 2018] [WL_MUST]   param={
[Sun Nov 18 14:36:54 2018] [WL_MUST]     active=101
[Sun Nov 18 14:36:54 2018] [WL_MUST]     serverid=382
[Sun Nov 18 14:36:54 2018] [WL_MUST]     time=1542523014
[Sun Nov 18 14:36:54 2018] [WL_MUST]     account=lovelesslzp
[Sun Nov 18 14:36:54 2018] [WL_MUST]   }
[Sun Nov 18 14:36:54 2018] [WL_MUST] }
[Sun Nov 18 14:36:54 2018] [WL_MUST] 接收回复:
[Sun Nov 18 14:36:54 2018] [WL_MUST] ={
[Sun Nov 18 14:36:54 2018] [WL_MUST]   active=101
[Sun Nov 18 14:36:54 2018] [WL_MUST]   serverid=382
[Sun Nov 18 14:36:54 2018] [WL_MUST]   time=1542523014
[Sun Nov 18 14:36:54 2018] [WL_MUST]   account=lovelesslzp
[Sun Nov 18 14:36:54 2018] [WL_MUST] }
[Sun Nov 18 14:36:54 2018] [WL_MUST] =fail
[Sun Nov 18 14:36:55 2018] [WL_MUST] 发送事件:
[Sun Nov 18 14:36:55 2018] [WL_MUST] ={
[Sun Nov 18 14:36:55 2018] [WL_MUST]   page=/nycs_user_active
[Sun Nov 18 14:36:55 2018] [WL_MUST]   port=8008
[Sun Nov 18 14:36:55 2018] [WL_MUST]   domain=report.syyx.cn
[Sun Nov 18 14:36:55 2018] [WL_MUST]   param={
[Sun Nov 18 14:36:55 2018] [WL_MUST]     active=100
[Sun Nov 18 14:36:55 2018] [WL_MUST]     serverid=382
[Sun Nov 18 14:36:55 2018] [WL_MUST]     time=1542523015
[Sun Nov 18 14:36:55 2018] [WL_MUST]     account=a562668923
[Sun Nov 18 14:36:55 2018] [WL_MUST]   }
[Sun Nov 18 14:36:55 2018] [WL_MUST] }
[Sun Nov 18 14:36:56 2018] [WL_MUST] 接收回复:
[Sun Nov 18 14:36:56 2018] [WL_MUST] ={
[Sun Nov 18 14:36:56 2018] [WL_MUST]   active=100
[Sun Nov 18 14:36:56 2018] [WL_MUST]   serverid=382
[Sun Nov 18 14:36:56 2018] [WL_MUST]   time=1542523015
[Sun Nov 18 14:36:56 2018] [WL_MUST]   account=a562668923
[Sun Nov 18 14:36:56 2018] [WL_MUST] }
[Sun Nov 18 14:36:56 2018] [WL_MUST] =fail
[Sun Nov 18 15:32:28 2018] [WL_MUST] 发送事件:
[Sun Nov 18 15:32:28 2018] [WL_MUST] ={
[Sun Nov 18 15:32:28 2018] [WL_MUST]   page=/nycs_user_active
[Sun Nov 18 15:32:28 2018] [WL_MUST]   port=8008
[Sun Nov 18 15:32:28 2018] [WL_MUST]   domain=report.syyx.cn
[Sun Nov 18 15:32:28 2018] [WL_MUST]   param={
[Sun Nov 18 15:32:28 2018] [WL_MUST]     active=101
[Sun Nov 18 15:32:28 2018] [WL_MUST]     serverid=382
[Sun Nov 18 15:32:28 2018] [WL_MUST]     time=1542526348
[Sun Nov 18 15:32:28 2018] [WL_MUST]     account=gzj1123
[Sun Nov 18 15:32:28 2018] [WL_MUST]   }
[Sun Nov 18 15:32:28 2018] [WL_MUST] }
[Sun Nov 18 15:32:28 2018] [WL_MUST] 接收回复:
[Sun Nov 18 15:32:28 2018] [WL_MUST] ={
[Sun Nov 18 15:32:28 2018] [WL_MUST]   active=101
[Sun Nov 18 15:32:28 2018] [WL_MUST]   serverid=382
[Sun Nov 18 15:32:28 2018] [WL_MUST]   time=1542526348
[Sun Nov 18 15:32:28 2018] [WL_MUST]   account=gzj1123
[Sun Nov 18 15:32:28 2018] [WL_MUST] }
[Sun Nov 18 15:32:28 2018] [WL_MUST] =fail
[Sun Nov 18 15:36:08 2018] [WL_MUST] 发送事件:
[Sun Nov 18 15:36:08 2018] [WL_MUST] ={
[Sun Nov 18 15:36:08 2018] [WL_MUST]   page=/nycs_user_active
[Sun Nov 18 15:36:08 2018] [WL_MUST]   port=8008
[Sun Nov 18 15:36:08 2018] [WL_MUST]   domain=report.syyx.cn
[Sun Nov 18 15:36:08 2018] [WL_MUST]   param={
[Sun Nov 18 15:36:08 2018] [WL_MUST]     active=101
[Sun Nov 18 15:36:08 2018] [WL_MUST]     serverid=382
[Sun Nov 18 15:36:08 2018] [WL_MUST]     time=1542526568
[Sun Nov 18 15:36:08 2018] [WL_MUST]     account=50668080
[Sun Nov 18 15:36:08 2018] [WL_MUST]   }
[Sun Nov 18 15:36:08 2018] [WL_MUST] }
[Sun Nov 18 15:36:08 2018] [WL_MUST] 接收回复:
[Sun Nov 18 15:36:08 2018] [WL_MUST] ={
[Sun Nov 18 15:36:08 2018] [WL_MUST]   active=101
[Sun Nov 18 15:36:08 2018] [WL_MUST]   serverid=382
[Sun Nov 18 15:36:08 2018] [WL_MUST]   time=1542526568
[Sun Nov 18 15:36:08 2018] [WL_MUST]   account=50668080
[Sun Nov 18 15:36:08 2018] [WL_MUST] }
[Sun Nov 18 15:36:08 2018] [WL_MUST] =fail
[Sun Nov 18 15:40:11 2018] [WL_MUST] 发送事件:
[Sun Nov 18 15:40:11 2018] [WL_MUST] ={
[Sun Nov 18 15:40:11 2018] [WL_MUST]   page=/nycs_user_active
[Sun Nov 18 15:40:11 2018] [WL_MUST]   port=8008
[Sun Nov 18 15:40:11 2018] [WL_MUST]   domain=report.syyx.cn
[Sun Nov 18 15:40:11 2018] [WL_MUST]   param={
[Sun Nov 18 15:40:11 2018] [WL_MUST]     active=100
[Sun Nov 18 15:40:11 2018] [WL_MUST]     serverid=382
[Sun Nov 18 15:40:11 2018] [WL_MUST]     time=1542526811
[Sun Nov 18 15:40:11 2018] [WL_MUST]     account=js130425
[Sun Nov 18 15:40:11 2018] [WL_MUST]   }
[Sun Nov 18 15:40:11 2018] [WL_MUST] }
[Sun Nov 18 15:40:11 2018] [WL_MUST] 发送事件:
[Sun Nov 18 15:40:11 2018] [WL_MUST] ={
[Sun Nov 18 15:40:11 2018] [WL_MUST]   page=/nycs_user_active
[Sun Nov 18 15:40:11 2018] [WL_MUST]   port=8008
[Sun Nov 18 15:40:11 2018] [WL_MUST]   domain=report.syyx.cn
[Sun Nov 18 15:40:11 2018] [WL_MUST]   param={
[Sun Nov 18 15:40:11 2018] [WL_MUST]     active=101
[Sun Nov 18 15:40:11 2018] [WL_MUST]     serverid=382
[Sun Nov 18 15:40:11 2018] [WL_MUST]     time=1542526811
[Sun Nov 18 15:40:11 2018] [WL_MUST]     account=1974wang
[Sun Nov 18 15:40:11 2018] [WL_MUST]   }
[Sun Nov 18 15:40:11 2018] [WL_MUST] }
[Sun Nov 18 15:40:12 2018] [WL_MUST] 接收回复:
[Sun Nov 18 15:40:12 2018] [WL_MUST] ={
[Sun Nov 18 15:40:12 2018] [WL_MUST]   active=101
[Sun Nov 18 15:40:12 2018] [WL_MUST]   serverid=382
[Sun Nov 18 15:40:12 2018] [WL_MUST]   time=1542526811
[Sun Nov 18 15:40:12 2018] [WL_MUST]   account=1974wang
[Sun Nov 18 15:40:12 2018] [WL_MUST] }
[Sun Nov 18 15:40:12 2018] [WL_MUST] =fail
[Sun Nov 18 15:40:12 2018] [WL_MUST] 接收回复:
[Sun Nov 18 15:40:12 2018] [WL_MUST] ={
[Sun Nov 18 15:40:12 2018] [WL_MUST]   active=100
[Sun Nov 18 15:40:12 2018] [WL_MUST]   serverid=382
[Sun Nov 18 15:40:12 2018] [WL_MUST]   time=1542526811
[Sun Nov 18 15:40:12 2018] [WL_MUST]   account=js130425
[Sun Nov 18 15:40:12 2018] [WL_MUST] }
[Sun Nov 18 15:40:12 2018] [WL_MUST] =fail
[Sun Nov 18 15:41:18 2018] [WL_MUST] 发送事件:
[Sun Nov 18 15:41:18 2018] [WL_MUST] ={
[Sun Nov 18 15:41:18 2018] [WL_MUST]   page=/nycs_user_active
[Sun Nov 18 15:41:18 2018] [WL_MUST]   port=8008
[Sun Nov 18 15:41:18 2018] [WL_MUST]   domain=report.syyx.cn
[Sun Nov 18 15:41:18 2018] [WL_MUST]   param={
[Sun Nov 18 15:41:18 2018] [WL_MUST]     active=100
[Sun Nov 18 15:41:18 2018] [WL_MUST]     serverid=382
[Sun Nov 18 15:41:18 2018] [WL_MUST]     time=1542526878
[Sun Nov 18 15:41:18 2018] [WL_MUST]     account=wanyouxixiaohao
[Sun Nov 18 15:41:18 2018] [WL_MUST]   }
[Sun Nov 18 15:41:18 2018] [WL_MUST] }
[Sun Nov 18 15:41:18 2018] [WL_MUST] 接收回复:
[Sun Nov 18 15:41:18 2018] [WL_MUST] ={
[Sun Nov 18 15:41:18 2018] [WL_MUST]   active=100
[Sun Nov 18 15:41:18 2018] [WL_MUST]   serverid=382
[Sun Nov 18 15:41:18 2018] [WL_MUST]   time=1542526878
[Sun Nov 18 15:41:18 2018] [WL_MUST]   account=wanyouxixiaohao
[Sun Nov 18 15:41:18 2018] [WL_MUST] }
[Sun Nov 18 15:41:18 2018] [WL_MUST] =fail
[Sun Nov 18 16:32:09 2018] [WL_MUST] 发送事件:
[Sun Nov 18 16:32:09 2018] [WL_MUST] ={
[Sun Nov 18 16:32:09 2018] [WL_MUST]   page=/nycs_user_active
[Sun Nov 18 16:32:09 2018] [WL_MUST]   port=8008
[Sun Nov 18 16:32:09 2018] [WL_MUST]   domain=report.syyx.cn
[Sun Nov 18 16:32:09 2018] [WL_MUST]   param={
[Sun Nov 18 16:32:09 2018] [WL_MUST]     active=102
[Sun Nov 18 16:32:09 2018] [WL_MUST]     serverid=382
[Sun Nov 18 16:32:09 2018] [WL_MUST]     time=1542529929
[Sun Nov 18 16:32:09 2018] [WL_MUST]     account=dx15265476
[Sun Nov 18 16:32:09 2018] [WL_MUST]   }
[Sun Nov 18 16:32:09 2018] [WL_MUST] }
[Sun Nov 18 16:32:09 2018] [WL_MUST] 接收回复:
[Sun Nov 18 16:32:09 2018] [WL_MUST] ={
[Sun Nov 18 16:32:09 2018] [WL_MUST]   active=102
[Sun Nov 18 16:32:09 2018] [WL_MUST]   serverid=382
[Sun Nov 18 16:32:09 2018] [WL_MUST]   time=1542529929
[Sun Nov 18 16:32:09 2018] [WL_MUST]   account=dx15265476
[Sun Nov 18 16:32:09 2018] [WL_MUST] }
[Sun Nov 18 16:32:09 2018] [WL_MUST] =fail
[Sun Nov 18 16:36:25 2018] [WL_MUST] 发送事件:
[Sun Nov 18 16:36:25 2018] [WL_MUST] ={
[Sun Nov 18 16:36:25 2018] [WL_MUST]   page=/nycs_user_active
[Sun Nov 18 16:36:25 2018] [WL_MUST]   port=8008
[Sun Nov 18 16:36:25 2018] [WL_MUST]   domain=report.syyx.cn
[Sun Nov 18 16:36:25 2018] [WL_MUST]   param={
[Sun Nov 18 16:36:25 2018] [WL_MUST]     active=101
[Sun Nov 18 16:36:25 2018] [WL_MUST]     serverid=382
[Sun Nov 18 16:36:25 2018] [WL_MUST]     time=1542530185
[Sun Nov 18 16:36:25 2018] [WL_MUST]     account=45316358
[Sun Nov 18 16:36:25 2018] [WL_MUST]   }
[Sun Nov 18 16:36:25 2018] [WL_MUST] }
[Sun Nov 18 16:36:25 2018] [WL_MUST] 接收回复:
[Sun Nov 18 16:36:25 2018] [WL_MUST] ={
[Sun Nov 18 16:36:25 2018] [WL_MUST]   active=101
[Sun Nov 18 16:36:25 2018] [WL_MUST]   serverid=382
[Sun Nov 18 16:36:25 2018] [WL_MUST]   time=1542530185
[Sun Nov 18 16:36:25 2018] [WL_MUST]   account=45316358
[Sun Nov 18 16:36:25 2018] [WL_MUST] }
[Sun Nov 18 16:36:25 2018] [WL_MUST] =fail
[Sun Nov 18 17:32:11 2018] [WL_MUST] 发送事件:
[Sun Nov 18 17:32:11 2018] [WL_MUST] ={
[Sun Nov 18 17:32:11 2018] [WL_MUST]   page=/nycs_user_active
[Sun Nov 18 17:32:11 2018] [WL_MUST]   port=8008
[Sun Nov 18 17:32:11 2018] [WL_MUST]   domain=report.syyx.cn
[Sun Nov 18 17:32:11 2018] [WL_MUST]   param={
[Sun Nov 18 17:32:11 2018] [WL_MUST]     active=100
[Sun Nov 18 17:32:11 2018] [WL_MUST]     serverid=382
[Sun Nov 18 17:32:11 2018] [WL_MUST]     time=1542533531
[Sun Nov 18 17:32:11 2018] [WL_MUST]     account=j130425
[Sun Nov 18 17:32:11 2018] [WL_MUST]   }
[Sun Nov 18 17:32:11 2018] [WL_MUST] }
[Sun Nov 18 17:32:11 2018] [WL_MUST] 接收回复:
[Sun Nov 18 17:32:11 2018] [WL_MUST] ={
[Sun Nov 18 17:32:11 2018] [WL_MUST]   active=100
[Sun Nov 18 17:32:11 2018] [WL_MUST]   serverid=382
[Sun Nov 18 17:32:11 2018] [WL_MUST]   time=1542533531
[Sun Nov 18 17:32:11 2018] [WL_MUST]   account=j130425
[Sun Nov 18 17:32:11 2018] [WL_MUST] }
[Sun Nov 18 17:32:11 2018] [WL_MUST] =fail
[Sun Nov 18 17:32:32 2018] [WL_MUST] 发送事件:
[Sun Nov 18 17:32:32 2018] [WL_MUST] ={
[Sun Nov 18 17:32:32 2018] [WL_MUST]   page=/nycs_user_active
[Sun Nov 18 17:32:32 2018] [WL_MUST]   port=8008
[Sun Nov 18 17:32:32 2018] [WL_MUST]   domain=report.syyx.cn
[Sun Nov 18 17:32:32 2018] [WL_MUST]   param={
[Sun Nov 18 17:32:32 2018] [WL_MUST]     active=100
[Sun Nov 18 17:32:32 2018] [WL_MUST]     serverid=382
[Sun Nov 18 17:32:32 2018] [WL_MUST]     time=1542533552
[Sun Nov 18 17:32:32 2018] [WL_MUST]     account=xue520222
[Sun Nov 18 17:32:32 2018] [WL_MUST]   }
[Sun Nov 18 17:32:32 2018] [WL_MUST] }
[Sun Nov 18 17:32:32 2018] [WL_MUST] 接收回复:
[Sun Nov 18 17:32:32 2018] [WL_MUST] ={
[Sun Nov 18 17:32:32 2018] [WL_MUST]   active=100
[Sun Nov 18 17:32:32 2018] [WL_MUST]   serverid=382
[Sun Nov 18 17:32:32 2018] [WL_MUST]   time=1542533552
[Sun Nov 18 17:32:32 2018] [WL_MUST]   account=xue520222
[Sun Nov 18 17:32:32 2018] [WL_MUST] }
[Sun Nov 18 17:32:32 2018] [WL_MUST] =fail
[Sun Nov 18 18:32:21 2018] [WL_MUST] 发送事件:
[Sun Nov 18 18:32:21 2018] [WL_MUST] ={
[Sun Nov 18 18:32:21 2018] [WL_MUST]   page=/nycs_user_active
[Sun Nov 18 18:32:21 2018] [WL_MUST]   port=8008
[Sun Nov 18 18:32:21 2018] [WL_MUST]   domain=report.syyx.cn
[Sun Nov 18 18:32:21 2018] [WL_MUST]   param={
[Sun Nov 18 18:32:21 2018] [WL_MUST]     active=101
[Sun Nov 18 18:32:21 2018] [WL_MUST]     serverid=382
[Sun Nov 18 18:32:21 2018] [WL_MUST]     time=1542537141
[Sun Nov 18 18:32:21 2018] [WL_MUST]     account=liuyang164493
[Sun Nov 18 18:32:21 2018] [WL_MUST]   }
[Sun Nov 18 18:32:21 2018] [WL_MUST] }
[Sun Nov 18 18:32:22 2018] [WL_MUST] 接收回复:
[Sun Nov 18 18:32:22 2018] [WL_MUST] ={
[Sun Nov 18 18:32:22 2018] [WL_MUST]   active=101
[Sun Nov 18 18:32:22 2018] [WL_MUST]   serverid=382
[Sun Nov 18 18:32:22 2018] [WL_MUST]   time=1542537141
[Sun Nov 18 18:32:22 2018] [WL_MUST]   account=liuyang164493
[Sun Nov 18 18:32:22 2018] [WL_MUST] }
[Sun Nov 18 18:32:22 2018] [WL_MUST] =fail
[Sun Nov 18 18:32:39 2018] [WL_MUST] 发送事件:
[Sun Nov 18 18:32:39 2018] [WL_MUST] ={
[Sun Nov 18 18:32:39 2018] [WL_MUST]   page=/nycs_user_active
[Sun Nov 18 18:32:39 2018] [WL_MUST]   port=8008
[Sun Nov 18 18:32:39 2018] [WL_MUST]   domain=report.syyx.cn
[Sun Nov 18 18:32:39 2018] [WL_MUST]   param={
[Sun Nov 18 18:32:39 2018] [WL_MUST]     active=102
[Sun Nov 18 18:32:39 2018] [WL_MUST]     serverid=382
[Sun Nov 18 18:32:39 2018] [WL_MUST]     time=1542537159
[Sun Nov 18 18:32:39 2018] [WL_MUST]     account=ww13966915888
[Sun Nov 18 18:32:39 2018] [WL_MUST]   }
[Sun Nov 18 18:32:39 2018] [WL_MUST] }
[Sun Nov 18 18:32:40 2018] [WL_MUST] 接收回复:
[Sun Nov 18 18:32:40 2018] [WL_MUST] ={
[Sun Nov 18 18:32:40 2018] [WL_MUST]   active=102
[Sun Nov 18 18:32:40 2018] [WL_MUST]   serverid=382
[Sun Nov 18 18:32:40 2018] [WL_MUST]   time=1542537159
[Sun Nov 18 18:32:40 2018] [WL_MUST]   account=ww13966915888
[Sun Nov 18 18:32:40 2018] [WL_MUST] }
[Sun Nov 18 18:32:40 2018] [WL_MUST] =fail
[Sun Nov 18 18:32:51 2018] [WL_MUST] 发送事件:
[Sun Nov 18 18:32:51 2018] [WL_MUST] ={
[Sun Nov 18 18:32:51 2018] [WL_MUST]   page=/nycs_five_color
[Sun Nov 18 18:32:51 2018] [WL_MUST]   port=8008
[Sun Nov 18 18:32:51 2018] [WL_MUST]   domain=report.syyx.cn
[Sun Nov 18 18:32:51 2018] [WL_MUST]   param={
[Sun Nov 18 18:32:51 2018] [WL_MUST]     serverid=382
[Sun Nov 18 18:32:51 2018] [WL_MUST]     time=1542537171
[Sun Nov 18 18:32:51 2018] [WL_MUST]     account=wanyouxiyizu2
[Sun Nov 18 18:32:51 2018] [WL_MUST]   }
[Sun Nov 18 18:32:51 2018] [WL_MUST] }
[Sun Nov 18 18:32:51 2018] [WL_MUST] 接收回复:
[Sun Nov 18 18:32:51 2018] [WL_MUST] ={
[Sun Nov 18 18:32:51 2018] [WL_MUST]   serverid=382
[Sun Nov 18 18:32:51 2018] [WL_MUST]   time=1542537171
[Sun Nov 18 18:32:51 2018] [WL_MUST]   account=wanyouxiyizu2
[Sun Nov 18 18:32:51 2018] [WL_MUST] }
[Sun Nov 18 18:32:51 2018] [WL_MUST] =fail
[Sun Nov 18 18:36:16 2018] [WL_MUST] 发送事件:
[Sun Nov 18 18:36:16 2018] [WL_MUST] ={
[Sun Nov 18 18:36:16 2018] [WL_MUST]   page=/nycs_user_active
[Sun Nov 18 18:36:16 2018] [WL_MUST]   port=8008
[Sun Nov 18 18:36:16 2018] [WL_MUST]   domain=report.syyx.cn
[Sun Nov 18 18:36:16 2018] [WL_MUST]   param={
[Sun Nov 18 18:36:16 2018] [WL_MUST]     active=101
[Sun Nov 18 18:36:16 2018] [WL_MUST]     serverid=382
[Sun Nov 18 18:36:16 2018] [WL_MUST]     time=1542537376
[Sun Nov 18 18:36:16 2018] [WL_MUST]     account=yang828
[Sun Nov 18 18:36:16 2018] [WL_MUST]   }
[Sun Nov 18 18:36:16 2018] [WL_MUST] }
[Sun Nov 18 18:36:16 2018] [WL_MUST] 发送事件:
[Sun Nov 18 18:36:16 2018] [WL_MUST] ={
[Sun Nov 18 18:36:16 2018] [WL_MUST]   page=/nycs_user_active
[Sun Nov 18 18:36:16 2018] [WL_MUST]   port=8008
[Sun Nov 18 18:36:16 2018] [WL_MUST]   domain=report.syyx.cn
[Sun Nov 18 18:36:16 2018] [WL_MUST]   param={
[Sun Nov 18 18:36:16 2018] [WL_MUST]     active=100
[Sun Nov 18 18:36:16 2018] [WL_MUST]     serverid=382
[Sun Nov 18 18:36:16 2018] [WL_MUST]     time=1542537376
[Sun Nov 18 18:36:16 2018] [WL_MUST]     account=zxm888888
[Sun Nov 18 18:36:16 2018] [WL_MUST]   }
[Sun Nov 18 18:36:16 2018] [WL_MUST] }
[Sun Nov 18 18:36:16 2018] [WL_MUST] 接收回复:
[Sun Nov 18 18:36:16 2018] [WL_MUST] ={
[Sun Nov 18 18:36:16 2018] [WL_MUST]   active=101
[Sun Nov 18 18:36:16 2018] [WL_MUST]   serverid=382
[Sun Nov 18 18:36:16 2018] [WL_MUST]   time=1542537376
[Sun Nov 18 18:36:16 2018] [WL_MUST]   account=yang828
[Sun Nov 18 18:36:16 2018] [WL_MUST] }
[Sun Nov 18 18:36:16 2018] [WL_MUST] =fail
[Sun Nov 18 18:36:16 2018] [WL_MUST] 接收回复:
[Sun Nov 18 18:36:16 2018] [WL_MUST] ={
[Sun Nov 18 18:36:16 2018] [WL_MUST]   active=100
[Sun Nov 18 18:36:16 2018] [WL_MUST]   serverid=382
[Sun Nov 18 18:36:16 2018] [WL_MUST]   time=1542537376
[Sun Nov 18 18:36:16 2018] [WL_MUST]   account=zxm888888
[Sun Nov 18 18:36:16 2018] [WL_MUST] }
[Sun Nov 18 18:36:16 2018] [WL_MUST] =fail
[Sun Nov 18 18:36:43 2018] [WL_MUST] 发送事件:
[Sun Nov 18 18:36:43 2018] [WL_MUST] ={
[Sun Nov 18 18:36:43 2018] [WL_MUST]   page=/nycs_user_active
[Sun Nov 18 18:36:43 2018] [WL_MUST]   port=8008
[Sun Nov 18 18:36:43 2018] [WL_MUST]   domain=report.syyx.cn
[Sun Nov 18 18:36:43 2018] [WL_MUST]   param={
[Sun Nov 18 18:36:43 2018] [WL_MUST]     active=102
[Sun Nov 18 18:36:43 2018] [WL_MUST]     serverid=382
[Sun Nov 18 18:36:43 2018] [WL_MUST]     time=1542537403
[Sun Nov 18 18:36:43 2018] [WL_MUST]     account=1136373308
[Sun Nov 18 18:36:43 2018] [WL_MUST]   }
[Sun Nov 18 18:36:43 2018] [WL_MUST] }
[Sun Nov 18 18:36:43 2018] [WL_MUST] 接收回复:
[Sun Nov 18 18:36:43 2018] [WL_MUST] ={
[Sun Nov 18 18:36:43 2018] [WL_MUST]   active=102
[Sun Nov 18 18:36:43 2018] [WL_MUST]   serverid=382
[Sun Nov 18 18:36:43 2018] [WL_MUST]   time=1542537403
[Sun Nov 18 18:36:43 2018] [WL_MUST]   account=1136373308
[Sun Nov 18 18:36:43 2018] [WL_MUST] }
[Sun Nov 18 18:36:43 2018] [WL_MUST] =fail
[Sun Nov 18 18:36:51 2018] [WL_MUST] 发送事件:
[Sun Nov 18 18:36:51 2018] [WL_MUST] ={
[Sun Nov 18 18:36:51 2018] [WL_MUST]   page=/nycs_user_active
[Sun Nov 18 18:36:51 2018] [WL_MUST]   port=8008
[Sun Nov 18 18:36:51 2018] [WL_MUST]   domain=report.syyx.cn
[Sun Nov 18 18:36:51 2018] [WL_MUST]   param={
[Sun Nov 18 18:36:51 2018] [WL_MUST]     active=102
[Sun Nov 18 18:36:51 2018] [WL_MUST]     serverid=382
[Sun Nov 18 18:36:51 2018] [WL_MUST]     time=1542537411
[Sun Nov 18 18:36:51 2018] [WL_MUST]     account=qwer9012
[Sun Nov 18 18:36:51 2018] [WL_MUST]   }
[Sun Nov 18 18:36:51 2018] [WL_MUST] }
[Sun Nov 18 18:36:51 2018] [WL_MUST] 接收回复:
[Sun Nov 18 18:36:51 2018] [WL_MUST] ={
[Sun Nov 18 18:36:51 2018] [WL_MUST]   active=102
[Sun Nov 18 18:36:51 2018] [WL_MUST]   serverid=382
[Sun Nov 18 18:36:51 2018] [WL_MUST]   time=1542537411
[Sun Nov 18 18:36:51 2018] [WL_MUST]   account=qwer9012
[Sun Nov 18 18:36:51 2018] [WL_MUST] }
[Sun Nov 18 18:36:51 2018] [WL_MUST] =fail
[Sun Nov 18 18:41:03 2018] [WL_MUST] 发送事件:
[Sun Nov 18 18:41:03 2018] [WL_MUST] ={
[Sun Nov 18 18:41:03 2018] [WL_MUST]   page=/nycs_user_active
[Sun Nov 18 18:41:03 2018] [WL_MUST]   port=8008
[Sun Nov 18 18:41:03 2018] [WL_MUST]   domain=report.syyx.cn
[Sun Nov 18 18:41:03 2018] [WL_MUST]   param={
[Sun Nov 18 18:41:03 2018] [WL_MUST]     active=101
[Sun Nov 18 18:41:03 2018] [WL_MUST]     serverid=382
[Sun Nov 18 18:41:03 2018] [WL_MUST]     time=1542537663
[Sun Nov 18 18:41:03 2018] [WL_MUST]     account=yangweiwei520
[Sun Nov 18 18:41:03 2018] [WL_MUST]   }
[Sun Nov 18 18:41:03 2018] [WL_MUST] }
[Sun Nov 18 18:41:03 2018] [WL_MUST] 接收回复:
[Sun Nov 18 18:41:03 2018] [WL_MUST] ={
[Sun Nov 18 18:41:03 2018] [WL_MUST]   active=101
[Sun Nov 18 18:41:03 2018] [WL_MUST]   serverid=382
[Sun Nov 18 18:41:03 2018] [WL_MUST]   time=1542537663
[Sun Nov 18 18:41:03 2018] [WL_MUST]   account=yangweiwei520
[Sun Nov 18 18:41:03 2018] [WL_MUST] }
[Sun Nov 18 18:41:03 2018] [WL_MUST] =fail
[Sun Nov 18 18:41:06 2018] [WL_MUST] 发送事件:
[Sun Nov 18 18:41:06 2018] [WL_MUST] ={
[Sun Nov 18 18:41:06 2018] [WL_MUST]   page=/nycs_five_color
[Sun Nov 18 18:41:06 2018] [WL_MUST]   port=8008
[Sun Nov 18 18:41:06 2018] [WL_MUST]   domain=report.syyx.cn
[Sun Nov 18 18:41:06 2018] [WL_MUST]   param={
[Sun Nov 18 18:41:06 2018] [WL_MUST]     serverid=382
[Sun Nov 18 18:41:06 2018] [WL_MUST]     time=1542537666
[Sun Nov 18 18:41:06 2018] [WL_MUST]     account=PK88888
[Sun Nov 18 18:41:06 2018] [WL_MUST]   }
[Sun Nov 18 18:41:06 2018] [WL_MUST] }
[Sun Nov 18 18:41:06 2018] [WL_MUST] 接收回复:
[Sun Nov 18 18:41:06 2018] [WL_MUST] ={
[Sun Nov 18 18:41:06 2018] [WL_MUST]   serverid=382
[Sun Nov 18 18:41:06 2018] [WL_MUST]   time=1542537666
[Sun Nov 18 18:41:06 2018] [WL_MUST]   account=PK88888
[Sun Nov 18 18:41:06 2018] [WL_MUST] }
[Sun Nov 18 18:41:06 2018] [WL_MUST] =fail
[Sun Nov 18 18:41:16 2018] [WL_MUST] 发送事件:
[Sun Nov 18 18:41:16 2018] [WL_MUST] ={
[Sun Nov 18 18:41:16 2018] [WL_MUST]   page=/nycs_user_active
[Sun Nov 18 18:41:16 2018] [WL_MUST]   port=8008
[Sun Nov 18 18:41:16 2018] [WL_MUST]   domain=report.syyx.cn
[Sun Nov 18 18:41:16 2018] [WL_MUST]   param={
[Sun Nov 18 18:41:16 2018] [WL_MUST]     active=100
[Sun Nov 18 18:41:16 2018] [WL_MUST]     serverid=382
[Sun Nov 18 18:41:16 2018] [WL_MUST]     time=1542537676
[Sun Nov 18 18:41:16 2018] [WL_MUST]     account=zhang19830108
[Sun Nov 18 18:41:16 2018] [WL_MUST]   }
[Sun Nov 18 18:41:16 2018] [WL_MUST] }
[Sun Nov 18 18:41:16 2018] [WL_MUST] 发送事件:
[Sun Nov 18 18:41:16 2018] [WL_MUST] ={
[Sun Nov 18 18:41:16 2018] [WL_MUST]   page=/nycs_user_active
[Sun Nov 18 18:41:16 2018] [WL_MUST]   port=8008
[Sun Nov 18 18:41:16 2018] [WL_MUST]   domain=report.syyx.cn
[Sun Nov 18 18:41:16 2018] [WL_MUST]   param={
[Sun Nov 18 18:41:16 2018] [WL_MUST]     active=100
[Sun Nov 18 18:41:16 2018] [WL_MUST]     serverid=382
[Sun Nov 18 18:41:16 2018] [WL_MUST]     time=1542537676
[Sun Nov 18 18:41:16 2018] [WL_MUST]     account=2677135851aa
[Sun Nov 18 18:41:16 2018] [WL_MUST]   }
[Sun Nov 18 18:41:16 2018] [WL_MUST] }
[Sun Nov 18 18:41:16 2018] [WL_MUST] 接收回复:
[Sun Nov 18 18:41:16 2018] [WL_MUST] ={
[Sun Nov 18 18:41:16 2018] [WL_MUST]   active=100
[Sun Nov 18 18:41:16 2018] [WL_MUST]   serverid=382
[Sun Nov 18 18:41:16 2018] [WL_MUST]   time=1542537676
[Sun Nov 18 18:41:16 2018] [WL_MUST]   account=zhang19830108
[Sun Nov 18 18:41:16 2018] [WL_MUST] }
[Sun Nov 18 18:41:16 2018] [WL_MUST] =fail
[Sun Nov 18 18:41:16 2018] [WL_MUST] 接收回复:
[Sun Nov 18 18:41:16 2018] [WL_MUST] ={
[Sun Nov 18 18:41:16 2018] [WL_MUST]   active=100
[Sun Nov 18 18:41:16 2018] [WL_MUST]   serverid=382
[Sun Nov 18 18:41:16 2018] [WL_MUST]   time=1542537676
[Sun Nov 18 18:41:16 2018] [WL_MUST]   account=2677135851aa
[Sun Nov 18 18:41:16 2018] [WL_MUST] }
[Sun Nov 18 18:41:16 2018] [WL_MUST] =fail
[Sun Nov 18 19:40:07 2018] [WL_MUST] 发送事件:
[Sun Nov 18 19:40:07 2018] [WL_MUST] ={
[Sun Nov 18 19:40:07 2018] [WL_MUST]   page=/nycs_user_active
[Sun Nov 18 19:40:07 2018] [WL_MUST]   port=8008
[Sun Nov 18 19:40:07 2018] [WL_MUST]   domain=report.syyx.cn
[Sun Nov 18 19:40:07 2018] [WL_MUST]   param={
[Sun Nov 18 19:40:07 2018] [WL_MUST]     active=101
[Sun Nov 18 19:40:07 2018] [WL_MUST]     serverid=382
[Sun Nov 18 19:40:07 2018] [WL_MUST]     time=1542541207
[Sun Nov 18 19:40:07 2018] [WL_MUST]     account=lmmdcl520
[Sun Nov 18 19:40:07 2018] [WL_MUST]   }
[Sun Nov 18 19:40:07 2018] [WL_MUST] }
[Sun Nov 18 19:40:07 2018] [WL_MUST] 发送事件:
[Sun Nov 18 19:40:07 2018] [WL_MUST] ={
[Sun Nov 18 19:40:07 2018] [WL_MUST]   page=/nycs_user_active
[Sun Nov 18 19:40:07 2018] [WL_MUST]   port=8008
[Sun Nov 18 19:40:07 2018] [WL_MUST]   domain=report.syyx.cn
[Sun Nov 18 19:40:07 2018] [WL_MUST]   param={
[Sun Nov 18 19:40:07 2018] [WL_MUST]     active=101
[Sun Nov 18 19:40:07 2018] [WL_MUST]     serverid=382
[Sun Nov 18 19:40:07 2018] [WL_MUST]     time=1542541207
[Sun Nov 18 19:40:07 2018] [WL_MUST]     account=xi741852
[Sun Nov 18 19:40:07 2018] [WL_MUST]   }
[Sun Nov 18 19:40:07 2018] [WL_MUST] }
[Sun Nov 18 19:40:08 2018] [WL_MUST] 接收回复:
[Sun Nov 18 19:40:08 2018] [WL_MUST] ={
[Sun Nov 18 19:40:08 2018] [WL_MUST]   active=101
[Sun Nov 18 19:40:08 2018] [WL_MUST]   serverid=382
[Sun Nov 18 19:40:08 2018] [WL_MUST]   time=1542541207
[Sun Nov 18 19:40:08 2018] [WL_MUST]   account=lmmdcl520
[Sun Nov 18 19:40:08 2018] [WL_MUST] }
[Sun Nov 18 19:40:08 2018] [WL_MUST] =fail
[Sun Nov 18 19:40:08 2018] [WL_MUST] 接收回复:
[Sun Nov 18 19:40:08 2018] [WL_MUST] ={
[Sun Nov 18 19:40:08 2018] [WL_MUST]   active=101
[Sun Nov 18 19:40:08 2018] [WL_MUST]   serverid=382
[Sun Nov 18 19:40:08 2018] [WL_MUST]   time=1542541207
[Sun Nov 18 19:40:08 2018] [WL_MUST]   account=xi741852
[Sun Nov 18 19:40:08 2018] [WL_MUST] }
[Sun Nov 18 19:40:08 2018] [WL_MUST] =fail
[Sun Nov 18 19:40:19 2018] [WL_MUST] 发送事件:
[Sun Nov 18 19:40:19 2018] [WL_MUST] ={
[Sun Nov 18 19:40:19 2018] [WL_MUST]   page=/nycs_user_active
[Sun Nov 18 19:40:19 2018] [WL_MUST]   port=8008
[Sun Nov 18 19:40:19 2018] [WL_MUST]   domain=report.syyx.cn
[Sun Nov 18 19:40:19 2018] [WL_MUST]   param={
[Sun Nov 18 19:40:19 2018] [WL_MUST]     active=102
[Sun Nov 18 19:40:19 2018] [WL_MUST]     serverid=382
[Sun Nov 18 19:40:19 2018] [WL_MUST]     time=1542541219
[Sun Nov 18 19:40:19 2018] [WL_MUST]     account=xuhua_hm
[Sun Nov 18 19:40:19 2018] [WL_MUST]   }
[Sun Nov 18 19:40:19 2018] [WL_MUST] }
[Sun Nov 18 19:40:20 2018] [WL_MUST] 接收回复:
[Sun Nov 18 19:40:20 2018] [WL_MUST] ={
[Sun Nov 18 19:40:20 2018] [WL_MUST]   active=102
[Sun Nov 18 19:40:20 2018] [WL_MUST]   serverid=382
[Sun Nov 18 19:40:20 2018] [WL_MUST]   time=1542541219
[Sun Nov 18 19:40:20 2018] [WL_MUST]   account=xuhua_hm
[Sun Nov 18 19:40:20 2018] [WL_MUST] }
[Sun Nov 18 19:40:20 2018] [WL_MUST] =fail
[Sun Nov 18 19:41:25 2018] [WL_MUST] 发送事件:
[Sun Nov 18 19:41:25 2018] [WL_MUST] ={
[Sun Nov 18 19:41:25 2018] [WL_MUST]   page=/nycs_user_active
[Sun Nov 18 19:41:25 2018] [WL_MUST]   port=8008
[Sun Nov 18 19:41:25 2018] [WL_MUST]   domain=report.syyx.cn
[Sun Nov 18 19:41:25 2018] [WL_MUST]   param={
[Sun Nov 18 19:41:25 2018] [WL_MUST]     active=100
[Sun Nov 18 19:41:25 2018] [WL_MUST]     serverid=382
[Sun Nov 18 19:41:25 2018] [WL_MUST]     time=1542541285
[Sun Nov 18 19:41:25 2018] [WL_MUST]     account=bd0709
[Sun Nov 18 19:41:25 2018] [WL_MUST]   }
[Sun Nov 18 19:41:25 2018] [WL_MUST] }
[Sun Nov 18 19:41:25 2018] [WL_MUST] 接收回复:
[Sun Nov 18 19:41:25 2018] [WL_MUST] ={
[Sun Nov 18 19:41:25 2018] [WL_MUST]   active=100
[Sun Nov 18 19:41:25 2018] [WL_MUST]   serverid=382
[Sun Nov 18 19:41:25 2018] [WL_MUST]   time=1542541285
[Sun Nov 18 19:41:25 2018] [WL_MUST]   account=bd0709
[Sun Nov 18 19:41:25 2018] [WL_MUST] }
[Sun Nov 18 19:41:25 2018] [WL_MUST] =fail
[Sun Nov 18 21:32:11 2018] [WL_MUST] 发送事件:
[Sun Nov 18 21:32:11 2018] [WL_MUST] ={
[Sun Nov 18 21:32:11 2018] [WL_MUST]   page=/nycs_user_active
[Sun Nov 18 21:32:11 2018] [WL_MUST]   port=8008
[Sun Nov 18 21:32:11 2018] [WL_MUST]   domain=report.syyx.cn
[Sun Nov 18 21:32:11 2018] [WL_MUST]   param={
[Sun Nov 18 21:32:11 2018] [WL_MUST]     active=101
[Sun Nov 18 21:32:11 2018] [WL_MUST]     serverid=382
[Sun Nov 18 21:32:11 2018] [WL_MUST]     time=1542547931
[Sun Nov 18 21:32:11 2018] [WL_MUST]     account=guoliang1018
[Sun Nov 18 21:32:11 2018] [WL_MUST]   }
[Sun Nov 18 21:32:11 2018] [WL_MUST] }
[Sun Nov 18 21:32:11 2018] [WL_MUST] 接收回复:
[Sun Nov 18 21:32:11 2018] [WL_MUST] ={
[Sun Nov 18 21:32:11 2018] [WL_MUST]   active=101
[Sun Nov 18 21:32:11 2018] [WL_MUST]   serverid=382
[Sun Nov 18 21:32:11 2018] [WL_MUST]   time=1542547931
[Sun Nov 18 21:32:11 2018] [WL_MUST]   account=guoliang1018
[Sun Nov 18 21:32:11 2018] [WL_MUST] }
[Sun Nov 18 21:32:11 2018] [WL_MUST] =fail
[Sun Nov 18 21:32:15 2018] [WL_MUST] 发送事件:
[Sun Nov 18 21:32:15 2018] [WL_MUST] ={
[Sun Nov 18 21:32:15 2018] [WL_MUST]   page=/nycs_user_active
[Sun Nov 18 21:32:15 2018] [WL_MUST]   port=8008
[Sun Nov 18 21:32:15 2018] [WL_MUST]   domain=report.syyx.cn
[Sun Nov 18 21:32:15 2018] [WL_MUST]   param={
[Sun Nov 18 21:32:15 2018] [WL_MUST]     active=102
[Sun Nov 18 21:32:15 2018] [WL_MUST]     serverid=382
[Sun Nov 18 21:32:15 2018] [WL_MUST]     time=1542547935
[Sun Nov 18 21:32:15 2018] [WL_MUST]     account=a1224868618
[Sun Nov 18 21:32:15 2018] [WL_MUST]   }
[Sun Nov 18 21:32:15 2018] [WL_MUST] }
[Sun Nov 18 21:32:15 2018] [WL_MUST] 接收回复:
[Sun Nov 18 21:32:15 2018] [WL_MUST] ={
[Sun Nov 18 21:32:15 2018] [WL_MUST]   active=102
[Sun Nov 18 21:32:15 2018] [WL_MUST]   serverid=382
[Sun Nov 18 21:32:15 2018] [WL_MUST]   time=1542547935
[Sun Nov 18 21:32:15 2018] [WL_MUST]   account=a1224868618
[Sun Nov 18 21:32:15 2018] [WL_MUST] }
[Sun Nov 18 21:32:15 2018] [WL_MUST] =fail
[Sun Nov 18 23:22:25 2018] [WL_MUST] 发送事件:
[Sun Nov 18 23:22:25 2018] [WL_MUST] ={
[Sun Nov 18 23:22:25 2018] [WL_MUST]   page=/nycs_user_active
[Sun Nov 18 23:22:25 2018] [WL_MUST]   port=8008
[Sun Nov 18 23:22:25 2018] [WL_MUST]   domain=report.syyx.cn
[Sun Nov 18 23:22:25 2018] [WL_MUST]   param={
[Sun Nov 18 23:22:25 2018] [WL_MUST]     active=100
[Sun Nov 18 23:22:25 2018] [WL_MUST]     serverid=382
[Sun Nov 18 23:22:25 2018] [WL_MUST]     time=1542554545
[Sun Nov 18 23:22:25 2018] [WL_MUST]     account=qinyangyi
[Sun Nov 18 23:22:25 2018] [WL_MUST]   }
[Sun Nov 18 23:22:25 2018] [WL_MUST] }
[Sun Nov 18 23:22:25 2018] [WL_MUST] 接收回复:
[Sun Nov 18 23:22:25 2018] [WL_MUST] ={
[Sun Nov 18 23:22:25 2018] [WL_MUST]   active=100
[Sun Nov 18 23:22:25 2018] [WL_MUST]   serverid=382
[Sun Nov 18 23:22:25 2018] [WL_MUST]   time=1542554545
[Sun Nov 18 23:22:25 2018] [WL_MUST]   account=qinyangyi
[Sun Nov 18 23:22:25 2018] [WL_MUST] }
[Sun Nov 18 23:22:25 2018] [WL_MUST] =fail
[Sun Nov 18 23:36:12 2018] [WL_MUST] 发送事件:
[Sun Nov 18 23:36:12 2018] [WL_MUST] ={
[Sun Nov 18 23:36:12 2018] [WL_MUST]   page=/nycs_user_active
[Sun Nov 18 23:36:12 2018] [WL_MUST]   port=8008
[Sun Nov 18 23:36:12 2018] [WL_MUST]   domain=report.syyx.cn
[Sun Nov 18 23:36:12 2018] [WL_MUST]   param={
[Sun Nov 18 23:36:12 2018] [WL_MUST]     active=101
[Sun Nov 18 23:36:12 2018] [WL_MUST]     serverid=382
[Sun Nov 18 23:36:12 2018] [WL_MUST]     time=1542555372
[Sun Nov 18 23:36:12 2018] [WL_MUST]     account=wanggang110191
[Sun Nov 18 23:36:12 2018] [WL_MUST]   }
[Sun Nov 18 23:36:12 2018] [WL_MUST] }
[Sun Nov 18 23:36:12 2018] [WL_MUST] 接收回复:
[Sun Nov 18 23:36:12 2018] [WL_MUST] ={
[Sun Nov 18 23:36:12 2018] [WL_MUST]   active=101
[Sun Nov 18 23:36:12 2018] [WL_MUST]   serverid=382
[Sun Nov 18 23:36:12 2018] [WL_MUST]   time=1542555372
[Sun Nov 18 23:36:12 2018] [WL_MUST]   account=wanggang110191
[Sun Nov 18 23:36:12 2018] [WL_MUST] }
[Sun Nov 18 23:36:12 2018] [WL_MUST] =fail
