[Sat Nov 17 01:58:39 2018] [WL_MUST] 发送事件:
[Sat Nov 17 01:58:39 2018] [WL_MUST] ={
[Sat Nov 17 01:58:39 2018] [WL_MUST]   page=/nycs_five_color
[Sat Nov 17 01:58:39 2018] [WL_MUST]   port=8008
[Sat Nov 17 01:58:39 2018] [WL_MUST]   domain=report.syyx.cn
[Sat Nov 17 01:58:39 2018] [WL_MUST]   param={
[Sat Nov 17 01:58:39 2018] [WL_MUST]     serverid=381
[Sat Nov 17 01:58:39 2018] [WL_MUST]     time=1542391119
[Sat Nov 17 01:58:39 2018] [WL_MUST]     account=yu76883
[Sat Nov 17 01:58:39 2018] [WL_MUST]   }
[Sat Nov 17 01:58:39 2018] [WL_MUST] }
[Sat Nov 17 01:58:39 2018] [WL_MUST] 接收回复:
[Sat Nov 17 01:58:39 2018] [WL_MUST] ={
[Sat Nov 17 01:58:39 2018] [WL_MUST]   serverid=381
[Sat Nov 17 01:58:39 2018] [WL_MUST]   time=1542391119
[Sat Nov 17 01:58:39 2018] [WL_MUST]   account=yu76883
[Sat Nov 17 01:58:39 2018] [WL_MUST] }
[Sat Nov 17 01:58:39 2018] [WL_MUST] =fail
[Sat Nov 17 02:00:44 2018] [WL_MUST] 发送事件:
[Sat Nov 17 02:00:44 2018] [WL_MUST] ={
[Sat Nov 17 02:00:44 2018] [WL_MUST]   page=/nycs_five_color
[Sat Nov 17 02:00:44 2018] [WL_MUST]   port=8008
[Sat Nov 17 02:00:44 2018] [WL_MUST]   domain=report.syyx.cn
[Sat Nov 17 02:00:44 2018] [WL_MUST]   param={
[Sat Nov 17 02:00:44 2018] [WL_MUST]     serverid=381
[Sat Nov 17 02:00:44 2018] [WL_MUST]     time=1542391244
[Sat Nov 17 02:00:44 2018] [WL_MUST]     account=mmn04892
[Sat Nov 17 02:00:44 2018] [WL_MUST]   }
[Sat Nov 17 02:00:44 2018] [WL_MUST] }
[Sat Nov 17 02:00:44 2018] [WL_MUST] 接收回复:
[Sat Nov 17 02:00:44 2018] [WL_MUST] ={
[Sat Nov 17 02:00:44 2018] [WL_MUST]   serverid=381
[Sat Nov 17 02:00:44 2018] [WL_MUST]   time=1542391244
[Sat Nov 17 02:00:44 2018] [WL_MUST]   account=mmn04892
[Sat Nov 17 02:00:44 2018] [WL_MUST] }
[Sat Nov 17 02:00:44 2018] [WL_MUST] =fail
[Sat Nov 17 02:05:20 2018] [WL_MUST] 发送事件:
[Sat Nov 17 02:05:20 2018] [WL_MUST] ={
[Sat Nov 17 02:05:20 2018] [WL_MUST]   page=/nycs_five_color
[Sat Nov 17 02:05:20 2018] [WL_MUST]   port=8008
[Sat Nov 17 02:05:20 2018] [WL_MUST]   domain=report.syyx.cn
[Sat Nov 17 02:05:20 2018] [WL_MUST]   param={
[Sat Nov 17 02:05:20 2018] [WL_MUST]     serverid=381
[Sat Nov 17 02:05:20 2018] [WL_MUST]     time=1542391520
[Sat Nov 17 02:05:20 2018] [WL_MUST]     account=xiao53662
[Sat Nov 17 02:05:20 2018] [WL_MUST]   }
[Sat Nov 17 02:05:20 2018] [WL_MUST] }
[Sat Nov 17 02:05:20 2018] [WL_MUST] 接收回复:
[Sat Nov 17 02:05:20 2018] [WL_MUST] ={
[Sat Nov 17 02:05:20 2018] [WL_MUST]   serverid=381
[Sat Nov 17 02:05:20 2018] [WL_MUST]   time=1542391520
[Sat Nov 17 02:05:20 2018] [WL_MUST]   account=xiao53662
[Sat Nov 17 02:05:20 2018] [WL_MUST] }
[Sat Nov 17 02:05:20 2018] [WL_MUST] =fail
