[Sat Nov 17 01:11:37 2018] [WL_MUST] 发送事件:
[Sat Nov 17 01:11:37 2018] [WL_MUST] ={
[Sat Nov 17 01:11:37 2018] [WL_MUST]   page=/nycs_five_color
[Sat Nov 17 01:11:37 2018] [WL_MUST]   port=8008
[Sat Nov 17 01:11:37 2018] [WL_MUST]   domain=report.syyx.cn
[Sat Nov 17 01:11:37 2018] [WL_MUST]   param={
[Sat Nov 17 01:11:37 2018] [WL_MUST]     serverid=382
[Sat Nov 17 01:11:37 2018] [WL_MUST]     time=1542388297
[Sat Nov 17 01:11:37 2018] [WL_MUST]     account=wyzy520
[Sat Nov 17 01:11:37 2018] [WL_MUST]   }
[Sat Nov 17 01:11:37 2018] [WL_MUST] }
[Sat Nov 17 01:11:38 2018] [WL_MUST] 接收回复:
[Sat Nov 17 01:11:38 2018] [WL_MUST] ={
[Sat Nov 17 01:11:38 2018] [WL_MUST]   serverid=382
[Sat Nov 17 01:11:38 2018] [WL_MUST]   time=1542388297
[Sat Nov 17 01:11:38 2018] [WL_MUST]   account=wyzy520
[Sat Nov 17 01:11:38 2018] [WL_MUST] }
[Sat Nov 17 01:11:38 2018] [WL_MUST] =fail
[Sat Nov 17 01:44:41 2018] [WL_MUST] 发送事件:
[Sat Nov 17 01:44:41 2018] [WL_MUST] ={
[Sat Nov 17 01:44:41 2018] [WL_MUST]   page=/nycs_five_color
[Sat Nov 17 01:44:41 2018] [WL_MUST]   port=8008
[Sat Nov 17 01:44:41 2018] [WL_MUST]   domain=report.syyx.cn
[Sat Nov 17 01:44:41 2018] [WL_MUST]   param={
[Sat Nov 17 01:44:41 2018] [WL_MUST]     serverid=382
[Sat Nov 17 01:44:41 2018] [WL_MUST]     time=1542390281
[Sat Nov 17 01:44:41 2018] [WL_MUST]     account=13779379529
[Sat Nov 17 01:44:41 2018] [WL_MUST]   }
[Sat Nov 17 01:44:41 2018] [WL_MUST] }
[Sat Nov 17 01:44:41 2018] [WL_MUST] 接收回复:
[Sat Nov 17 01:44:41 2018] [WL_MUST] ={
[Sat Nov 17 01:44:41 2018] [WL_MUST]   serverid=382
[Sat Nov 17 01:44:41 2018] [WL_MUST]   time=1542390281
[Sat Nov 17 01:44:41 2018] [WL_MUST]   account=13779379529
[Sat Nov 17 01:44:41 2018] [WL_MUST] }
[Sat Nov 17 01:44:41 2018] [WL_MUST] =fail
[Sat Nov 17 04:30:32 2018] [WL_MUST] 发送事件:
[Sat Nov 17 04:30:32 2018] [WL_MUST] ={
[Sat Nov 17 04:30:32 2018] [WL_MUST]   page=/nycs_five_color
[Sat Nov 17 04:30:32 2018] [WL_MUST]   port=8008
[Sat Nov 17 04:30:32 2018] [WL_MUST]   domain=report.syyx.cn
[Sat Nov 17 04:30:32 2018] [WL_MUST]   param={
[Sat Nov 17 04:30:32 2018] [WL_MUST]     serverid=382
[Sat Nov 17 04:30:32 2018] [WL_MUST]     time=1542400232
[Sat Nov 17 04:30:32 2018] [WL_MUST]     account=rui_xiao2
[Sat Nov 17 04:30:32 2018] [WL_MUST]   }
[Sat Nov 17 04:30:32 2018] [WL_MUST] }
[Sat Nov 17 04:30:32 2018] [WL_MUST] 接收回复:
[Sat Nov 17 04:30:32 2018] [WL_MUST] ={
[Sat Nov 17 04:30:32 2018] [WL_MUST]   serverid=382
[Sat Nov 17 04:30:32 2018] [WL_MUST]   time=1542400232
[Sat Nov 17 04:30:32 2018] [WL_MUST]   account=rui_xiao2
[Sat Nov 17 04:30:32 2018] [WL_MUST] }
[Sat Nov 17 04:30:32 2018] [WL_MUST] =fail
[Sat Nov 17 10:12:43 2018] [WL_MUST] 发送事件:
[Sat Nov 17 10:12:43 2018] [WL_MUST] ={
[Sat Nov 17 10:12:43 2018] [WL_MUST]   page=/nycs_user_active
[Sat Nov 17 10:12:43 2018] [WL_MUST]   port=8008
[Sat Nov 17 10:12:43 2018] [WL_MUST]   domain=report.syyx.cn
[Sat Nov 17 10:12:43 2018] [WL_MUST]   param={
[Sat Nov 17 10:12:43 2018] [WL_MUST]     active=100
[Sat Nov 17 10:12:43 2018] [WL_MUST]     serverid=382
[Sat Nov 17 10:12:43 2018] [WL_MUST]     time=1542420763
[Sat Nov 17 10:12:43 2018] [WL_MUST]     account=sup19931103
[Sat Nov 17 10:12:43 2018] [WL_MUST]   }
[Sat Nov 17 10:12:43 2018] [WL_MUST] }
[Sat Nov 17 10:12:43 2018] [WL_MUST] 接收回复:
[Sat Nov 17 10:12:43 2018] [WL_MUST] ={
[Sat Nov 17 10:12:43 2018] [WL_MUST]   active=100
[Sat Nov 17 10:12:43 2018] [WL_MUST]   serverid=382
[Sat Nov 17 10:12:43 2018] [WL_MUST]   time=1542420763
[Sat Nov 17 10:12:43 2018] [WL_MUST]   account=sup19931103
[Sat Nov 17 10:12:43 2018] [WL_MUST] }
[Sat Nov 17 10:12:43 2018] [WL_MUST] =fail
[Sat Nov 17 10:32:10 2018] [WL_MUST] 发送事件:
[Sat Nov 17 10:32:10 2018] [WL_MUST] ={
[Sat Nov 17 10:32:10 2018] [WL_MUST]   page=/nycs_user_active
[Sat Nov 17 10:32:10 2018] [WL_MUST]   port=8008
[Sat Nov 17 10:32:10 2018] [WL_MUST]   domain=report.syyx.cn
[Sat Nov 17 10:32:10 2018] [WL_MUST]   param={
[Sat Nov 17 10:32:10 2018] [WL_MUST]     active=100
[Sat Nov 17 10:32:10 2018] [WL_MUST]     serverid=382
[Sat Nov 17 10:32:10 2018] [WL_MUST]     time=1542421930
[Sat Nov 17 10:32:10 2018] [WL_MUST]     account=aa63511559
[Sat Nov 17 10:32:10 2018] [WL_MUST]   }
[Sat Nov 17 10:32:10 2018] [WL_MUST] }
[Sat Nov 17 10:32:10 2018] [WL_MUST] 接收回复:
[Sat Nov 17 10:32:10 2018] [WL_MUST] ={
[Sat Nov 17 10:32:10 2018] [WL_MUST]   active=100
[Sat Nov 17 10:32:10 2018] [WL_MUST]   serverid=382
[Sat Nov 17 10:32:10 2018] [WL_MUST]   time=1542421930
[Sat Nov 17 10:32:10 2018] [WL_MUST]   account=aa63511559
[Sat Nov 17 10:32:10 2018] [WL_MUST] }
[Sat Nov 17 10:32:10 2018] [WL_MUST] =fail
[Sat Nov 17 10:40:35 2018] [WL_MUST] 发送事件:
[Sat Nov 17 10:40:35 2018] [WL_MUST] ={
[Sat Nov 17 10:40:35 2018] [WL_MUST]   page=/nycs_user_active
[Sat Nov 17 10:40:35 2018] [WL_MUST]   port=8008
[Sat Nov 17 10:40:35 2018] [WL_MUST]   domain=report.syyx.cn
[Sat Nov 17 10:40:35 2018] [WL_MUST]   param={
[Sat Nov 17 10:40:35 2018] [WL_MUST]     active=101
[Sat Nov 17 10:40:35 2018] [WL_MUST]     serverid=382
[Sat Nov 17 10:40:35 2018] [WL_MUST]     time=1542422435
[Sat Nov 17 10:40:35 2018] [WL_MUST]     account=xssteve
[Sat Nov 17 10:40:35 2018] [WL_MUST]   }
[Sat Nov 17 10:40:35 2018] [WL_MUST] }
[Sat Nov 17 10:40:35 2018] [WL_MUST] 接收回复:
[Sat Nov 17 10:40:35 2018] [WL_MUST] ={
[Sat Nov 17 10:40:35 2018] [WL_MUST]   active=101
[Sat Nov 17 10:40:35 2018] [WL_MUST]   serverid=382
[Sat Nov 17 10:40:35 2018] [WL_MUST]   time=1542422435
[Sat Nov 17 10:40:35 2018] [WL_MUST]   account=xssteve
[Sat Nov 17 10:40:35 2018] [WL_MUST] }
[Sat Nov 17 10:40:35 2018] [WL_MUST] =fail
[Sat Nov 17 10:47:17 2018] [WL_MUST] 发送事件:
[Sat Nov 17 10:47:17 2018] [WL_MUST] ={
[Sat Nov 17 10:47:17 2018] [WL_MUST]   page=/nycs_five_color
[Sat Nov 17 10:47:17 2018] [WL_MUST]   port=8008
[Sat Nov 17 10:47:17 2018] [WL_MUST]   domain=report.syyx.cn
[Sat Nov 17 10:47:17 2018] [WL_MUST]   param={
[Sat Nov 17 10:47:17 2018] [WL_MUST]     serverid=382
[Sat Nov 17 10:47:17 2018] [WL_MUST]     time=1542422837
[Sat Nov 17 10:47:17 2018] [WL_MUST]     account=13776838878
[Sat Nov 17 10:47:17 2018] [WL_MUST]   }
[Sat Nov 17 10:47:17 2018] [WL_MUST] }
[Sat Nov 17 10:47:17 2018] [WL_MUST] 接收回复:
[Sat Nov 17 10:47:17 2018] [WL_MUST] ={
[Sat Nov 17 10:47:17 2018] [WL_MUST]   serverid=382
[Sat Nov 17 10:47:17 2018] [WL_MUST]   time=1542422837
[Sat Nov 17 10:47:17 2018] [WL_MUST]   account=13776838878
[Sat Nov 17 10:47:17 2018] [WL_MUST] }
[Sat Nov 17 10:47:17 2018] [WL_MUST] =fail
[Sat Nov 17 11:19:23 2018] [WL_MUST] 发送事件:
[Sat Nov 17 11:19:23 2018] [WL_MUST] ={
[Sat Nov 17 11:19:23 2018] [WL_MUST]   page=/nycs_user_active
[Sat Nov 17 11:19:23 2018] [WL_MUST]   port=8008
[Sat Nov 17 11:19:23 2018] [WL_MUST]   domain=report.syyx.cn
[Sat Nov 17 11:19:23 2018] [WL_MUST]   param={
[Sat Nov 17 11:19:23 2018] [WL_MUST]     active=100
[Sat Nov 17 11:19:23 2018] [WL_MUST]     serverid=382
[Sat Nov 17 11:19:23 2018] [WL_MUST]     time=1542424763
[Sat Nov 17 11:19:23 2018] [WL_MUST]     account=rui_xiao11
[Sat Nov 17 11:19:23 2018] [WL_MUST]   }
[Sat Nov 17 11:19:23 2018] [WL_MUST] }
[Sat Nov 17 11:19:23 2018] [WL_MUST] 接收回复:
[Sat Nov 17 11:19:23 2018] [WL_MUST] ={
[Sat Nov 17 11:19:23 2018] [WL_MUST]   active=100
[Sat Nov 17 11:19:23 2018] [WL_MUST]   serverid=382
[Sat Nov 17 11:19:23 2018] [WL_MUST]   time=1542424763
[Sat Nov 17 11:19:23 2018] [WL_MUST]   account=rui_xiao11
[Sat Nov 17 11:19:23 2018] [WL_MUST] }
[Sat Nov 17 11:19:23 2018] [WL_MUST] =fail
[Sat Nov 17 11:19:28 2018] [WL_MUST] 发送事件:
[Sat Nov 17 11:19:28 2018] [WL_MUST] ={
[Sat Nov 17 11:19:28 2018] [WL_MUST]   page=/nycs_user_active
[Sat Nov 17 11:19:28 2018] [WL_MUST]   port=8008
[Sat Nov 17 11:19:28 2018] [WL_MUST]   domain=report.syyx.cn
[Sat Nov 17 11:19:28 2018] [WL_MUST]   param={
[Sat Nov 17 11:19:28 2018] [WL_MUST]     active=103
[Sat Nov 17 11:19:28 2018] [WL_MUST]     serverid=382
[Sat Nov 17 11:19:28 2018] [WL_MUST]     time=1542424768
[Sat Nov 17 11:19:28 2018] [WL_MUST]     account=woaibw3332
[Sat Nov 17 11:19:28 2018] [WL_MUST]   }
[Sat Nov 17 11:19:28 2018] [WL_MUST] }
[Sat Nov 17 11:19:28 2018] [WL_MUST] 发送事件:
[Sat Nov 17 11:19:28 2018] [WL_MUST] ={
[Sat Nov 17 11:19:28 2018] [WL_MUST]   page=/nycs_five_color
[Sat Nov 17 11:19:28 2018] [WL_MUST]   port=8008
[Sat Nov 17 11:19:28 2018] [WL_MUST]   domain=report.syyx.cn
[Sat Nov 17 11:19:28 2018] [WL_MUST]   param={
[Sat Nov 17 11:19:28 2018] [WL_MUST]     serverid=382
[Sat Nov 17 11:19:28 2018] [WL_MUST]     time=1542424768
[Sat Nov 17 11:19:28 2018] [WL_MUST]     account=woaibw3332
[Sat Nov 17 11:19:28 2018] [WL_MUST]   }
[Sat Nov 17 11:19:28 2018] [WL_MUST] }
[Sat Nov 17 11:19:28 2018] [WL_MUST] 接收回复:
[Sat Nov 17 11:19:28 2018] [WL_MUST] ={
[Sat Nov 17 11:19:28 2018] [WL_MUST]   serverid=382
[Sat Nov 17 11:19:28 2018] [WL_MUST]   time=1542424768
[Sat Nov 17 11:19:28 2018] [WL_MUST]   account=woaibw3332
[Sat Nov 17 11:19:28 2018] [WL_MUST] }
[Sat Nov 17 11:19:28 2018] [WL_MUST] =fail
[Sat Nov 17 11:19:28 2018] [WL_MUST] 接收回复:
[Sat Nov 17 11:19:28 2018] [WL_MUST] ={
[Sat Nov 17 11:19:28 2018] [WL_MUST]   active=103
[Sat Nov 17 11:19:28 2018] [WL_MUST]   serverid=382
[Sat Nov 17 11:19:28 2018] [WL_MUST]   time=1542424768
[Sat Nov 17 11:19:28 2018] [WL_MUST]   account=woaibw3332
[Sat Nov 17 11:19:28 2018] [WL_MUST] }
[Sat Nov 17 11:19:28 2018] [WL_MUST] =fail
[Sat Nov 17 11:36:22 2018] [WL_MUST] 发送事件:
[Sat Nov 17 11:36:22 2018] [WL_MUST] ={
[Sat Nov 17 11:36:22 2018] [WL_MUST]   page=/nycs_user_active
[Sat Nov 17 11:36:22 2018] [WL_MUST]   port=8008
[Sat Nov 17 11:36:22 2018] [WL_MUST]   domain=report.syyx.cn
[Sat Nov 17 11:36:22 2018] [WL_MUST]   param={
[Sat Nov 17 11:36:22 2018] [WL_MUST]     active=101
[Sat Nov 17 11:36:22 2018] [WL_MUST]     serverid=382
[Sat Nov 17 11:36:22 2018] [WL_MUST]     time=1542425782
[Sat Nov 17 11:36:22 2018] [WL_MUST]     account=aaaa13728722226
[Sat Nov 17 11:36:22 2018] [WL_MUST]   }
[Sat Nov 17 11:36:22 2018] [WL_MUST] }
[Sat Nov 17 11:36:22 2018] [WL_MUST] 接收回复:
[Sat Nov 17 11:36:22 2018] [WL_MUST] ={
[Sat Nov 17 11:36:22 2018] [WL_MUST]   active=101
[Sat Nov 17 11:36:22 2018] [WL_MUST]   serverid=382
[Sat Nov 17 11:36:22 2018] [WL_MUST]   time=1542425782
[Sat Nov 17 11:36:22 2018] [WL_MUST]   account=aaaa13728722226
[Sat Nov 17 11:36:22 2018] [WL_MUST] }
[Sat Nov 17 11:36:22 2018] [WL_MUST] =fail
[Sat Nov 17 11:36:41 2018] [WL_MUST] 发送事件:
[Sat Nov 17 11:36:41 2018] [WL_MUST] ={
[Sat Nov 17 11:36:41 2018] [WL_MUST]   page=/nycs_user_active
[Sat Nov 17 11:36:41 2018] [WL_MUST]   port=8008
[Sat Nov 17 11:36:41 2018] [WL_MUST]   domain=report.syyx.cn
[Sat Nov 17 11:36:41 2018] [WL_MUST]   param={
[Sat Nov 17 11:36:41 2018] [WL_MUST]     active=101
[Sat Nov 17 11:36:41 2018] [WL_MUST]     serverid=382
[Sat Nov 17 11:36:41 2018] [WL_MUST]     time=1542425801
[Sat Nov 17 11:36:41 2018] [WL_MUST]     account=cctvb2170
[Sat Nov 17 11:36:41 2018] [WL_MUST]   }
[Sat Nov 17 11:36:41 2018] [WL_MUST] }
[Sat Nov 17 11:36:41 2018] [WL_MUST] 接收回复:
[Sat Nov 17 11:36:41 2018] [WL_MUST] ={
[Sat Nov 17 11:36:41 2018] [WL_MUST]   active=101
[Sat Nov 17 11:36:41 2018] [WL_MUST]   serverid=382
[Sat Nov 17 11:36:41 2018] [WL_MUST]   time=1542425801
[Sat Nov 17 11:36:41 2018] [WL_MUST]   account=cctvb2170
[Sat Nov 17 11:36:41 2018] [WL_MUST] }
[Sat Nov 17 11:36:41 2018] [WL_MUST] =fail
[Sat Nov 17 11:40:22 2018] [WL_MUST] 发送事件:
[Sat Nov 17 11:40:22 2018] [WL_MUST] ={
[Sat Nov 17 11:40:22 2018] [WL_MUST]   page=/nycs_user_active
[Sat Nov 17 11:40:22 2018] [WL_MUST]   port=8008
[Sat Nov 17 11:40:22 2018] [WL_MUST]   domain=report.syyx.cn
[Sat Nov 17 11:40:22 2018] [WL_MUST]   param={
[Sat Nov 17 11:40:22 2018] [WL_MUST]     active=101
[Sat Nov 17 11:40:22 2018] [WL_MUST]     serverid=382
[Sat Nov 17 11:40:22 2018] [WL_MUST]     time=1542426022
[Sat Nov 17 11:40:22 2018] [WL_MUST]     account=dahai19870717
[Sat Nov 17 11:40:22 2018] [WL_MUST]   }
[Sat Nov 17 11:40:22 2018] [WL_MUST] }
[Sat Nov 17 11:40:22 2018] [WL_MUST] 接收回复:
[Sat Nov 17 11:40:22 2018] [WL_MUST] ={
[Sat Nov 17 11:40:22 2018] [WL_MUST]   active=101
[Sat Nov 17 11:40:22 2018] [WL_MUST]   serverid=382
[Sat Nov 17 11:40:22 2018] [WL_MUST]   time=1542426022
[Sat Nov 17 11:40:22 2018] [WL_MUST]   account=dahai19870717
[Sat Nov 17 11:40:22 2018] [WL_MUST] }
[Sat Nov 17 11:40:22 2018] [WL_MUST] =fail
[Sat Nov 17 11:41:11 2018] [WL_MUST] 发送事件:
[Sat Nov 17 11:41:11 2018] [WL_MUST] ={
[Sat Nov 17 11:41:11 2018] [WL_MUST]   page=/nycs_user_active
[Sat Nov 17 11:41:11 2018] [WL_MUST]   port=8008
[Sat Nov 17 11:41:11 2018] [WL_MUST]   domain=report.syyx.cn
[Sat Nov 17 11:41:11 2018] [WL_MUST]   param={
[Sat Nov 17 11:41:11 2018] [WL_MUST]     active=100
[Sat Nov 17 11:41:11 2018] [WL_MUST]     serverid=382
[Sat Nov 17 11:41:11 2018] [WL_MUST]     time=1542426071
[Sat Nov 17 11:41:11 2018] [WL_MUST]     account=bbcx522
[Sat Nov 17 11:41:11 2018] [WL_MUST]   }
[Sat Nov 17 11:41:11 2018] [WL_MUST] }
[Sat Nov 17 11:41:11 2018] [WL_MUST] 接收回复:
[Sat Nov 17 11:41:11 2018] [WL_MUST] ={
[Sat Nov 17 11:41:11 2018] [WL_MUST]   active=100
[Sat Nov 17 11:41:11 2018] [WL_MUST]   serverid=382
[Sat Nov 17 11:41:11 2018] [WL_MUST]   time=1542426071
[Sat Nov 17 11:41:11 2018] [WL_MUST]   account=bbcx522
[Sat Nov 17 11:41:11 2018] [WL_MUST] }
[Sat Nov 17 11:41:11 2018] [WL_MUST] =fail
[Sat Nov 17 11:48:59 2018] [WL_MUST] 发送事件:
[Sat Nov 17 11:48:59 2018] [WL_MUST] ={
[Sat Nov 17 11:48:59 2018] [WL_MUST]   page=/nycs_user_active
[Sat Nov 17 11:48:59 2018] [WL_MUST]   port=8008
[Sat Nov 17 11:48:59 2018] [WL_MUST]   domain=report.syyx.cn
[Sat Nov 17 11:48:59 2018] [WL_MUST]   param={
[Sat Nov 17 11:48:59 2018] [WL_MUST]     active=101
[Sat Nov 17 11:48:59 2018] [WL_MUST]     serverid=382
[Sat Nov 17 11:48:59 2018] [WL_MUST]     time=1542426539
[Sat Nov 17 11:48:59 2018] [WL_MUST]     account=lilijingang886
[Sat Nov 17 11:48:59 2018] [WL_MUST]   }
[Sat Nov 17 11:48:59 2018] [WL_MUST] }
[Sat Nov 17 11:48:59 2018] [WL_MUST] 接收回复:
[Sat Nov 17 11:48:59 2018] [WL_MUST] ={
[Sat Nov 17 11:48:59 2018] [WL_MUST]   active=101
[Sat Nov 17 11:48:59 2018] [WL_MUST]   serverid=382
[Sat Nov 17 11:48:59 2018] [WL_MUST]   time=1542426539
[Sat Nov 17 11:48:59 2018] [WL_MUST]   account=lilijingang886
[Sat Nov 17 11:48:59 2018] [WL_MUST] }
[Sat Nov 17 11:48:59 2018] [WL_MUST] =fail
[Sat Nov 17 12:32:30 2018] [WL_MUST] 发送事件:
[Sat Nov 17 12:32:30 2018] [WL_MUST] ={
[Sat Nov 17 12:32:30 2018] [WL_MUST]   page=/nycs_user_active
[Sat Nov 17 12:32:30 2018] [WL_MUST]   port=8008
[Sat Nov 17 12:32:30 2018] [WL_MUST]   domain=report.syyx.cn
[Sat Nov 17 12:32:30 2018] [WL_MUST]   param={
[Sat Nov 17 12:32:30 2018] [WL_MUST]     active=100
[Sat Nov 17 12:32:30 2018] [WL_MUST]     serverid=382
[Sat Nov 17 12:32:30 2018] [WL_MUST]     time=1542429150
[Sat Nov 17 12:32:30 2018] [WL_MUST]     account=xuxinxing
[Sat Nov 17 12:32:30 2018] [WL_MUST]   }
[Sat Nov 17 12:32:30 2018] [WL_MUST] }
[Sat Nov 17 12:32:30 2018] [WL_MUST] 接收回复:
[Sat Nov 17 12:32:30 2018] [WL_MUST] ={
[Sat Nov 17 12:32:30 2018] [WL_MUST]   active=100
[Sat Nov 17 12:32:30 2018] [WL_MUST]   serverid=382
[Sat Nov 17 12:32:30 2018] [WL_MUST]   time=1542429150
[Sat Nov 17 12:32:30 2018] [WL_MUST]   account=xuxinxing
[Sat Nov 17 12:32:30 2018] [WL_MUST] }
[Sat Nov 17 12:32:30 2018] [WL_MUST] =fail
[Sat Nov 17 12:32:54 2018] [WL_MUST] 发送事件:
[Sat Nov 17 12:32:54 2018] [WL_MUST] ={
[Sat Nov 17 12:32:54 2018] [WL_MUST]   page=/nycs_user_active
[Sat Nov 17 12:32:54 2018] [WL_MUST]   port=8008
[Sat Nov 17 12:32:54 2018] [WL_MUST]   domain=report.syyx.cn
[Sat Nov 17 12:32:54 2018] [WL_MUST]   param={
[Sat Nov 17 12:32:54 2018] [WL_MUST]     active=101
[Sat Nov 17 12:32:54 2018] [WL_MUST]     serverid=382
[Sat Nov 17 12:32:54 2018] [WL_MUST]     time=1542429174
[Sat Nov 17 12:32:54 2018] [WL_MUST]     account=zhd555
[Sat Nov 17 12:32:54 2018] [WL_MUST]   }
[Sat Nov 17 12:32:54 2018] [WL_MUST] }
[Sat Nov 17 12:32:54 2018] [WL_MUST] 接收回复:
[Sat Nov 17 12:32:54 2018] [WL_MUST] ={
[Sat Nov 17 12:32:54 2018] [WL_MUST]   active=101
[Sat Nov 17 12:32:54 2018] [WL_MUST]   serverid=382
[Sat Nov 17 12:32:54 2018] [WL_MUST]   time=1542429174
[Sat Nov 17 12:32:54 2018] [WL_MUST]   account=zhd555
[Sat Nov 17 12:32:54 2018] [WL_MUST] }
[Sat Nov 17 12:32:54 2018] [WL_MUST] =fail
[Sat Nov 17 12:40:31 2018] [WL_MUST] 发送事件:
[Sat Nov 17 12:40:31 2018] [WL_MUST] ={
[Sat Nov 17 12:40:31 2018] [WL_MUST]   page=/nycs_user_active
[Sat Nov 17 12:40:31 2018] [WL_MUST]   port=8008
[Sat Nov 17 12:40:31 2018] [WL_MUST]   domain=report.syyx.cn
[Sat Nov 17 12:40:31 2018] [WL_MUST]   param={
[Sat Nov 17 12:40:31 2018] [WL_MUST]     active=102
[Sat Nov 17 12:40:31 2018] [WL_MUST]     serverid=382
[Sat Nov 17 12:40:31 2018] [WL_MUST]     time=1542429631
[Sat Nov 17 12:40:31 2018] [WL_MUST]     account=ydf13158370622
[Sat Nov 17 12:40:31 2018] [WL_MUST]   }
[Sat Nov 17 12:40:31 2018] [WL_MUST] }
[Sat Nov 17 12:40:31 2018] [WL_MUST] 接收回复:
[Sat Nov 17 12:40:31 2018] [WL_MUST] ={
[Sat Nov 17 12:40:31 2018] [WL_MUST]   active=102
[Sat Nov 17 12:40:31 2018] [WL_MUST]   serverid=382
[Sat Nov 17 12:40:31 2018] [WL_MUST]   time=1542429631
[Sat Nov 17 12:40:31 2018] [WL_MUST]   account=ydf13158370622
[Sat Nov 17 12:40:31 2018] [WL_MUST] }
[Sat Nov 17 12:40:31 2018] [WL_MUST] =fail
[Sat Nov 17 12:40:49 2018] [WL_MUST] 发送事件:
[Sat Nov 17 12:40:49 2018] [WL_MUST] ={
[Sat Nov 17 12:40:49 2018] [WL_MUST]   page=/nycs_user_active
[Sat Nov 17 12:40:49 2018] [WL_MUST]   port=8008
[Sat Nov 17 12:40:49 2018] [WL_MUST]   domain=report.syyx.cn
[Sat Nov 17 12:40:49 2018] [WL_MUST]   param={
[Sat Nov 17 12:40:49 2018] [WL_MUST]     active=100
[Sat Nov 17 12:40:49 2018] [WL_MUST]     serverid=382
[Sat Nov 17 12:40:49 2018] [WL_MUST]     time=1542429649
[Sat Nov 17 12:40:49 2018] [WL_MUST]     account=qq519198974
[Sat Nov 17 12:40:49 2018] [WL_MUST]   }
[Sat Nov 17 12:40:49 2018] [WL_MUST] }
[Sat Nov 17 12:40:49 2018] [WL_MUST] 发送事件:
[Sat Nov 17 12:40:49 2018] [WL_MUST] ={
[Sat Nov 17 12:40:49 2018] [WL_MUST]   page=/nycs_user_active
[Sat Nov 17 12:40:49 2018] [WL_MUST]   port=8008
[Sat Nov 17 12:40:49 2018] [WL_MUST]   domain=report.syyx.cn
[Sat Nov 17 12:40:49 2018] [WL_MUST]   param={
[Sat Nov 17 12:40:49 2018] [WL_MUST]     active=100
[Sat Nov 17 12:40:49 2018] [WL_MUST]     serverid=382
[Sat Nov 17 12:40:49 2018] [WL_MUST]     time=1542429649
[Sat Nov 17 12:40:49 2018] [WL_MUST]     account=a99242027
[Sat Nov 17 12:40:49 2018] [WL_MUST]   }
[Sat Nov 17 12:40:49 2018] [WL_MUST] }
[Sat Nov 17 12:40:49 2018] [WL_MUST] 接收回复:
[Sat Nov 17 12:40:49 2018] [WL_MUST] ={
[Sat Nov 17 12:40:49 2018] [WL_MUST]   active=100
[Sat Nov 17 12:40:49 2018] [WL_MUST]   serverid=382
[Sat Nov 17 12:40:49 2018] [WL_MUST]   time=1542429649
[Sat Nov 17 12:40:49 2018] [WL_MUST]   account=a99242027
[Sat Nov 17 12:40:49 2018] [WL_MUST] }
[Sat Nov 17 12:40:49 2018] [WL_MUST] =fail
[Sat Nov 17 12:40:49 2018] [WL_MUST] 接收回复:
[Sat Nov 17 12:40:49 2018] [WL_MUST] ={
[Sat Nov 17 12:40:49 2018] [WL_MUST]   active=100
[Sat Nov 17 12:40:49 2018] [WL_MUST]   serverid=382
[Sat Nov 17 12:40:49 2018] [WL_MUST]   time=1542429649
[Sat Nov 17 12:40:49 2018] [WL_MUST]   account=qq519198974
[Sat Nov 17 12:40:49 2018] [WL_MUST] }
[Sat Nov 17 12:40:49 2018] [WL_MUST] =fail
[Sat Nov 17 13:12:40 2018] [WL_MUST] 发送事件:
[Sat Nov 17 13:12:40 2018] [WL_MUST] ={
[Sat Nov 17 13:12:40 2018] [WL_MUST]   page=/nycs_user_active
[Sat Nov 17 13:12:40 2018] [WL_MUST]   port=8008
[Sat Nov 17 13:12:40 2018] [WL_MUST]   domain=report.syyx.cn
[Sat Nov 17 13:12:40 2018] [WL_MUST]   param={
[Sat Nov 17 13:12:40 2018] [WL_MUST]     active=101
[Sat Nov 17 13:12:40 2018] [WL_MUST]     serverid=382
[Sat Nov 17 13:12:40 2018] [WL_MUST]     time=1542431560
[Sat Nov 17 13:12:40 2018] [WL_MUST]     account=rui_xiao8
[Sat Nov 17 13:12:40 2018] [WL_MUST]   }
[Sat Nov 17 13:12:40 2018] [WL_MUST] }
[Sat Nov 17 13:12:40 2018] [WL_MUST] 接收回复:
[Sat Nov 17 13:12:40 2018] [WL_MUST] ={
[Sat Nov 17 13:12:40 2018] [WL_MUST]   active=101
[Sat Nov 17 13:12:40 2018] [WL_MUST]   serverid=382
[Sat Nov 17 13:12:40 2018] [WL_MUST]   time=1542431560
[Sat Nov 17 13:12:40 2018] [WL_MUST]   account=rui_xiao8
[Sat Nov 17 13:12:40 2018] [WL_MUST] }
[Sat Nov 17 13:12:40 2018] [WL_MUST] =fail
[Sat Nov 17 13:31:47 2018] [WL_MUST] 发送事件:
[Sat Nov 17 13:31:47 2018] [WL_MUST] ={
[Sat Nov 17 13:31:47 2018] [WL_MUST]   page=/nycs_user_active
[Sat Nov 17 13:31:47 2018] [WL_MUST]   port=8008
[Sat Nov 17 13:31:47 2018] [WL_MUST]   domain=report.syyx.cn
[Sat Nov 17 13:31:47 2018] [WL_MUST]   param={
[Sat Nov 17 13:31:47 2018] [WL_MUST]     active=102
[Sat Nov 17 13:31:47 2018] [WL_MUST]     serverid=382
[Sat Nov 17 13:31:47 2018] [WL_MUST]     time=1542432707
[Sat Nov 17 13:31:47 2018] [WL_MUST]     account=lilijingang777
[Sat Nov 17 13:31:47 2018] [WL_MUST]   }
[Sat Nov 17 13:31:47 2018] [WL_MUST] }
[Sat Nov 17 13:31:47 2018] [WL_MUST] 接收回复:
[Sat Nov 17 13:31:47 2018] [WL_MUST] ={
[Sat Nov 17 13:31:47 2018] [WL_MUST]   active=102
[Sat Nov 17 13:31:47 2018] [WL_MUST]   serverid=382
[Sat Nov 17 13:31:47 2018] [WL_MUST]   time=1542432707
[Sat Nov 17 13:31:47 2018] [WL_MUST]   account=lilijingang777
[Sat Nov 17 13:31:47 2018] [WL_MUST] }
[Sat Nov 17 13:31:47 2018] [WL_MUST] =fail
[Sat Nov 17 13:38:30 2018] [WL_MUST] 发送事件:
[Sat Nov 17 13:38:30 2018] [WL_MUST] ={
[Sat Nov 17 13:38:30 2018] [WL_MUST]   page=/nycs_five_color
[Sat Nov 17 13:38:30 2018] [WL_MUST]   port=8008
[Sat Nov 17 13:38:30 2018] [WL_MUST]   domain=report.syyx.cn
[Sat Nov 17 13:38:30 2018] [WL_MUST]   param={
[Sat Nov 17 13:38:30 2018] [WL_MUST]     serverid=382
[Sat Nov 17 13:38:30 2018] [WL_MUST]     time=1542433110
[Sat Nov 17 13:38:30 2018] [WL_MUST]     account=yy474348675
[Sat Nov 17 13:38:30 2018] [WL_MUST]   }
[Sat Nov 17 13:38:30 2018] [WL_MUST] }
[Sat Nov 17 13:38:30 2018] [WL_MUST] 接收回复:
[Sat Nov 17 13:38:30 2018] [WL_MUST] ={
[Sat Nov 17 13:38:30 2018] [WL_MUST]   serverid=382
[Sat Nov 17 13:38:30 2018] [WL_MUST]   time=1542433110
[Sat Nov 17 13:38:30 2018] [WL_MUST]   account=yy474348675
[Sat Nov 17 13:38:30 2018] [WL_MUST] }
[Sat Nov 17 13:38:30 2018] [WL_MUST] =fail
[Sat Nov 17 13:40:51 2018] [WL_MUST] 发送事件:
[Sat Nov 17 13:40:51 2018] [WL_MUST] ={
[Sat Nov 17 13:40:51 2018] [WL_MUST]   page=/nycs_user_active
[Sat Nov 17 13:40:51 2018] [WL_MUST]   port=8008
[Sat Nov 17 13:40:51 2018] [WL_MUST]   domain=report.syyx.cn
[Sat Nov 17 13:40:51 2018] [WL_MUST]   param={
[Sat Nov 17 13:40:51 2018] [WL_MUST]     active=100
[Sat Nov 17 13:40:51 2018] [WL_MUST]     serverid=382
[Sat Nov 17 13:40:51 2018] [WL_MUST]     time=1542433251
[Sat Nov 17 13:40:51 2018] [WL_MUST]     account=a15860532696
[Sat Nov 17 13:40:51 2018] [WL_MUST]   }
[Sat Nov 17 13:40:51 2018] [WL_MUST] }
[Sat Nov 17 13:40:51 2018] [WL_MUST] 发送事件:
[Sat Nov 17 13:40:51 2018] [WL_MUST] ={
[Sat Nov 17 13:40:51 2018] [WL_MUST]   page=/nycs_user_active
[Sat Nov 17 13:40:51 2018] [WL_MUST]   port=8008
[Sat Nov 17 13:40:51 2018] [WL_MUST]   domain=report.syyx.cn
[Sat Nov 17 13:40:51 2018] [WL_MUST]   param={
[Sat Nov 17 13:40:51 2018] [WL_MUST]     active=100
[Sat Nov 17 13:40:51 2018] [WL_MUST]     serverid=382
[Sat Nov 17 13:40:51 2018] [WL_MUST]     time=1542433251
[Sat Nov 17 13:40:51 2018] [WL_MUST]     account=b15860532696
[Sat Nov 17 13:40:51 2018] [WL_MUST]   }
[Sat Nov 17 13:40:51 2018] [WL_MUST] }
[Sat Nov 17 13:40:51 2018] [WL_MUST] 接收回复:
[Sat Nov 17 13:40:51 2018] [WL_MUST] ={
[Sat Nov 17 13:40:51 2018] [WL_MUST]   active=100
[Sat Nov 17 13:40:51 2018] [WL_MUST]   serverid=382
[Sat Nov 17 13:40:51 2018] [WL_MUST]   time=1542433251
[Sat Nov 17 13:40:51 2018] [WL_MUST]   account=a15860532696
[Sat Nov 17 13:40:51 2018] [WL_MUST] }
[Sat Nov 17 13:40:51 2018] [WL_MUST] =fail
[Sat Nov 17 13:40:51 2018] [WL_MUST] 接收回复:
[Sat Nov 17 13:40:51 2018] [WL_MUST] ={
[Sat Nov 17 13:40:51 2018] [WL_MUST]   active=100
[Sat Nov 17 13:40:51 2018] [WL_MUST]   serverid=382
[Sat Nov 17 13:40:51 2018] [WL_MUST]   time=1542433251
[Sat Nov 17 13:40:51 2018] [WL_MUST]   account=b15860532696
[Sat Nov 17 13:40:51 2018] [WL_MUST] }
[Sat Nov 17 13:40:51 2018] [WL_MUST] =fail
[Sat Nov 17 14:32:16 2018] [WL_MUST] 发送事件:
[Sat Nov 17 14:32:16 2018] [WL_MUST] ={
[Sat Nov 17 14:32:16 2018] [WL_MUST]   page=/nycs_user_active
[Sat Nov 17 14:32:16 2018] [WL_MUST]   port=8008
[Sat Nov 17 14:32:16 2018] [WL_MUST]   domain=report.syyx.cn
[Sat Nov 17 14:32:16 2018] [WL_MUST]   param={
[Sat Nov 17 14:32:16 2018] [WL_MUST]     active=102
[Sat Nov 17 14:32:16 2018] [WL_MUST]     serverid=382
[Sat Nov 17 14:32:16 2018] [WL_MUST]     time=1542436336
[Sat Nov 17 14:32:16 2018] [WL_MUST]     account=jun00001
[Sat Nov 17 14:32:16 2018] [WL_MUST]   }
[Sat Nov 17 14:32:16 2018] [WL_MUST] }
[Sat Nov 17 14:32:16 2018] [WL_MUST] 接收回复:
[Sat Nov 17 14:32:16 2018] [WL_MUST] ={
[Sat Nov 17 14:32:16 2018] [WL_MUST]   active=102
[Sat Nov 17 14:32:16 2018] [WL_MUST]   serverid=382
[Sat Nov 17 14:32:16 2018] [WL_MUST]   time=1542436336
[Sat Nov 17 14:32:16 2018] [WL_MUST]   account=jun00001
[Sat Nov 17 14:32:16 2018] [WL_MUST] }
[Sat Nov 17 14:32:16 2018] [WL_MUST] =fail
[Sat Nov 17 14:40:16 2018] [WL_MUST] 发送事件:
[Sat Nov 17 14:40:16 2018] [WL_MUST] ={
[Sat Nov 17 14:40:16 2018] [WL_MUST]   page=/nycs_user_active
[Sat Nov 17 14:40:16 2018] [WL_MUST]   port=8008
[Sat Nov 17 14:40:16 2018] [WL_MUST]   domain=report.syyx.cn
[Sat Nov 17 14:40:16 2018] [WL_MUST]   param={
[Sat Nov 17 14:40:16 2018] [WL_MUST]     active=101
[Sat Nov 17 14:40:16 2018] [WL_MUST]     serverid=382
[Sat Nov 17 14:40:16 2018] [WL_MUST]     time=1542436816
[Sat Nov 17 14:40:16 2018] [WL_MUST]     account=lt91175
[Sat Nov 17 14:40:16 2018] [WL_MUST]   }
[Sat Nov 17 14:40:16 2018] [WL_MUST] }
[Sat Nov 17 14:40:16 2018] [WL_MUST] 接收回复:
[Sat Nov 17 14:40:16 2018] [WL_MUST] ={
[Sat Nov 17 14:40:16 2018] [WL_MUST]   active=101
[Sat Nov 17 14:40:16 2018] [WL_MUST]   serverid=382
[Sat Nov 17 14:40:16 2018] [WL_MUST]   time=1542436816
[Sat Nov 17 14:40:16 2018] [WL_MUST]   account=lt91175
[Sat Nov 17 14:40:16 2018] [WL_MUST] }
[Sat Nov 17 14:40:16 2018] [WL_MUST] =fail
[Sat Nov 17 15:32:13 2018] [WL_MUST] 发送事件:
[Sat Nov 17 15:32:13 2018] [WL_MUST] ={
[Sat Nov 17 15:32:13 2018] [WL_MUST]   page=/nycs_user_active
[Sat Nov 17 15:32:13 2018] [WL_MUST]   port=8008
[Sat Nov 17 15:32:13 2018] [WL_MUST]   domain=report.syyx.cn
[Sat Nov 17 15:32:13 2018] [WL_MUST]   param={
[Sat Nov 17 15:32:13 2018] [WL_MUST]     active=100
[Sat Nov 17 15:32:13 2018] [WL_MUST]     serverid=382
[Sat Nov 17 15:32:13 2018] [WL_MUST]     time=1542439933
[Sat Nov 17 15:32:13 2018] [WL_MUST]     account=duoduo0908160810
[Sat Nov 17 15:32:13 2018] [WL_MUST]   }
[Sat Nov 17 15:32:13 2018] [WL_MUST] }
[Sat Nov 17 15:32:13 2018] [WL_MUST] 接收回复:
[Sat Nov 17 15:32:13 2018] [WL_MUST] ={
[Sat Nov 17 15:32:13 2018] [WL_MUST]   active=100
[Sat Nov 17 15:32:13 2018] [WL_MUST]   serverid=382
[Sat Nov 17 15:32:13 2018] [WL_MUST]   time=1542439933
[Sat Nov 17 15:32:13 2018] [WL_MUST]   account=duoduo0908160810
[Sat Nov 17 15:32:13 2018] [WL_MUST] }
[Sat Nov 17 15:32:13 2018] [WL_MUST] =fail
[Sat Nov 17 16:32:28 2018] [WL_MUST] 发送事件:
[Sat Nov 17 16:32:28 2018] [WL_MUST] ={
[Sat Nov 17 16:32:28 2018] [WL_MUST]   page=/nycs_user_active
[Sat Nov 17 16:32:28 2018] [WL_MUST]   port=8008
[Sat Nov 17 16:32:28 2018] [WL_MUST]   domain=report.syyx.cn
[Sat Nov 17 16:32:28 2018] [WL_MUST]   param={
[Sat Nov 17 16:32:28 2018] [WL_MUST]     active=101
[Sat Nov 17 16:32:28 2018] [WL_MUST]     serverid=382
[Sat Nov 17 16:32:28 2018] [WL_MUST]     time=1542443548
[Sat Nov 17 16:32:28 2018] [WL_MUST]     account=zhangjx333
[Sat Nov 17 16:32:28 2018] [WL_MUST]   }
[Sat Nov 17 16:32:28 2018] [WL_MUST] }
[Sat Nov 17 16:32:28 2018] [WL_MUST] 接收回复:
[Sat Nov 17 16:32:28 2018] [WL_MUST] ={
[Sat Nov 17 16:32:28 2018] [WL_MUST]   active=101
[Sat Nov 17 16:32:28 2018] [WL_MUST]   serverid=382
[Sat Nov 17 16:32:28 2018] [WL_MUST]   time=1542443548
[Sat Nov 17 16:32:28 2018] [WL_MUST]   account=zhangjx333
[Sat Nov 17 16:32:28 2018] [WL_MUST] }
[Sat Nov 17 16:32:28 2018] [WL_MUST] =fail
[Sat Nov 17 16:36:17 2018] [WL_MUST] 发送事件:
[Sat Nov 17 16:36:17 2018] [WL_MUST] ={
[Sat Nov 17 16:36:17 2018] [WL_MUST]   page=/nycs_user_active
[Sat Nov 17 16:36:17 2018] [WL_MUST]   port=8008
[Sat Nov 17 16:36:17 2018] [WL_MUST]   domain=report.syyx.cn
[Sat Nov 17 16:36:17 2018] [WL_MUST]   param={
[Sat Nov 17 16:36:17 2018] [WL_MUST]     active=101
[Sat Nov 17 16:36:17 2018] [WL_MUST]     serverid=382
[Sat Nov 17 16:36:17 2018] [WL_MUST]     time=1542443777
[Sat Nov 17 16:36:17 2018] [WL_MUST]     account=bzt3131
[Sat Nov 17 16:36:17 2018] [WL_MUST]   }
[Sat Nov 17 16:36:17 2018] [WL_MUST] }
[Sat Nov 17 16:36:17 2018] [WL_MUST] 接收回复:
[Sat Nov 17 16:36:17 2018] [WL_MUST] ={
[Sat Nov 17 16:36:17 2018] [WL_MUST]   active=101
[Sat Nov 17 16:36:17 2018] [WL_MUST]   serverid=382
[Sat Nov 17 16:36:17 2018] [WL_MUST]   time=1542443777
[Sat Nov 17 16:36:17 2018] [WL_MUST]   account=bzt3131
[Sat Nov 17 16:36:17 2018] [WL_MUST] }
[Sat Nov 17 16:36:17 2018] [WL_MUST] =fail
[Sat Nov 17 16:36:40 2018] [WL_MUST] 发送事件:
[Sat Nov 17 16:36:40 2018] [WL_MUST] ={
[Sat Nov 17 16:36:40 2018] [WL_MUST]   page=/nycs_user_active
[Sat Nov 17 16:36:40 2018] [WL_MUST]   port=8008
[Sat Nov 17 16:36:40 2018] [WL_MUST]   domain=report.syyx.cn
[Sat Nov 17 16:36:40 2018] [WL_MUST]   param={
[Sat Nov 17 16:36:40 2018] [WL_MUST]     active=101
[Sat Nov 17 16:36:40 2018] [WL_MUST]     serverid=382
[Sat Nov 17 16:36:40 2018] [WL_MUST]     time=1542443800
[Sat Nov 17 16:36:40 2018] [WL_MUST]     account=qzyqzy12345
[Sat Nov 17 16:36:40 2018] [WL_MUST]   }
[Sat Nov 17 16:36:40 2018] [WL_MUST] }
[Sat Nov 17 16:36:40 2018] [WL_MUST] 接收回复:
[Sat Nov 17 16:36:40 2018] [WL_MUST] ={
[Sat Nov 17 16:36:40 2018] [WL_MUST]   active=101
[Sat Nov 17 16:36:40 2018] [WL_MUST]   serverid=382
[Sat Nov 17 16:36:40 2018] [WL_MUST]   time=1542443800
[Sat Nov 17 16:36:40 2018] [WL_MUST]   account=qzyqzy12345
[Sat Nov 17 16:36:40 2018] [WL_MUST] }
[Sat Nov 17 16:36:40 2018] [WL_MUST] =fail
[Sat Nov 17 16:36:52 2018] [WL_MUST] 发送事件:
[Sat Nov 17 16:36:52 2018] [WL_MUST] ={
[Sat Nov 17 16:36:52 2018] [WL_MUST]   page=/nycs_user_active
[Sat Nov 17 16:36:52 2018] [WL_MUST]   port=8008
[Sat Nov 17 16:36:52 2018] [WL_MUST]   domain=report.syyx.cn
[Sat Nov 17 16:36:52 2018] [WL_MUST]   param={
[Sat Nov 17 16:36:52 2018] [WL_MUST]     active=102
[Sat Nov 17 16:36:52 2018] [WL_MUST]     serverid=382
[Sat Nov 17 16:36:52 2018] [WL_MUST]     time=1542443812
[Sat Nov 17 16:36:52 2018] [WL_MUST]     account=vvg228
[Sat Nov 17 16:36:52 2018] [WL_MUST]   }
[Sat Nov 17 16:36:52 2018] [WL_MUST] }
[Sat Nov 17 16:36:52 2018] [WL_MUST] 接收回复:
[Sat Nov 17 16:36:52 2018] [WL_MUST] ={
[Sat Nov 17 16:36:52 2018] [WL_MUST]   active=102
[Sat Nov 17 16:36:52 2018] [WL_MUST]   serverid=382
[Sat Nov 17 16:36:52 2018] [WL_MUST]   time=1542443812
[Sat Nov 17 16:36:52 2018] [WL_MUST]   account=vvg228
[Sat Nov 17 16:36:52 2018] [WL_MUST] }
[Sat Nov 17 16:36:52 2018] [WL_MUST] =fail
[Sat Nov 17 16:40:35 2018] [WL_MUST] 发送事件:
[Sat Nov 17 16:40:35 2018] [WL_MUST] ={
[Sat Nov 17 16:40:35 2018] [WL_MUST]   page=/nycs_user_active
[Sat Nov 17 16:40:35 2018] [WL_MUST]   port=8008
[Sat Nov 17 16:40:35 2018] [WL_MUST]   domain=report.syyx.cn
[Sat Nov 17 16:40:35 2018] [WL_MUST]   param={
[Sat Nov 17 16:40:35 2018] [WL_MUST]     active=101
[Sat Nov 17 16:40:35 2018] [WL_MUST]     serverid=382
[Sat Nov 17 16:40:35 2018] [WL_MUST]     time=1542444035
[Sat Nov 17 16:40:35 2018] [WL_MUST]     account=mmmama520
[Sat Nov 17 16:40:35 2018] [WL_MUST]   }
[Sat Nov 17 16:40:35 2018] [WL_MUST] }
[Sat Nov 17 16:40:35 2018] [WL_MUST] 发送事件:
[Sat Nov 17 16:40:35 2018] [WL_MUST] ={
[Sat Nov 17 16:40:35 2018] [WL_MUST]   page=/nycs_user_active
[Sat Nov 17 16:40:35 2018] [WL_MUST]   port=8008
[Sat Nov 17 16:40:35 2018] [WL_MUST]   domain=report.syyx.cn
[Sat Nov 17 16:40:35 2018] [WL_MUST]   param={
[Sat Nov 17 16:40:35 2018] [WL_MUST]     active=100
[Sat Nov 17 16:40:35 2018] [WL_MUST]     serverid=382
[Sat Nov 17 16:40:35 2018] [WL_MUST]     time=1542444035
[Sat Nov 17 16:40:35 2018] [WL_MUST]     account=panyuhang
[Sat Nov 17 16:40:35 2018] [WL_MUST]   }
[Sat Nov 17 16:40:35 2018] [WL_MUST] }
[Sat Nov 17 16:40:36 2018] [WL_MUST] 接收回复:
[Sat Nov 17 16:40:36 2018] [WL_MUST] ={
[Sat Nov 17 16:40:36 2018] [WL_MUST]   active=101
[Sat Nov 17 16:40:36 2018] [WL_MUST]   serverid=382
[Sat Nov 17 16:40:36 2018] [WL_MUST]   time=1542444035
[Sat Nov 17 16:40:36 2018] [WL_MUST]   account=mmmama520
[Sat Nov 17 16:40:36 2018] [WL_MUST] }
[Sat Nov 17 16:40:36 2018] [WL_MUST] =fail
[Sat Nov 17 16:40:36 2018] [WL_MUST] 接收回复:
[Sat Nov 17 16:40:36 2018] [WL_MUST] ={
[Sat Nov 17 16:40:36 2018] [WL_MUST]   active=100
[Sat Nov 17 16:40:36 2018] [WL_MUST]   serverid=382
[Sat Nov 17 16:40:36 2018] [WL_MUST]   time=1542444035
[Sat Nov 17 16:40:36 2018] [WL_MUST]   account=panyuhang
[Sat Nov 17 16:40:36 2018] [WL_MUST] }
[Sat Nov 17 16:40:36 2018] [WL_MUST] =fail
[Sat Nov 17 16:56:54 2018] [WL_MUST] 发送事件:
[Sat Nov 17 16:56:54 2018] [WL_MUST] ={
[Sat Nov 17 16:56:54 2018] [WL_MUST]   page=/nycs_user_active
[Sat Nov 17 16:56:54 2018] [WL_MUST]   port=8008
[Sat Nov 17 16:56:54 2018] [WL_MUST]   domain=report.syyx.cn
[Sat Nov 17 16:56:54 2018] [WL_MUST]   param={
[Sat Nov 17 16:56:54 2018] [WL_MUST]     active=101
[Sat Nov 17 16:56:54 2018] [WL_MUST]     serverid=382
[Sat Nov 17 16:56:54 2018] [WL_MUST]     time=1542445014
[Sat Nov 17 16:56:54 2018] [WL_MUST]     account=wu11436172
[Sat Nov 17 16:56:54 2018] [WL_MUST]   }
[Sat Nov 17 16:56:54 2018] [WL_MUST] }
[Sat Nov 17 16:56:54 2018] [WL_MUST] 接收回复:
[Sat Nov 17 16:56:54 2018] [WL_MUST] ={
[Sat Nov 17 16:56:54 2018] [WL_MUST]   active=101
[Sat Nov 17 16:56:54 2018] [WL_MUST]   serverid=382
[Sat Nov 17 16:56:54 2018] [WL_MUST]   time=1542445014
[Sat Nov 17 16:56:54 2018] [WL_MUST]   account=wu11436172
[Sat Nov 17 16:56:54 2018] [WL_MUST] }
[Sat Nov 17 16:56:54 2018] [WL_MUST] =fail
[Sat Nov 17 16:58:59 2018] [WL_MUST] 发送事件:
[Sat Nov 17 16:58:59 2018] [WL_MUST] ={
[Sat Nov 17 16:58:59 2018] [WL_MUST]   page=/nycs_user_active
[Sat Nov 17 16:58:59 2018] [WL_MUST]   port=8008
[Sat Nov 17 16:58:59 2018] [WL_MUST]   domain=report.syyx.cn
[Sat Nov 17 16:58:59 2018] [WL_MUST]   param={
[Sat Nov 17 16:58:59 2018] [WL_MUST]     active=102
[Sat Nov 17 16:58:59 2018] [WL_MUST]     serverid=382
[Sat Nov 17 16:58:59 2018] [WL_MUST]     time=1542445139
[Sat Nov 17 16:58:59 2018] [WL_MUST]     account=asdf853221
[Sat Nov 17 16:58:59 2018] [WL_MUST]   }
[Sat Nov 17 16:58:59 2018] [WL_MUST] }
[Sat Nov 17 16:58:59 2018] [WL_MUST] 接收回复:
[Sat Nov 17 16:58:59 2018] [WL_MUST] ={
[Sat Nov 17 16:58:59 2018] [WL_MUST]   active=102
[Sat Nov 17 16:58:59 2018] [WL_MUST]   serverid=382
[Sat Nov 17 16:58:59 2018] [WL_MUST]   time=1542445139
[Sat Nov 17 16:58:59 2018] [WL_MUST]   account=asdf853221
[Sat Nov 17 16:58:59 2018] [WL_MUST] }
[Sat Nov 17 16:58:59 2018] [WL_MUST] =fail
[Sat Nov 17 16:59:43 2018] [WL_MUST] 发送事件:
[Sat Nov 17 16:59:43 2018] [WL_MUST] ={
[Sat Nov 17 16:59:43 2018] [WL_MUST]   page=/nycs_five_color
[Sat Nov 17 16:59:43 2018] [WL_MUST]   port=8008
[Sat Nov 17 16:59:43 2018] [WL_MUST]   domain=report.syyx.cn
[Sat Nov 17 16:59:43 2018] [WL_MUST]   param={
[Sat Nov 17 16:59:43 2018] [WL_MUST]     serverid=382
[Sat Nov 17 16:59:43 2018] [WL_MUST]     time=1542445183
[Sat Nov 17 16:59:43 2018] [WL_MUST]     account=ym13763949547
[Sat Nov 17 16:59:43 2018] [WL_MUST]   }
[Sat Nov 17 16:59:43 2018] [WL_MUST] }
[Sat Nov 17 16:59:43 2018] [WL_MUST] 接收回复:
[Sat Nov 17 16:59:43 2018] [WL_MUST] ={
[Sat Nov 17 16:59:43 2018] [WL_MUST]   serverid=382
[Sat Nov 17 16:59:43 2018] [WL_MUST]   time=1542445183
[Sat Nov 17 16:59:43 2018] [WL_MUST]   account=ym13763949547
[Sat Nov 17 16:59:43 2018] [WL_MUST] }
[Sat Nov 17 16:59:43 2018] [WL_MUST] =fail
[Sat Nov 17 17:08:36 2018] [WL_MUST] 发送事件:
[Sat Nov 17 17:08:36 2018] [WL_MUST] ={
[Sat Nov 17 17:08:36 2018] [WL_MUST]   page=/nycs_user_active
[Sat Nov 17 17:08:36 2018] [WL_MUST]   port=8008
[Sat Nov 17 17:08:36 2018] [WL_MUST]   domain=report.syyx.cn
[Sat Nov 17 17:08:36 2018] [WL_MUST]   param={
[Sat Nov 17 17:08:36 2018] [WL_MUST]     active=119
[Sat Nov 17 17:08:36 2018] [WL_MUST]     serverid=382
[Sat Nov 17 17:08:36 2018] [WL_MUST]     time=1542445716
[Sat Nov 17 17:08:36 2018] [WL_MUST]     account=xue11436
[Sat Nov 17 17:08:36 2018] [WL_MUST]   }
[Sat Nov 17 17:08:36 2018] [WL_MUST] }
[Sat Nov 17 17:08:36 2018] [WL_MUST] 接收回复:
[Sat Nov 17 17:08:36 2018] [WL_MUST] ={
[Sat Nov 17 17:08:36 2018] [WL_MUST]   active=119
[Sat Nov 17 17:08:36 2018] [WL_MUST]   serverid=382
[Sat Nov 17 17:08:36 2018] [WL_MUST]   time=1542445716
[Sat Nov 17 17:08:36 2018] [WL_MUST]   account=xue11436
[Sat Nov 17 17:08:36 2018] [WL_MUST] }
[Sat Nov 17 17:08:36 2018] [WL_MUST] =fail
[Sat Nov 17 17:30:54 2018] [WL_MUST] 发送事件:
[Sat Nov 17 17:30:54 2018] [WL_MUST] ={
[Sat Nov 17 17:30:54 2018] [WL_MUST]   page=/nycs_user_active
[Sat Nov 17 17:30:54 2018] [WL_MUST]   port=8008
[Sat Nov 17 17:30:54 2018] [WL_MUST]   domain=report.syyx.cn
[Sat Nov 17 17:30:54 2018] [WL_MUST]   param={
[Sat Nov 17 17:30:54 2018] [WL_MUST]     active=100
[Sat Nov 17 17:30:54 2018] [WL_MUST]     serverid=382
[Sat Nov 17 17:30:54 2018] [WL_MUST]     time=1542447054
[Sat Nov 17 17:30:54 2018] [WL_MUST]     account=haomenquantou
[Sat Nov 17 17:30:54 2018] [WL_MUST]   }
[Sat Nov 17 17:30:54 2018] [WL_MUST] }
[Sat Nov 17 17:30:54 2018] [WL_MUST] 接收回复:
[Sat Nov 17 17:30:54 2018] [WL_MUST] ={
[Sat Nov 17 17:30:54 2018] [WL_MUST]   active=100
[Sat Nov 17 17:30:54 2018] [WL_MUST]   serverid=382
[Sat Nov 17 17:30:54 2018] [WL_MUST]   time=1542447054
[Sat Nov 17 17:30:54 2018] [WL_MUST]   account=haomenquantou
[Sat Nov 17 17:30:54 2018] [WL_MUST] }
[Sat Nov 17 17:30:54 2018] [WL_MUST] =fail
[Sat Nov 17 17:32:17 2018] [WL_MUST] 发送事件:
[Sat Nov 17 17:32:17 2018] [WL_MUST] ={
[Sat Nov 17 17:32:17 2018] [WL_MUST]   page=/nycs_user_active
[Sat Nov 17 17:32:17 2018] [WL_MUST]   port=8008
[Sat Nov 17 17:32:17 2018] [WL_MUST]   domain=report.syyx.cn
[Sat Nov 17 17:32:17 2018] [WL_MUST]   param={
[Sat Nov 17 17:32:17 2018] [WL_MUST]     active=100
[Sat Nov 17 17:32:17 2018] [WL_MUST]     serverid=382
[Sat Nov 17 17:32:17 2018] [WL_MUST]     time=1542447137
[Sat Nov 17 17:32:17 2018] [WL_MUST]     account=xinshizh1
[Sat Nov 17 17:32:17 2018] [WL_MUST]   }
[Sat Nov 17 17:32:17 2018] [WL_MUST] }
[Sat Nov 17 17:32:17 2018] [WL_MUST] 接收回复:
[Sat Nov 17 17:32:17 2018] [WL_MUST] ={
[Sat Nov 17 17:32:17 2018] [WL_MUST]   active=100
[Sat Nov 17 17:32:17 2018] [WL_MUST]   serverid=382
[Sat Nov 17 17:32:17 2018] [WL_MUST]   time=1542447137
[Sat Nov 17 17:32:17 2018] [WL_MUST]   account=xinshizh1
[Sat Nov 17 17:32:17 2018] [WL_MUST] }
[Sat Nov 17 17:32:17 2018] [WL_MUST] =fail
[Sat Nov 17 17:32:21 2018] [WL_MUST] 发送事件:
[Sat Nov 17 17:32:21 2018] [WL_MUST] ={
[Sat Nov 17 17:32:21 2018] [WL_MUST]   page=/nycs_user_active
[Sat Nov 17 17:32:21 2018] [WL_MUST]   port=8008
[Sat Nov 17 17:32:21 2018] [WL_MUST]   domain=report.syyx.cn
[Sat Nov 17 17:32:21 2018] [WL_MUST]   param={
[Sat Nov 17 17:32:21 2018] [WL_MUST]     active=100
[Sat Nov 17 17:32:21 2018] [WL_MUST]     serverid=382
[Sat Nov 17 17:32:21 2018] [WL_MUST]     time=1542447141
[Sat Nov 17 17:32:21 2018] [WL_MUST]     account=qinming222
[Sat Nov 17 17:32:21 2018] [WL_MUST]   }
[Sat Nov 17 17:32:21 2018] [WL_MUST] }
[Sat Nov 17 17:32:21 2018] [WL_MUST] 接收回复:
[Sat Nov 17 17:32:21 2018] [WL_MUST] ={
[Sat Nov 17 17:32:21 2018] [WL_MUST]   active=100
[Sat Nov 17 17:32:21 2018] [WL_MUST]   serverid=382
[Sat Nov 17 17:32:21 2018] [WL_MUST]   time=1542447141
[Sat Nov 17 17:32:21 2018] [WL_MUST]   account=qinming222
[Sat Nov 17 17:32:21 2018] [WL_MUST] }
[Sat Nov 17 17:32:21 2018] [WL_MUST] =fail
[Sat Nov 17 17:40:59 2018] [WL_MUST] 发送事件:
[Sat Nov 17 17:40:59 2018] [WL_MUST] ={
[Sat Nov 17 17:40:59 2018] [WL_MUST]   page=/nycs_user_active
[Sat Nov 17 17:40:59 2018] [WL_MUST]   port=8008
[Sat Nov 17 17:40:59 2018] [WL_MUST]   domain=report.syyx.cn
[Sat Nov 17 17:40:59 2018] [WL_MUST]   param={
[Sat Nov 17 17:40:59 2018] [WL_MUST]     active=100
[Sat Nov 17 17:40:59 2018] [WL_MUST]     serverid=382
[Sat Nov 17 17:40:59 2018] [WL_MUST]     time=1542447659
[Sat Nov 17 17:40:59 2018] [WL_MUST]     account=xinshizh
[Sat Nov 17 17:40:59 2018] [WL_MUST]   }
[Sat Nov 17 17:40:59 2018] [WL_MUST] }
[Sat Nov 17 17:40:59 2018] [WL_MUST] 接收回复:
[Sat Nov 17 17:40:59 2018] [WL_MUST] ={
[Sat Nov 17 17:40:59 2018] [WL_MUST]   active=100
[Sat Nov 17 17:40:59 2018] [WL_MUST]   serverid=382
[Sat Nov 17 17:40:59 2018] [WL_MUST]   time=1542447659
[Sat Nov 17 17:40:59 2018] [WL_MUST]   account=xinshizh
[Sat Nov 17 17:40:59 2018] [WL_MUST] }
[Sat Nov 17 17:40:59 2018] [WL_MUST] =fail
[Sat Nov 17 17:46:55 2018] [WL_MUST] 发送事件:
[Sat Nov 17 17:46:55 2018] [WL_MUST] ={
[Sat Nov 17 17:46:55 2018] [WL_MUST]   page=/nycs_user_active
[Sat Nov 17 17:46:55 2018] [WL_MUST]   port=8008
[Sat Nov 17 17:46:55 2018] [WL_MUST]   domain=report.syyx.cn
[Sat Nov 17 17:46:55 2018] [WL_MUST]   param={
[Sat Nov 17 17:46:55 2018] [WL_MUST]     active=102
[Sat Nov 17 17:46:55 2018] [WL_MUST]     serverid=382
[Sat Nov 17 17:46:55 2018] [WL_MUST]     time=1542448015
[Sat Nov 17 17:46:55 2018] [WL_MUST]     account=8464117
[Sat Nov 17 17:46:55 2018] [WL_MUST]   }
[Sat Nov 17 17:46:55 2018] [WL_MUST] }
[Sat Nov 17 17:46:55 2018] [WL_MUST] 发送事件:
[Sat Nov 17 17:46:55 2018] [WL_MUST] ={
[Sat Nov 17 17:46:55 2018] [WL_MUST]   page=/nycs_user_active
[Sat Nov 17 17:46:55 2018] [WL_MUST]   port=8008
[Sat Nov 17 17:46:55 2018] [WL_MUST]   domain=report.syyx.cn
[Sat Nov 17 17:46:55 2018] [WL_MUST]   param={
[Sat Nov 17 17:46:55 2018] [WL_MUST]     active=100
[Sat Nov 17 17:46:55 2018] [WL_MUST]     serverid=382
[Sat Nov 17 17:46:55 2018] [WL_MUST]     time=1542448015
[Sat Nov 17 17:46:55 2018] [WL_MUST]     account=hushan808569
[Sat Nov 17 17:46:55 2018] [WL_MUST]   }
[Sat Nov 17 17:46:55 2018] [WL_MUST] }
[Sat Nov 17 17:46:55 2018] [WL_MUST] 接收回复:
[Sat Nov 17 17:46:55 2018] [WL_MUST] ={
[Sat Nov 17 17:46:55 2018] [WL_MUST]   active=102
[Sat Nov 17 17:46:55 2018] [WL_MUST]   serverid=382
[Sat Nov 17 17:46:55 2018] [WL_MUST]   time=1542448015
[Sat Nov 17 17:46:55 2018] [WL_MUST]   account=8464117
[Sat Nov 17 17:46:55 2018] [WL_MUST] }
[Sat Nov 17 17:46:55 2018] [WL_MUST] =fail
[Sat Nov 17 17:46:55 2018] [WL_MUST] 接收回复:
[Sat Nov 17 17:46:55 2018] [WL_MUST] ={
[Sat Nov 17 17:46:55 2018] [WL_MUST]   active=100
[Sat Nov 17 17:46:55 2018] [WL_MUST]   serverid=382
[Sat Nov 17 17:46:55 2018] [WL_MUST]   time=1542448015
[Sat Nov 17 17:46:55 2018] [WL_MUST]   account=hushan808569
[Sat Nov 17 17:46:55 2018] [WL_MUST] }
[Sat Nov 17 17:46:55 2018] [WL_MUST] =fail
[Sat Nov 17 17:53:30 2018] [WL_MUST] 发送事件:
[Sat Nov 17 17:53:30 2018] [WL_MUST] ={
[Sat Nov 17 17:53:30 2018] [WL_MUST]   page=/nycs_user_active
[Sat Nov 17 17:53:30 2018] [WL_MUST]   port=8008
[Sat Nov 17 17:53:30 2018] [WL_MUST]   domain=report.syyx.cn
[Sat Nov 17 17:53:30 2018] [WL_MUST]   param={
[Sat Nov 17 17:53:30 2018] [WL_MUST]     active=104
[Sat Nov 17 17:53:30 2018] [WL_MUST]     serverid=382
[Sat Nov 17 17:53:30 2018] [WL_MUST]     time=1542448410
[Sat Nov 17 17:53:30 2018] [WL_MUST]     account=154399763
[Sat Nov 17 17:53:30 2018] [WL_MUST]   }
[Sat Nov 17 17:53:30 2018] [WL_MUST] }
[Sat Nov 17 17:53:30 2018] [WL_MUST] 接收回复:
[Sat Nov 17 17:53:30 2018] [WL_MUST] ={
[Sat Nov 17 17:53:30 2018] [WL_MUST]   active=104
[Sat Nov 17 17:53:30 2018] [WL_MUST]   serverid=382
[Sat Nov 17 17:53:30 2018] [WL_MUST]   time=1542448410
[Sat Nov 17 17:53:30 2018] [WL_MUST]   account=154399763
[Sat Nov 17 17:53:30 2018] [WL_MUST] }
[Sat Nov 17 17:53:30 2018] [WL_MUST] =fail
[Sat Nov 17 18:32:16 2018] [WL_MUST] 发送事件:
[Sat Nov 17 18:32:16 2018] [WL_MUST] ={
[Sat Nov 17 18:32:16 2018] [WL_MUST]   page=/nycs_user_active
[Sat Nov 17 18:32:16 2018] [WL_MUST]   port=8008
[Sat Nov 17 18:32:16 2018] [WL_MUST]   domain=report.syyx.cn
[Sat Nov 17 18:32:16 2018] [WL_MUST]   param={
[Sat Nov 17 18:32:16 2018] [WL_MUST]     active=100
[Sat Nov 17 18:32:16 2018] [WL_MUST]     serverid=382
[Sat Nov 17 18:32:16 2018] [WL_MUST]     time=1542450736
[Sat Nov 17 18:32:16 2018] [WL_MUST]     account=y243101976
[Sat Nov 17 18:32:16 2018] [WL_MUST]   }
[Sat Nov 17 18:32:16 2018] [WL_MUST] }
[Sat Nov 17 18:32:16 2018] [WL_MUST] 接收回复:
[Sat Nov 17 18:32:16 2018] [WL_MUST] ={
[Sat Nov 17 18:32:16 2018] [WL_MUST]   active=100
[Sat Nov 17 18:32:16 2018] [WL_MUST]   serverid=382
[Sat Nov 17 18:32:16 2018] [WL_MUST]   time=1542450736
[Sat Nov 17 18:32:16 2018] [WL_MUST]   account=y243101976
[Sat Nov 17 18:32:16 2018] [WL_MUST] }
[Sat Nov 17 18:32:16 2018] [WL_MUST] =fail
[Sat Nov 17 18:32:34 2018] [WL_MUST] 发送事件:
[Sat Nov 17 18:32:34 2018] [WL_MUST] ={
[Sat Nov 17 18:32:34 2018] [WL_MUST]   page=/nycs_user_active
[Sat Nov 17 18:32:34 2018] [WL_MUST]   port=8008
[Sat Nov 17 18:32:34 2018] [WL_MUST]   domain=report.syyx.cn
[Sat Nov 17 18:32:34 2018] [WL_MUST]   param={
[Sat Nov 17 18:32:34 2018] [WL_MUST]     active=101
[Sat Nov 17 18:32:34 2018] [WL_MUST]     serverid=382
[Sat Nov 17 18:32:34 2018] [WL_MUST]     time=1542450754
[Sat Nov 17 18:32:34 2018] [WL_MUST]     account=15721589798
[Sat Nov 17 18:32:34 2018] [WL_MUST]   }
[Sat Nov 17 18:32:34 2018] [WL_MUST] }
[Sat Nov 17 18:32:34 2018] [WL_MUST] 接收回复:
[Sat Nov 17 18:32:34 2018] [WL_MUST] ={
[Sat Nov 17 18:32:34 2018] [WL_MUST]   active=101
[Sat Nov 17 18:32:34 2018] [WL_MUST]   serverid=382
[Sat Nov 17 18:32:34 2018] [WL_MUST]   time=1542450754
[Sat Nov 17 18:32:34 2018] [WL_MUST]   account=15721589798
[Sat Nov 17 18:32:34 2018] [WL_MUST] }
[Sat Nov 17 18:32:34 2018] [WL_MUST] =fail
[Sat Nov 17 18:32:40 2018] [WL_MUST] 发送事件:
[Sat Nov 17 18:32:40 2018] [WL_MUST] ={
[Sat Nov 17 18:32:40 2018] [WL_MUST]   page=/nycs_user_active
[Sat Nov 17 18:32:40 2018] [WL_MUST]   port=8008
[Sat Nov 17 18:32:40 2018] [WL_MUST]   domain=report.syyx.cn
[Sat Nov 17 18:32:40 2018] [WL_MUST]   param={
[Sat Nov 17 18:32:40 2018] [WL_MUST]     active=102
[Sat Nov 17 18:32:40 2018] [WL_MUST]     serverid=382
[Sat Nov 17 18:32:40 2018] [WL_MUST]     time=1542450760
[Sat Nov 17 18:32:40 2018] [WL_MUST]     account=madongqin_shenqi
[Sat Nov 17 18:32:40 2018] [WL_MUST]   }
[Sat Nov 17 18:32:40 2018] [WL_MUST] }
[Sat Nov 17 18:32:40 2018] [WL_MUST] 接收回复:
[Sat Nov 17 18:32:40 2018] [WL_MUST] ={
[Sat Nov 17 18:32:40 2018] [WL_MUST]   active=102
[Sat Nov 17 18:32:40 2018] [WL_MUST]   serverid=382
[Sat Nov 17 18:32:40 2018] [WL_MUST]   time=1542450760
[Sat Nov 17 18:32:40 2018] [WL_MUST]   account=madongqin_shenqi
[Sat Nov 17 18:32:40 2018] [WL_MUST] }
[Sat Nov 17 18:32:40 2018] [WL_MUST] =fail
[Sat Nov 17 18:36:22 2018] [WL_MUST] 发送事件:
[Sat Nov 17 18:36:22 2018] [WL_MUST] ={
[Sat Nov 17 18:36:22 2018] [WL_MUST]   page=/nycs_user_active
[Sat Nov 17 18:36:22 2018] [WL_MUST]   port=8008
[Sat Nov 17 18:36:22 2018] [WL_MUST]   domain=report.syyx.cn
[Sat Nov 17 18:36:22 2018] [WL_MUST]   param={
[Sat Nov 17 18:36:22 2018] [WL_MUST]     active=102
[Sat Nov 17 18:36:22 2018] [WL_MUST]     serverid=382
[Sat Nov 17 18:36:22 2018] [WL_MUST]     time=1542450982
[Sat Nov 17 18:36:22 2018] [WL_MUST]     account=caiqiguang
[Sat Nov 17 18:36:22 2018] [WL_MUST]   }
[Sat Nov 17 18:36:22 2018] [WL_MUST] }
[Sat Nov 17 18:36:22 2018] [WL_MUST] 接收回复:
[Sat Nov 17 18:36:22 2018] [WL_MUST] ={
[Sat Nov 17 18:36:22 2018] [WL_MUST]   active=102
[Sat Nov 17 18:36:22 2018] [WL_MUST]   serverid=382
[Sat Nov 17 18:36:22 2018] [WL_MUST]   time=1542450982
[Sat Nov 17 18:36:22 2018] [WL_MUST]   account=caiqiguang
[Sat Nov 17 18:36:22 2018] [WL_MUST] }
[Sat Nov 17 18:36:22 2018] [WL_MUST] =fail
[Sat Nov 17 18:36:34 2018] [WL_MUST] 发送事件:
[Sat Nov 17 18:36:34 2018] [WL_MUST] ={
[Sat Nov 17 18:36:34 2018] [WL_MUST]   page=/nycs_user_active
[Sat Nov 17 18:36:34 2018] [WL_MUST]   port=8008
[Sat Nov 17 18:36:34 2018] [WL_MUST]   domain=report.syyx.cn
[Sat Nov 17 18:36:34 2018] [WL_MUST]   param={
[Sat Nov 17 18:36:34 2018] [WL_MUST]     active=100
[Sat Nov 17 18:36:34 2018] [WL_MUST]     serverid=382
[Sat Nov 17 18:36:34 2018] [WL_MUST]     time=1542450994
[Sat Nov 17 18:36:34 2018] [WL_MUST]     account=4509704369
[Sat Nov 17 18:36:34 2018] [WL_MUST]   }
[Sat Nov 17 18:36:34 2018] [WL_MUST] }
[Sat Nov 17 18:36:34 2018] [WL_MUST] 发送事件:
[Sat Nov 17 18:36:34 2018] [WL_MUST] ={
[Sat Nov 17 18:36:34 2018] [WL_MUST]   page=/nycs_user_active
[Sat Nov 17 18:36:34 2018] [WL_MUST]   port=8008
[Sat Nov 17 18:36:34 2018] [WL_MUST]   domain=report.syyx.cn
[Sat Nov 17 18:36:34 2018] [WL_MUST]   param={
[Sat Nov 17 18:36:34 2018] [WL_MUST]     active=101
[Sat Nov 17 18:36:34 2018] [WL_MUST]     serverid=382
[Sat Nov 17 18:36:34 2018] [WL_MUST]     time=1542450994
[Sat Nov 17 18:36:34 2018] [WL_MUST]     account=664859153
[Sat Nov 17 18:36:34 2018] [WL_MUST]   }
[Sat Nov 17 18:36:34 2018] [WL_MUST] }
[Sat Nov 17 18:36:35 2018] [WL_MUST] 接收回复:
[Sat Nov 17 18:36:35 2018] [WL_MUST] ={
[Sat Nov 17 18:36:35 2018] [WL_MUST]   active=100
[Sat Nov 17 18:36:35 2018] [WL_MUST]   serverid=382
[Sat Nov 17 18:36:35 2018] [WL_MUST]   time=1542450994
[Sat Nov 17 18:36:35 2018] [WL_MUST]   account=4509704369
[Sat Nov 17 18:36:35 2018] [WL_MUST] }
[Sat Nov 17 18:36:35 2018] [WL_MUST] =fail
[Sat Nov 17 18:36:35 2018] [WL_MUST] 接收回复:
[Sat Nov 17 18:36:35 2018] [WL_MUST] ={
[Sat Nov 17 18:36:35 2018] [WL_MUST]   active=101
[Sat Nov 17 18:36:35 2018] [WL_MUST]   serverid=382
[Sat Nov 17 18:36:35 2018] [WL_MUST]   time=1542450994
[Sat Nov 17 18:36:35 2018] [WL_MUST]   account=664859153
[Sat Nov 17 18:36:35 2018] [WL_MUST] }
[Sat Nov 17 18:36:35 2018] [WL_MUST] =fail
[Sat Nov 17 18:40:17 2018] [WL_MUST] 发送事件:
[Sat Nov 17 18:40:17 2018] [WL_MUST] ={
[Sat Nov 17 18:40:17 2018] [WL_MUST]   page=/nycs_user_active
[Sat Nov 17 18:40:17 2018] [WL_MUST]   port=8008
[Sat Nov 17 18:40:17 2018] [WL_MUST]   domain=report.syyx.cn
[Sat Nov 17 18:40:17 2018] [WL_MUST]   param={
[Sat Nov 17 18:40:17 2018] [WL_MUST]     active=101
[Sat Nov 17 18:40:17 2018] [WL_MUST]     serverid=382
[Sat Nov 17 18:40:17 2018] [WL_MUST]     time=1542451217
[Sat Nov 17 18:40:17 2018] [WL_MUST]     account=nudt123456
[Sat Nov 17 18:40:17 2018] [WL_MUST]   }
[Sat Nov 17 18:40:17 2018] [WL_MUST] }
[Sat Nov 17 18:40:17 2018] [WL_MUST] 接收回复:
[Sat Nov 17 18:40:17 2018] [WL_MUST] ={
[Sat Nov 17 18:40:17 2018] [WL_MUST]   active=101
[Sat Nov 17 18:40:17 2018] [WL_MUST]   serverid=382
[Sat Nov 17 18:40:17 2018] [WL_MUST]   time=1542451217
[Sat Nov 17 18:40:17 2018] [WL_MUST]   account=nudt123456
[Sat Nov 17 18:40:17 2018] [WL_MUST] }
[Sat Nov 17 18:40:17 2018] [WL_MUST] =fail
[Sat Nov 17 19:36:40 2018] [WL_MUST] 发送事件:
[Sat Nov 17 19:36:40 2018] [WL_MUST] ={
[Sat Nov 17 19:36:40 2018] [WL_MUST]   page=/nycs_user_active
[Sat Nov 17 19:36:40 2018] [WL_MUST]   port=8008
[Sat Nov 17 19:36:40 2018] [WL_MUST]   domain=report.syyx.cn
[Sat Nov 17 19:36:40 2018] [WL_MUST]   param={
[Sat Nov 17 19:36:40 2018] [WL_MUST]     active=101
[Sat Nov 17 19:36:40 2018] [WL_MUST]     serverid=382
[Sat Nov 17 19:36:40 2018] [WL_MUST]     time=1542454600
[Sat Nov 17 19:36:40 2018] [WL_MUST]     account=chengxin72989
[Sat Nov 17 19:36:40 2018] [WL_MUST]   }
[Sat Nov 17 19:36:40 2018] [WL_MUST] }
[Sat Nov 17 19:36:40 2018] [WL_MUST] 接收回复:
[Sat Nov 17 19:36:40 2018] [WL_MUST] ={
[Sat Nov 17 19:36:40 2018] [WL_MUST]   active=101
[Sat Nov 17 19:36:40 2018] [WL_MUST]   serverid=382
[Sat Nov 17 19:36:40 2018] [WL_MUST]   time=1542454600
[Sat Nov 17 19:36:40 2018] [WL_MUST]   account=chengxin72989
[Sat Nov 17 19:36:40 2018] [WL_MUST] }
[Sat Nov 17 19:36:40 2018] [WL_MUST] =fail
[Sat Nov 17 19:40:58 2018] [WL_MUST] 发送事件:
[Sat Nov 17 19:40:58 2018] [WL_MUST] ={
[Sat Nov 17 19:40:58 2018] [WL_MUST]   page=/nycs_user_active
[Sat Nov 17 19:40:58 2018] [WL_MUST]   port=8008
[Sat Nov 17 19:40:58 2018] [WL_MUST]   domain=report.syyx.cn
[Sat Nov 17 19:40:58 2018] [WL_MUST]   param={
[Sat Nov 17 19:40:58 2018] [WL_MUST]     active=100
[Sat Nov 17 19:40:58 2018] [WL_MUST]     serverid=382
[Sat Nov 17 19:40:58 2018] [WL_MUST]     time=1542454858
[Sat Nov 17 19:40:58 2018] [WL_MUST]     account=nhf521
[Sat Nov 17 19:40:58 2018] [WL_MUST]   }
[Sat Nov 17 19:40:58 2018] [WL_MUST] }
[Sat Nov 17 19:40:58 2018] [WL_MUST] 发送事件:
[Sat Nov 17 19:40:58 2018] [WL_MUST] ={
[Sat Nov 17 19:40:58 2018] [WL_MUST]   page=/nycs_user_active
[Sat Nov 17 19:40:58 2018] [WL_MUST]   port=8008
[Sat Nov 17 19:40:58 2018] [WL_MUST]   domain=report.syyx.cn
[Sat Nov 17 19:40:58 2018] [WL_MUST]   param={
[Sat Nov 17 19:40:58 2018] [WL_MUST]     active=102
[Sat Nov 17 19:40:58 2018] [WL_MUST]     serverid=382
[Sat Nov 17 19:40:58 2018] [WL_MUST]     time=1542454858
[Sat Nov 17 19:40:58 2018] [WL_MUST]     account=fei332211
[Sat Nov 17 19:40:58 2018] [WL_MUST]   }
[Sat Nov 17 19:40:58 2018] [WL_MUST] }
[Sat Nov 17 19:40:59 2018] [WL_MUST] 接收回复:
[Sat Nov 17 19:40:59 2018] [WL_MUST] ={
[Sat Nov 17 19:40:59 2018] [WL_MUST]   active=100
[Sat Nov 17 19:40:59 2018] [WL_MUST]   serverid=382
[Sat Nov 17 19:40:59 2018] [WL_MUST]   time=1542454858
[Sat Nov 17 19:40:59 2018] [WL_MUST]   account=nhf521
[Sat Nov 17 19:40:59 2018] [WL_MUST] }
[Sat Nov 17 19:40:59 2018] [WL_MUST] =fail
[Sat Nov 17 19:40:59 2018] [WL_MUST] 接收回复:
[Sat Nov 17 19:40:59 2018] [WL_MUST] ={
[Sat Nov 17 19:40:59 2018] [WL_MUST]   active=102
[Sat Nov 17 19:40:59 2018] [WL_MUST]   serverid=382
[Sat Nov 17 19:40:59 2018] [WL_MUST]   time=1542454858
[Sat Nov 17 19:40:59 2018] [WL_MUST]   account=fei332211
[Sat Nov 17 19:40:59 2018] [WL_MUST] }
[Sat Nov 17 19:40:59 2018] [WL_MUST] =fail
[Sat Nov 17 19:41:02 2018] [WL_MUST] 发送事件:
[Sat Nov 17 19:41:02 2018] [WL_MUST] ={
[Sat Nov 17 19:41:02 2018] [WL_MUST]   page=/nycs_user_active
[Sat Nov 17 19:41:02 2018] [WL_MUST]   port=8008
[Sat Nov 17 19:41:02 2018] [WL_MUST]   domain=report.syyx.cn
[Sat Nov 17 19:41:02 2018] [WL_MUST]   param={
[Sat Nov 17 19:41:02 2018] [WL_MUST]     active=102
[Sat Nov 17 19:41:02 2018] [WL_MUST]     serverid=382
[Sat Nov 17 19:41:02 2018] [WL_MUST]     time=1542454862
[Sat Nov 17 19:41:02 2018] [WL_MUST]     account=1106932323
[Sat Nov 17 19:41:02 2018] [WL_MUST]   }
[Sat Nov 17 19:41:02 2018] [WL_MUST] }
[Sat Nov 17 19:41:02 2018] [WL_MUST] 接收回复:
[Sat Nov 17 19:41:02 2018] [WL_MUST] ={
[Sat Nov 17 19:41:02 2018] [WL_MUST]   active=102
[Sat Nov 17 19:41:02 2018] [WL_MUST]   serverid=382
[Sat Nov 17 19:41:02 2018] [WL_MUST]   time=1542454862
[Sat Nov 17 19:41:02 2018] [WL_MUST]   account=1106932323
[Sat Nov 17 19:41:02 2018] [WL_MUST] }
[Sat Nov 17 19:41:02 2018] [WL_MUST] =fail
[Sat Nov 17 19:45:19 2018] [WL_MUST] 发送事件:
[Sat Nov 17 19:45:19 2018] [WL_MUST] ={
[Sat Nov 17 19:45:19 2018] [WL_MUST]   page=/nycs_user_active
[Sat Nov 17 19:45:19 2018] [WL_MUST]   port=8008
[Sat Nov 17 19:45:19 2018] [WL_MUST]   domain=report.syyx.cn
[Sat Nov 17 19:45:19 2018] [WL_MUST]   param={
[Sat Nov 17 19:45:19 2018] [WL_MUST]     active=102
[Sat Nov 17 19:45:19 2018] [WL_MUST]     serverid=382
[Sat Nov 17 19:45:19 2018] [WL_MUST]     time=1542455119
[Sat Nov 17 19:45:19 2018] [WL_MUST]     account=rui_xiao9
[Sat Nov 17 19:45:19 2018] [WL_MUST]   }
[Sat Nov 17 19:45:19 2018] [WL_MUST] }
[Sat Nov 17 19:45:19 2018] [WL_MUST] 接收回复:
[Sat Nov 17 19:45:19 2018] [WL_MUST] ={
[Sat Nov 17 19:45:19 2018] [WL_MUST]   active=102
[Sat Nov 17 19:45:19 2018] [WL_MUST]   serverid=382
[Sat Nov 17 19:45:19 2018] [WL_MUST]   time=1542455119
[Sat Nov 17 19:45:19 2018] [WL_MUST]   account=rui_xiao9
[Sat Nov 17 19:45:19 2018] [WL_MUST] }
[Sat Nov 17 19:45:19 2018] [WL_MUST] =fail
[Sat Nov 17 20:36:21 2018] [WL_MUST] 发送事件:
[Sat Nov 17 20:36:21 2018] [WL_MUST] ={
[Sat Nov 17 20:36:21 2018] [WL_MUST]   page=/nycs_user_active
[Sat Nov 17 20:36:21 2018] [WL_MUST]   port=8008
[Sat Nov 17 20:36:21 2018] [WL_MUST]   domain=report.syyx.cn
[Sat Nov 17 20:36:21 2018] [WL_MUST]   param={
[Sat Nov 17 20:36:21 2018] [WL_MUST]     active=101
[Sat Nov 17 20:36:21 2018] [WL_MUST]     serverid=382
[Sat Nov 17 20:36:21 2018] [WL_MUST]     time=1542458181
[Sat Nov 17 20:36:21 2018] [WL_MUST]     account=liaiyang1314
[Sat Nov 17 20:36:21 2018] [WL_MUST]   }
[Sat Nov 17 20:36:21 2018] [WL_MUST] }
[Sat Nov 17 20:36:21 2018] [WL_MUST] 接收回复:
[Sat Nov 17 20:36:21 2018] [WL_MUST] ={
[Sat Nov 17 20:36:21 2018] [WL_MUST]   active=101
[Sat Nov 17 20:36:21 2018] [WL_MUST]   serverid=382
[Sat Nov 17 20:36:21 2018] [WL_MUST]   time=1542458181
[Sat Nov 17 20:36:21 2018] [WL_MUST]   account=liaiyang1314
[Sat Nov 17 20:36:21 2018] [WL_MUST] }
[Sat Nov 17 20:36:21 2018] [WL_MUST] =fail
[Sat Nov 17 21:32:11 2018] [WL_MUST] 发送事件:
[Sat Nov 17 21:32:11 2018] [WL_MUST] ={
[Sat Nov 17 21:32:11 2018] [WL_MUST]   page=/nycs_user_active
[Sat Nov 17 21:32:11 2018] [WL_MUST]   port=8008
[Sat Nov 17 21:32:11 2018] [WL_MUST]   domain=report.syyx.cn
[Sat Nov 17 21:32:11 2018] [WL_MUST]   param={
[Sat Nov 17 21:32:11 2018] [WL_MUST]     active=102
[Sat Nov 17 21:32:11 2018] [WL_MUST]     serverid=382
[Sat Nov 17 21:32:11 2018] [WL_MUST]     time=1542461531
[Sat Nov 17 21:32:11 2018] [WL_MUST]     account=zhong49517
[Sat Nov 17 21:32:11 2018] [WL_MUST]   }
[Sat Nov 17 21:32:11 2018] [WL_MUST] }
[Sat Nov 17 21:32:11 2018] [WL_MUST] 接收回复:
[Sat Nov 17 21:32:11 2018] [WL_MUST] ={
[Sat Nov 17 21:32:11 2018] [WL_MUST]   active=102
[Sat Nov 17 21:32:11 2018] [WL_MUST]   serverid=382
[Sat Nov 17 21:32:11 2018] [WL_MUST]   time=1542461531
[Sat Nov 17 21:32:11 2018] [WL_MUST]   account=zhong49517
[Sat Nov 17 21:32:11 2018] [WL_MUST] }
[Sat Nov 17 21:32:11 2018] [WL_MUST] =fail
[Sat Nov 17 21:40:09 2018] [WL_MUST] 发送事件:
[Sat Nov 17 21:40:09 2018] [WL_MUST] ={
[Sat Nov 17 21:40:09 2018] [WL_MUST]   page=/nycs_user_active
[Sat Nov 17 21:40:09 2018] [WL_MUST]   port=8008
[Sat Nov 17 21:40:09 2018] [WL_MUST]   domain=report.syyx.cn
[Sat Nov 17 21:40:09 2018] [WL_MUST]   param={
[Sat Nov 17 21:40:09 2018] [WL_MUST]     active=101
[Sat Nov 17 21:40:09 2018] [WL_MUST]     serverid=382
[Sat Nov 17 21:40:09 2018] [WL_MUST]     time=1542462009
[Sat Nov 17 21:40:09 2018] [WL_MUST]     account=15673411168
[Sat Nov 17 21:40:09 2018] [WL_MUST]   }
[Sat Nov 17 21:40:09 2018] [WL_MUST] }
[Sat Nov 17 21:40:09 2018] [WL_MUST] 发送事件:
[Sat Nov 17 21:40:09 2018] [WL_MUST] ={
[Sat Nov 17 21:40:09 2018] [WL_MUST]   page=/nycs_user_active
[Sat Nov 17 21:40:09 2018] [WL_MUST]   port=8008
[Sat Nov 17 21:40:09 2018] [WL_MUST]   domain=report.syyx.cn
[Sat Nov 17 21:40:09 2018] [WL_MUST]   param={
[Sat Nov 17 21:40:09 2018] [WL_MUST]     active=101
[Sat Nov 17 21:40:09 2018] [WL_MUST]     serverid=382
[Sat Nov 17 21:40:09 2018] [WL_MUST]     time=1542462009
[Sat Nov 17 21:40:09 2018] [WL_MUST]     account=646080616
[Sat Nov 17 21:40:09 2018] [WL_MUST]   }
[Sat Nov 17 21:40:09 2018] [WL_MUST] }
[Sat Nov 17 21:40:09 2018] [WL_MUST] 发送事件:
[Sat Nov 17 21:40:09 2018] [WL_MUST] ={
[Sat Nov 17 21:40:09 2018] [WL_MUST]   page=/nycs_user_active
[Sat Nov 17 21:40:09 2018] [WL_MUST]   port=8008
[Sat Nov 17 21:40:09 2018] [WL_MUST]   domain=report.syyx.cn
[Sat Nov 17 21:40:09 2018] [WL_MUST]   param={
[Sat Nov 17 21:40:09 2018] [WL_MUST]     active=101
[Sat Nov 17 21:40:09 2018] [WL_MUST]     serverid=382
[Sat Nov 17 21:40:09 2018] [WL_MUST]     time=1542462009
[Sat Nov 17 21:40:09 2018] [WL_MUST]     account=425053431
[Sat Nov 17 21:40:09 2018] [WL_MUST]   }
[Sat Nov 17 21:40:09 2018] [WL_MUST] }
[Sat Nov 17 21:40:09 2018] [WL_MUST] 接收回复:
[Sat Nov 17 21:40:09 2018] [WL_MUST] ={
[Sat Nov 17 21:40:09 2018] [WL_MUST]   active=101
[Sat Nov 17 21:40:09 2018] [WL_MUST]   serverid=382
[Sat Nov 17 21:40:09 2018] [WL_MUST]   time=1542462009
[Sat Nov 17 21:40:09 2018] [WL_MUST]   account=646080616
[Sat Nov 17 21:40:09 2018] [WL_MUST] }
[Sat Nov 17 21:40:09 2018] [WL_MUST] =fail
[Sat Nov 17 21:40:09 2018] [WL_MUST] 接收回复:
[Sat Nov 17 21:40:09 2018] [WL_MUST] ={
[Sat Nov 17 21:40:09 2018] [WL_MUST]   active=101
[Sat Nov 17 21:40:09 2018] [WL_MUST]   serverid=382
[Sat Nov 17 21:40:09 2018] [WL_MUST]   time=1542462009
[Sat Nov 17 21:40:09 2018] [WL_MUST]   account=15673411168
[Sat Nov 17 21:40:09 2018] [WL_MUST] }
[Sat Nov 17 21:40:09 2018] [WL_MUST] =fail
[Sat Nov 17 21:40:09 2018] [WL_MUST] 接收回复:
[Sat Nov 17 21:40:09 2018] [WL_MUST] ={
[Sat Nov 17 21:40:09 2018] [WL_MUST]   active=101
[Sat Nov 17 21:40:09 2018] [WL_MUST]   serverid=382
[Sat Nov 17 21:40:09 2018] [WL_MUST]   time=1542462009
[Sat Nov 17 21:40:09 2018] [WL_MUST]   account=425053431
[Sat Nov 17 21:40:09 2018] [WL_MUST] }
[Sat Nov 17 21:40:09 2018] [WL_MUST] =fail
[Sat Nov 17 22:32:09 2018] [WL_MUST] 发送事件:
[Sat Nov 17 22:32:09 2018] [WL_MUST] ={
[Sat Nov 17 22:32:09 2018] [WL_MUST]   page=/nycs_user_active
[Sat Nov 17 22:32:09 2018] [WL_MUST]   port=8008
[Sat Nov 17 22:32:09 2018] [WL_MUST]   domain=report.syyx.cn
[Sat Nov 17 22:32:09 2018] [WL_MUST]   param={
[Sat Nov 17 22:32:09 2018] [WL_MUST]     active=100
[Sat Nov 17 22:32:09 2018] [WL_MUST]     serverid=382
[Sat Nov 17 22:32:09 2018] [WL_MUST]     time=1542465129
[Sat Nov 17 22:32:09 2018] [WL_MUST]     account=gamewor
[Sat Nov 17 22:32:09 2018] [WL_MUST]   }
[Sat Nov 17 22:32:09 2018] [WL_MUST] }
[Sat Nov 17 22:32:10 2018] [WL_MUST] 接收回复:
[Sat Nov 17 22:32:10 2018] [WL_MUST] ={
[Sat Nov 17 22:32:10 2018] [WL_MUST]   active=100
[Sat Nov 17 22:32:10 2018] [WL_MUST]   serverid=382
[Sat Nov 17 22:32:10 2018] [WL_MUST]   time=1542465129
[Sat Nov 17 22:32:10 2018] [WL_MUST]   account=gamewor
[Sat Nov 17 22:32:10 2018] [WL_MUST] }
[Sat Nov 17 22:32:10 2018] [WL_MUST] =fail
[Sat Nov 17 22:32:24 2018] [WL_MUST] 发送事件:
[Sat Nov 17 22:32:24 2018] [WL_MUST] ={
[Sat Nov 17 22:32:24 2018] [WL_MUST]   page=/nycs_user_active
[Sat Nov 17 22:32:24 2018] [WL_MUST]   port=8008
[Sat Nov 17 22:32:24 2018] [WL_MUST]   domain=report.syyx.cn
[Sat Nov 17 22:32:24 2018] [WL_MUST]   param={
[Sat Nov 17 22:32:24 2018] [WL_MUST]     active=100
[Sat Nov 17 22:32:24 2018] [WL_MUST]     serverid=382
[Sat Nov 17 22:32:24 2018] [WL_MUST]     time=1542465144
[Sat Nov 17 22:32:24 2018] [WL_MUST]     account=zcm_3344520
[Sat Nov 17 22:32:24 2018] [WL_MUST]   }
[Sat Nov 17 22:32:24 2018] [WL_MUST] }
[Sat Nov 17 22:32:24 2018] [WL_MUST] 发送事件:
[Sat Nov 17 22:32:24 2018] [WL_MUST] ={
[Sat Nov 17 22:32:24 2018] [WL_MUST]   page=/nycs_user_active
[Sat Nov 17 22:32:24 2018] [WL_MUST]   port=8008
[Sat Nov 17 22:32:24 2018] [WL_MUST]   domain=report.syyx.cn
[Sat Nov 17 22:32:24 2018] [WL_MUST]   param={
[Sat Nov 17 22:32:24 2018] [WL_MUST]     active=102
[Sat Nov 17 22:32:24 2018] [WL_MUST]     serverid=382
[Sat Nov 17 22:32:24 2018] [WL_MUST]     time=1542465144
[Sat Nov 17 22:32:24 2018] [WL_MUST]     account=zcm3344520
[Sat Nov 17 22:32:24 2018] [WL_MUST]   }
[Sat Nov 17 22:32:24 2018] [WL_MUST] }
[Sat Nov 17 22:32:25 2018] [WL_MUST] 接收回复:
[Sat Nov 17 22:32:25 2018] [WL_MUST] ={
[Sat Nov 17 22:32:25 2018] [WL_MUST]   active=100
[Sat Nov 17 22:32:25 2018] [WL_MUST]   serverid=382
[Sat Nov 17 22:32:25 2018] [WL_MUST]   time=1542465144
[Sat Nov 17 22:32:25 2018] [WL_MUST]   account=zcm_3344520
[Sat Nov 17 22:32:25 2018] [WL_MUST] }
[Sat Nov 17 22:32:25 2018] [WL_MUST] =fail
[Sat Nov 17 22:32:26 2018] [WL_MUST] 接收回复:
[Sat Nov 17 22:32:26 2018] [WL_MUST] ={
[Sat Nov 17 22:32:26 2018] [WL_MUST]   active=102
[Sat Nov 17 22:32:26 2018] [WL_MUST]   serverid=382
[Sat Nov 17 22:32:26 2018] [WL_MUST]   time=1542465144
[Sat Nov 17 22:32:26 2018] [WL_MUST]   account=zcm3344520
[Sat Nov 17 22:32:26 2018] [WL_MUST] }
[Sat Nov 17 22:32:26 2018] [WL_MUST] =fail
[Sat Nov 17 23:32:44 2018] [WL_MUST] 发送事件:
[Sat Nov 17 23:32:44 2018] [WL_MUST] ={
[Sat Nov 17 23:32:44 2018] [WL_MUST]   page=/nycs_user_active
[Sat Nov 17 23:32:44 2018] [WL_MUST]   port=8008
[Sat Nov 17 23:32:44 2018] [WL_MUST]   domain=report.syyx.cn
[Sat Nov 17 23:32:44 2018] [WL_MUST]   param={
[Sat Nov 17 23:32:44 2018] [WL_MUST]     active=101
[Sat Nov 17 23:32:44 2018] [WL_MUST]     serverid=382
[Sat Nov 17 23:32:44 2018] [WL_MUST]     time=1542468764
[Sat Nov 17 23:32:44 2018] [WL_MUST]     account=280180378
[Sat Nov 17 23:32:44 2018] [WL_MUST]   }
[Sat Nov 17 23:32:44 2018] [WL_MUST] }
[Sat Nov 17 23:32:45 2018] [WL_MUST] 接收回复:
[Sat Nov 17 23:32:45 2018] [WL_MUST] ={
[Sat Nov 17 23:32:45 2018] [WL_MUST]   active=101
[Sat Nov 17 23:32:45 2018] [WL_MUST]   serverid=382
[Sat Nov 17 23:32:45 2018] [WL_MUST]   time=1542468764
[Sat Nov 17 23:32:45 2018] [WL_MUST]   account=280180378
[Sat Nov 17 23:32:45 2018] [WL_MUST] }
[Sat Nov 17 23:32:45 2018] [WL_MUST] =fail
[Sat Nov 17 23:34:29 2018] [WL_MUST] 发送事件:
[Sat Nov 17 23:34:29 2018] [WL_MUST] ={
[Sat Nov 17 23:34:29 2018] [WL_MUST]   page=/nycs_five_color
[Sat Nov 17 23:34:29 2018] [WL_MUST]   port=8008
[Sat Nov 17 23:34:29 2018] [WL_MUST]   domain=report.syyx.cn
[Sat Nov 17 23:34:29 2018] [WL_MUST]   param={
[Sat Nov 17 23:34:29 2018] [WL_MUST]     serverid=382
[Sat Nov 17 23:34:29 2018] [WL_MUST]     time=1542468869
[Sat Nov 17 23:34:29 2018] [WL_MUST]     account=asdf1989
[Sat Nov 17 23:34:29 2018] [WL_MUST]   }
[Sat Nov 17 23:34:29 2018] [WL_MUST] }
[Sat Nov 17 23:34:29 2018] [WL_MUST] 接收回复:
[Sat Nov 17 23:34:29 2018] [WL_MUST] ={
[Sat Nov 17 23:34:29 2018] [WL_MUST]   serverid=382
[Sat Nov 17 23:34:29 2018] [WL_MUST]   time=1542468869
[Sat Nov 17 23:34:29 2018] [WL_MUST]   account=asdf1989
[Sat Nov 17 23:34:29 2018] [WL_MUST] }
[Sat Nov 17 23:34:29 2018] [WL_MUST] =fail
[Sat Nov 17 23:45:08 2018] [WL_MUST] 发送事件:
[Sat Nov 17 23:45:08 2018] [WL_MUST] ={
[Sat Nov 17 23:45:08 2018] [WL_MUST]   page=/nycs_user_active
[Sat Nov 17 23:45:08 2018] [WL_MUST]   port=8008
[Sat Nov 17 23:45:08 2018] [WL_MUST]   domain=report.syyx.cn
[Sat Nov 17 23:45:08 2018] [WL_MUST]   param={
[Sat Nov 17 23:45:08 2018] [WL_MUST]     active=100
[Sat Nov 17 23:45:08 2018] [WL_MUST]     serverid=382
[Sat Nov 17 23:45:08 2018] [WL_MUST]     time=1542469508
[Sat Nov 17 23:45:08 2018] [WL_MUST]     account=asdf1989
[Sat Nov 17 23:45:08 2018] [WL_MUST]   }
[Sat Nov 17 23:45:08 2018] [WL_MUST] }
[Sat Nov 17 23:45:08 2018] [WL_MUST] 接收回复:
[Sat Nov 17 23:45:08 2018] [WL_MUST] ={
[Sat Nov 17 23:45:08 2018] [WL_MUST]   active=100
[Sat Nov 17 23:45:08 2018] [WL_MUST]   serverid=382
[Sat Nov 17 23:45:08 2018] [WL_MUST]   time=1542469508
[Sat Nov 17 23:45:08 2018] [WL_MUST]   account=asdf1989
[Sat Nov 17 23:45:08 2018] [WL_MUST] }
[Sat Nov 17 23:45:08 2018] [WL_MUST] =fail
