[Mon Nov 19 02:02:06 2018] [WL_MUST] 发送事件:
[Mon Nov 19 02:02:06 2018] [WL_MUST] ={
[Mon Nov 19 02:02:06 2018] [WL_MUST]   page=/nycs_five_color
[Mon Nov 19 02:02:06 2018] [WL_MUST]   port=8008
[Mon Nov 19 02:02:06 2018] [WL_MUST]   domain=report.syyx.cn
[Mon Nov 19 02:02:06 2018] [WL_MUST]   param={
[Mon Nov 19 02:02:06 2018] [WL_MUST]     serverid=382
[Mon Nov 19 02:02:06 2018] [WL_MUST]     time=1542564126
[Mon Nov 19 02:02:06 2018] [WL_MUST]     account=xing0528
[Mon Nov 19 02:02:06 2018] [WL_MUST]   }
[Mon Nov 19 02:02:06 2018] [WL_MUST] }
[Mon Nov 19 02:02:06 2018] [WL_MUST] 接收回复:
[Mon Nov 19 02:02:06 2018] [WL_MUST] ={
[Mon Nov 19 02:02:06 2018] [WL_MUST]   serverid=382
[Mon Nov 19 02:02:06 2018] [WL_MUST]   time=1542564126
[Mon Nov 19 02:02:06 2018] [WL_MUST]   account=xing0528
[Mon Nov 19 02:02:06 2018] [WL_MUST] }
[Mon Nov 19 02:02:06 2018] [WL_MUST] =fail
[Mon Nov 19 10:32:20 2018] [WL_MUST] 发送事件:
[Mon Nov 19 10:32:20 2018] [WL_MUST] ={
[Mon Nov 19 10:32:20 2018] [WL_MUST]   page=/nycs_user_active
[Mon Nov 19 10:32:20 2018] [WL_MUST]   port=8008
[Mon Nov 19 10:32:20 2018] [WL_MUST]   domain=report.syyx.cn
[Mon Nov 19 10:32:20 2018] [WL_MUST]   param={
[Mon Nov 19 10:32:20 2018] [WL_MUST]     active=102
[Mon Nov 19 10:32:20 2018] [WL_MUST]     serverid=382
[Mon Nov 19 10:32:20 2018] [WL_MUST]     time=1542594740
[Mon Nov 19 10:32:20 2018] [WL_MUST]     account=QQ79531546
[Mon Nov 19 10:32:20 2018] [WL_MUST]   }
[Mon Nov 19 10:32:20 2018] [WL_MUST] }
[Mon Nov 19 10:32:20 2018] [WL_MUST] 接收回复:
[Mon Nov 19 10:32:20 2018] [WL_MUST] ={
[Mon Nov 19 10:32:20 2018] [WL_MUST]   active=102
[Mon Nov 19 10:32:20 2018] [WL_MUST]   serverid=382
[Mon Nov 19 10:32:20 2018] [WL_MUST]   time=1542594740
[Mon Nov 19 10:32:20 2018] [WL_MUST]   account=QQ79531546
[Mon Nov 19 10:32:20 2018] [WL_MUST] }
[Mon Nov 19 10:32:20 2018] [WL_MUST] =fail
[Mon Nov 19 10:36:18 2018] [WL_MUST] 发送事件:
[Mon Nov 19 10:36:18 2018] [WL_MUST] ={
[Mon Nov 19 10:36:18 2018] [WL_MUST]   page=/nycs_user_active
[Mon Nov 19 10:36:18 2018] [WL_MUST]   port=8008
[Mon Nov 19 10:36:18 2018] [WL_MUST]   domain=report.syyx.cn
[Mon Nov 19 10:36:18 2018] [WL_MUST]   param={
[Mon Nov 19 10:36:18 2018] [WL_MUST]     active=100
[Mon Nov 19 10:36:18 2018] [WL_MUST]     serverid=382
[Mon Nov 19 10:36:18 2018] [WL_MUST]     time=1542594978
[Mon Nov 19 10:36:18 2018] [WL_MUST]     account=jzq98845838
[Mon Nov 19 10:36:18 2018] [WL_MUST]   }
[Mon Nov 19 10:36:18 2018] [WL_MUST] }
[Mon Nov 19 10:36:18 2018] [WL_MUST] 接收回复:
[Mon Nov 19 10:36:18 2018] [WL_MUST] ={
[Mon Nov 19 10:36:18 2018] [WL_MUST]   active=100
[Mon Nov 19 10:36:18 2018] [WL_MUST]   serverid=382
[Mon Nov 19 10:36:18 2018] [WL_MUST]   time=1542594978
[Mon Nov 19 10:36:18 2018] [WL_MUST]   account=jzq98845838
[Mon Nov 19 10:36:18 2018] [WL_MUST] }
[Mon Nov 19 10:36:18 2018] [WL_MUST] =fail
[Mon Nov 19 11:32:45 2018] [WL_MUST] 发送事件:
[Mon Nov 19 11:32:45 2018] [WL_MUST] ={
[Mon Nov 19 11:32:45 2018] [WL_MUST]   page=/nycs_user_active
[Mon Nov 19 11:32:45 2018] [WL_MUST]   port=8008
[Mon Nov 19 11:32:45 2018] [WL_MUST]   domain=report.syyx.cn
[Mon Nov 19 11:32:45 2018] [WL_MUST]   param={
[Mon Nov 19 11:32:45 2018] [WL_MUST]     active=101
[Mon Nov 19 11:32:45 2018] [WL_MUST]     serverid=382
[Mon Nov 19 11:32:45 2018] [WL_MUST]     time=1542598365
[Mon Nov 19 11:32:45 2018] [WL_MUST]     account=18798804244
[Mon Nov 19 11:32:45 2018] [WL_MUST]   }
[Mon Nov 19 11:32:45 2018] [WL_MUST] }
[Mon Nov 19 11:32:45 2018] [WL_MUST] 接收回复:
[Mon Nov 19 11:32:45 2018] [WL_MUST] ={
[Mon Nov 19 11:32:45 2018] [WL_MUST]   active=101
[Mon Nov 19 11:32:45 2018] [WL_MUST]   serverid=382
[Mon Nov 19 11:32:45 2018] [WL_MUST]   time=1542598365
[Mon Nov 19 11:32:45 2018] [WL_MUST]   account=18798804244
[Mon Nov 19 11:32:45 2018] [WL_MUST] }
[Mon Nov 19 11:32:45 2018] [WL_MUST] =fail
[Mon Nov 19 11:32:46 2018] [WL_MUST] 发送事件:
[Mon Nov 19 11:32:46 2018] [WL_MUST] ={
[Mon Nov 19 11:32:46 2018] [WL_MUST]   page=/nycs_user_active
[Mon Nov 19 11:32:46 2018] [WL_MUST]   port=8008
[Mon Nov 19 11:32:46 2018] [WL_MUST]   domain=report.syyx.cn
[Mon Nov 19 11:32:46 2018] [WL_MUST]   param={
[Mon Nov 19 11:32:46 2018] [WL_MUST]     active=102
[Mon Nov 19 11:32:46 2018] [WL_MUST]     serverid=382
[Mon Nov 19 11:32:46 2018] [WL_MUST]     time=1542598366
[Mon Nov 19 11:32:46 2018] [WL_MUST]     account=lls0605
[Mon Nov 19 11:32:46 2018] [WL_MUST]   }
[Mon Nov 19 11:32:46 2018] [WL_MUST] }
[Mon Nov 19 11:32:46 2018] [WL_MUST] 接收回复:
[Mon Nov 19 11:32:46 2018] [WL_MUST] ={
[Mon Nov 19 11:32:46 2018] [WL_MUST]   active=102
[Mon Nov 19 11:32:46 2018] [WL_MUST]   serverid=382
[Mon Nov 19 11:32:46 2018] [WL_MUST]   time=1542598366
[Mon Nov 19 11:32:46 2018] [WL_MUST]   account=lls0605
[Mon Nov 19 11:32:46 2018] [WL_MUST] }
[Mon Nov 19 11:32:46 2018] [WL_MUST] =fail
[Mon Nov 19 11:36:23 2018] [WL_MUST] 发送事件:
[Mon Nov 19 11:36:23 2018] [WL_MUST] ={
[Mon Nov 19 11:36:23 2018] [WL_MUST]   page=/nycs_user_active
[Mon Nov 19 11:36:23 2018] [WL_MUST]   port=8008
[Mon Nov 19 11:36:23 2018] [WL_MUST]   domain=report.syyx.cn
[Mon Nov 19 11:36:23 2018] [WL_MUST]   param={
[Mon Nov 19 11:36:23 2018] [WL_MUST]     active=102
[Mon Nov 19 11:36:23 2018] [WL_MUST]     serverid=382
[Mon Nov 19 11:36:23 2018] [WL_MUST]     time=1542598583
[Mon Nov 19 11:36:23 2018] [WL_MUST]     account=a15860532696
[Mon Nov 19 11:36:23 2018] [WL_MUST]   }
[Mon Nov 19 11:36:23 2018] [WL_MUST] }
[Mon Nov 19 11:36:23 2018] [WL_MUST] 接收回复:
[Mon Nov 19 11:36:23 2018] [WL_MUST] ={
[Mon Nov 19 11:36:23 2018] [WL_MUST]   active=102
[Mon Nov 19 11:36:23 2018] [WL_MUST]   serverid=382
[Mon Nov 19 11:36:23 2018] [WL_MUST]   time=1542598583
[Mon Nov 19 11:36:23 2018] [WL_MUST]   account=a15860532696
[Mon Nov 19 11:36:23 2018] [WL_MUST] }
[Mon Nov 19 11:36:23 2018] [WL_MUST] =fail
[Mon Nov 19 11:36:25 2018] [WL_MUST] 发送事件:
[Mon Nov 19 11:36:25 2018] [WL_MUST] ={
[Mon Nov 19 11:36:25 2018] [WL_MUST]   page=/nycs_user_active
[Mon Nov 19 11:36:25 2018] [WL_MUST]   port=8008
[Mon Nov 19 11:36:25 2018] [WL_MUST]   domain=report.syyx.cn
[Mon Nov 19 11:36:25 2018] [WL_MUST]   param={
[Mon Nov 19 11:36:25 2018] [WL_MUST]     active=102
[Mon Nov 19 11:36:25 2018] [WL_MUST]     serverid=382
[Mon Nov 19 11:36:25 2018] [WL_MUST]     time=1542598585
[Mon Nov 19 11:36:25 2018] [WL_MUST]     account=lideqi2017
[Mon Nov 19 11:36:25 2018] [WL_MUST]   }
[Mon Nov 19 11:36:25 2018] [WL_MUST] }
[Mon Nov 19 11:36:25 2018] [WL_MUST] 接收回复:
[Mon Nov 19 11:36:25 2018] [WL_MUST] ={
[Mon Nov 19 11:36:25 2018] [WL_MUST]   active=102
[Mon Nov 19 11:36:25 2018] [WL_MUST]   serverid=382
[Mon Nov 19 11:36:25 2018] [WL_MUST]   time=1542598585
[Mon Nov 19 11:36:25 2018] [WL_MUST]   account=lideqi2017
[Mon Nov 19 11:36:25 2018] [WL_MUST] }
[Mon Nov 19 11:36:25 2018] [WL_MUST] =fail
[Mon Nov 19 11:36:48 2018] [WL_MUST] 发送事件:
[Mon Nov 19 11:36:48 2018] [WL_MUST] ={
[Mon Nov 19 11:36:48 2018] [WL_MUST]   page=/nycs_user_active
[Mon Nov 19 11:36:48 2018] [WL_MUST]   port=8008
[Mon Nov 19 11:36:48 2018] [WL_MUST]   domain=report.syyx.cn
[Mon Nov 19 11:36:48 2018] [WL_MUST]   param={
[Mon Nov 19 11:36:48 2018] [WL_MUST]     active=101
[Mon Nov 19 11:36:48 2018] [WL_MUST]     serverid=382
[Mon Nov 19 11:36:48 2018] [WL_MUST]     time=1542598608
[Mon Nov 19 11:36:48 2018] [WL_MUST]     account=lt91175
[Mon Nov 19 11:36:48 2018] [WL_MUST]   }
[Mon Nov 19 11:36:48 2018] [WL_MUST] }
[Mon Nov 19 11:36:48 2018] [WL_MUST] 接收回复:
[Mon Nov 19 11:36:48 2018] [WL_MUST] ={
[Mon Nov 19 11:36:48 2018] [WL_MUST]   active=101
[Mon Nov 19 11:36:48 2018] [WL_MUST]   serverid=382
[Mon Nov 19 11:36:48 2018] [WL_MUST]   time=1542598608
[Mon Nov 19 11:36:48 2018] [WL_MUST]   account=lt91175
[Mon Nov 19 11:36:48 2018] [WL_MUST] }
[Mon Nov 19 11:36:48 2018] [WL_MUST] =fail
[Mon Nov 19 11:40:14 2018] [WL_MUST] 发送事件:
[Mon Nov 19 11:40:14 2018] [WL_MUST] ={
[Mon Nov 19 11:40:14 2018] [WL_MUST]   page=/nycs_user_active
[Mon Nov 19 11:40:14 2018] [WL_MUST]   port=8008
[Mon Nov 19 11:40:14 2018] [WL_MUST]   domain=report.syyx.cn
[Mon Nov 19 11:40:14 2018] [WL_MUST]   param={
[Mon Nov 19 11:40:14 2018] [WL_MUST]     active=100
[Mon Nov 19 11:40:14 2018] [WL_MUST]     serverid=382
[Mon Nov 19 11:40:14 2018] [WL_MUST]     time=1542598814
[Mon Nov 19 11:40:14 2018] [WL_MUST]     account=15504105515a
[Mon Nov 19 11:40:14 2018] [WL_MUST]   }
[Mon Nov 19 11:40:14 2018] [WL_MUST] }
[Mon Nov 19 11:40:14 2018] [WL_MUST] 接收回复:
[Mon Nov 19 11:40:14 2018] [WL_MUST] ={
[Mon Nov 19 11:40:14 2018] [WL_MUST]   active=100
[Mon Nov 19 11:40:14 2018] [WL_MUST]   serverid=382
[Mon Nov 19 11:40:14 2018] [WL_MUST]   time=1542598814
[Mon Nov 19 11:40:14 2018] [WL_MUST]   account=15504105515a
[Mon Nov 19 11:40:14 2018] [WL_MUST] }
[Mon Nov 19 11:40:14 2018] [WL_MUST] =fail
[Mon Nov 19 11:55:41 2018] [WL_MUST] 发送事件:
[Mon Nov 19 11:55:41 2018] [WL_MUST] ={
[Mon Nov 19 11:55:41 2018] [WL_MUST]   page=/nycs_user_active
[Mon Nov 19 11:55:41 2018] [WL_MUST]   port=8008
[Mon Nov 19 11:55:41 2018] [WL_MUST]   domain=report.syyx.cn
[Mon Nov 19 11:55:41 2018] [WL_MUST]   param={
[Mon Nov 19 11:55:41 2018] [WL_MUST]     active=100
[Mon Nov 19 11:55:41 2018] [WL_MUST]     serverid=382
[Mon Nov 19 11:55:41 2018] [WL_MUST]     time=1542599741
[Mon Nov 19 11:55:41 2018] [WL_MUST]     account=tongtong0316
[Mon Nov 19 11:55:41 2018] [WL_MUST]   }
[Mon Nov 19 11:55:41 2018] [WL_MUST] }
[Mon Nov 19 11:55:41 2018] [WL_MUST] 接收回复:
[Mon Nov 19 11:55:41 2018] [WL_MUST] ={
[Mon Nov 19 11:55:41 2018] [WL_MUST]   active=100
[Mon Nov 19 11:55:41 2018] [WL_MUST]   serverid=382
[Mon Nov 19 11:55:41 2018] [WL_MUST]   time=1542599741
[Mon Nov 19 11:55:41 2018] [WL_MUST]   account=tongtong0316
[Mon Nov 19 11:55:41 2018] [WL_MUST] }
[Mon Nov 19 11:55:41 2018] [WL_MUST] =fail
[Mon Nov 19 11:56:40 2018] [WL_MUST] 发送事件:
[Mon Nov 19 11:56:40 2018] [WL_MUST] ={
[Mon Nov 19 11:56:40 2018] [WL_MUST]   page=/nycs_user_active
[Mon Nov 19 11:56:40 2018] [WL_MUST]   port=8008
[Mon Nov 19 11:56:40 2018] [WL_MUST]   domain=report.syyx.cn
[Mon Nov 19 11:56:40 2018] [WL_MUST]   param={
[Mon Nov 19 11:56:40 2018] [WL_MUST]     active=107
[Mon Nov 19 11:56:40 2018] [WL_MUST]     serverid=382
[Mon Nov 19 11:56:40 2018] [WL_MUST]     time=1542599800
[Mon Nov 19 11:56:40 2018] [WL_MUST]     account=asd7654320
[Mon Nov 19 11:56:40 2018] [WL_MUST]   }
[Mon Nov 19 11:56:40 2018] [WL_MUST] }
[Mon Nov 19 11:56:40 2018] [WL_MUST] 发送事件:
[Mon Nov 19 11:56:40 2018] [WL_MUST] ={
[Mon Nov 19 11:56:40 2018] [WL_MUST]   page=/nycs_user_active
[Mon Nov 19 11:56:40 2018] [WL_MUST]   port=8008
[Mon Nov 19 11:56:40 2018] [WL_MUST]   domain=report.syyx.cn
[Mon Nov 19 11:56:40 2018] [WL_MUST]   param={
[Mon Nov 19 11:56:40 2018] [WL_MUST]     active=107
[Mon Nov 19 11:56:40 2018] [WL_MUST]     serverid=382
[Mon Nov 19 11:56:40 2018] [WL_MUST]     time=1542599800
[Mon Nov 19 11:56:40 2018] [WL_MUST]     account=morongsong
[Mon Nov 19 11:56:40 2018] [WL_MUST]   }
[Mon Nov 19 11:56:40 2018] [WL_MUST] }
[Mon Nov 19 11:56:40 2018] [WL_MUST] 接收回复:
[Mon Nov 19 11:56:40 2018] [WL_MUST] ={
[Mon Nov 19 11:56:40 2018] [WL_MUST]   active=107
[Mon Nov 19 11:56:40 2018] [WL_MUST]   serverid=382
[Mon Nov 19 11:56:40 2018] [WL_MUST]   time=1542599800
[Mon Nov 19 11:56:40 2018] [WL_MUST]   account=asd7654320
[Mon Nov 19 11:56:40 2018] [WL_MUST] }
[Mon Nov 19 11:56:40 2018] [WL_MUST] =fail
[Mon Nov 19 11:56:40 2018] [WL_MUST] 接收回复:
[Mon Nov 19 11:56:40 2018] [WL_MUST] ={
[Mon Nov 19 11:56:40 2018] [WL_MUST]   active=107
[Mon Nov 19 11:56:40 2018] [WL_MUST]   serverid=382
[Mon Nov 19 11:56:40 2018] [WL_MUST]   time=1542599800
[Mon Nov 19 11:56:40 2018] [WL_MUST]   account=morongsong
[Mon Nov 19 11:56:40 2018] [WL_MUST] }
[Mon Nov 19 11:56:40 2018] [WL_MUST] =fail
[Mon Nov 19 12:14:10 2018] [WL_MUST] 发送事件:
[Mon Nov 19 12:14:10 2018] [WL_MUST] ={
[Mon Nov 19 12:14:10 2018] [WL_MUST]   page=/nycs_five_color
[Mon Nov 19 12:14:10 2018] [WL_MUST]   port=8008
[Mon Nov 19 12:14:10 2018] [WL_MUST]   domain=report.syyx.cn
[Mon Nov 19 12:14:10 2018] [WL_MUST]   param={
[Mon Nov 19 12:14:10 2018] [WL_MUST]     serverid=382
[Mon Nov 19 12:14:10 2018] [WL_MUST]     time=1542600850
[Mon Nov 19 12:14:10 2018] [WL_MUST]     account=31954217
[Mon Nov 19 12:14:10 2018] [WL_MUST]   }
[Mon Nov 19 12:14:10 2018] [WL_MUST] }
[Mon Nov 19 12:14:10 2018] [WL_MUST] 接收回复:
[Mon Nov 19 12:14:10 2018] [WL_MUST] ={
[Mon Nov 19 12:14:10 2018] [WL_MUST]   serverid=382
[Mon Nov 19 12:14:10 2018] [WL_MUST]   time=1542600850
[Mon Nov 19 12:14:10 2018] [WL_MUST]   account=31954217
[Mon Nov 19 12:14:10 2018] [WL_MUST] }
[Mon Nov 19 12:14:10 2018] [WL_MUST] =fail
[Mon Nov 19 12:32:32 2018] [WL_MUST] 发送事件:
[Mon Nov 19 12:32:32 2018] [WL_MUST] ={
[Mon Nov 19 12:32:32 2018] [WL_MUST]   page=/nycs_user_active
[Mon Nov 19 12:32:32 2018] [WL_MUST]   port=8008
[Mon Nov 19 12:32:32 2018] [WL_MUST]   domain=report.syyx.cn
[Mon Nov 19 12:32:32 2018] [WL_MUST]   param={
[Mon Nov 19 12:32:32 2018] [WL_MUST]     active=102
[Mon Nov 19 12:32:32 2018] [WL_MUST]     serverid=382
[Mon Nov 19 12:32:32 2018] [WL_MUST]     time=1542601952
[Mon Nov 19 12:32:32 2018] [WL_MUST]     account=qq519198974
[Mon Nov 19 12:32:32 2018] [WL_MUST]   }
[Mon Nov 19 12:32:32 2018] [WL_MUST] }
[Mon Nov 19 12:32:32 2018] [WL_MUST] 接收回复:
[Mon Nov 19 12:32:32 2018] [WL_MUST] ={
[Mon Nov 19 12:32:32 2018] [WL_MUST]   active=102
[Mon Nov 19 12:32:32 2018] [WL_MUST]   serverid=382
[Mon Nov 19 12:32:32 2018] [WL_MUST]   time=1542601952
[Mon Nov 19 12:32:32 2018] [WL_MUST]   account=qq519198974
[Mon Nov 19 12:32:32 2018] [WL_MUST] }
[Mon Nov 19 12:32:32 2018] [WL_MUST] =fail
[Mon Nov 19 12:32:35 2018] [WL_MUST] 发送事件:
[Mon Nov 19 12:32:35 2018] [WL_MUST] ={
[Mon Nov 19 12:32:35 2018] [WL_MUST]   page=/nycs_user_active
[Mon Nov 19 12:32:35 2018] [WL_MUST]   port=8008
[Mon Nov 19 12:32:35 2018] [WL_MUST]   domain=report.syyx.cn
[Mon Nov 19 12:32:35 2018] [WL_MUST]   param={
[Mon Nov 19 12:32:35 2018] [WL_MUST]     active=101
[Mon Nov 19 12:32:35 2018] [WL_MUST]     serverid=382
[Mon Nov 19 12:32:35 2018] [WL_MUST]     time=1542601955
[Mon Nov 19 12:32:35 2018] [WL_MUST]     account=qingyibense02
[Mon Nov 19 12:32:35 2018] [WL_MUST]   }
[Mon Nov 19 12:32:35 2018] [WL_MUST] }
[Mon Nov 19 12:32:36 2018] [WL_MUST] 接收回复:
[Mon Nov 19 12:32:36 2018] [WL_MUST] ={
[Mon Nov 19 12:32:36 2018] [WL_MUST]   active=101
[Mon Nov 19 12:32:36 2018] [WL_MUST]   serverid=382
[Mon Nov 19 12:32:36 2018] [WL_MUST]   time=1542601955
[Mon Nov 19 12:32:36 2018] [WL_MUST]   account=qingyibense02
[Mon Nov 19 12:32:36 2018] [WL_MUST] }
[Mon Nov 19 12:32:36 2018] [WL_MUST] =fail
[Mon Nov 19 12:37:49 2018] [WL_MUST] 发送事件:
[Mon Nov 19 12:37:49 2018] [WL_MUST] ={
[Mon Nov 19 12:37:49 2018] [WL_MUST]   page=/nycs_five_color
[Mon Nov 19 12:37:49 2018] [WL_MUST]   port=8008
[Mon Nov 19 12:37:49 2018] [WL_MUST]   domain=report.syyx.cn
[Mon Nov 19 12:37:49 2018] [WL_MUST]   param={
[Mon Nov 19 12:37:49 2018] [WL_MUST]     serverid=382
[Mon Nov 19 12:37:49 2018] [WL_MUST]     time=1542602269
[Mon Nov 19 12:37:49 2018] [WL_MUST]     account=zjhyys74
[Mon Nov 19 12:37:49 2018] [WL_MUST]   }
[Mon Nov 19 12:37:49 2018] [WL_MUST] }
[Mon Nov 19 12:37:50 2018] [WL_MUST] 接收回复:
[Mon Nov 19 12:37:50 2018] [WL_MUST] ={
[Mon Nov 19 12:37:50 2018] [WL_MUST]   serverid=382
[Mon Nov 19 12:37:50 2018] [WL_MUST]   time=1542602269
[Mon Nov 19 12:37:50 2018] [WL_MUST]   account=zjhyys74
[Mon Nov 19 12:37:50 2018] [WL_MUST] }
[Mon Nov 19 12:37:50 2018] [WL_MUST] =fail
[Mon Nov 19 12:40:09 2018] [WL_MUST] 发送事件:
[Mon Nov 19 12:40:09 2018] [WL_MUST] ={
[Mon Nov 19 12:40:09 2018] [WL_MUST]   page=/nycs_user_active
[Mon Nov 19 12:40:09 2018] [WL_MUST]   port=8008
[Mon Nov 19 12:40:09 2018] [WL_MUST]   domain=report.syyx.cn
[Mon Nov 19 12:40:09 2018] [WL_MUST]   param={
[Mon Nov 19 12:40:09 2018] [WL_MUST]     active=102
[Mon Nov 19 12:40:09 2018] [WL_MUST]     serverid=382
[Mon Nov 19 12:40:09 2018] [WL_MUST]     time=1542602409
[Mon Nov 19 12:40:09 2018] [WL_MUST]     account=zhaoshuang2016
[Mon Nov 19 12:40:09 2018] [WL_MUST]   }
[Mon Nov 19 12:40:09 2018] [WL_MUST] }
[Mon Nov 19 12:40:09 2018] [WL_MUST] 接收回复:
[Mon Nov 19 12:40:09 2018] [WL_MUST] ={
[Mon Nov 19 12:40:09 2018] [WL_MUST]   active=102
[Mon Nov 19 12:40:09 2018] [WL_MUST]   serverid=382
[Mon Nov 19 12:40:09 2018] [WL_MUST]   time=1542602409
[Mon Nov 19 12:40:09 2018] [WL_MUST]   account=zhaoshuang2016
[Mon Nov 19 12:40:09 2018] [WL_MUST] }
[Mon Nov 19 12:40:09 2018] [WL_MUST] =fail
[Mon Nov 19 13:37:35 2018] [WL_MUST] 发送事件:
[Mon Nov 19 13:37:35 2018] [WL_MUST] ={
[Mon Nov 19 13:37:35 2018] [WL_MUST]   page=/nycs_user_active
[Mon Nov 19 13:37:35 2018] [WL_MUST]   port=8008
[Mon Nov 19 13:37:35 2018] [WL_MUST]   domain=report.syyx.cn
[Mon Nov 19 13:37:35 2018] [WL_MUST]   param={
[Mon Nov 19 13:37:35 2018] [WL_MUST]     active=100
[Mon Nov 19 13:37:35 2018] [WL_MUST]     serverid=382
[Mon Nov 19 13:37:35 2018] [WL_MUST]     time=1542605855
[Mon Nov 19 13:37:35 2018] [WL_MUST]     account=tige109624742
[Mon Nov 19 13:37:35 2018] [WL_MUST]   }
[Mon Nov 19 13:37:35 2018] [WL_MUST] }
[Mon Nov 19 13:37:35 2018] [WL_MUST] 接收回复:
[Mon Nov 19 13:37:35 2018] [WL_MUST] ={
[Mon Nov 19 13:37:35 2018] [WL_MUST]   active=100
[Mon Nov 19 13:37:35 2018] [WL_MUST]   serverid=382
[Mon Nov 19 13:37:35 2018] [WL_MUST]   time=1542605855
[Mon Nov 19 13:37:35 2018] [WL_MUST]   account=tige109624742
[Mon Nov 19 13:37:35 2018] [WL_MUST] }
[Mon Nov 19 13:37:35 2018] [WL_MUST] =fail
[Mon Nov 19 13:40:31 2018] [WL_MUST] 发送事件:
[Mon Nov 19 13:40:31 2018] [WL_MUST] ={
[Mon Nov 19 13:40:31 2018] [WL_MUST]   page=/nycs_user_active
[Mon Nov 19 13:40:31 2018] [WL_MUST]   port=8008
[Mon Nov 19 13:40:31 2018] [WL_MUST]   domain=report.syyx.cn
[Mon Nov 19 13:40:31 2018] [WL_MUST]   param={
[Mon Nov 19 13:40:31 2018] [WL_MUST]     active=101
[Mon Nov 19 13:40:31 2018] [WL_MUST]     serverid=382
[Mon Nov 19 13:40:31 2018] [WL_MUST]     time=1542606031
[Mon Nov 19 13:40:31 2018] [WL_MUST]     account=ldy20150131
[Mon Nov 19 13:40:31 2018] [WL_MUST]   }
[Mon Nov 19 13:40:31 2018] [WL_MUST] }
[Mon Nov 19 13:40:31 2018] [WL_MUST] 接收回复:
[Mon Nov 19 13:40:31 2018] [WL_MUST] ={
[Mon Nov 19 13:40:31 2018] [WL_MUST]   active=101
[Mon Nov 19 13:40:31 2018] [WL_MUST]   serverid=382
[Mon Nov 19 13:40:31 2018] [WL_MUST]   time=1542606031
[Mon Nov 19 13:40:31 2018] [WL_MUST]   account=ldy20150131
[Mon Nov 19 13:40:31 2018] [WL_MUST] }
[Mon Nov 19 13:40:31 2018] [WL_MUST] =fail
[Mon Nov 19 14:36:25 2018] [WL_MUST] 发送事件:
[Mon Nov 19 14:36:25 2018] [WL_MUST] ={
[Mon Nov 19 14:36:25 2018] [WL_MUST]   page=/nycs_user_active
[Mon Nov 19 14:36:25 2018] [WL_MUST]   port=8008
[Mon Nov 19 14:36:25 2018] [WL_MUST]   domain=report.syyx.cn
[Mon Nov 19 14:36:25 2018] [WL_MUST]   param={
[Mon Nov 19 14:36:25 2018] [WL_MUST]     active=102
[Mon Nov 19 14:36:25 2018] [WL_MUST]     serverid=382
[Mon Nov 19 14:36:25 2018] [WL_MUST]     time=1542609385
[Mon Nov 19 14:36:25 2018] [WL_MUST]     account=m15736697212
[Mon Nov 19 14:36:25 2018] [WL_MUST]   }
[Mon Nov 19 14:36:25 2018] [WL_MUST] }
[Mon Nov 19 14:36:25 2018] [WL_MUST] 接收回复:
[Mon Nov 19 14:36:25 2018] [WL_MUST] ={
[Mon Nov 19 14:36:25 2018] [WL_MUST]   active=102
[Mon Nov 19 14:36:25 2018] [WL_MUST]   serverid=382
[Mon Nov 19 14:36:25 2018] [WL_MUST]   time=1542609385
[Mon Nov 19 14:36:25 2018] [WL_MUST]   account=m15736697212
[Mon Nov 19 14:36:25 2018] [WL_MUST] }
[Mon Nov 19 14:36:25 2018] [WL_MUST] =fail
[Mon Nov 19 14:36:37 2018] [WL_MUST] 发送事件:
[Mon Nov 19 14:36:37 2018] [WL_MUST] ={
[Mon Nov 19 14:36:37 2018] [WL_MUST]   page=/nycs_user_active
[Mon Nov 19 14:36:37 2018] [WL_MUST]   port=8008
[Mon Nov 19 14:36:37 2018] [WL_MUST]   domain=report.syyx.cn
[Mon Nov 19 14:36:37 2018] [WL_MUST]   param={
[Mon Nov 19 14:36:37 2018] [WL_MUST]     active=101
[Mon Nov 19 14:36:37 2018] [WL_MUST]     serverid=382
[Mon Nov 19 14:36:37 2018] [WL_MUST]     time=1542609397
[Mon Nov 19 14:36:37 2018] [WL_MUST]     account=251389661
[Mon Nov 19 14:36:37 2018] [WL_MUST]   }
[Mon Nov 19 14:36:37 2018] [WL_MUST] }
[Mon Nov 19 14:36:37 2018] [WL_MUST] 接收回复:
[Mon Nov 19 14:36:37 2018] [WL_MUST] ={
[Mon Nov 19 14:36:37 2018] [WL_MUST]   active=101
[Mon Nov 19 14:36:37 2018] [WL_MUST]   serverid=382
[Mon Nov 19 14:36:37 2018] [WL_MUST]   time=1542609397
[Mon Nov 19 14:36:37 2018] [WL_MUST]   account=251389661
[Mon Nov 19 14:36:37 2018] [WL_MUST] }
[Mon Nov 19 14:36:37 2018] [WL_MUST] =fail
[Mon Nov 19 15:32:54 2018] [WL_MUST] 发送事件:
[Mon Nov 19 15:32:54 2018] [WL_MUST] ={
[Mon Nov 19 15:32:54 2018] [WL_MUST]   page=/nycs_user_active
[Mon Nov 19 15:32:54 2018] [WL_MUST]   port=8008
[Mon Nov 19 15:32:54 2018] [WL_MUST]   domain=report.syyx.cn
[Mon Nov 19 15:32:54 2018] [WL_MUST]   param={
[Mon Nov 19 15:32:54 2018] [WL_MUST]     active=101
[Mon Nov 19 15:32:54 2018] [WL_MUST]     serverid=382
[Mon Nov 19 15:32:54 2018] [WL_MUST]     time=1542612773
[Mon Nov 19 15:32:54 2018] [WL_MUST]     account=wuxiao2026
[Mon Nov 19 15:32:54 2018] [WL_MUST]   }
[Mon Nov 19 15:32:54 2018] [WL_MUST] }
[Mon Nov 19 15:32:54 2018] [WL_MUST] 接收回复:
[Mon Nov 19 15:32:54 2018] [WL_MUST] ={
[Mon Nov 19 15:32:54 2018] [WL_MUST]   active=101
[Mon Nov 19 15:32:54 2018] [WL_MUST]   serverid=382
[Mon Nov 19 15:32:54 2018] [WL_MUST]   time=1542612773
[Mon Nov 19 15:32:54 2018] [WL_MUST]   account=wuxiao2026
[Mon Nov 19 15:32:54 2018] [WL_MUST] }
[Mon Nov 19 15:32:54 2018] [WL_MUST] =fail
[Mon Nov 19 15:40:15 2018] [WL_MUST] 发送事件:
[Mon Nov 19 15:40:15 2018] [WL_MUST] ={
[Mon Nov 19 15:40:15 2018] [WL_MUST]   page=/nycs_user_active
[Mon Nov 19 15:40:15 2018] [WL_MUST]   port=8008
[Mon Nov 19 15:40:15 2018] [WL_MUST]   domain=report.syyx.cn
[Mon Nov 19 15:40:15 2018] [WL_MUST]   param={
[Mon Nov 19 15:40:15 2018] [WL_MUST]     active=101
[Mon Nov 19 15:40:15 2018] [WL_MUST]     serverid=382
[Mon Nov 19 15:40:15 2018] [WL_MUST]     time=1542613215
[Mon Nov 19 15:40:15 2018] [WL_MUST]     account=zyt112199
[Mon Nov 19 15:40:15 2018] [WL_MUST]   }
[Mon Nov 19 15:40:15 2018] [WL_MUST] }
[Mon Nov 19 15:40:16 2018] [WL_MUST] 接收回复:
[Mon Nov 19 15:40:16 2018] [WL_MUST] ={
[Mon Nov 19 15:40:16 2018] [WL_MUST]   active=101
[Mon Nov 19 15:40:16 2018] [WL_MUST]   serverid=382
[Mon Nov 19 15:40:16 2018] [WL_MUST]   time=1542613215
[Mon Nov 19 15:40:16 2018] [WL_MUST]   account=zyt112199
[Mon Nov 19 15:40:16 2018] [WL_MUST] }
[Mon Nov 19 15:40:16 2018] [WL_MUST] =fail
[Mon Nov 19 16:40:53 2018] [WL_MUST] 发送事件:
[Mon Nov 19 16:40:53 2018] [WL_MUST] ={
[Mon Nov 19 16:40:53 2018] [WL_MUST]   page=/nycs_user_active
[Mon Nov 19 16:40:53 2018] [WL_MUST]   port=8008
[Mon Nov 19 16:40:53 2018] [WL_MUST]   domain=report.syyx.cn
[Mon Nov 19 16:40:53 2018] [WL_MUST]   param={
[Mon Nov 19 16:40:53 2018] [WL_MUST]     active=102
[Mon Nov 19 16:40:53 2018] [WL_MUST]     serverid=382
[Mon Nov 19 16:40:53 2018] [WL_MUST]     time=1542616853
[Mon Nov 19 16:40:53 2018] [WL_MUST]     account=chenyuyuan789
[Mon Nov 19 16:40:53 2018] [WL_MUST]   }
[Mon Nov 19 16:40:53 2018] [WL_MUST] }
[Mon Nov 19 16:40:54 2018] [WL_MUST] 接收回复:
[Mon Nov 19 16:40:54 2018] [WL_MUST] ={
[Mon Nov 19 16:40:54 2018] [WL_MUST]   active=102
[Mon Nov 19 16:40:54 2018] [WL_MUST]   serverid=382
[Mon Nov 19 16:40:54 2018] [WL_MUST]   time=1542616853
[Mon Nov 19 16:40:54 2018] [WL_MUST]   account=chenyuyuan789
[Mon Nov 19 16:40:54 2018] [WL_MUST] }
[Mon Nov 19 16:40:54 2018] [WL_MUST] =fail
[Mon Nov 19 17:36:52 2018] [WL_MUST] 发送事件:
[Mon Nov 19 17:36:52 2018] [WL_MUST] ={
[Mon Nov 19 17:36:52 2018] [WL_MUST]   page=/nycs_user_active
[Mon Nov 19 17:36:52 2018] [WL_MUST]   port=8008
[Mon Nov 19 17:36:52 2018] [WL_MUST]   domain=report.syyx.cn
[Mon Nov 19 17:36:52 2018] [WL_MUST]   param={
[Mon Nov 19 17:36:52 2018] [WL_MUST]     active=102
[Mon Nov 19 17:36:52 2018] [WL_MUST]     serverid=382
[Mon Nov 19 17:36:52 2018] [WL_MUST]     time=1542620212
[Mon Nov 19 17:36:52 2018] [WL_MUST]     account=664859153
[Mon Nov 19 17:36:52 2018] [WL_MUST]   }
[Mon Nov 19 17:36:52 2018] [WL_MUST] }
[Mon Nov 19 17:36:52 2018] [WL_MUST] 接收回复:
[Mon Nov 19 17:36:52 2018] [WL_MUST] ={
[Mon Nov 19 17:36:52 2018] [WL_MUST]   active=102
[Mon Nov 19 17:36:52 2018] [WL_MUST]   serverid=382
[Mon Nov 19 17:36:52 2018] [WL_MUST]   time=1542620212
[Mon Nov 19 17:36:52 2018] [WL_MUST]   account=664859153
[Mon Nov 19 17:36:52 2018] [WL_MUST] }
[Mon Nov 19 17:36:52 2018] [WL_MUST] =fail
[Mon Nov 19 18:06:57 2018] [WL_MUST] 发送事件:
[Mon Nov 19 18:06:57 2018] [WL_MUST] ={
[Mon Nov 19 18:06:57 2018] [WL_MUST]   page=/nycs_user_active
[Mon Nov 19 18:06:57 2018] [WL_MUST]   port=8008
[Mon Nov 19 18:06:57 2018] [WL_MUST]   domain=report.syyx.cn
[Mon Nov 19 18:06:57 2018] [WL_MUST]   param={
[Mon Nov 19 18:06:57 2018] [WL_MUST]     active=100
[Mon Nov 19 18:06:57 2018] [WL_MUST]     serverid=382
[Mon Nov 19 18:06:57 2018] [WL_MUST]     time=1542622017
[Mon Nov 19 18:06:57 2018] [WL_MUST]     account=chenjiezhu
[Mon Nov 19 18:06:57 2018] [WL_MUST]   }
[Mon Nov 19 18:06:57 2018] [WL_MUST] }
[Mon Nov 19 18:06:57 2018] [WL_MUST] 接收回复:
[Mon Nov 19 18:06:57 2018] [WL_MUST] ={
[Mon Nov 19 18:06:57 2018] [WL_MUST]   active=100
[Mon Nov 19 18:06:57 2018] [WL_MUST]   serverid=382
[Mon Nov 19 18:06:57 2018] [WL_MUST]   time=1542622017
[Mon Nov 19 18:06:57 2018] [WL_MUST]   account=chenjiezhu
[Mon Nov 19 18:06:57 2018] [WL_MUST] }
[Mon Nov 19 18:06:57 2018] [WL_MUST] =fail
[Mon Nov 19 18:36:27 2018] [WL_MUST] 发送事件:
[Mon Nov 19 18:36:27 2018] [WL_MUST] ={
[Mon Nov 19 18:36:27 2018] [WL_MUST]   page=/nycs_user_active
[Mon Nov 19 18:36:27 2018] [WL_MUST]   port=8008
[Mon Nov 19 18:36:27 2018] [WL_MUST]   domain=report.syyx.cn
[Mon Nov 19 18:36:27 2018] [WL_MUST]   param={
[Mon Nov 19 18:36:27 2018] [WL_MUST]     active=101
[Mon Nov 19 18:36:27 2018] [WL_MUST]     serverid=382
[Mon Nov 19 18:36:27 2018] [WL_MUST]     time=1542623787
[Mon Nov 19 18:36:27 2018] [WL_MUST]     account=li6465153191
[Mon Nov 19 18:36:27 2018] [WL_MUST]   }
[Mon Nov 19 18:36:27 2018] [WL_MUST] }
[Mon Nov 19 18:36:27 2018] [WL_MUST] 接收回复:
[Mon Nov 19 18:36:27 2018] [WL_MUST] ={
[Mon Nov 19 18:36:27 2018] [WL_MUST]   active=101
[Mon Nov 19 18:36:27 2018] [WL_MUST]   serverid=382
[Mon Nov 19 18:36:27 2018] [WL_MUST]   time=1542623787
[Mon Nov 19 18:36:27 2018] [WL_MUST]   account=li6465153191
[Mon Nov 19 18:36:27 2018] [WL_MUST] }
[Mon Nov 19 18:36:27 2018] [WL_MUST] =fail
[Mon Nov 19 18:40:23 2018] [WL_MUST] 发送事件:
[Mon Nov 19 18:40:23 2018] [WL_MUST] ={
[Mon Nov 19 18:40:23 2018] [WL_MUST]   page=/nycs_user_active
[Mon Nov 19 18:40:23 2018] [WL_MUST]   port=8008
[Mon Nov 19 18:40:23 2018] [WL_MUST]   domain=report.syyx.cn
[Mon Nov 19 18:40:23 2018] [WL_MUST]   param={
[Mon Nov 19 18:40:23 2018] [WL_MUST]     active=100
[Mon Nov 19 18:40:23 2018] [WL_MUST]     serverid=382
[Mon Nov 19 18:40:23 2018] [WL_MUST]     time=1542624023
[Mon Nov 19 18:40:23 2018] [WL_MUST]     account=chenggongwin
[Mon Nov 19 18:40:23 2018] [WL_MUST]   }
[Mon Nov 19 18:40:23 2018] [WL_MUST] }
[Mon Nov 19 18:40:23 2018] [WL_MUST] 接收回复:
[Mon Nov 19 18:40:23 2018] [WL_MUST] ={
[Mon Nov 19 18:40:23 2018] [WL_MUST]   active=100
[Mon Nov 19 18:40:23 2018] [WL_MUST]   serverid=382
[Mon Nov 19 18:40:23 2018] [WL_MUST]   time=1542624023
[Mon Nov 19 18:40:23 2018] [WL_MUST]   account=chenggongwin
[Mon Nov 19 18:40:23 2018] [WL_MUST] }
[Mon Nov 19 18:40:23 2018] [WL_MUST] =fail
[Mon Nov 19 18:40:30 2018] [WL_MUST] 发送事件:
[Mon Nov 19 18:40:30 2018] [WL_MUST] ={
[Mon Nov 19 18:40:30 2018] [WL_MUST]   page=/nycs_user_active
[Mon Nov 19 18:40:30 2018] [WL_MUST]   port=8008
[Mon Nov 19 18:40:30 2018] [WL_MUST]   domain=report.syyx.cn
[Mon Nov 19 18:40:30 2018] [WL_MUST]   param={
[Mon Nov 19 18:40:30 2018] [WL_MUST]     active=101
[Mon Nov 19 18:40:30 2018] [WL_MUST]     serverid=382
[Mon Nov 19 18:40:30 2018] [WL_MUST]     time=1542624030
[Mon Nov 19 18:40:30 2018] [WL_MUST]     account=ag01856
[Mon Nov 19 18:40:30 2018] [WL_MUST]   }
[Mon Nov 19 18:40:30 2018] [WL_MUST] }
[Mon Nov 19 18:40:30 2018] [WL_MUST] 接收回复:
[Mon Nov 19 18:40:30 2018] [WL_MUST] ={
[Mon Nov 19 18:40:30 2018] [WL_MUST]   active=101
[Mon Nov 19 18:40:30 2018] [WL_MUST]   serverid=382
[Mon Nov 19 18:40:30 2018] [WL_MUST]   time=1542624030
[Mon Nov 19 18:40:30 2018] [WL_MUST]   account=ag01856
[Mon Nov 19 18:40:30 2018] [WL_MUST] }
[Mon Nov 19 18:40:30 2018] [WL_MUST] =fail
[Mon Nov 19 19:32:17 2018] [WL_MUST] 发送事件:
[Mon Nov 19 19:32:17 2018] [WL_MUST] ={
[Mon Nov 19 19:32:17 2018] [WL_MUST]   page=/nycs_user_active
[Mon Nov 19 19:32:17 2018] [WL_MUST]   port=8008
[Mon Nov 19 19:32:17 2018] [WL_MUST]   domain=report.syyx.cn
[Mon Nov 19 19:32:17 2018] [WL_MUST]   param={
[Mon Nov 19 19:32:17 2018] [WL_MUST]     active=100
[Mon Nov 19 19:32:17 2018] [WL_MUST]     serverid=382
[Mon Nov 19 19:32:17 2018] [WL_MUST]     time=1542627137
[Mon Nov 19 19:32:17 2018] [WL_MUST]     account=cctt2010
[Mon Nov 19 19:32:17 2018] [WL_MUST]   }
[Mon Nov 19 19:32:17 2018] [WL_MUST] }
[Mon Nov 19 19:32:18 2018] [WL_MUST] 接收回复:
[Mon Nov 19 19:32:18 2018] [WL_MUST] ={
[Mon Nov 19 19:32:18 2018] [WL_MUST]   active=100
[Mon Nov 19 19:32:18 2018] [WL_MUST]   serverid=382
[Mon Nov 19 19:32:18 2018] [WL_MUST]   time=1542627137
[Mon Nov 19 19:32:18 2018] [WL_MUST]   account=cctt2010
[Mon Nov 19 19:32:18 2018] [WL_MUST] }
[Mon Nov 19 19:32:18 2018] [WL_MUST] =fail
[Mon Nov 19 19:40:30 2018] [WL_MUST] 发送事件:
[Mon Nov 19 19:40:30 2018] [WL_MUST] ={
[Mon Nov 19 19:40:30 2018] [WL_MUST]   page=/nycs_user_active
[Mon Nov 19 19:40:30 2018] [WL_MUST]   port=8008
[Mon Nov 19 19:40:30 2018] [WL_MUST]   domain=report.syyx.cn
[Mon Nov 19 19:40:30 2018] [WL_MUST]   param={
[Mon Nov 19 19:40:30 2018] [WL_MUST]     active=102
[Mon Nov 19 19:40:30 2018] [WL_MUST]     serverid=382
[Mon Nov 19 19:40:30 2018] [WL_MUST]     time=1542627630
[Mon Nov 19 19:40:30 2018] [WL_MUST]     account=lxd1895
[Mon Nov 19 19:40:30 2018] [WL_MUST]   }
[Mon Nov 19 19:40:30 2018] [WL_MUST] }
[Mon Nov 19 19:40:30 2018] [WL_MUST] 接收回复:
[Mon Nov 19 19:40:30 2018] [WL_MUST] ={
[Mon Nov 19 19:40:30 2018] [WL_MUST]   active=102
[Mon Nov 19 19:40:30 2018] [WL_MUST]   serverid=382
[Mon Nov 19 19:40:30 2018] [WL_MUST]   time=1542627630
[Mon Nov 19 19:40:30 2018] [WL_MUST]   account=lxd1895
[Mon Nov 19 19:40:30 2018] [WL_MUST] }
[Mon Nov 19 19:40:30 2018] [WL_MUST] =fail
[Mon Nov 19 20:30:04 2018] [WL_MUST] 发送事件:
[Mon Nov 19 20:30:04 2018] [WL_MUST] ={
[Mon Nov 19 20:30:04 2018] [WL_MUST]   page=/nycs_five_color
[Mon Nov 19 20:30:04 2018] [WL_MUST]   port=8008
[Mon Nov 19 20:30:04 2018] [WL_MUST]   domain=report.syyx.cn
[Mon Nov 19 20:30:04 2018] [WL_MUST]   param={
[Mon Nov 19 20:30:04 2018] [WL_MUST]     serverid=382
[Mon Nov 19 20:30:04 2018] [WL_MUST]     time=1542630604
[Mon Nov 19 20:30:04 2018] [WL_MUST]     account=x8705405
[Mon Nov 19 20:30:04 2018] [WL_MUST]   }
[Mon Nov 19 20:30:04 2018] [WL_MUST] }
[Mon Nov 19 20:30:04 2018] [WL_MUST] 接收回复:
[Mon Nov 19 20:30:04 2018] [WL_MUST] ={
[Mon Nov 19 20:30:04 2018] [WL_MUST]   serverid=382
[Mon Nov 19 20:30:04 2018] [WL_MUST]   time=1542630604
[Mon Nov 19 20:30:04 2018] [WL_MUST]   account=x8705405
[Mon Nov 19 20:30:04 2018] [WL_MUST] }
[Mon Nov 19 20:30:04 2018] [WL_MUST] =1
