[Sat Nov 17 01:19:23 2018] [WL_MUST] 发送事件:
[Sat Nov 17 01:19:23 2018] [WL_MUST] ={
[Sat Nov 17 01:19:23 2018] [WL_MUST]   page=/nycs_five_color
[Sat Nov 17 01:19:23 2018] [WL_MUST]   port=8008
[Sat Nov 17 01:19:23 2018] [WL_MUST]   domain=report.syyx.cn
[Sat Nov 17 01:19:23 2018] [WL_MUST]   param={
[Sat Nov 17 01:19:23 2018] [WL_MUST]     serverid=381
[Sat Nov 17 01:19:23 2018] [WL_MUST]     time=1542388763
[Sat Nov 17 01:19:23 2018] [WL_MUST]     account=bn0691
[Sat Nov 17 01:19:23 2018] [WL_MUST]   }
[Sat Nov 17 01:19:23 2018] [WL_MUST] }
[Sat Nov 17 01:19:23 2018] [WL_MUST] 接收回复:
[Sat Nov 17 01:19:23 2018] [WL_MUST] ={
[Sat Nov 17 01:19:23 2018] [WL_MUST]   serverid=381
[Sat Nov 17 01:19:23 2018] [WL_MUST]   time=1542388763
[Sat Nov 17 01:19:23 2018] [WL_MUST]   account=bn0691
[Sat Nov 17 01:19:23 2018] [WL_MUST] }
[Sat Nov 17 01:19:23 2018] [WL_MUST] =fail
[Sat Nov 17 01:25:03 2018] [WL_MUST] 发送事件:
[Sat Nov 17 01:25:03 2018] [WL_MUST] ={
[Sat Nov 17 01:25:03 2018] [WL_MUST]   page=/nycs_five_color
[Sat Nov 17 01:25:03 2018] [WL_MUST]   port=8008
[Sat Nov 17 01:25:03 2018] [WL_MUST]   domain=report.syyx.cn
[Sat Nov 17 01:25:03 2018] [WL_MUST]   param={
[Sat Nov 17 01:25:03 2018] [WL_MUST]     serverid=381
[Sat Nov 17 01:25:03 2018] [WL_MUST]     time=1542389103
[Sat Nov 17 01:25:03 2018] [WL_MUST]     account=pkbn0691
[Sat Nov 17 01:25:03 2018] [WL_MUST]   }
[Sat Nov 17 01:25:03 2018] [WL_MUST] }
[Sat Nov 17 01:25:03 2018] [WL_MUST] 接收回复:
[Sat Nov 17 01:25:03 2018] [WL_MUST] ={
[Sat Nov 17 01:25:03 2018] [WL_MUST]   serverid=381
[Sat Nov 17 01:25:03 2018] [WL_MUST]   time=1542389103
[Sat Nov 17 01:25:03 2018] [WL_MUST]   account=pkbn0691
[Sat Nov 17 01:25:03 2018] [WL_MUST] }
[Sat Nov 17 01:25:03 2018] [WL_MUST] =fail
[Sat Nov 17 01:59:46 2018] [WL_MUST] 发送事件:
[Sat Nov 17 01:59:46 2018] [WL_MUST] ={
[Sat Nov 17 01:59:46 2018] [WL_MUST]   page=/nycs_five_color
[Sat Nov 17 01:59:46 2018] [WL_MUST]   port=8008
[Sat Nov 17 01:59:46 2018] [WL_MUST]   domain=report.syyx.cn
[Sat Nov 17 01:59:46 2018] [WL_MUST]   param={
[Sat Nov 17 01:59:46 2018] [WL_MUST]     serverid=381
[Sat Nov 17 01:59:46 2018] [WL_MUST]     time=1542391186
[Sat Nov 17 01:59:46 2018] [WL_MUST]     account=735726363
[Sat Nov 17 01:59:46 2018] [WL_MUST]   }
[Sat Nov 17 01:59:46 2018] [WL_MUST] }
[Sat Nov 17 01:59:46 2018] [WL_MUST] 接收回复:
[Sat Nov 17 01:59:46 2018] [WL_MUST] ={
[Sat Nov 17 01:59:46 2018] [WL_MUST]   serverid=381
[Sat Nov 17 01:59:46 2018] [WL_MUST]   time=1542391186
[Sat Nov 17 01:59:46 2018] [WL_MUST]   account=735726363
[Sat Nov 17 01:59:46 2018] [WL_MUST] }
[Sat Nov 17 01:59:46 2018] [WL_MUST] =fail
[Sat Nov 17 12:16:42 2018] [WL_MUST] 发送事件:
[Sat Nov 17 12:16:42 2018] [WL_MUST] ={
[Sat Nov 17 12:16:42 2018] [WL_MUST]   page=/nycs_five_color
[Sat Nov 17 12:16:42 2018] [WL_MUST]   port=8008
[Sat Nov 17 12:16:42 2018] [WL_MUST]   domain=report.syyx.cn
[Sat Nov 17 12:16:42 2018] [WL_MUST]   param={
[Sat Nov 17 12:16:42 2018] [WL_MUST]     serverid=381
[Sat Nov 17 12:16:42 2018] [WL_MUST]     time=1542428202
[Sat Nov 17 12:16:42 2018] [WL_MUST]     account=L1600488394
[Sat Nov 17 12:16:42 2018] [WL_MUST]   }
[Sat Nov 17 12:16:42 2018] [WL_MUST] }
[Sat Nov 17 12:16:42 2018] [WL_MUST] 接收回复:
[Sat Nov 17 12:16:42 2018] [WL_MUST] ={
[Sat Nov 17 12:16:42 2018] [WL_MUST]   serverid=381
[Sat Nov 17 12:16:42 2018] [WL_MUST]   time=1542428202
[Sat Nov 17 12:16:42 2018] [WL_MUST]   account=L1600488394
[Sat Nov 17 12:16:42 2018] [WL_MUST] }
[Sat Nov 17 12:16:42 2018] [WL_MUST] =fail
[Sat Nov 17 13:15:43 2018] [WL_MUST] 发送事件:
[Sat Nov 17 13:15:43 2018] [WL_MUST] ={
[Sat Nov 17 13:15:43 2018] [WL_MUST]   page=/nycs_five_color
[Sat Nov 17 13:15:43 2018] [WL_MUST]   port=8008
[Sat Nov 17 13:15:43 2018] [WL_MUST]   domain=report.syyx.cn
[Sat Nov 17 13:15:43 2018] [WL_MUST]   param={
[Sat Nov 17 13:15:43 2018] [WL_MUST]     serverid=381
[Sat Nov 17 13:15:43 2018] [WL_MUST]     time=1542431743
[Sat Nov 17 13:15:43 2018] [WL_MUST]     account=kengmoumou
[Sat Nov 17 13:15:43 2018] [WL_MUST]   }
[Sat Nov 17 13:15:43 2018] [WL_MUST] }
[Sat Nov 17 13:15:43 2018] [WL_MUST] 接收回复:
[Sat Nov 17 13:15:43 2018] [WL_MUST] ={
[Sat Nov 17 13:15:43 2018] [WL_MUST]   serverid=381
[Sat Nov 17 13:15:43 2018] [WL_MUST]   time=1542431743
[Sat Nov 17 13:15:43 2018] [WL_MUST]   account=kengmoumou
[Sat Nov 17 13:15:43 2018] [WL_MUST] }
[Sat Nov 17 13:15:43 2018] [WL_MUST] =fail
[Sat Nov 17 17:37:44 2018] [WL_MUST] 发送事件:
[Sat Nov 17 17:37:44 2018] [WL_MUST] ={
[Sat Nov 17 17:37:44 2018] [WL_MUST]   page=/nycs_user_active
[Sat Nov 17 17:37:44 2018] [WL_MUST]   port=8008
[Sat Nov 17 17:37:44 2018] [WL_MUST]   domain=report.syyx.cn
[Sat Nov 17 17:37:44 2018] [WL_MUST]   param={
[Sat Nov 17 17:37:44 2018] [WL_MUST]     active=104
[Sat Nov 17 17:37:44 2018] [WL_MUST]     serverid=381
[Sat Nov 17 17:37:44 2018] [WL_MUST]     time=1542447464
[Sat Nov 17 17:37:44 2018] [WL_MUST]     account=mj226624
[Sat Nov 17 17:37:44 2018] [WL_MUST]   }
[Sat Nov 17 17:37:44 2018] [WL_MUST] }
[Sat Nov 17 17:37:44 2018] [WL_MUST] 接收回复:
[Sat Nov 17 17:37:44 2018] [WL_MUST] ={
[Sat Nov 17 17:37:44 2018] [WL_MUST]   active=104
[Sat Nov 17 17:37:44 2018] [WL_MUST]   serverid=381
[Sat Nov 17 17:37:44 2018] [WL_MUST]   time=1542447464
[Sat Nov 17 17:37:44 2018] [WL_MUST]   account=mj226624
[Sat Nov 17 17:37:44 2018] [WL_MUST] }
[Sat Nov 17 17:37:44 2018] [WL_MUST] =fail
[Sat Nov 17 19:09:50 2018] [WL_MUST] 发送事件:
[Sat Nov 17 19:09:50 2018] [WL_MUST] ={
[Sat Nov 17 19:09:50 2018] [WL_MUST]   page=/nycs_five_color
[Sat Nov 17 19:09:50 2018] [WL_MUST]   port=8008
[Sat Nov 17 19:09:50 2018] [WL_MUST]   domain=report.syyx.cn
[Sat Nov 17 19:09:50 2018] [WL_MUST]   param={
[Sat Nov 17 19:09:50 2018] [WL_MUST]     serverid=381
[Sat Nov 17 19:09:50 2018] [WL_MUST]     time=1542452990
[Sat Nov 17 19:09:50 2018] [WL_MUST]     account=e234606
[Sat Nov 17 19:09:50 2018] [WL_MUST]   }
[Sat Nov 17 19:09:50 2018] [WL_MUST] }
[Sat Nov 17 19:09:50 2018] [WL_MUST] 接收回复:
[Sat Nov 17 19:09:50 2018] [WL_MUST] ={
[Sat Nov 17 19:09:50 2018] [WL_MUST]   serverid=381
[Sat Nov 17 19:09:50 2018] [WL_MUST]   time=1542452990
[Sat Nov 17 19:09:50 2018] [WL_MUST]   account=e234606
[Sat Nov 17 19:09:50 2018] [WL_MUST] }
[Sat Nov 17 19:09:50 2018] [WL_MUST] =fail
