2018-06-28T06:06:00.228Z
2018-06-28T06:06:01.236Z
2018-06-28T06:06:02.238Z
2018-06-28T06:06:03.239Z
2018-06-28T06:06:04.241Z
2018-06-28T06:06:05.242Z
2018-06-28T06:06:06.244Z
2018-06-28T06:06:07.245Z
2018-06-28T06:06:08.247Z
2018-06-28T06:06:09.248Z
2018-06-28T06:06:10.249Z
2018-06-28T06:06:11.251Z
2018-06-28T06:06:12.252Z
2018-06-28T06:06:13.254Z
2018-06-28T06:06:14.255Z
2018-06-28T06:06:15.256Z
2018-06-28T06:06:16.258Z
2018-06-28T06:06:17.259Z
2018-06-28T06:06:18.260Z
2018-06-28T06:06:19.262Z
2018-06-28T06:06:20.263Z
2018-06-28T06:06:21.265Z
2018-06-28T06:06:22.266Z
2018-06-28T06:06:23.268Z
2018-06-28T06:06:24.269Z
2018-06-28T06:06:25.270Z
2018-06-28T06:06:26.271Z
2018-06-28T06:06:27.273Z
2018-06-28T06:06:28.274Z
2018-06-28T06:07:00.171Z
2018-06-28T06:07:01.179Z
2018-06-28T06:07:02.180Z
2018-06-28T06:07:03.182Z
2018-06-28T06:07:04.183Z
2018-06-28T06:07:05.185Z
2018-06-28T06:07:06.186Z
2018-06-28T06:07:07.188Z
2018-06-28T06:07:08.189Z
2018-06-28T06:07:26.197Z
2018-06-28T06:07:27.206Z
2018-06-28T06:07:28.208Z
2018-06-28T06:07:29.210Z
2018-06-28T06:07:30.211Z
2018-06-28T06:07:31.213Z
2018-06-28T06:07:32.214Z
2018-06-28T06:07:33.216Z
2018-06-28T06:07:34.217Z
2018-06-28T06:07:35.219Z
2018-06-28T06:07:36.220Z
2018-06-28T06:07:37.221Z
2018-06-28T06:07:38.223Z
2018-06-28T06:07:39.224Z
2018-06-28T06:07:40.226Z
2018-06-28T06:07:41.227Z
2018-06-28T06:07:42.229Z
2018-06-28T06:07:43.230Z
2018-06-28T06:07:44.232Z
2018-06-28T06:07:45.233Z
2018-06-28T06:07:46.235Z
2018-06-28T06:07:47.236Z
2018-06-28T06:07:48.238Z
2018-06-28T06:07:49.239Z
2018-06-28T06:07:50.241Z
2018-06-28T06:07:51.242Z
2018-06-28T06:07:52.244Z
2018-06-28T06:07:53.245Z
2018-06-28T06:07:54.247Z
2018-06-28T06:07:55.248Z
2018-06-28T06:07:56.250Z
2018-06-28T06:07:57.251Z
2018-06-28T06:07:58.253Z
2018-06-28T06:07:59.254Z
2018-06-28T06:08:00.256Z
2018-06-28T06:08:01.257Z
2018-06-28T06:08:02.259Z
2018-06-28T06:08:03.260Z
2018-06-28T06:08:04.261Z
2018-06-28T06:08:05.263Z
2018-06-28T06:08:06.265Z
2018-06-28T06:08:07.266Z
2018-06-28T06:08:08.267Z
2018-06-28T06:08:09.269Z
2018-06-28T06:08:10.271Z
2018-06-28T06:08:11.272Z
2018-06-28T06:08:12.274Z
2018-06-28T06:08:13.275Z
2018-06-28T06:08:14.276Z
2018-06-28T06:08:15.278Z
2018-06-28T06:08:16.279Z
2018-06-28T06:08:17.281Z
2018-06-28T06:08:18.282Z
2018-06-28T06:08:19.284Z
2018-06-28T06:08:20.285Z
2018-06-28T06:08:21.287Z
2018-06-28T06:08:22.288Z
2018-06-28T06:08:23.290Z
2018-06-28T06:08:24.291Z
2018-06-28T06:08:25.293Z
2018-06-28T06:08:26.294Z
2018-06-28T06:08:27.296Z
2018-06-28T06:08:28.297Z
2018-06-28T06:08:29.299Z
2018-06-28T06:08:30.300Z
2018-06-28T06:08:31.301Z
2018-06-28T06:08:32.303Z
2018-06-28T06:08:33.305Z
2018-06-28T06:08:34.306Z
2018-06-28T06:08:35.307Z
2018-06-28T06:08:36.309Z
2018-06-28T06:08:37.310Z
2018-06-28T06:08:38.312Z
2018-06-28T06:08:39.313Z
2018-06-28T06:08:40.315Z
2018-06-28T06:08:41.316Z
2018-06-28T06:08:42.317Z
2018-06-28T06:08:43.319Z
2018-06-28T06:08:44.320Z
2018-06-28T06:08:45.322Z
2018-06-28T06:08:46.324Z
2018-06-28T06:08:47.325Z
2018-06-28T06:08:48.327Z
2018-06-28T06:08:49.328Z
2018-06-28T06:08:50.329Z
2018-06-28T06:08:51.331Z
2018-06-28T06:08:52.332Z
2018-06-28T06:08:53.334Z
2018-06-28T06:08:54.335Z
2018-06-28T06:08:55.337Z
2018-06-28T06:08:56.338Z
2018-06-28T06:08:57.340Z
2018-06-28T06:08:58.341Z
2018-06-28T06:08:59.343Z
2018-06-28T06:09:00.344Z
2018-06-28T06:09:01.346Z
2018-06-28T06:09:02.347Z
2018-06-28T06:09:03.349Z
2018-06-28T06:09:04.350Z
2018-06-28T06:09:05.351Z
2018-06-28T06:09:06.353Z
2018-06-28T06:09:07.354Z
2018-06-28T06:09:08.356Z
2018-06-28T06:09:09.357Z
2018-06-28T06:09:10.359Z
2018-06-28T06:09:11.360Z
2018-06-28T06:09:12.362Z
2018-06-28T06:09:13.363Z
2018-06-28T06:09:14.365Z
2018-06-28T06:09:15.365Z
2018-06-28T06:09:16.367Z
2018-06-28T06:09:17.368Z
2018-06-28T06:09:18.370Z
2018-06-28T06:09:19.371Z
2018-06-28T06:09:20.373Z
2018-06-28T06:09:21.375Z
2018-06-28T06:09:22.376Z
2018-06-28T06:09:23.378Z
2018-06-28T06:09:24.379Z
2018-06-28T06:09:25.380Z
2018-06-28T06:09:26.382Z
2018-06-28T06:09:27.383Z
2018-06-28T06:09:28.385Z
2018-06-28T06:09:29.386Z
2018-06-28T06:09:30.388Z
2018-06-28T06:09:31.389Z
2018-06-28T06:09:32.391Z
2018-06-28T06:09:33.393Z
2018-06-28T06:09:34.394Z
2018-06-28T06:09:35.396Z
2018-06-28T06:09:36.397Z
2018-06-28T06:09:37.399Z
2018-06-28T06:09:38.400Z
2018-06-28T06:09:39.402Z
2018-06-28T06:09:40.403Z
2018-06-28T06:09:41.405Z
2018-06-28T06:09:42.406Z
2018-06-28T06:09:43.408Z
2018-06-28T06:09:44.409Z
2018-06-28T06:09:45.411Z
2018-06-28T06:09:46.412Z
2018-06-28T06:09:47.414Z
2018-06-28T06:09:48.415Z
2018-06-28T06:09:49.417Z
2018-06-28T06:09:50.418Z
2018-06-28T06:09:51.420Z
2018-06-28T06:09:52.421Z
2018-06-28T06:09:53.422Z
2018-06-28T06:09:54.424Z
2018-06-28T06:09:55.426Z
2018-06-28T06:09:56.427Z
2018-06-28T06:09:57.429Z
2018-06-28T06:09:58.430Z
2018-06-28T06:09:59.432Z
2018-06-28T06:10:00.433Z
2018-06-28T06:10:01.435Z
2018-06-28T06:10:02.436Z
2018-06-28T06:10:03.437Z
2018-06-28T06:10:04.439Z
2018-06-28T06:10:05.440Z
2018-06-28T06:10:06.442Z
2018-06-28T06:10:07.443Z
2018-06-28T06:10:08.445Z
2018-06-28T06:10:09.446Z
2018-06-28T06:10:10.448Z
2018-06-28T06:10:11.449Z
2018-06-28T06:10:12.451Z
2018-06-28T06:10:13.452Z
2018-06-28T06:10:14.454Z
2018-06-28T06:10:15.455Z
2018-06-28T06:10:16.457Z
2018-06-28T06:10:17.458Z
2018-06-28T06:10:18.460Z
2018-06-28T06:10:19.461Z
2018-06-28T06:10:20.462Z
2018-06-28T06:10:21.464Z
2018-06-28T06:10:22.465Z
2018-06-28T06:10:23.467Z
2018-06-28T06:10:24.468Z
2018-06-28T06:10:25.470Z
2018-06-28T06:10:26.471Z
2018-06-28T06:10:27.473Z
2018-06-28T06:10:28.474Z
2018-06-28T06:10:29.476Z
2018-06-28T06:10:30.477Z
2018-06-28T06:10:31.479Z
2018-06-28T06:10:32.480Z
2018-06-28T06:10:33.481Z
2018-06-28T06:10:34.483Z
2018-06-28T06:10:35.484Z
2018-06-28T06:10:36.486Z
2018-06-28T06:10:37.487Z
2018-06-28T06:10:38.489Z
2018-06-28T06:10:39.490Z
2018-06-28T06:10:40.492Z
2018-06-28T06:10:41.493Z
2018-06-28T06:10:42.495Z
2018-06-28T06:10:43.496Z
2018-06-28T06:10:44.498Z
2018-06-28T06:10:45.499Z
2018-06-28T06:10:46.500Z
2018-06-28T06:10:47.502Z
2018-06-28T06:10:48.503Z
2018-06-28T06:10:49.505Z
2018-06-28T06:10:50.506Z
2018-06-28T06:10:51.508Z
2018-06-28T06:10:52.509Z
2018-06-28T06:10:53.511Z
2018-06-28T06:10:54.512Z
2018-06-28T06:10:55.514Z
2018-06-28T06:10:56.515Z
2018-06-28T06:10:57.517Z
2018-06-28T06:10:58.518Z
2018-06-28T06:10:59.520Z
2018-06-28T06:11:00.521Z
2018-06-28T06:11:01.523Z
2018-06-28T06:11:02.524Z
2018-06-28T06:11:03.525Z
2018-06-28T06:11:04.527Z
2018-06-28T06:11:05.527Z
2018-06-28T06:11:06.528Z
2018-06-28T06:11:07.529Z
2018-06-28T06:11:08.530Z
2018-06-28T06:11:09.531Z
2018-06-28T06:11:10.533Z
2018-06-28T06:11:11.534Z
2018-06-28T06:11:12.536Z
2018-06-28T06:11:13.537Z
2018-06-28T06:11:14.539Z
2018-06-28T06:11:15.540Z
2018-06-28T06:11:16.542Z
2018-06-28T06:11:17.543Z
2018-06-28T06:11:18.545Z
2018-06-28T06:11:19.546Z
2018-06-28T06:11:20.548Z
2018-06-28T06:11:21.549Z
2018-06-28T06:11:22.549Z
2018-06-28T06:11:23.551Z
2018-06-28T06:11:24.552Z
2018-06-28T06:11:25.554Z
2018-06-28T06:11:26.555Z
2018-06-28T06:11:27.557Z
2018-06-28T06:11:28.558Z
2018-06-28T06:11:29.560Z
2018-06-28T06:11:30.561Z
2018-06-28T06:11:31.563Z
2018-06-28T06:11:32.564Z
2018-06-28T06:11:33.566Z
2018-06-28T06:11:34.567Z
2018-06-28T06:11:35.568Z
2018-06-28T06:11:36.570Z
2018-06-28T06:11:37.571Z
2018-06-28T06:11:38.573Z
2018-06-28T06:11:39.574Z
2018-06-28T06:11:40.576Z
2018-06-28T06:11:41.577Z
2018-06-28T06:11:42.579Z
2018-06-28T06:11:43.580Z
2018-06-28T06:11:44.582Z
2018-06-28T06:11:45.583Z
2018-06-28T06:11:46.585Z
2018-06-28T06:11:47.586Z
2018-06-28T06:11:48.588Z
2018-06-28T06:11:49.589Z
2018-06-28T06:11:50.591Z
2018-06-28T06:11:51.592Z
2018-06-28T06:11:52.593Z
2018-06-28T06:11:53.595Z
2018-06-28T06:11:54.596Z
2018-06-28T06:11:55.598Z
2018-06-28T06:11:56.600Z
2018-06-28T06:11:57.601Z
2018-06-28T06:11:58.602Z
2018-06-28T06:11:59.604Z
2018-06-28T06:12:00.605Z
2018-06-28T06:12:01.607Z
2018-06-28T06:12:02.608Z
2018-06-28T06:12:03.610Z
2018-06-28T06:12:04.611Z
2018-06-28T06:12:05.613Z
2018-06-28T06:12:06.614Z
2018-06-28T06:12:07.616Z
2018-06-28T06:12:08.617Z
2018-06-28T06:12:09.619Z
2018-06-28T06:12:10.620Z
2018-06-28T06:12:11.621Z
2018-06-28T06:12:12.623Z
2018-06-28T06:12:13.624Z
2018-06-28T06:12:14.626Z
2018-06-28T06:12:15.627Z
2018-06-28T06:12:16.630Z
2018-06-28T06:12:17.631Z
2018-06-28T06:12:18.633Z
2018-06-28T06:12:19.634Z
2018-06-28T06:12:20.636Z
2018-06-28T06:12:21.637Z
2018-06-28T06:12:22.639Z
2018-06-28T06:12:23.640Z
2018-06-28T06:12:24.642Z
2018-06-28T06:12:25.643Z
2018-06-28T06:12:26.645Z
2018-06-28T06:12:27.646Z
2018-06-28T06:12:28.648Z
2018-06-28T06:12:29.649Z
2018-06-28T06:12:30.651Z
2018-06-28T06:12:31.652Z
2018-06-28T06:12:32.654Z
2018-06-28T06:12:33.655Z
2018-06-28T06:12:34.657Z
2018-06-28T06:12:35.658Z
2018-06-28T06:12:36.660Z
2018-06-28T06:12:37.661Z
2018-06-28T06:12:38.663Z
2018-06-28T06:12:39.664Z
2018-06-28T06:12:40.666Z
2018-06-28T06:12:41.667Z
2018-06-28T06:12:42.669Z
2018-06-28T06:12:43.670Z
2018-06-28T06:12:44.672Z
2018-06-28T06:12:45.673Z
2018-06-28T06:12:46.675Z
2018-06-28T06:12:47.676Z
2018-06-28T06:12:48.677Z
2018-06-28T06:12:49.678Z
2018-06-28T06:12:50.679Z
2018-06-28T06:12:51.681Z
2018-06-28T06:12:52.682Z
2018-06-28T06:12:53.684Z
2018-06-28T06:12:54.685Z
2018-06-28T06:12:55.687Z
2018-06-28T06:12:56.688Z
2018-06-28T06:12:57.690Z
2018-06-28T06:12:58.691Z
2018-06-28T06:12:59.693Z
2018-06-28T06:13:00.694Z
2018-06-28T06:13:01.696Z
2018-06-28T06:13:02.697Z
2018-06-28T06:13:03.699Z
2018-06-28T06:13:04.700Z
2018-06-28T06:13:05.702Z
2018-06-28T06:13:06.703Z
2018-06-28T06:13:07.705Z
2018-06-28T06:13:08.706Z
2018-06-28T06:13:09.708Z
2018-06-28T06:13:10.709Z
2018-06-28T06:13:11.711Z
2018-06-28T06:13:12.712Z
2018-06-28T06:13:13.713Z
2018-06-28T06:13:14.715Z
2018-06-28T06:13:15.716Z
2018-06-28T06:13:16.718Z
2018-06-28T06:13:17.719Z
2018-06-28T06:13:18.721Z
2018-06-28T06:13:19.722Z
2018-06-28T06:13:20.724Z
2018-06-28T06:13:21.725Z
2018-06-28T06:13:22.726Z
2018-06-28T06:13:23.727Z
2018-06-28T06:13:24.729Z
2018-06-28T06:13:25.730Z
2018-06-28T06:13:26.732Z
2018-06-28T06:13:27.733Z
2018-06-28T06:13:28.735Z
2018-06-28T06:13:29.736Z
2018-06-28T06:13:30.738Z
2018-06-28T06:13:31.739Z
2018-06-28T06:13:32.740Z
2018-06-28T06:13:33.742Z
2018-06-28T06:13:34.743Z
2018-06-28T06:13:35.745Z
2018-06-28T06:13:36.746Z
2018-06-28T06:13:37.748Z
2018-06-28T06:13:38.749Z
2018-06-28T06:13:39.751Z
2018-06-28T06:13:40.752Z
2018-06-28T06:13:41.754Z
2018-06-28T06:13:42.755Z
2018-06-28T06:13:43.757Z
2018-06-28T06:13:44.759Z
2018-06-28T06:13:45.761Z
2018-06-28T06:13:46.762Z
2018-06-28T06:13:47.764Z
2018-06-28T06:13:48.765Z
2018-06-28T06:13:49.767Z
2018-06-28T06:13:50.768Z
2018-06-28T06:13:51.770Z
2018-06-28T06:13:52.771Z
2018-06-28T06:13:53.773Z
2018-06-28T06:13:54.774Z
2018-06-28T06:13:55.776Z
2018-06-28T06:13:56.777Z
2018-06-28T06:13:57.779Z
2018-06-28T06:13:58.780Z
2018-06-28T06:13:59.782Z
2018-06-28T06:14:00.783Z
2018-06-28T06:14:01.784Z
2018-06-28T06:14:02.786Z
2018-06-28T06:14:03.787Z
2018-06-28T06:14:04.789Z
2018-06-28T06:14:05.790Z
2018-06-28T06:14:06.792Z
2018-06-28T06:14:07.793Z
2018-06-28T06:14:08.795Z
2018-06-28T06:14:09.796Z
2018-06-28T06:14:10.798Z
2018-06-28T06:14:11.799Z
2018-06-28T06:14:12.800Z
2018-06-28T06:14:13.801Z
2018-06-28T06:14:14.802Z
2018-06-28T06:14:15.803Z
2018-06-28T06:14:16.804Z
2018-06-28T06:14:17.806Z
2018-06-28T06:14:18.807Z
2018-06-28T06:14:19.809Z
2018-06-28T06:14:20.810Z
2018-06-28T06:14:21.812Z
2018-06-28T06:14:22.813Z
2018-06-28T06:14:23.815Z
2018-06-28T06:14:24.816Z
2018-06-28T06:14:25.818Z
2018-06-28T06:14:26.818Z
2018-06-28T06:14:27.820Z
2018-06-28T06:14:28.821Z
2018-06-28T06:14:29.822Z
2018-06-28T06:14:30.824Z
2018-06-28T06:14:31.825Z
2018-06-28T06:14:32.827Z
2018-06-28T06:14:33.828Z
2018-06-28T06:14:34.830Z
2018-06-28T06:14:35.831Z
2018-06-28T06:14:36.833Z
2018-06-28T06:14:37.834Z
2018-06-28T06:14:38.836Z
2018-06-28T06:14:39.837Z
2018-06-28T06:14:40.839Z
2018-06-28T06:14:41.840Z
2018-06-28T06:14:42.841Z
2018-06-28T06:14:43.843Z
2018-06-28T06:14:44.845Z
2018-06-28T06:14:45.846Z
2018-06-28T06:14:46.847Z
2018-06-28T06:14:47.849Z
2018-06-28T06:14:48.850Z
2018-06-28T06:14:49.852Z
2018-06-28T06:14:50.853Z
2018-06-28T06:14:51.855Z
2018-06-28T06:14:52.856Z
2018-06-28T06:14:53.858Z
2018-06-28T06:14:54.859Z
2018-06-28T06:14:55.860Z
2018-06-28T06:14:56.862Z
2018-06-28T06:14:57.864Z
2018-06-28T06:14:58.865Z
2018-06-28T06:14:59.867Z
2018-06-28T06:15:00.870Z
2018-06-28T06:15:01.871Z
2018-06-28T06:15:02.873Z
2018-06-28T06:15:03.874Z
2018-06-28T06:15:04.876Z
2018-06-28T06:15:05.877Z
2018-06-28T06:15:06.878Z
2018-06-28T06:15:07.880Z
2018-06-28T06:15:08.882Z
2018-06-28T06:15:09.883Z
2018-06-28T06:15:10.885Z
2018-06-28T06:15:11.886Z
2018-06-28T06:15:12.887Z
2018-06-28T06:15:13.889Z
2018-06-28T06:15:14.890Z
2018-06-28T06:15:15.892Z
2018-06-28T06:15:16.893Z
2018-06-28T06:15:17.895Z
2018-06-28T06:15:18.896Z
2018-06-28T06:15:19.898Z
2018-06-28T06:15:20.899Z
2018-06-28T06:15:37.108Z 1
2018-06-28T06:15:38.116Z 2
2018-06-28T06:15:39.118Z 3
2018-06-28T06:15:40.120Z 4
/mnt/code/liushui/support.js:11
            k.g=0
            ^

ReferenceError: k is not defined
    at Timeout._onTimeout (/mnt/code/liushui/support.js:11:13)
    at ontimeout (timers.js:482:11)
    at tryOnTimeout (timers.js:317:5)
    at Timer.listOnTimeout (timers.js:277:5)
